Tasks are decomposed in a grid 4 x 4

Task    0 :: 	grid coordinates :   0,   0
	neighbours: N   -2    E    1    S    4    W   -2
Task    1 :: 	grid coordinates :   1,   0
	neighbours: N   -2    E    2    S    5    W    0
Task    2 :: 	grid coordinates :   2,   0
	neighbours: N   -2    E    3    S    6    W    1
Task    3 :: 	grid coordinates :   3,   0
	neighbours: N   -2    E   -2    S    7    W    2
Task    4 :: 	grid coordinates :   0,   1
	neighbours: N    0    E    5    S    8    W   -2
Task    5 :: 	grid coordinates :   1,   1
	neighbours: N    1    E    6    S    9    W    4
Task    6 :: 	grid coordinates :   2,   1
	neighbours: N    2    E    7    S   10    W    5
Task    7 :: 	grid coordinates :   3,   1
	neighbours: N    3    E   -2    S   11    W    6
Task    8 :: 	grid coordinates :   0,   2
	neighbours: N    4    E    9    S   12    W   -2
Task    9 :: 	grid coordinates :   1,   2
	neighbours: N    5    E   10    S   13    W    8
Task   10 :: 	grid coordinates :   2,   2
	neighbours: N    6    E   11    S   14    W    9
Task   11 :: 	grid coordinates :   3,   2
	neighbours: N    7    E   -2    S   15    W   10
Task   12 :: 	grid coordinates :   0,   3
	neighbours: N    8    E   13    S   -2    W   -2
Task   13 :: 	grid coordinates :   1,   3
	neighbours: N    9    E   14    S   -2    W   12
Task   14 :: 	grid coordinates :   2,   3
	neighbours: N   10    E   15    S   -2    W   13
Task   15 :: 	grid coordinates :   3,   3
	neighbours: N   11    E   -2    S   -2    W   14
task 0 is initialized
Rank 0 :: inject time is 0.001734, fill buffer time is 0.063791, communication time is 0.008993, wait time is 1.021020, copy halo time is 0.092938, update planes time is 9.218697
---------Rank: 0 	 Elapsed time:10.408650---------
total injected energy is 300000, system energy is 298403 ( in avg 0.0212198 per grid point)
Comp time,Comms time
10.408736,0.013792

task 3 is initialized
Rank 3 :: inject time is 0.001763, fill buffer time is 0.065944, communication time is 0.008352, wait time is 1.064421, copy halo time is 0.099593, update planes time is 9.167207
---------Rank: 3 	 Elapsed time:10.408625---------
task 12 is initialized
Rank 12 :: inject time is 0.001524, fill buffer time is 0.066828, communication time is 0.009640, wait time is 0.983483, copy halo time is 0.108121, update planes time is 9.237471
---------Rank: 12 	 Elapsed time:10.408552---------
task 13 is initialized
Rank 13 :: inject time is 0.001374, fill buffer time is 0.081275, communication time is 0.011584, wait time is 1.055577, copy halo time is 0.120141, update planes time is 9.137603
---------Rank: 13 	 Elapsed time:10.408746---------
task 2 is initialized
Rank 2 :: inject time is 0.001590, fill buffer time is 0.080384, communication time is 0.013430, wait time is 1.013557, copy halo time is 0.109346, update planes time is 9.189164
---------Rank: 2 	 Elapsed time:10.408763---------
task 4 is initialized
Rank 4 :: inject time is 0.001709, fill buffer time is 0.067116, communication time is 0.015358, wait time is 1.080669, copy halo time is 0.096010, update planes time is 9.146431
---------Rank: 4 	 Elapsed time:10.408627---------
task 14 is initialized
Rank 14 :: inject time is 0.002443, fill buffer time is 0.084573, communication time is 0.011893, wait time is 0.949317, copy halo time is 0.115259, update planes time is 9.243865
---------Rank: 14 	 Elapsed time:10.408817---------
task 7 is initialized
Rank 7 :: inject time is 0.001993, fill buffer time is 0.064467, communication time is 0.013175, wait time is 0.959604, copy halo time is 0.093557, update planes time is 9.274785
---------Rank: 7 	 Elapsed time:10.408749---------
task 11 is initialized
Rank 11 :: inject time is 0.001594, fill buffer time is 0.063677, communication time is 0.019451, wait time is 1.065233, copy halo time is 0.101703, update planes time is 9.155871
---------Rank: 11 	 Elapsed time:10.408754---------
task 15 is initialized
Rank 15 :: inject time is 0.001735, fill buffer time is 0.067161, communication time is 0.008599, wait time is 0.935299, copy halo time is 0.098653, update planes time is 9.296250
---------Rank: 15 	 Elapsed time:10.408721---------
task 1 is initialized
Rank 1 :: inject time is 0.001835, fill buffer time is 0.081519, communication time is 0.010161, wait time is 1.017642, copy halo time is 0.111273, update planes time is 9.185023
---------Rank: 1 	 Elapsed time:10.408685---------
task 9 is initialized
Rank 9 :: inject time is 0.002480, fill buffer time is 0.082444, communication time is 0.017783, wait time is 0.942184, copy halo time is 0.117447, update planes time is 9.245289
---------Rank: 9 	 Elapsed time:10.408888---------
task 8 is initialized
Rank 8 :: inject time is 0.001748, fill buffer time is 0.065407, communication time is 0.013506, wait time is 0.925651, copy halo time is 0.108372, update planes time is 9.292707
---------Rank: 8 	 Elapsed time:10.408671---------
task 5 is initialized
Rank 5 :: inject time is 0.001449, fill buffer time is 0.082679, communication time is 0.015541, wait time is 0.982131, copy halo time is 0.117542, update planes time is 9.208162
---------Rank: 5 	 Elapsed time:10.408820---------
task 6 is initialized
Rank 6 :: inject time is 0.001480, fill buffer time is 0.081774, communication time is 0.018418, wait time is 1.007374, copy halo time is 0.111739, update planes time is 9.186596
---------Rank: 6 	 Elapsed time:10.408844---------
task 10 is initialized
Rank 10 :: inject time is 0.001833, fill buffer time is 0.082163, communication time is 0.024780, wait time is 0.909930, copy halo time is 0.121398, update planes time is 9.267553
---------Rank: 10 	 Elapsed time:10.408864---------
