Tasks are decomposed in a grid 4 x 6

Task    0 :: 	grid coordinates :   0,   0
	neighbours: N   -2    E    1    S    4    W   -2
Task    1 :: 	grid coordinates :   1,   0
	neighbours: N   -2    E    2    S    5    W    0
Task    2 :: 	grid coordinates :   2,   0
	neighbours: N   -2    E    3    S    6    W    1
Task    3 :: 	grid coordinates :   3,   0
	neighbours: N   -2    E   -2    S    7    W    2
Task    4 :: 	grid coordinates :   0,   1
	neighbours: N    0    E    5    S    8    W   -2
Task    5 :: 	grid coordinates :   1,   1
	neighbours: N    1    E    6    S    9    W    4
Task    6 :: 	grid coordinates :   2,   1
	neighbours: N    2    E    7    S   10    W    5
Task    7 :: 	grid coordinates :   3,   1
	neighbours: N    3    E   -2    S   11    W    6
Task    8 :: 	grid coordinates :   0,   2
	neighbours: N    4    E    9    S   12    W   -2
Task   16 :: 	grid coordinates :   0,   4
	neighbours: N   12    E   17    S   20    W   -2
Task    9 :: 	grid coordinates :   1,   2
	neighbours: N    5    E   10    S   13    W    8
Task   17 :: 	grid coordinates :   1,   4
	neighbours: N   13    E   18    S   21    W   16
Task   18 :: 	grid coordinates :   2,   4
	neighbours: N   14    E   19    S   22    W   17
Task   19 :: 	grid coordinates :   3,   4
	neighbours: N   15    E   -2    S   23    W   18
Task   10 :: 	grid coordinates :   2,   2
	neighbours: N    6    E   11    S   14    W    9
Task   11 :: 	grid coordinates :   3,   2
	neighbours: N    7    E   -2    S   15    W   10
Task   12 :: 	grid coordinates :   0,   3
	neighbours: N    8    E   13    S   16    W   -2
Task   20 :: 	grid coordinates :   0,   5
	neighbours: N   16    E   21    S   -2    W   -2
Task   21 :: 	grid coordinates :   1,   5
	neighbours: N   17    E   22    S   -2    W   20
Task   22 :: 	grid coordinates :   2,   5
	neighbours: N   18    E   23    S   -2    W   21
Task   23 :: 	grid coordinates :   3,   5
	neighbours: N   19    E   -2    S   -2    W   22
Task   13 :: 	grid coordinates :   1,   3
	neighbours: N    9    E   14    S   17    W   12
Task   14 :: 	grid coordinates :   2,   3
	neighbours: N   10    E   15    S   18    W   13
Task   15 :: 	grid coordinates :   3,   3
	neighbours: N   11    E   -2    S   19    W   14
task 0 is initialized
Rank 0 :: inject time is 0.001483, fill buffer time is 0.049130, communication time is 0.009676, wait time is 0.952760, copy halo time is 0.065993, update planes time is 6.197752
---------Rank: 0 	 Elapsed time:7.278418---------
task 4 is initialized
Rank 4 :: inject time is 0.001623, fill buffer time is 0.051756, communication time is 0.014132, wait time is 1.154680, copy halo time is 0.060041, update planes time is 5.994652
---------Rank: 4 	 Elapsed time:7.278412---------
task 21 is initialized
Rank 21 :: inject time is 0.001308, fill buffer time is 0.059118, communication time is 0.011740, wait time is 1.024277, copy halo time is 0.070819, update planes time is 6.110784
---------Rank: 21 	 Elapsed time:7.279304---------
task 10 is initialized
Rank 10 :: inject time is 0.001269, fill buffer time is 0.061212, communication time is 0.016281, wait time is 0.966746, copy halo time is 0.084848, update planes time is 6.146605
---------Rank: 10 	 Elapsed time:7.278145---------
task 18 is initialized
Rank 18 :: inject time is 0.001402, fill buffer time is 0.062694, communication time is 0.022021, wait time is 1.059373, copy halo time is 0.074459, update planes time is 6.057934
---------Rank: 18 	 Elapsed time:7.279400---------
task 5 is initialized
Rank 5 :: inject time is 0.001607, fill buffer time is 0.063875, communication time is 0.013464, wait time is 0.983572, copy halo time is 0.076827, update planes time is 6.137600
---------Rank: 5 	 Elapsed time:7.278418---------
task 23 is initialized
Rank 23 :: inject time is 0.001149, fill buffer time is 0.050595, communication time is 0.009351, wait time is 0.967273, copy halo time is 0.065111, update planes time is 6.183102
---------Rank: 23 	 Elapsed time:7.277650---------
task 12 is initialized
Rank 12 :: inject time is 0.001211, fill buffer time is 0.050881, communication time is 0.013061, wait time is 0.970989, copy halo time is 0.073768, update planes time is 6.173126
---------Rank: 12 	 Elapsed time:7.284277---------
task 6 is initialized
Rank 6 :: inject time is 0.001352, fill buffer time is 0.060159, communication time is 0.015572, wait time is 1.011103, copy halo time is 0.069668, update planes time is 6.118755
---------Rank: 6 	 Elapsed time:7.278112---------
total injected energy is 300000, system energy is 299545 ( in avg 0.0319514 per grid point)
Comp time,Comms time
7.279497,0.013743

task 1 is initialized
Rank 1 :: inject time is 0.001142, fill buffer time is 0.057805, communication time is 0.010836, wait time is 1.062297, copy halo time is 0.066986, update planes time is 6.078190
---------Rank: 1 	 Elapsed time:7.278321---------
task 17 is initialized
Rank 17 :: inject time is 0.001828, fill buffer time is 0.061339, communication time is 0.019495, wait time is 1.039254, copy halo time is 0.075591, update planes time is 6.085547
---------Rank: 17 	 Elapsed time:7.284252---------
task 22 is initialized
Rank 22 :: inject time is 0.001245, fill buffer time is 0.061929, communication time is 0.016853, wait time is 1.074269, copy halo time is 0.075622, update planes time is 6.047811
---------Rank: 22 	 Elapsed time:7.279060---------
task 14 is initialized
Rank 14 :: inject time is 0.001155, fill buffer time is 0.063426, communication time is 0.016271, wait time is 0.903820, copy halo time is 0.085788, update planes time is 6.207438
---------Rank: 14 	 Elapsed time:7.279187---------
task 2 is initialized
Rank 2 :: inject time is 0.001647, fill buffer time is 0.065930, communication time is 0.013201, wait time is 0.986972, copy halo time is 0.074625, update planes time is 6.134694
---------Rank: 2 	 Elapsed time:7.278328---------
task 13 is initialized
Rank 13 :: inject time is 0.001413, fill buffer time is 0.057757, communication time is 0.015449, wait time is 1.001992, copy halo time is 0.079528, update planes time is 6.121962
---------Rank: 13 	 Elapsed time:7.279390---------
task 7 is initialized
Rank 7 :: inject time is 0.000910, fill buffer time is 0.050837, communication time is 0.009884, wait time is 0.981545, copy halo time is 0.066364, update planes time is 6.167445
---------Rank: 7 	 Elapsed time:7.278112---------
task 19 is initialized
Rank 19 :: inject time is 0.001565, fill buffer time is 0.051681, communication time is 0.014634, wait time is 1.033032, copy halo time is 0.062002, update planes time is 6.114963
---------Rank: 19 	 Elapsed time:7.279155---------
task 11 is initialized
Rank 11 :: inject time is 0.001857, fill buffer time is 0.048941, communication time is 0.012814, wait time is 1.013107, copy halo time is 0.069127, update planes time is 6.130967
---------Rank: 11 	 Elapsed time:7.277993---------
task 9 is initialized
Rank 9 :: inject time is 0.001630, fill buffer time is 0.064308, communication time is 0.014558, wait time is 0.985601, copy halo time is 0.078998, update planes time is 6.132826
---------Rank: 9 	 Elapsed time:7.279127---------
task 20 is initialized
Rank 20 :: inject time is 0.000800, fill buffer time is 0.049855, communication time is 0.010741, wait time is 1.087013, copy halo time is 0.065133, update planes time is 6.069390
---------Rank: 20 	 Elapsed time:7.284223---------
task 15 is initialized
Rank 15 :: inject time is 0.001231, fill buffer time is 0.051226, communication time is 0.011976, wait time is 0.942615, copy halo time is 0.070606, update planes time is 6.199178
---------Rank: 15 	 Elapsed time:7.277993---------
task 8 is initialized
Rank 8 :: inject time is 0.001538, fill buffer time is 0.050002, communication time is 0.011464, wait time is 1.033881, copy halo time is 0.072040, update planes time is 6.108406
---------Rank: 8 	 Elapsed time:7.278430---------
task 16 is initialized
Rank 16 :: inject time is 0.001356, fill buffer time is 0.047877, communication time is 0.017819, wait time is 0.990040, copy halo time is 0.061978, update planes time is 6.164017
---------Rank: 16 	 Elapsed time:7.284249---------
task 3 is initialized
Rank 3 :: inject time is 0.001461, fill buffer time is 0.052332, communication time is 0.008539, wait time is 1.032837, copy halo time is 0.071503, update planes time is 6.109837
---------Rank: 3 	 Elapsed time:7.277964---------
