Tasks are decomposed in a grid 4 x 4

Task    0 :: 	grid coordinates :   0,   0
	neighbours: N   -2    E    1    S    4    W   -2
Task    8 :: 	grid coordinates :   0,   2
	neighbours: N    4    E    9    S   12    W   -2
Task    9 :: 	grid coordinates :   1,   2
	neighbours: N    5    E   10    S   13    W    8
Task   10 :: 	grid coordinates :   2,   2
	neighbours: N    6    E   11    S   14    W    9
Task   11 :: 	grid coordinates :   3,   2
	neighbours: N    7    E   -2    S   15    W   10
Task   12 :: 	grid coordinates :   0,   3
	neighbours: N    8    E   13    S   -2    W   -2
Task   13 :: 	grid coordinates :   1,   3
	neighbours: N    9    E   14    S   -2    W   12
Task   14 :: 	grid coordinates :   2,   3
	neighbours: N   10    E   15    S   -2    W   13
Task   15 :: 	grid coordinates :   3,   3
	neighbours: N   11    E   -2    S   -2    W   14
Task    1 :: 	grid coordinates :   1,   0
	neighbours: N   -2    E    2    S    5    W    0
Task    2 :: 	grid coordinates :   2,   0
	neighbours: N   -2    E    3    S    6    W    1
Task    3 :: 	grid coordinates :   3,   0
	neighbours: N   -2    E   -2    S    7    W    2
Task    4 :: 	grid coordinates :   0,   1
	neighbours: N    0    E    5    S    8    W   -2
Task    5 :: 	grid coordinates :   1,   1
	neighbours: N    1    E    6    S    9    W    4
Task    6 :: 	grid coordinates :   2,   1
	neighbours: N    2    E    7    S   10    W    5
Task    7 :: 	grid coordinates :   3,   1
	neighbours: N    3    E   -2    S   11    W    6
task 0 is initialized
Rank 0 :: inject time is 0.000774, fill buffer time is 0.047974, communication time is 0.005459, wait time is 0.252230, copy halo time is 0.056347, update planes time is 9.842007
---------Rank: 0 	 Elapsed time:10.205423---------
task 13 is initialized
Rank 13 :: inject time is 0.000713, fill buffer time is 0.080166, communication time is 0.005723, wait time is 0.114135, copy halo time is 0.081440, update planes time is 9.912776
---------Rank: 13 	 Elapsed time:10.195492---------
task 14 is initialized
Rank 14 :: inject time is 0.000478, fill buffer time is 0.082145, communication time is 0.005960, wait time is 0.116085, copy halo time is 0.083601, update planes time is 9.906580
---------Rank: 14 	 Elapsed time:10.195491---------
task 15 is initialized
Rank 15 :: inject time is 0.000488, fill buffer time is 0.047629, communication time is 0.004662, wait time is 0.164922, copy halo time is 0.057024, update planes time is 9.920121
---------Rank: 15 	 Elapsed time:10.195425---------
task 12 is initialized
Rank 12 :: inject time is 0.000752, fill buffer time is 0.048335, communication time is 0.005000, wait time is 0.309525, copy halo time is 0.056639, update planes time is 9.774434
---------Rank: 12 	 Elapsed time:10.195323---------
task 11 is initialized
Rank 11 :: inject time is 0.000709, fill buffer time is 0.048962, communication time is 0.013790, wait time is 0.150276, copy halo time is 0.057927, update planes time is 9.923200
---------Rank: 11 	 Elapsed time:10.195448---------
task 10 is initialized
Rank 10 :: inject time is 0.000786, fill buffer time is 0.080212, communication time is 0.015780, wait time is 0.082192, copy halo time is 0.081524, update planes time is 9.934484
---------Rank: 10 	 Elapsed time:10.195515---------
task 9 is initialized
Rank 9 :: inject time is 0.000543, fill buffer time is 0.080408, communication time is 0.015888, wait time is 0.081013, copy halo time is 0.080748, update planes time is 9.936329
---------Rank: 9 	 Elapsed time:10.195509---------
task 8 is initialized
Rank 8 :: inject time is 0.000571, fill buffer time is 0.048462, communication time is 0.014594, wait time is 0.249061, copy halo time is 0.057034, update planes time is 9.825098
---------Rank: 8 	 Elapsed time:10.195438---------
task 3 is initialized
Rank 3 :: inject time is 0.000649, fill buffer time is 0.048631, communication time is 0.004978, wait time is 0.177523, copy halo time is 0.057813, update planes time is 9.915193
---------Rank: 3 	 Elapsed time:10.205413---------
task 4 is initialized
Rank 4 :: inject time is 0.000706, fill buffer time is 0.049040, communication time is 0.020356, wait time is 0.266557, copy halo time is 0.056994, update planes time is 9.811131
---------Rank: 4 	 Elapsed time:10.205470---------
task 5 is initialized
Rank 5 :: inject time is 0.000675, fill buffer time is 0.083427, communication time is 0.017758, wait time is 0.070397, copy halo time is 0.083639, update planes time is 9.949037
---------Rank: 5 	 Elapsed time:10.205512---------
task 6 is initialized
Rank 6 :: inject time is 0.000799, fill buffer time is 0.082260, communication time is 0.021431, wait time is 0.083468, copy halo time is 0.081812, update planes time is 9.935283
---------Rank: 6 	 Elapsed time:10.205510---------
task 2 is initialized
Rank 2 :: inject time is 0.000593, fill buffer time is 0.081037, communication time is 0.005535, wait time is 0.080315, copy halo time is 0.081355, update planes time is 9.956055
---------Rank: 2 	 Elapsed time:10.205500---------
total injected energy is 300000, system energy is 299819 ( in avg 0.0106574 per grid point)
Comp time,Comms time
10.200463,0.011470

task 7 is initialized
Rank 7 :: inject time is 0.000783, fill buffer time is 0.050042, communication time is 0.020800, wait time is 0.142367, copy halo time is 0.058085, update planes time is 9.932696
---------Rank: 7 	 Elapsed time:10.205440---------
task 1 is initialized
Rank 1 :: inject time is 0.000623, fill buffer time is 0.081109, communication time is 0.005807, wait time is 0.121874, copy halo time is 0.079975, update planes time is 9.915549
---------Rank: 1 	 Elapsed time:10.205504---------
Total_time: 11.987504375
