Tasks are decomposed in a grid 8 x 4

Task    0 :: 	grid coordinates :   0,   0
	neighbours: N   -2    E    1    S    8    W   -2
Task   16 :: 	grid coordinates :   0,   2
	neighbours: N    8    E   17    S   24    W   -2
Task   24 :: 	grid coordinates :   0,   3
	neighbours: N   16    E   25    S   -2    W   -2
Task    8 :: 	grid coordinates :   0,   1
	neighbours: N    0    E    9    S   16    W   -2
Task   17 :: 	grid coordinates :   1,   2
	neighbours: N    9    E   18    S   25    W   16
Task   25 :: 	grid coordinates :   1,   3
	neighbours: N   17    E   26    S   -2    W   24
Task    9 :: 	grid coordinates :   1,   1
	neighbours: N    1    E   10    S   17    W    8
Task   18 :: 	grid coordinates :   2,   2
	neighbours: N   10    E   19    S   26    W   17
Task   26 :: 	grid coordinates :   2,   3
	neighbours: N   18    E   27    S   -2    W   25
Task   10 :: 	grid coordinates :   2,   1
	neighbours: N    2    E   11    S   18    W    9
Task   19 :: 	grid coordinates :   3,   2
	neighbours: N   11    E   20    S   27    W   18
Task   27 :: 	grid coordinates :   3,   3
	neighbours: N   19    E   28    S   -2    W   26
Task   11 :: 	grid coordinates :   3,   1
	neighbours: N    3    E   12    S   19    W   10
Task   20 :: 	grid coordinates :   4,   2
	neighbours: N   12    E   21    S   28    W   19
Task   28 :: 	grid coordinates :   4,   3
	neighbours: N   20    E   29    S   -2    W   27
Task   12 :: 	grid coordinates :   4,   1
	neighbours: N    4    E   13    S   20    W   11
Task   21 :: 	grid coordinates :   5,   2
	neighbours: N   13    E   22    S   29    W   20
Task   29 :: 	grid coordinates :   5,   3
	neighbours: N   21    E   30    S   -2    W   28
Task   13 :: 	grid coordinates :   5,   1
	neighbours: N    5    E   14    S   21    W   12
Task   22 :: 	grid coordinates :   6,   2
	neighbours: N   14    E   23    S   30    W   21
Task   30 :: 	grid coordinates :   6,   3
	neighbours: N   22    E   31    S   -2    W   29
Task   14 :: 	grid coordinates :   6,   1
	neighbours: N    6    E   15    S   22    W   13
Task   23 :: 	grid coordinates :   7,   2
	neighbours: N   15    E   -2    S   31    W   22
Task   31 :: 	grid coordinates :   7,   3
	neighbours: N   23    E   -2    S   -2    W   30
Task   15 :: 	grid coordinates :   7,   1
	neighbours: N    7    E   -2    S   23    W   14
Task    1 :: 	grid coordinates :   1,   0
	neighbours: N   -2    E    2    S    9    W    0
Task    2 :: 	grid coordinates :   2,   0
	neighbours: N   -2    E    3    S   10    W    1
Task    3 :: 	grid coordinates :   3,   0
	neighbours: N   -2    E    4    S   11    W    2
Task    4 :: 	grid coordinates :   4,   0
	neighbours: N   -2    E    5    S   12    W    3
Task    5 :: 	grid coordinates :   5,   0
	neighbours: N   -2    E    6    S   13    W    4
Task    6 :: 	grid coordinates :   6,   0
	neighbours: N   -2    E    7    S   14    W    5
Task    7 :: 	grid coordinates :   7,   0
	neighbours: N   -2    E   -2    S   15    W    6
task 0 is initialized
Rank 0 :: inject time is 0.000504, fill buffer time is 0.060806, communication time is 0.008604, wait time is 0.126214, copy halo time is 0.070234, update planes time is 9.287939
---------Rank: 0 	 Elapsed time:9.554921---------
task 8 is initialized
Rank 8 :: inject time is 0.000517, fill buffer time is 0.061259, communication time is 0.019912, wait time is 0.149243, copy halo time is 0.071588, update planes time is 9.261093
---------Rank: 8 	 Elapsed time:9.564360---------
task 14 is initialized
Rank 14 :: inject time is 0.000334, fill buffer time is 0.103525, communication time is 0.017533, wait time is 0.144810, copy halo time is 0.097072, update planes time is 9.200431
---------Rank: 14 	 Elapsed time:9.564209---------
task 9 is initialized
Rank 9 :: inject time is 0.000288, fill buffer time is 0.108281, communication time is 0.018083, wait time is 0.101726, copy halo time is 0.104914, update planes time is 9.230562
---------Rank: 9 	 Elapsed time:9.564451---------
task 10 is initialized
Rank 10 :: inject time is 0.000452, fill buffer time is 0.106217, communication time is 0.018543, wait time is 0.067842, copy halo time is 0.102275, update planes time is 9.268519
---------Rank: 10 	 Elapsed time:9.564478---------
task 11 is initialized
Rank 11 :: inject time is 0.000496, fill buffer time is 0.109874, communication time is 0.021176, wait time is 0.083766, copy halo time is 0.103528, update planes time is 9.244893
---------Rank: 11 	 Elapsed time:9.564409---------
task 13 is initialized
Rank 13 :: inject time is 0.000363, fill buffer time is 0.104351, communication time is 0.019839, wait time is 0.112030, copy halo time is 0.102395, update planes time is 9.224832
---------Rank: 13 	 Elapsed time:9.564334---------
task 15 is initialized
Rank 15 :: inject time is 0.000269, fill buffer time is 0.059037, communication time is 0.018038, wait time is 0.231837, copy halo time is 0.069675, update planes time is 9.184599
---------Rank: 15 	 Elapsed time:9.564076---------
task 28 is initialized
Rank 28 :: inject time is 0.000489, fill buffer time is 0.105510, communication time is 0.008629, wait time is 0.138730, copy halo time is 0.101461, update planes time is 9.213687
---------Rank: 28 	 Elapsed time:9.569293---------
task 30 is initialized
Rank 30 :: inject time is 0.000370, fill buffer time is 0.104271, communication time is 0.009983, wait time is 0.141097, copy halo time is 0.101226, update planes time is 9.211580
---------Rank: 30 	 Elapsed time:9.569121---------
task 12 is initialized
Rank 12 :: inject time is 0.000464, fill buffer time is 0.103693, communication time is 0.021532, wait time is 0.084760, copy halo time is 0.101287, update planes time is 9.252107
---------Rank: 12 	 Elapsed time:9.564371---------
task 24 is initialized
Rank 24 :: inject time is 0.000376, fill buffer time is 0.060028, communication time is 0.007333, wait time is 0.179076, copy halo time is 0.068385, update planes time is 9.253597
---------Rank: 24 	 Elapsed time:9.569362---------
task 26 is initialized
Rank 26 :: inject time is 0.000453, fill buffer time is 0.104279, communication time is 0.010332, wait time is 0.105845, copy halo time is 0.100115, update planes time is 9.247830
---------Rank: 26 	 Elapsed time:9.569406---------
task 1 is initialized
Rank 1 :: inject time is 0.000587, fill buffer time is 0.105582, communication time is 0.009374, wait time is 0.105260, copy halo time is 0.102685, update planes time is 9.230985
---------Rank: 1 	 Elapsed time:9.555066---------
task 2 is initialized
Rank 2 :: inject time is 0.000393, fill buffer time is 0.102967, communication time is 0.008690, wait time is 0.082561, copy halo time is 0.099999, update planes time is 9.260029
---------Rank: 2 	 Elapsed time:9.555081---------
task 27 is initialized
Rank 27 :: inject time is 0.000437, fill buffer time is 0.107572, communication time is 0.010844, wait time is 0.140620, copy halo time is 0.099597, update planes time is 9.209651
---------Rank: 27 	 Elapsed time:9.569337---------
task 29 is initialized
Rank 29 :: inject time is 0.000484, fill buffer time is 0.104570, communication time is 0.007973, wait time is 0.134491, copy halo time is 0.100532, update planes time is 9.220576
---------Rank: 29 	 Elapsed time:9.569174---------
task 31 is initialized
Rank 31 :: inject time is 0.000337, fill buffer time is 0.059175, communication time is 0.008013, wait time is 0.234897, copy halo time is 0.069705, update planes time is 9.196299
---------Rank: 31 	 Elapsed time:9.568972---------
task 25 is initialized
Rank 25 :: inject time is 0.000452, fill buffer time is 0.105663, communication time is 0.009734, wait time is 0.109006, copy halo time is 0.103259, update planes time is 9.240777
---------Rank: 25 	 Elapsed time:9.569386---------
task 6 is initialized
Rank 6 :: inject time is 0.000589, fill buffer time is 0.104523, communication time is 0.009598, wait time is 0.086225, copy halo time is 0.101158, update planes time is 9.252093
---------Rank: 6 	 Elapsed time:9.554853---------
task 16 is initialized
Rank 16 :: inject time is 0.000500, fill buffer time is 0.061765, communication time is 0.022446, wait time is 0.141044, copy halo time is 0.072262, update planes time is 9.275098
---------Rank: 16 	 Elapsed time:9.573799---------
task 20 is initialized
Rank 20 :: inject time is 0.000347, fill buffer time is 0.105089, communication time is 0.026168, wait time is 0.106252, copy halo time is 0.100392, update planes time is 9.234989
---------Rank: 20 	 Elapsed time:9.573745---------
task 19 is initialized
Rank 19 :: inject time is 0.000423, fill buffer time is 0.111733, communication time is 0.025512, wait time is 0.109306, copy halo time is 0.102612, update planes time is 9.223563
---------Rank: 19 	 Elapsed time:9.573808---------
task 18 is initialized
Rank 18 :: inject time is 0.000489, fill buffer time is 0.106282, communication time is 0.022447, wait time is 0.081500, copy halo time is 0.102474, update planes time is 9.260169
---------Rank: 18 	 Elapsed time:9.573862---------
task 21 is initialized
Rank 21 :: inject time is 0.000367, fill buffer time is 0.106914, communication time is 0.024047, wait time is 0.098731, copy halo time is 0.101833, update planes time is 9.241254
---------Rank: 21 	 Elapsed time:9.573640---------
task 22 is initialized
Rank 22 :: inject time is 0.000432, fill buffer time is 0.107741, communication time is 0.020478, wait time is 0.078070, copy halo time is 0.105164, update planes time is 9.261195
---------Rank: 22 	 Elapsed time:9.573619---------
task 23 is initialized
Rank 23 :: inject time is 0.000677, fill buffer time is 0.060671, communication time is 0.024537, wait time is 0.161430, copy halo time is 0.070386, update planes time is 9.255100
---------Rank: 23 	 Elapsed time:9.573518---------
task 3 is initialized
Rank 3 :: inject time is 0.000432, fill buffer time is 0.109338, communication time is 0.010142, wait time is 0.106866, copy halo time is 0.101254, update planes time is 9.226455
---------Rank: 3 	 Elapsed time:9.555023---------
task 4 is initialized
Rank 4 :: inject time is 0.000498, fill buffer time is 0.104948, communication time is 0.009958, wait time is 0.101733, copy halo time is 0.101802, update planes time is 9.235479
---------Rank: 4 	 Elapsed time:9.554953---------
task 5 is initialized
Rank 5 :: inject time is 0.000374, fill buffer time is 0.104250, communication time is 0.008901, wait time is 0.133707, copy halo time is 0.100357, update planes time is 9.206811
---------Rank: 5 	 Elapsed time:9.554873---------
task 7 is initialized
Rank 7 :: inject time is 0.000616, fill buffer time is 0.059493, communication time is 0.008755, wait time is 0.199345, copy halo time is 0.069231, update planes time is 9.216702
---------Rank: 7 	 Elapsed time:9.554835---------
total injected energy is 300000, system energy is 299186 ( in avg 0.0106377 per grid point)
Comp time,Comms time
9.565569,0.015182

task 17 is initialized
Rank 17 :: inject time is 0.000422, fill buffer time is 0.108161, communication time is 0.018681, wait time is 0.053672, copy halo time is 0.103894, update planes time is 9.288515
---------Rank: 17 	 Elapsed time:9.573858---------
Total_time: 11.423428736
