Task    8 :: 	grid coordinates :   0,   2
	neighbours: N    4    E    9    S   12    W   -2
Tasks are decomposed in a grid 4 x 4

Task    0 :: 	grid coordinates :   0,   0
	neighbours: N   -2    E    1    S    4    W   -2
Task    9 :: 	grid coordinates :   1,   2
	neighbours: N    5    E   10    S   13    W    8
Task   10 :: 	grid coordinates :   2,   2
	neighbours: N    6    E   11    S   14    W    9
Task   11 :: 	grid coordinates :   3,   2
	neighbours: N    7    E   -2    S   15    W   10
Task   12 :: 	grid coordinates :   0,   3
	neighbours: N    8    E   13    S   -2    W   -2
Task   13 :: 	grid coordinates :   1,   3
	neighbours: N    9    E   14    S   -2    W   12
Task   14 :: 	grid coordinates :   2,   3
	neighbours: N   10    E   15    S   -2    W   13
Task   15 :: 	grid coordinates :   3,   3
	neighbours: N   11    E   -2    S   -2    W   14
Task    1 :: 	grid coordinates :   1,   0
	neighbours: N   -2    E    2    S    5    W    0
Task    2 :: 	grid coordinates :   2,   0
	neighbours: N   -2    E    3    S    6    W    1
Task    3 :: 	grid coordinates :   3,   0
	neighbours: N   -2    E   -2    S    7    W    2
Task    4 :: 	grid coordinates :   0,   1
	neighbours: N    0    E    5    S    8    W   -2
Task    5 :: 	grid coordinates :   1,   1
	neighbours: N    1    E    6    S    9    W    4
Task    6 :: 	grid coordinates :   2,   1
	neighbours: N    2    E    7    S   10    W    5
Task    7 :: 	grid coordinates :   3,   1
	neighbours: N    3    E   -2    S   11    W    6
task 0 is initialized
Rank 0 :: inject time is 0.000767, fill buffer time is 0.050334, communication time is 0.005074, wait time is 0.504408, copy halo time is 0.061582, update planes time is 10.525649
---------Rank: 0 	 Elapsed time:11.148483---------
task 13 is initialized
Rank 13 :: inject time is 0.000693, fill buffer time is 0.082089, communication time is 0.007078, wait time is 0.682796, copy halo time is 0.083189, update planes time is 10.278907
---------Rank: 13 	 Elapsed time:11.135285---------
task 14 is initialized
Rank 14 :: inject time is 0.000697, fill buffer time is 0.083437, communication time is 0.007082, wait time is 0.540763, copy halo time is 0.085443, update planes time is 10.416782
---------Rank: 14 	 Elapsed time:11.134731---------
task 15 is initialized
Rank 15 :: inject time is 0.000810, fill buffer time is 0.050186, communication time is 0.004861, wait time is 0.526093, copy halo time is 0.062652, update planes time is 10.488529
---------Rank: 15 	 Elapsed time:11.133735---------
task 12 is initialized
Rank 12 :: inject time is 0.000626, fill buffer time is 0.050741, communication time is 0.004698, wait time is 0.628339, copy halo time is 0.060589, update planes time is 10.389740
---------Rank: 12 	 Elapsed time:11.135406---------
task 8 is initialized
Rank 8 :: inject time is 0.000715, fill buffer time is 0.049962, communication time is 0.027079, wait time is 0.534606, copy halo time is 0.060144, update planes time is 10.463046
---------Rank: 8 	 Elapsed time:11.136187---------
task 9 is initialized
Rank 9 :: inject time is 0.000715, fill buffer time is 0.080711, communication time is 0.027984, wait time is 0.381447, copy halo time is 0.083637, update planes time is 10.561142
---------Rank: 9 	 Elapsed time:11.136308---------
task 10 is initialized
Rank 10 :: inject time is 0.000438, fill buffer time is 0.080532, communication time is 0.029594, wait time is 0.534057, copy halo time is 0.082511, update planes time is 10.407574
---------Rank: 10 	 Elapsed time:11.135301---------
task 11 is initialized
Rank 11 :: inject time is 0.000779, fill buffer time is 0.049098, communication time is 0.027912, wait time is 0.568371, copy halo time is 0.059132, update planes time is 10.428771
---------Rank: 11 	 Elapsed time:11.134727---------
task 1 is initialized
Rank 1 :: inject time is 0.000479, fill buffer time is 0.081754, communication time is 0.006630, wait time is 0.494686, copy halo time is 0.083200, update planes time is 10.480660
---------Rank: 1 	 Elapsed time:11.148038---------
task 3 is initialized
Rank 3 :: inject time is 0.000705, fill buffer time is 0.050935, communication time is 0.005356, wait time is 0.573839, copy halo time is 0.060278, update planes time is 10.455343
---------Rank: 3 	 Elapsed time:11.147117---------
total injected energy is 300000, system energy is 299921 ( in avg 0.010661 per grid point)
Comp time,Comms time
11.141501,0.014849

task 4 is initialized
Rank 4 :: inject time is 0.000499, fill buffer time is 0.051717, communication time is 0.016994, wait time is 0.254747, copy halo time is 0.061284, update planes time is 10.762682
---------Rank: 4 	 Elapsed time:11.148465---------
task 5 is initialized
Rank 5 :: inject time is 0.000649, fill buffer time is 0.082218, communication time is 0.020936, wait time is 0.635545, copy halo time is 0.084113, update planes time is 10.324400
---------Rank: 5 	 Elapsed time:11.148483---------
task 2 is initialized
Rank 2 :: inject time is 0.000671, fill buffer time is 0.083197, communication time is 0.006384, wait time is 0.212096, copy halo time is 0.084826, update planes time is 10.759887
---------Rank: 2 	 Elapsed time:11.147688---------
task 6 is initialized
Rank 6 :: inject time is 0.000813, fill buffer time is 0.082554, communication time is 0.021086, wait time is 0.477956, copy halo time is 0.086210, update planes time is 10.478229
---------Rank: 6 	 Elapsed time:11.147419---------
task 7 is initialized
Rank 7 :: inject time is 0.000866, fill buffer time is 0.051108, communication time is 0.018829, wait time is 0.518219, copy halo time is 0.063139, update planes time is 10.493938
---------Rank: 7 	 Elapsed time:11.146646---------
Total_time: 12.913189649
