Tasks are decomposed in a grid 4 x 2

Task    0 :: 	grid coordinates :   0,   0
	neighbours: N   -2    E    1    S    4    W   -2
Task    1 :: 	grid coordinates :   1,   0
	neighbours: N   -2    E    2    S    5    W    0
Task    2 :: 	grid coordinates :   2,   0
	neighbours: N   -2    E    3    S    6    W    1
Task    3 :: 	grid coordinates :   3,   0
	neighbours: N   -2    E   -2    S    7    W    2
Task    4 :: 	grid coordinates :   0,   1
	neighbours: N    0    E    5    S   -2    W   -2
Task    5 :: 	grid coordinates :   1,   1
	neighbours: N    1    E    6    S   -2    W    4
Task    6 :: 	grid coordinates :   2,   1
	neighbours: N    2    E    7    S   -2    W    5
Task    7 :: 	grid coordinates :   3,   1
	neighbours: N    3    E   -2    S   -2    W    6
task 0 is initialized
Rank 0 :: inject time is 0.001021, fill buffer time is 0.059975, communication time is 0.004485, wait time is 0.132239, copy halo time is 0.071299, update planes time is 9.323075
---------Rank: 0 	 Elapsed time:9.592746---------
task 1 is initialized
Rank 1 :: inject time is 0.000922, fill buffer time is 0.105684, communication time is 0.005941, wait time is 0.096152, copy halo time is 0.102415, update planes time is 9.281098
---------Rank: 1 	 Elapsed time:9.592833---------
total injected energy is 300000, system energy is 299829 ( in avg 0.0106606 per grid point)
Comp time,Comms time
9.592751,0.005223

task 2 is initialized
Rank 2 :: inject time is 0.000714, fill buffer time is 0.105537, communication time is 0.005809, wait time is 0.062648, copy halo time is 0.102716, update planes time is 9.314841
---------Rank: 2 	 Elapsed time:9.592839---------
task 3 is initialized
Rank 3 :: inject time is 0.000867, fill buffer time is 0.059466, communication time is 0.004855, wait time is 0.202327, copy halo time is 0.070919, update planes time is 9.253774
---------Rank: 3 	 Elapsed time:9.592788---------
task 4 is initialized
Rank 4 :: inject time is 0.000907, fill buffer time is 0.060381, communication time is 0.004782, wait time is 0.193892, copy halo time is 0.071579, update planes time is 9.260500
---------Rank: 4 	 Elapsed time:9.592587---------
task 5 is initialized
Rank 5 :: inject time is 0.000967, fill buffer time is 0.102903, communication time is 0.005458, wait time is 0.138585, copy halo time is 0.101435, update planes time is 9.242803
---------Rank: 5 	 Elapsed time:9.592774---------
task 7 is initialized
Rank 7 :: inject time is 0.000858, fill buffer time is 0.059170, communication time is 0.005097, wait time is 0.208668, copy halo time is 0.069497, update planes time is 9.248752
---------Rank: 7 	 Elapsed time:9.592602---------
task 6 is initialized
Rank 6 :: inject time is 0.000865, fill buffer time is 0.105670, communication time is 0.005353, wait time is 0.087098, copy halo time is 0.103133, update planes time is 9.290208
---------Rank: 6 	 Elapsed time:9.592839---------
Total_time: 10.931060357
