Tasks are decomposed in a grid 8 x 4

Task    8 :: 	grid coordinates :   0,   1
	neighbours: N    0    E    9    S   16    W   -2
Task   16 :: 	grid coordinates :   0,   2
	neighbours: N    8    E   17    S   24    W   -2
Task   24 :: 	grid coordinates :   0,   3
	neighbours: N   16    E   25    S   -2    W   -2
Task   17 :: 	grid coordinates :   1,   2
	neighbours: N    9    E   18    S   25    W   16
Task   18 :: 	grid coordinates :   2,   2
	neighbours: N   10    E   19    S   26    W   17
Task   19 :: 	grid coordinates :   3,   2
	neighbours: N   11    E   20    S   27    W   18
Task   20 :: 	grid coordinates :   4,   2
	neighbours: N   12    E   21    S   28    W   19
Task   21 :: 	grid coordinates :   5,   2
	neighbours: N   13    E   22    S   29    W   20
Task   22 :: 	grid coordinates :   6,   2
	neighbours: N   14    E   23    S   30    W   21
Task   23 :: 	grid coordinates :   7,   2
	neighbours: N   15    E   -2    S   31    W   22
Task    9 :: 	grid coordinates :   1,   1
	neighbours: N    1    E   10    S   17    W    8
Task   25 :: 	grid coordinates :   1,   3
	neighbours: N   17    E   26    S   -2    W   24
Task   10 :: 	grid coordinates :   2,   1
	neighbours: N    2    E   11    S   18    W    9
Task   26 :: 	grid coordinates :   2,   3
	neighbours: N   18    E   27    S   -2    W   25
Task   11 :: 	grid coordinates :   3,   1
	neighbours: N    3    E   12    S   19    W   10
Task   27 :: 	grid coordinates :   3,   3
	neighbours: N   19    E   28    S   -2    W   26
Task   12 :: 	grid coordinates :   4,   1
	neighbours: N    4    E   13    S   20    W   11
Task   28 :: 	grid coordinates :   4,   3
	neighbours: N   20    E   29    S   -2    W   27
Task   13 :: 	grid coordinates :   5,   1
	neighbours: N    5    E   14    S   21    W   12
Task   29 :: 	grid coordinates :   5,   3
	neighbours: N   21    E   30    S   -2    W   28
Task   14 :: 	grid coordinates :   6,   1
	neighbours: N    6    E   15    S   22    W   13
Task   30 :: 	grid coordinates :   6,   3
	neighbours: N   22    E   31    S   -2    W   29
Task   15 :: 	grid coordinates :   7,   1
	neighbours: N    7    E   -2    S   23    W   14
Task   31 :: 	grid coordinates :   7,   3
	neighbours: N   23    E   -2    S   -2    W   30
Task    0 :: 	grid coordinates :   0,   0
	neighbours: N   -2    E    1    S    8    W   -2
Task    1 :: 	grid coordinates :   1,   0
	neighbours: N   -2    E    2    S    9    W    0
Task    2 :: 	grid coordinates :   2,   0
	neighbours: N   -2    E    3    S   10    W    1
Task    3 :: 	grid coordinates :   3,   0
	neighbours: N   -2    E    4    S   11    W    2
Task    4 :: 	grid coordinates :   4,   0
	neighbours: N   -2    E    5    S   12    W    3
Task    5 :: 	grid coordinates :   5,   0
	neighbours: N   -2    E    6    S   13    W    4
Task    6 :: 	grid coordinates :   6,   0
	neighbours: N   -2    E    7    S   14    W    5
Task    7 :: 	grid coordinates :   7,   0
	neighbours: N   -2    E   -2    S   15    W    6
task 0 is initialized
Rank 0 :: inject time is 0.000659, fill buffer time is 0.060526, communication time is 0.007645, wait time is 0.179515, copy halo time is 0.069022, update planes time is 9.257979
---------Rank: 0 	 Elapsed time:9.576005---------
task 25 is initialized
Rank 25 :: inject time is 0.000314, fill buffer time is 0.105880, communication time is 0.010120, wait time is 0.111363, copy halo time is 0.104218, update planes time is 9.253135
---------Rank: 25 	 Elapsed time:9.585606---------
task 22 is initialized
Rank 22 :: inject time is 0.000480, fill buffer time is 0.105151, communication time is 0.022548, wait time is 0.081442, copy halo time is 0.102013, update planes time is 9.282252
---------Rank: 22 	 Elapsed time:9.594514---------
task 1 is initialized
Rank 1 :: inject time is 0.000530, fill buffer time is 0.104835, communication time is 0.008235, wait time is 0.124750, copy halo time is 0.100770, update planes time is 9.236463
---------Rank: 1 	 Elapsed time:9.576099---------
task 12 is initialized
Rank 12 :: inject time is 0.000468, fill buffer time is 0.106903, communication time is 0.032432, wait time is 0.140740, copy halo time is 0.104120, update planes time is 9.200052
---------Rank: 12 	 Elapsed time:9.585313---------
total injected energy is 300000, system energy is 299186 ( in avg 0.0106377 per grid point)
Comp time,Comms time
9.585375,0.015448

task 13 is initialized
Rank 13 :: inject time is 0.000506, fill buffer time is 0.105617, communication time is 0.030833, wait time is 0.129860, copy halo time is 0.104142, update planes time is 9.213733
---------Rank: 13 	 Elapsed time:9.585264---------
task 14 is initialized
Rank 14 :: inject time is 0.000436, fill buffer time is 0.104257, communication time is 0.020599, wait time is 0.164831, copy halo time is 0.097347, update planes time is 9.197261
---------Rank: 14 	 Elapsed time:9.585217---------
task 15 is initialized
Rank 15 :: inject time is 0.000382, fill buffer time is 0.061175, communication time is 0.019469, wait time is 0.250280, copy halo time is 0.071155, update planes time is 9.181889
---------Rank: 15 	 Elapsed time:9.585057---------
task 9 is initialized
Rank 9 :: inject time is 0.000310, fill buffer time is 0.102495, communication time is 0.018730, wait time is 0.161770, copy halo time is 0.093861, update planes time is 9.207624
---------Rank: 9 	 Elapsed time:9.585326---------
task 27 is initialized
Rank 27 :: inject time is 0.000392, fill buffer time is 0.108975, communication time is 0.009147, wait time is 0.155890, copy halo time is 0.099776, update planes time is 9.210869
---------Rank: 27 	 Elapsed time:9.585543---------
task 10 is initialized
Rank 10 :: inject time is 0.000546, fill buffer time is 0.103729, communication time is 0.019202, wait time is 0.118006, copy halo time is 0.098706, update planes time is 9.244629
---------Rank: 10 	 Elapsed time:9.585321---------
task 11 is initialized
Rank 11 :: inject time is 0.000409, fill buffer time is 0.108950, communication time is 0.020715, wait time is 0.118898, copy halo time is 0.099895, update planes time is 9.235935
---------Rank: 11 	 Elapsed time:9.585332---------
task 2 is initialized
Rank 2 :: inject time is 0.000366, fill buffer time is 0.105158, communication time is 0.008445, wait time is 0.112707, copy halo time is 0.101550, update planes time is 9.247216
---------Rank: 2 	 Elapsed time:9.576162---------
task 3 is initialized
Rank 3 :: inject time is 0.000434, fill buffer time is 0.109849, communication time is 0.009019, wait time is 0.150889, copy halo time is 0.101677, update planes time is 9.203821
---------Rank: 3 	 Elapsed time:9.576215---------
task 20 is initialized
Rank 20 :: inject time is 0.000442, fill buffer time is 0.106191, communication time is 0.023903, wait time is 0.127943, copy halo time is 0.100908, update planes time is 9.234573
---------Rank: 20 	 Elapsed time:9.594649---------
task 23 is initialized
Rank 23 :: inject time is 0.000595, fill buffer time is 0.060323, communication time is 0.023509, wait time is 0.204417, copy halo time is 0.070431, update planes time is 9.234317
---------Rank: 23 	 Elapsed time:9.594455---------
task 26 is initialized
Rank 26 :: inject time is 0.000469, fill buffer time is 0.103447, communication time is 0.008385, wait time is 0.116842, copy halo time is 0.100461, update planes time is 9.255300
---------Rank: 26 	 Elapsed time:9.585603---------
task 30 is initialized
Rank 30 :: inject time is 0.000425, fill buffer time is 0.105727, communication time is 0.008205, wait time is 0.156664, copy halo time is 0.100668, update planes time is 9.213012
---------Rank: 30 	 Elapsed time:9.585207---------
task 8 is initialized
Rank 8 :: inject time is 0.000358, fill buffer time is 0.060094, communication time is 0.019598, wait time is 0.160274, copy halo time is 0.068759, update planes time is 9.275517
---------Rank: 8 	 Elapsed time:9.585250---------
task 21 is initialized
Rank 21 :: inject time is 0.000438, fill buffer time is 0.104983, communication time is 0.024138, wait time is 0.147608, copy halo time is 0.101183, update planes time is 9.215762
---------Rank: 21 	 Elapsed time:9.594597---------
task 28 is initialized
Rank 28 :: inject time is 0.000508, fill buffer time is 0.104456, communication time is 0.010670, wait time is 0.144554, copy halo time is 0.100011, update planes time is 9.224707
---------Rank: 28 	 Elapsed time:9.585468---------
task 31 is initialized
Rank 31 :: inject time is 0.000425, fill buffer time is 0.060718, communication time is 0.007682, wait time is 0.264871, copy halo time is 0.070476, update planes time is 9.180087
---------Rank: 31 	 Elapsed time:9.585114---------
task 29 is initialized
Rank 29 :: inject time is 0.000418, fill buffer time is 0.105867, communication time is 0.007977, wait time is 0.167781, copy halo time is 0.101875, update planes time is 9.200798
---------Rank: 29 	 Elapsed time:9.585332---------
task 16 is initialized
Rank 16 :: inject time is 0.000465, fill buffer time is 0.060309, communication time is 0.020647, wait time is 0.181342, copy halo time is 0.069750, update planes time is 9.261411
---------Rank: 16 	 Elapsed time:9.594608---------
task 4 is initialized
Rank 4 :: inject time is 0.000441, fill buffer time is 0.106027, communication time is 0.008427, wait time is 0.149382, copy halo time is 0.101097, update planes time is 9.210240
---------Rank: 4 	 Elapsed time:9.576234---------
task 17 is initialized
Rank 17 :: inject time is 0.000499, fill buffer time is 0.107282, communication time is 0.016510, wait time is 0.103616, copy halo time is 0.104991, update planes time is 9.261237
---------Rank: 17 	 Elapsed time:9.594710---------
task 5 is initialized
Rank 5 :: inject time is 0.000437, fill buffer time is 0.104845, communication time is 0.008123, wait time is 0.141464, copy halo time is 0.099662, update planes time is 9.221138
---------Rank: 5 	 Elapsed time:9.576297---------
task 7 is initialized
Rank 7 :: inject time is 0.000534, fill buffer time is 0.059552, communication time is 0.007371, wait time is 0.209517, copy halo time is 0.069551, update planes time is 9.229075
---------Rank: 7 	 Elapsed time:9.576261---------
task 18 is initialized
Rank 18 :: inject time is 0.000430, fill buffer time is 0.105577, communication time is 0.021980, wait time is 0.111908, copy halo time is 0.102359, update planes time is 9.251871
---------Rank: 18 	 Elapsed time:9.594676---------
task 24 is initialized
Rank 24 :: inject time is 0.000507, fill buffer time is 0.060302, communication time is 0.007720, wait time is 0.178175, copy halo time is 0.068801, update planes time is 9.269509
---------Rank: 24 	 Elapsed time:9.585608---------
task 6 is initialized
Rank 6 :: inject time is 0.000587, fill buffer time is 0.104773, communication time is 0.008336, wait time is 0.122561, copy halo time is 0.099723, update planes time is 9.239685
---------Rank: 6 	 Elapsed time:9.576300---------
task 19 is initialized
Rank 19 :: inject time is 0.000493, fill buffer time is 0.110033, communication time is 0.024026, wait time is 0.114448, copy halo time is 0.101582, update planes time is 9.243473
---------Rank: 19 	 Elapsed time:9.594666---------
Total_time: 11.397418573
