Tasks are decomposed in a grid 16 x 8

Task    8 :: 	grid coordinates :   8,   0
	neighbours: N   -2    E    9    S   24    W    7
Task   16 :: 	grid coordinates :   0,   1
	neighbours: N    0    E   17    S   32    W   -2
Task   24 :: 	grid coordinates :   8,   1
	neighbours: N    8    E   25    S   40    W   23
Task   32 :: 	grid coordinates :   0,   2
	neighbours: N   16    E   33    S   48    W   -2
Task   40 :: 	grid coordinates :   8,   2
	neighbours: N   24    E   41    S   56    W   39
Task   48 :: 	grid coordinates :   0,   3
	neighbours: N   32    E   49    S   64    W   -2
Task   56 :: 	grid coordinates :   8,   3
	neighbours: N   40    E   57    S   72    W   55
Task   64 :: 	grid coordinates :   0,   4
	neighbours: N   48    E   65    S   80    W   -2
Task   72 :: 	grid coordinates :   8,   4
	neighbours: N   56    E   73    S   88    W   71
Task   80 :: 	grid coordinates :   0,   5
	neighbours: N   64    E   81    S   96    W   -2
Task   88 :: 	grid coordinates :   8,   5
	neighbours: N   72    E   89    S  104    W   87
Task   96 :: 	grid coordinates :   0,   6
	neighbours: N   80    E   97    S  112    W   -2
Task  104 :: 	grid coordinates :   8,   6
	neighbours: N   88    E  105    S  120    W  103
Task  112 :: 	grid coordinates :   0,   7
	neighbours: N   96    E  113    S   -2    W   -2
Task  120 :: 	grid coordinates :   8,   7
	neighbours: N  104    E  121    S   -2    W  119
Task    0 :: 	grid coordinates :   0,   0
	neighbours: N   -2    E    1    S   16    W   -2
Task    1 :: 	grid coordinates :   1,   0
	neighbours: N   -2    E    2    S   17    W    0
Task    2 :: 	grid coordinates :   2,   0
	neighbours: N   -2    E    3    S   18    W    1
Task    3 :: 	grid coordinates :   3,   0
	neighbours: N   -2    E    4    S   19    W    2
Task    4 :: 	grid coordinates :   4,   0
	neighbours: N   -2    E    5    S   20    W    3
Task    5 :: 	grid coordinates :   5,   0
	neighbours: N   -2    E    6    S   21    W    4
Task    6 :: 	grid coordinates :   6,   0
	neighbours: N   -2    E    7    S   22    W    5
Task    7 :: 	grid coordinates :   7,   0
	neighbours: N   -2    E    8    S   23    W    6
Task    9 :: 	grid coordinates :   9,   0
	neighbours: N   -2    E   10    S   25    W    8
Task   10 :: 	grid coordinates :  10,   0
	neighbours: N   -2    E   11    S   26    W    9
Task   11 :: 	grid coordinates :  11,   0
	neighbours: N   -2    E   12    S   27    W   10
Task   12 :: 	grid coordinates :  12,   0
	neighbours: N   -2    E   13    S   28    W   11
Task   13 :: 	grid coordinates :  13,   0
	neighbours: N   -2    E   14    S   29    W   12
Task   14 :: 	grid coordinates :  14,   0
	neighbours: N   -2    E   15    S   30    W   13
Task   15 :: 	grid coordinates :  15,   0
	neighbours: N   -2    E   -2    S   31    W   14
Task   17 :: 	grid coordinates :   1,   1
	neighbours: N    1    E   18    S   33    W   16
Task   18 :: 	grid coordinates :   2,   1
	neighbours: N    2    E   19    S   34    W   17
Task   19 :: 	grid coordinates :   3,   1
	neighbours: N    3    E   20    S   35    W   18
Task   20 :: 	grid coordinates :   4,   1
	neighbours: N    4    E   21    S   36    W   19
Task   21 :: 	grid coordinates :   5,   1
	neighbours: N    5    E   22    S   37    W   20
Task   22 :: 	grid coordinates :   6,   1
	neighbours: N    6    E   23    S   38    W   21
Task   23 :: 	grid coordinates :   7,   1
	neighbours: N    7    E   24    S   39    W   22
Task   25 :: 	grid coordinates :   9,   1
	neighbours: N    9    E   26    S   41    W   24
Task   26 :: 	grid coordinates :  10,   1
	neighbours: N   10    E   27    S   42    W   25
Task   27 :: 	grid coordinates :  11,   1
	neighbours: N   11    E   28    S   43    W   26
Task   28 :: 	grid coordinates :  12,   1
	neighbours: N   12    E   29    S   44    W   27
Task   29 :: 	grid coordinates :  13,   1
	neighbours: N   13    E   30    S   45    W   28
Task   30 :: 	grid coordinates :  14,   1
	neighbours: N   14    E   31    S   46    W   29
Task   31 :: 	grid coordinates :  15,   1
	neighbours: N   15    E   -2    S   47    W   30
Task   33 :: 	grid coordinates :   1,   2
	neighbours: N   17    E   34    S   49    W   32
Task   34 :: 	grid coordinates :   2,   2
	neighbours: N   18    E   35    S   50    W   33
Task   35 :: 	grid coordinates :   3,   2
	neighbours: N   19    E   36    S   51    W   34
Task   36 :: 	grid coordinates :   4,   2
	neighbours: N   20    E   37    S   52    W   35
Task   37 :: 	grid coordinates :   5,   2
	neighbours: N   21    E   38    S   53    W   36
Task   38 :: 	grid coordinates :   6,   2
	neighbours: N   22    E   39    S   54    W   37
Task   39 :: 	grid coordinates :   7,   2
	neighbours: N   23    E   40    S   55    W   38
Task   49 :: 	grid coordinates :   1,   3
	neighbours: N   33    E   50    S   65    W   48
Task   50 :: 	grid coordinates :   2,   3
	neighbours: N   34    E   51    S   66    W   49
Task   51 :: 	grid coordinates :   3,   3
	neighbours: N   35    E   52    S   67    W   50
Task   52 :: 	grid coordinates :   4,   3
	neighbours: N   36    E   53    S   68    W   51
Task   53 :: 	grid coordinates :   5,   3
	neighbours: N   37    E   54    S   69    W   52
Task   54 :: 	grid coordinates :   6,   3
	neighbours: N   38    E   55    S   70    W   53
Task   55 :: 	grid coordinates :   7,   3
	neighbours: N   39    E   56    S   71    W   54
Task   41 :: 	grid coordinates :   9,   2
	neighbours: N   25    E   42    S   57    W   40
Task   42 :: 	grid coordinates :  10,   2
	neighbours: N   26    E   43    S   58    W   41
Task   43 :: 	grid coordinates :  11,   2
	neighbours: N   27    E   44    S   59    W   42
Task   44 :: 	grid coordinates :  12,   2
	neighbours: N   28    E   45    S   60    W   43
Task   45 :: 	grid coordinates :  13,   2
	neighbours: N   29    E   46    S   61    W   44
Task   46 :: 	grid coordinates :  14,   2
	neighbours: N   30    E   47    S   62    W   45
Task   47 :: 	grid coordinates :  15,   2
	neighbours: N   31    E   -2    S   63    W   46
Task   65 :: 	grid coordinates :   1,   4
	neighbours: N   49    E   66    S   81    W   64
Task   66 :: 	grid coordinates :   2,   4
	neighbours: N   50    E   67    S   82    W   65
Task   67 :: 	grid coordinates :   3,   4
	neighbours: N   51    E   68    S   83    W   66
Task   68 :: 	grid coordinates :   4,   4
	neighbours: N   52    E   69    S   84    W   67
Task   69 :: 	grid coordinates :   5,   4
	neighbours: N   53    E   70    S   85    W   68
Task   70 :: 	grid coordinates :   6,   4
	neighbours: N   54    E   71    S   86    W   69
Task   71 :: 	grid coordinates :   7,   4
	neighbours: N   55    E   72    S   87    W   70
Task   57 :: 	grid coordinates :   9,   3
	neighbours: N   41    E   58    S   73    W   56
Task   58 :: 	grid coordinates :  10,   3
	neighbours: N   42    E   59    S   74    W   57
Task   59 :: 	grid coordinates :  11,   3
	neighbours: N   43    E   60    S   75    W   58
Task   60 :: 	grid coordinates :  12,   3
	neighbours: N   44    E   61    S   76    W   59
Task   61 :: 	grid coordinates :  13,   3
	neighbours: N   45    E   62    S   77    W   60
Task   62 :: 	grid coordinates :  14,   3
	neighbours: N   46    E   63    S   78    W   61
Task   63 :: 	grid coordinates :  15,   3
	neighbours: N   47    E   -2    S   79    W   62
Task   73 :: 	grid coordinates :   9,   4
	neighbours: N   57    E   74    S   89    W   72
Task   74 :: 	grid coordinates :  10,   4
	neighbours: N   58    E   75    S   90    W   73
Task   75 :: 	grid coordinates :  11,   4
	neighbours: N   59    E   76    S   91    W   74
Task   76 :: 	grid coordinates :  12,   4
	neighbours: N   60    E   77    S   92    W   75
Task   77 :: 	grid coordinates :  13,   4
	neighbours: N   61    E   78    S   93    W   76
Task   78 :: 	grid coordinates :  14,   4
	neighbours: N   62    E   79    S   94    W   77
Task   79 :: 	grid coordinates :  15,   4
	neighbours: N   63    E   -2    S   95    W   78
Task   97 :: 	grid coordinates :   1,   6
	neighbours: N   81    E   98    S  113    W   96
Task   89 :: 	grid coordinates :   9,   5
	neighbours: N   73    E   90    S  105    W   88
Task   81 :: 	grid coordinates :   1,   5
	neighbours: N   65    E   82    S   97    W   80
Task  113 :: 	grid coordinates :   1,   7
	neighbours: N   97    E  114    S   -2    W  112
Task  121 :: 	grid coordinates :   9,   7
	neighbours: N  105    E  122    S   -2    W  120
Task  105 :: 	grid coordinates :   9,   6
	neighbours: N   89    E  106    S  121    W  104
Task   98 :: 	grid coordinates :   2,   6
	neighbours: N   82    E   99    S  114    W   97
Task   90 :: 	grid coordinates :  10,   5
	neighbours: N   74    E   91    S  106    W   89
Task   82 :: 	grid coordinates :   2,   5
	neighbours: N   66    E   83    S   98    W   81
Task  114 :: 	grid coordinates :   2,   7
	neighbours: N   98    E  115    S   -2    W  113
Task  122 :: 	grid coordinates :  10,   7
	neighbours: N  106    E  123    S   -2    W  121
Task  106 :: 	grid coordinates :  10,   6
	neighbours: N   90    E  107    S  122    W  105
Task   99 :: 	grid coordinates :   3,   6
	neighbours: N   83    E  100    S  115    W   98
Task   91 :: 	grid coordinates :  11,   5
	neighbours: N   75    E   92    S  107    W   90
Task   83 :: 	grid coordinates :   3,   5
	neighbours: N   67    E   84    S   99    W   82
Task  115 :: 	grid coordinates :   3,   7
	neighbours: N   99    E  116    S   -2    W  114
Task  123 :: 	grid coordinates :  11,   7
	neighbours: N  107    E  124    S   -2    W  122
Task  107 :: 	grid coordinates :  11,   6
	neighbours: N   91    E  108    S  123    W  106
Task  100 :: 	grid coordinates :   4,   6
	neighbours: N   84    E  101    S  116    W   99
Task   92 :: 	grid coordinates :  12,   5
	neighbours: N   76    E   93    S  108    W   91
Task   84 :: 	grid coordinates :   4,   5
	neighbours: N   68    E   85    S  100    W   83
Task  116 :: 	grid coordinates :   4,   7
	neighbours: N  100    E  117    S   -2    W  115
Task  124 :: 	grid coordinates :  12,   7
	neighbours: N  108    E  125    S   -2    W  123
Task  108 :: 	grid coordinates :  12,   6
	neighbours: N   92    E  109    S  124    W  107
Task  101 :: 	grid coordinates :   5,   6
	neighbours: N   85    E  102    S  117    W  100
Task   93 :: 	grid coordinates :  13,   5
	neighbours: N   77    E   94    S  109    W   92
Task   85 :: 	grid coordinates :   5,   5
	neighbours: N   69    E   86    S  101    W   84
Task  117 :: 	grid coordinates :   5,   7
	neighbours: N  101    E  118    S   -2    W  116
Task  125 :: 	grid coordinates :  13,   7
	neighbours: N  109    E  126    S   -2    W  124
Task  109 :: 	grid coordinates :  13,   6
	neighbours: N   93    E  110    S  125    W  108
Task  102 :: 	grid coordinates :   6,   6
	neighbours: N   86    E  103    S  118    W  101
Task   94 :: 	grid coordinates :  14,   5
	neighbours: N   78    E   95    S  110    W   93
Task   86 :: 	grid coordinates :   6,   5
	neighbours: N   70    E   87    S  102    W   85
Task  118 :: 	grid coordinates :   6,   7
	neighbours: N  102    E  119    S   -2    W  117
Task  126 :: 	grid coordinates :  14,   7
	neighbours: N  110    E  127    S   -2    W  125
Task  110 :: 	grid coordinates :  14,   6
	neighbours: N   94    E  111    S  126    W  109
Task  103 :: 	grid coordinates :   7,   6
	neighbours: N   87    E  104    S  119    W  102
Task   95 :: 	grid coordinates :  15,   5
	neighbours: N   79    E   -2    S  111    W   94
Task   87 :: 	grid coordinates :   7,   5
	neighbours: N   71    E   88    S  103    W   86
Task  119 :: 	grid coordinates :   7,   7
	neighbours: N  103    E  120    S   -2    W  118
Task  127 :: 	grid coordinates :  15,   7
	neighbours: N  111    E   -2    S   -2    W  126
Task  111 :: 	grid coordinates :  15,   6
	neighbours: N   95    E   -2    S  127    W  110
total injected energy is 300000, system energy is 299989 ( in avg 0.0106663 per grid point)
Comp time,Comms time
9.525155,0.016519

Total_time: 11.197913273
