==1641749== Cachegrind, a high-precision tracing profiler
==1641749== Copyright (C) 2002-2024, and GNU GPL'd, by Nicholas Nethercote et al.
==1641749== Using Valgrind-3.24.0 and LibVEX; rerun with -h for copyright info
==1641749== Command: ./stencil_parallel -x 512 -y 512 -o 0 -v 0 -n 100
==1641749== Parent PID: 1641706
==1641749== 
--1641749-- warning: L3 cache found, using its data for the LL simulation.
==1641749== WARNING: valgrind ignores shmget(shmflg) SHM_HUGETLB
==1641749== 
==1641749== I refs:        247,255,702
==1641749== I1  misses:        189,531
==1641749== LLi misses:         61,102
==1641749== I1  miss rate:        0.08%
==1641749== LLi miss rate:        0.02%
==1641749== 
==1641749== D refs:         92,432,934  (64,267,948 rd   + 28,164,986 wr)
==1641749== D1  misses:      8,344,491  ( 4,600,728 rd   +  3,743,763 wr)
==1641749== LLd misses:      7,285,662  ( 3,642,149 rd   +  3,643,513 wr)
==1641749== D1  miss rate:         9.0% (       7.2%     +       13.3%  )
==1641749== LLd miss rate:         7.9% (       5.7%     +       12.9%  )
==1641749== 
==1641749== LL refs:         8,534,022  ( 4,790,259 rd   +  3,743,763 wr)
==1641749== LL misses:       7,346,764  ( 3,703,251 rd   +  3,643,513 wr)
==1641749== LL miss rate:          2.2% (       1.2%     +       12.9%  )
==1641749== 
==1641749== Branches:       35,250,356  (33,519,919 cond +  1,730,437 ind)
==1641749== Mispredicts:       966,148  (   746,031 cond +    220,117 ind)
==1641749== Mispred rate:          2.7% (       2.2%     +       12.7%   )
