Tasks are decomposed in a grid 4 x 6

Task    0 :: 	grid coordinates :   0,   0
	neighbours: N   -2    E    1    S    4    W   -2
Task    1 :: 	grid coordinates :   1,   0
	neighbours: N   -2    E    2    S    5    W    0
Task    2 :: 	grid coordinates :   2,   0
	neighbours: N   -2    E    3    S    6    W    1
Task    3 :: 	grid coordinates :   3,   0
	neighbours: N   -2    E   -2    S    7    W    2
Task    4 :: 	grid coordinates :   0,   1
	neighbours: N    0    E    5    S    8    W   -2
Task    8 :: 	grid coordinates :   0,   2
	neighbours: N    4    E    9    S   12    W   -2
Task    5 :: 	grid coordinates :   1,   1
	neighbours: N    1    E    6    S    9    W    4
Task    9 :: 	grid coordinates :   1,   2
	neighbours: N    5    E   10    S   13    W    8
Task    6 :: 	grid coordinates :   2,   1
	neighbours: N    2    E    7    S   10    W    5
Task    7 :: 	grid coordinates :   3,   1
	neighbours: N    3    E   -2    S   11    W    6
Task   10 :: 	grid coordinates :   2,   2
	neighbours: N    6    E   11    S   14    W    9
Task   11 :: 	grid coordinates :   3,   2
	neighbours: N    7    E   -2    S   15    W   10
Task   12 :: 	grid coordinates :   0,   3
	neighbours: N    8    E   13    S   16    W   -2
Task   13 :: 	grid coordinates :   1,   3
	neighbours: N    9    E   14    S   17    W   12
Task   16 :: 	grid coordinates :   0,   4
	neighbours: N   12    E   17    S   20    W   -2
Task   14 :: 	grid coordinates :   2,   3
	neighbours: N   10    E   15    S   18    W   13
Task   17 :: 	grid coordinates :   1,   4
	neighbours: N   13    E   18    S   21    W   16
Task   15 :: 	grid coordinates :   3,   3
	neighbours: N   11    E   -2    S   19    W   14
Task   18 :: 	grid coordinates :   2,   4
	neighbours: N   14    E   19    S   22    W   17
Task   19 :: 	grid coordinates :   3,   4
	neighbours: N   15    E   -2    S   23    W   18
Task   20 :: 	grid coordinates :   0,   5
	neighbours: N   16    E   21    S   -2    W   -2
Task   21 :: 	grid coordinates :   1,   5
	neighbours: N   17    E   22    S   -2    W   20
Task   22 :: 	grid coordinates :   2,   5
	neighbours: N   18    E   23    S   -2    W   21
Task   23 :: 	grid coordinates :   3,   5
	neighbours: N   19    E   -2    S   -2    W   22
total injected energy is 300000, system energy is 299611 ( in avg 0.0319585 per grid point)
Comp time,Comms time
7.276072,0.015634

