[epyc003:608223:0:608223] Caught signal 4 (Illegal instruction: illegal operand)
[epyc005:1734889:0:1734889] Caught signal 4 (Illegal instruction: illegal operand)
[epyc003:608224:0:608224] Caught signal 4 (Illegal instruction: illegal operand)
[epyc003:608226:0:608226] Caught signal 4 (Illegal instruction: illegal operand)
[epyc005:1734890:0:1734890] Caught signal 4 (Illegal instruction: illegal operand)
[epyc005:1734891:0:1734891] Caught signal 4 (Illegal instruction: illegal operand)
[epyc005:1734893:0:1734893] Caught signal 4 (Illegal instruction: illegal operand)
[epyc003:608227:0:608227] Caught signal 4 (Illegal instruction: illegal operand)
[epyc006:1032955:0:1032955] Caught signal 4 (Illegal instruction: illegal operand)
[epyc004:1689451:0:1689451] Caught signal 4 (Illegal instruction: illegal operand)
[epyc003:608229:0:608229] Caught signal 4 (Illegal instruction: illegal operand)
[epyc006:1032956:0:1032956] Caught signal 4 (Illegal instruction: illegal operand)
==== backtrace (tid:1032956) ====
 0  /lib64/libucs.so.0(ucs_handle_error+0x2e4) [0x7f9971948a74]
 1  /lib64/libucs.so.0(+0x1876d) [0x7f997194a76d]
 2  /lib64/libucs.so.0(+0x18803) [0x7f997194a803]
 3  /lib64/libc.so.6(+0x1a050) [0x7f9971ba9050]
 4  /orfeo/cephfs/home/ipauser/lkasa/HPC_project/./main() [0x404447]
 5  /orfeo/cephfs/home/ipauser/lkasa/HPC_project/./main() [0x40232f]
 6  /lib64/libc.so.6(+0x3248) [0x7f9971b92248]
 7  /lib64/libc.so.6(__libc_start_main+0x8b) [0x7f9971b9230b]
==== backtrace (tid: 608224) ====
 0  /lib64/libucs.so.0(ucs_handle_error+0x2e4) [0x7f7d7b1a9a74]
 1  /lib64/libucs.so.0(+0x1876d) [0x7f7d7b1ab76d]
 2  /lib64/libucs.so.0(+0x18803) [0x7f7d7b1ab803]
 3  /lib64/libc.so.6(+0x1a050) [0x7f7d7b40a050]
 4  /orfeo/cephfs/home/ipauser/lkasa/HPC_project/./main() [0x404447]
 5  /orfeo/cephfs/home/ipauser/lkasa/HPC_project/./main() [0x40232f]
 6  /lib64/libc.so.6(+0x3248) [0x7f7d7b3f3248]
 7  /lib64/libc.so.6(__libc_start_main+0x8b) [0x7f7d7b3f330b]
 8  /orfeo/cephfs/home/ipauser/lkasa/HPC_project/./main() [0x402a4e]
=================================
[epyc005:1734894:0:1734894] Caught signal 4 (Illegal instruction: illegal operand)
[epyc003:608225:0:608225] Caught signal 4 (Illegal instruction: illegal operand)
[epyc005:1734887:0:1734887] Caught signal 4 (Illegal instruction: illegal operand)
[epyc004:1689452:0:1689452] Caught signal 4 (Illegal instruction: illegal operand)
==== backtrace (tid:1689452) ====
 0  /lib64/libucs.so.0(ucs_handle_error+0x2e4) [0x7fec0f1a4a74]
 1  /lib64/libucs.so.0(+0x1876d) [0x7fec0f1a676d]
[epyc003:608228:0:608228] Caught signal 4 (Illegal instruction: illegal operand)
==== backtrace (tid: 608228) ====
 0  /lib64/libucs.so.0(ucs_handle_error+0x2e4) [0x7f7528f8fa74]
 1  /lib64/libucs.so.0(+0x1876d) [0x7f7528f9176d]
 2  /lib64/libucs.so.0(+0x18803) [0x7f7528f91803]
 3  /lib64/libc.so.6(+0x1a050) [0x7f75291f0050]
 4  /orfeo/cephfs/home/ipauser/lkasa/HPC_project/./main() [0x404447]
 5  /orfeo/cephfs/home/ipauser/lkasa/HPC_project/./main() [0x40232f]
 6  /lib64/libc.so.6(+0x3248) [0x7f75291d9248]
 7  /lib64/libc.so.6(__libc_start_main+0x8b) [0x7f75291d930b]
 8  /orfeo/cephfs/home/ipauser/lkasa/HPC_project/./main() [0x402a4e]
=================================
[epyc005:1734888:0:1734888] Caught signal 4 (Illegal instruction: illegal operand)
==== backtrace (tid:1734888) ====
 0  /lib64/libucs.so.0(ucs_handle_error+0x2e4) [0x7f8f59cfea74]
 1  /lib64/libucs.so.0(+0x1876d) [0x7f8f59d0076d]
 2  /lib64/libucs.so.0(+0x18803) [0x7f8f59d00803]
 3  /lib64/libc.so.6(+0x1a050) [0x7f8f59f5f050]
 4  /orfeo/cephfs/home/ipauser/lkasa/HPC_project/./main() [0x404447]
 5  /orfeo/cephfs/home/ipauser/lkasa/HPC_project/./main() [0x40232f]
 6  /lib64/libc.so.6(+0x3248) [0x7f8f59f48248]
 7  /lib64/libc.so.6(__libc_start_main+0x8b) [0x7f8f59f4830b]
 8  /orfeo/cephfs/home/ipauser/lkasa/HPC_project/./main() [0x402a4e]
=================================
==== backtrace (tid:1734890) ====
 0  /lib64/libucs.so.0(ucs_handle_error+0x2e4) [0x7f3bffaaca74]
 1  /lib64/libucs.so.0(+0x1876d) [0x7f3bffaae76d]
 2  /lib64/libucs.so.0(+0x18803) [0x7f3bffaae803]
 3  /lib64/libc.so.6(+0x1a050) [0x7f3bffd0d050]
 4  /orfeo/cephfs/home/ipauser/lkasa/HPC_project/./main() [0x404447]
 5  /orfeo/cephfs/home/ipauser/lkasa/HPC_project/./main() [0x40232f]
 6  /lib64/libc.so.6(+0x3248) [0x7f3bffcf6248]
 7  /lib64/libc.so.6(__libc_start_main+0x8b) [0x7f3bffcf630b]
 8  /orfeo/cephfs/home/ipauser/lkasa/HPC_project/./main() [0x402a4e]
=================================
[epyc005:1734892:0:1734892] Caught signal 4 (Illegal instruction: illegal operand)
==== backtrace (tid:1734892) ====
 0  /lib64/libucs.so.0(ucs_handle_error+0x2e4) [0x7f20e7923a74]
 1  /lib64/libucs.so.0(+0x1876d) [0x7f20e792576d]
 2  /lib64/libucs.so.0(+0x18803) [0x7f20e7925803]
 3  /lib64/libc.so.6(+0x1a050) [0x7f20e7b84050]
 4  /orfeo/cephfs/home/ipauser/lkasa/HPC_project/./main() [0x404447]
 5  /orfeo/cephfs/home/ipauser/lkasa/HPC_project/./main() [0x40232f]
 6  /lib64/libc.so.6(+0x3248) [0x7f20e7b6d248]
 7  /lib64/libc.so.6(__libc_start_main+0x8b) [0x7f20e7b6d30b]
 8  /orfeo/cephfs/home/ipauser/lkasa/HPC_project/./main() [0x402a4e]
=================================
[epyc003:608230:0:608230] Caught signal 4 (Illegal instruction: illegal operand)
==== backtrace (tid: 608230) ====
 0  /lib64/libucs.so.0(ucs_handle_error+0x2e4) [0x7f008ff0ca74]
 1  /lib64/libucs.so.0(+0x1876d) [0x7f008ff0e76d]
 2  /lib64/libucs.so.0(+0x18803) [0x7f008ff0e803]
 3  /lib64/libc.so.6(+0x1a050) [0x7f009016d050]
 4  /orfeo/cephfs/home/ipauser/lkasa/HPC_project/./main() [0x404447]
 5  /orfeo/cephfs/home/ipauser/lkasa/HPC_project/./main() [0x40232f]
 6  /lib64/libc.so.6(+0x3248) [0x7f0090156248]
 7  /lib64/libc.so.6(__libc_start_main+0x8b) [0x7f009015630b]
 8  /orfeo/cephfs/home/ipauser/lkasa/HPC_project/./main() [0x402a4e]
=================================
==== backtrace (tid:1734894) ====
 0  /lib64/libucs.so.0(ucs_handle_error+0x2e4) [0x7fba186cca74]
 1  /lib64/libucs.so.0(+0x1876d) [0x7fba186ce76d]
 2  /lib64/libucs.so.0(+0x18803) [0x7fba186ce803]
 3  /lib64/libc.so.6(+0x1a050) [0x7fba1892d050]
 4  /orfeo/cephfs/home/ipauser/lkasa/HPC_project/./main() [0x404447]
 5  /orfeo/cephfs/home/ipauser/lkasa/HPC_project/./main() [0x40232f]
 6  /lib64/libc.so.6(+0x3248) [0x7fba18916248]
 7  /lib64/libc.so.6(__libc_start_main+0x8b) [0x7fba1891630b]
 8  /orfeo/cephfs/home/ipauser/lkasa/HPC_project/./main() [0x402a4e]
=================================
[epyc006:1032957:0:1032957] Caught signal 4 (Illegal instruction: illegal operand)
==== backtrace (tid: 608223) ====
 0  /lib64/libucs.so.0(ucs_handle_error+0x2e4) [0x7fba38d5aa74]
 1  /lib64/libucs.so.0(+0x1876d) [0x7fba38d5c76d]
 2  /lib64/libucs.so.0(+0x18803) [0x7fba38d5c803]
 3  /lib64/libc.so.6(+0x1a050) [0x7fba38fbb050]
 4  /orfeo/cephfs/home/ipauser/lkasa/HPC_project/./main() [0x404447]
 5  /orfeo/cephfs/home/ipauser/lkasa/HPC_project/./main() [0x40232f]
 6  /lib64/libc.so.6(+0x3248) [0x7fba38fa4248]
 7  /lib64/libc.so.6(__libc_start_main+0x8b) [0x7fba38fa430b]
 8  /orfeo/cephfs/home/ipauser/lkasa/HPC_project/./main() [0x402a4e]
=================================
==== backtrace (tid:1734887) ====
 0  /lib64/libucs.so.0(ucs_handle_error+0x2e4) [0x7f36b608da74]
 1  /lib64/libucs.so.0(+0x1876d) [0x7f36b608f76d]
 2  /lib64/libucs.so.0(+0x18803) [0x7f36b608f803]
 3  /lib64/libc.so.6(+0x1a050) [0x7f36b62ee050]
 4  /orfeo/cephfs/home/ipauser/lkasa/HPC_project/./main() [0x404447]
 5  /orfeo/cephfs/home/ipauser/lkasa/HPC_project/./main() [0x40232f]
 6  /lib64/libc.so.6(+0x3248) [0x7f36b62d7248]
 7  /lib64/libc.so.6(__libc_start_main+0x8b) [0x7f36b62d730b]
 8  /orfeo/cephfs/home/ipauser/lkasa/HPC_project/./main() [0x402a4e]
=================================
[epyc006:1032958:0:1032958] Caught signal 4 (Illegal instruction: illegal operand)
==== backtrace (tid:1032958) ====
 0  /lib64/libucs.so.0(ucs_handle_error+0x2e4) [0x7f2fe3503a74]
 1  /lib64/libucs.so.0(+0x1876d) [0x7f2fe350576d]
 2  /lib64/libucs.so.0(+0x18803) [0x7f2fe3505803]
 3  /lib64/libc.so.6(+0x1a050) [0x7f2fe3764050]
 4  /orfeo/cephfs/home/ipauser/lkasa/HPC_project/./main() [0x404447]
 5  /orfeo/cephfs/home/ipauser/lkasa/HPC_project/./main() [0x40232f]
 6  /lib64/libc.so.6(+0x3248) [0x7f2fe374d248]
 7  /lib64/libc.so.6(__libc_start_main+0x8b) [0x7f2fe374d30b]
 8  /orfeo/cephfs/home/ipauser/lkasa/HPC_project/./main() [0x402a4e]
=================================
==== backtrace (tid: 608225) ====
 0  /lib64/libucs.so.0(ucs_handle_error+0x2e4) [0x7f36750f6a74]
 1  /lib64/libucs.so.0(+0x1876d) [0x7f36750f876d]
 2  /lib64/libucs.so.0(+0x18803) [0x7f36750f8803]
 3  /lib64/libc.so.6(+0x1a050) [0x7f3675357050]
 4  /orfeo/cephfs/home/ipauser/lkasa/HPC_project/./main() [0x404447]
 5  /orfeo/cephfs/home/ipauser/lkasa/HPC_project/./main() [0x40232f]
 6  /lib64/libc.so.6(+0x3248) [0x7f3675340248]
 7  /lib64/libc.so.6(__libc_start_main+0x8b) [0x7f367534030b]
 8  /orfeo/cephfs/home/ipauser/lkasa/HPC_project/./main() [0x402a4e]
=================================
==== backtrace (tid:1734889) ====
 0  /lib64/libucs.so.0(ucs_handle_error+0x2e4) [0x7f12c4af2a74]
 1  /lib64/libucs.so.0(+0x1876d) [0x7f12c4af476d]
 2  /lib64/libucs.so.0(+0x18803) [0x7f12c4af4803]
 3  /lib64/libc.so.6(+0x1a050) [0x7f12c4d53050]
 4  /orfeo/cephfs/home/ipauser/lkasa/HPC_project/./main() [0x404447]
 5  /orfeo/cephfs/home/ipauser/lkasa/HPC_project/./main() [0x40232f]
 6  /lib64/libc.so.6(+0x3248) [0x7f12c4d3c248]
 7  /lib64/libc.so.6(__libc_start_main+0x8b) [0x7f12c4d3c30b]
 8  /orfeo/cephfs/home/ipauser/lkasa/HPC_project/./main() [0x402a4e]
=================================
[epyc006:1032959:0:1032959] Caught signal 4 (Illegal instruction: illegal operand)
==== backtrace (tid:1032959) ====
 0  /lib64/libucs.so.0(ucs_handle_error+0x2e4) [0x7fd3d6dc7a74]
 1  /lib64/libucs.so.0(+0x1876d) [0x7fd3d6dc976d]
 2  /lib64/libucs.so.0(+0x18803) [0x7fd3d6dc9803]
 3  /lib64/libc.so.6(+0x1a050) [0x7fd3d7028050]
 4  /orfeo/cephfs/home/ipauser/lkasa/HPC_project/./main() [0x404447]
 5  /orfeo/cephfs/home/ipauser/lkasa/HPC_project/./main() [0x40232f]
 6  /lib64/libc.so.6(+0x3248) [0x7fd3d7011248]
 7  /lib64/libc.so.6(__libc_start_main+0x8b) [0x7fd3d701130b]
 8  /orfeo/cephfs/home/ipauser/lkasa/HPC_project/./main() [0x402a4e]
=================================
[epyc004:1689453:0:1689453] Caught signal 4 (Illegal instruction: illegal operand)
==== backtrace (tid: 608226) ====
 0  /lib64/libucs.so.0(ucs_handle_error+0x2e4) [0x7f8f562d4a74]
 1  /lib64/libucs.so.0(+0x1876d) [0x7f8f562d676d]
 2  /lib64/libucs.so.0(+0x18803) [0x7f8f562d6803]
 3  /lib64/libc.so.6(+0x1a050) [0x7f8f56535050]
 4  /orfeo/cephfs/home/ipauser/lkasa/HPC_project/./main() [0x404447]
 5  /orfeo/cephfs/home/ipauser/lkasa/HPC_project/./main() [0x40232f]
 6  /lib64/libc.so.6(+0x3248) [0x7f8f5651e248]
 7  /lib64/libc.so.6(__libc_start_main+0x8b) [0x7f8f5651e30b]
 8  /orfeo/cephfs/home/ipauser/lkasa/HPC_project/./main() [0x402a4e]
=================================
==== backtrace (tid:1734891) ====
 0  /lib64/libucs.so.0(ucs_handle_error+0x2e4) [0x7f3d334e0a74]
 1  /lib64/libucs.so.0(+0x1876d) [0x7f3d334e276d]
 2  /lib64/libucs.so.0(+0x18803) [0x7f3d334e2803]
 3  /lib64/libc.so.6(+0x1a050) [0x7f3d33741050]
 4  /orfeo/cephfs/home/ipauser/lkasa/HPC_project/./main() [0x404447]
 5  /orfeo/cephfs/home/ipauser/lkasa/HPC_project/./main() [0x40232f]
 6  /lib64/libc.so.6(+0x3248) [0x7f3d3372a248]
 7  /lib64/libc.so.6(__libc_start_main+0x8b) [0x7f3d3372a30b]
 8  /orfeo/cephfs/home/ipauser/lkasa/HPC_project/./main() [0x402a4e]
=================================
[epyc006:1032960:0:1032960] Caught signal 4 (Illegal instruction: illegal operand)
==== backtrace (tid:1032960) ====
 0  /lib64/libucs.so.0(ucs_handle_error+0x2e4) [0x7f6be839aa74]
 1  /lib64/libucs.so.0(+0x1876d) [0x7f6be839c76d]
 2  /lib64/libucs.so.0(+0x18803) [0x7f6be839c803]
 3  /lib64/libc.so.6(+0x1a050) [0x7f6be85fb050]
 4  /orfeo/cephfs/home/ipauser/lkasa/HPC_project/./main() [0x404447]
 5  /orfeo/cephfs/home/ipauser/lkasa/HPC_project/./main() [0x40232f]
 6  /lib64/libc.so.6(+0x3248) [0x7f6be85e4248]
 7  /lib64/libc.so.6(__libc_start_main+0x8b) [0x7f6be85e430b]
 8  /orfeo/cephfs/home/ipauser/lkasa/HPC_project/./main() [0x402a4e]
=================================
[epyc004:1689454:0:1689454] Caught signal 4 (Illegal instruction: illegal operand)
==== backtrace (tid:1689454) ====
 0  /lib64/libucs.so.0(ucs_handle_error+0x2e4) [0x7f48795b0a74]
 1  /lib64/libucs.so.0(+0x1876d) [0x7f48795b276d]
 2  /lib64/libucs.so.0(+0x18803) [0x7f48795b2803]
 3  /lib64/libc.so.6(+0x1a050) [0x7f4879811050]
 4  /orfeo/cephfs/home/ipauser/lkasa/HPC_project/./main() [0x404447]
 5  /orfeo/cephfs/home/ipauser/lkasa/HPC_project/./main() [0x40232f]
 6  /lib64/libc.so.6(+0x3248) [0x7f48797fa248]
 7  /lib64/libc.so.6(__libc_start_main+0x8b) [0x7f48797fa30b]
 8  /orfeo/cephfs/home/ipauser/lkasa/HPC_project/./main() [0x402a4e]
=================================
==== backtrace (tid: 608227) ====
 0  /lib64/libucs.so.0(ucs_handle_error+0x2e4) [0x7f996d5a3a74]
 1  /lib64/libucs.so.0(+0x1876d) [0x7f996d5a576d]
 2  /lib64/libucs.so.0(+0x18803) [0x7f996d5a5803]
 3  /lib64/libc.so.6(+0x1a050) [0x7f996d804050]
 4  /orfeo/cephfs/home/ipauser/lkasa/HPC_project/./main() [0x404447]
 5  /orfeo/cephfs/home/ipauser/lkasa/HPC_project/./main() [0x40232f]
 6  /lib64/libc.so.6(+0x3248) [0x7f996d7ed248]
 7  /lib64/libc.so.6(__libc_start_main+0x8b) [0x7f996d7ed30b]
 8  /orfeo/cephfs/home/ipauser/lkasa/HPC_project/./main() [0x402a4e]
=================================
==== backtrace (tid:1734893) ====
 0  /lib64/libucs.so.0(ucs_handle_error+0x2e4) [0x7f143cdf8a74]
 1  /lib64/libucs.so.0(+0x1876d) [0x7f143cdfa76d]
 2  /lib64/libucs.so.0(+0x18803) [0x7f143cdfa803]
 3  /lib64/libc.so.6(+0x1a050) [0x7f143d059050]
 4  /orfeo/cephfs/home/ipauser/lkasa/HPC_project/./main() [0x404447]
 5  /orfeo/cephfs/home/ipauser/lkasa/HPC_project/./main() [0x40232f]
 6  /lib64/libc.so.6(+0x3248) [0x7f143d042248]
 7  /lib64/libc.so.6(__libc_start_main+0x8b) [0x7f143d04230b]
 8  /orfeo/cephfs/home/ipauser/lkasa/HPC_project/./main() [0x402a4e]
=================================
[epyc006:1032962:0:1032962] Caught signal 4 (Illegal instruction: illegal operand)
==== backtrace (tid:1032962) ====
 0  /lib64/libucs.so.0(ucs_handle_error+0x2e4) [0x7ffab307ea74]
 1  /lib64/libucs.so.0(+0x1876d) [0x7ffab308076d]
 2  /lib64/libucs.so.0(+0x18803) [0x7ffab3080803]
 3  /lib64/libc.so.6(+0x1a050) [0x7ffab32df050]
 4  /orfeo/cephfs/home/ipauser/lkasa/HPC_project/./main() [0x404447]
 5  /orfeo/cephfs/home/ipauser/lkasa/HPC_project/./main() [0x40232f]
 6  /lib64/libc.so.6(+0x3248) [0x7ffab32c8248]
 7  /lib64/libc.so.6(__libc_start_main+0x8b) [0x7ffab32c830b]
 8  /orfeo/cephfs/home/ipauser/lkasa/HPC_project/./main() [0x402a4e]
=================================
[epyc004:1689455:0:1689455] Caught signal 4 (Illegal instruction: illegal operand)
==== backtrace (tid:1689455) ====
 0  /lib64/libucs.so.0(ucs_handle_error+0x2e4) [0x7f1040359a74]
 1  /lib64/libucs.so.0(+0x1876d) [0x7f104035b76d]
 2  /lib64/libucs.so.0(+0x18803) [0x7f104035b803]
 3  /lib64/libc.so.6(+0x1a050) [0x7f10405ba050]
 4  /orfeo/cephfs/home/ipauser/lkasa/HPC_project/./main() [0x404447]
 5  /orfeo/cephfs/home/ipauser/lkasa/HPC_project/./main() [0x40232f]
 6  /lib64/libc.so.6(+0x3248) [0x7f10405a3248]
 7  /lib64/libc.so.6(__libc_start_main+0x8b) [0x7f10405a330b]
 8  /orfeo/cephfs/home/ipauser/lkasa/HPC_project/./main() [0x402a4e]
=================================
==== backtrace (tid: 608229) ====
 0  /lib64/libucs.so.0(ucs_handle_error+0x2e4) [0x7f2dbe190a74]
 1  /lib64/libucs.so.0(+0x1876d) [0x7f2dbe19276d]
 2  /lib64/libucs.so.0(+0x18803) [0x7f2dbe192803]
 3  /lib64/libc.so.6(+0x1a050) [0x7f2dbe3f1050]
 4  /orfeo/cephfs/home/ipauser/lkasa/HPC_project/./main() [0x404447]
 5  /orfeo/cephfs/home/ipauser/lkasa/HPC_project/./main() [0x40232f]
 6  /lib64/libc.so.6(+0x3248) [0x7f2dbe3da248]
 7  /lib64/libc.so.6(__libc_start_main+0x8b) [0x7f2dbe3da30b]
 8  /orfeo/cephfs/home/ipauser/lkasa/HPC_project/./main() [0x402a4e]
=================================
[epyc006:1032963:0:1032963] Caught signal 4 (Illegal instruction: illegal operand)
==== backtrace (tid:1032963) ====
 0  /lib64/libucs.so.0(ucs_handle_error+0x2e4) [0x7f3ee0cdca74]
 1  /lib64/libucs.so.0(+0x1876d) [0x7f3ee0cde76d]
 2  /lib64/libucs.so.0(+0x18803) [0x7f3ee0cde803]
 3  /lib64/libc.so.6(+0x1a050) [0x7f3ee0f3d050]
 4  /orfeo/cephfs/home/ipauser/lkasa/HPC_project/./main() [0x404447]
 5  /orfeo/cephfs/home/ipauser/lkasa/HPC_project/./main() [0x40232f]
 6  /lib64/libc.so.6(+0x3248) [0x7f3ee0f26248]
 7  /lib64/libc.so.6(__libc_start_main+0x8b) [0x7f3ee0f2630b]
 8  /orfeo/cephfs/home/ipauser/lkasa/HPC_project/./main() [0x402a4e]
=================================
==== backtrace (tid:1032955) ====
 0  /lib64/libucs.so.0(ucs_handle_error+0x2e4) [0x7fe81d8e6a74]
 1  /lib64/libucs.so.0(+0x1876d) [0x7fe81d8e876d]
 2  /lib64/libucs.so.0(+0x18803) [0x7fe81d8e8803]
 3  /lib64/libc.so.6(+0x1a050) [0x7fe81db47050]
 4  /orfeo/cephfs/home/ipauser/lkasa/HPC_project/./main() [0x404447]
 5  /orfeo/cephfs/home/ipauser/lkasa/HPC_project/./main() [0x40232f]
 6  /lib64/libc.so.6(+0x3248) [0x7fe81db30248]
 7  /lib64/libc.so.6(__libc_start_main+0x8b) [0x7fe81db3030b]
 8  /orfeo/cephfs/home/ipauser/lkasa/HPC_project/./main() [0x402a4e]
=================================
[epyc004:1689456:0:1689456] Caught signal 4 (Illegal instruction: illegal operand)
==== backtrace (tid:1689456) ====
 0  /lib64/libucs.so.0(ucs_handle_error+0x2e4) [0x7f0aee555a74]
 1  /lib64/libucs.so.0(+0x1876d) [0x7f0aee55776d]
 2  /lib64/libucs.so.0(+0x18803) [0x7f0aee557803]
 3  /lib64/libc.so.6(+0x1a050) [0x7f0aee7b6050]
 4  /orfeo/cephfs/home/ipauser/lkasa/HPC_project/./main() [0x404447]
 5  /orfeo/cephfs/home/ipauser/lkasa/HPC_project/./main() [0x40232f]
 6  /lib64/libc.so.6(+0x3248) [0x7f0aee79f248]
 7  /lib64/libc.so.6(__libc_start_main+0x8b) [0x7f0aee79f30b]
 8  /orfeo/cephfs/home/ipauser/lkasa/HPC_project/./main() [0x402a4e]
=================================
 8  /orfeo/cephfs/home/ipauser/lkasa/HPC_project/./main() [0x402a4e]
=================================
[epyc004:1689457:0:1689457] Caught signal 4 (Illegal instruction: illegal operand)
==== backtrace (tid:1689457) ====
 0  /lib64/libucs.so.0(ucs_handle_error+0x2e4) [0x7f63709d3a74]
 1  /lib64/libucs.so.0(+0x1876d) [0x7f63709d576d]
 2  /lib64/libucs.so.0(+0x18803) [0x7f63709d5803]
 3  /lib64/libc.so.6(+0x1a050) [0x7f6370c34050]
 4  /orfeo/cephfs/home/ipauser/lkasa/HPC_project/./main() [0x404447]
 5  /orfeo/cephfs/home/ipauser/lkasa/HPC_project/./main() [0x40232f]
 6  /lib64/libc.so.6(+0x3248) [0x7f6370c1d248]
 7  /lib64/libc.so.6(__libc_start_main+0x8b) [0x7f6370c1d30b]
 8  /orfeo/cephfs/home/ipauser/lkasa/HPC_project/./main() [0x402a4e]
=================================
==== backtrace (tid:1032957) ====
 0  /lib64/libucs.so.0(ucs_handle_error+0x2e4) [0x7fe85ef30a74]
 1  /lib64/libucs.so.0(+0x1876d) [0x7fe85ef3276d]
 2  /lib64/libucs.so.0(+0x18803) [0x7fe85ef32803]
 3  /lib64/libc.so.6(+0x1a050) [0x7fe85f191050]
 4  /orfeo/cephfs/home/ipauser/lkasa/HPC_project/./main() [0x404447]
 5  /orfeo/cephfs/home/ipauser/lkasa/HPC_project/./main() [0x40232f]
 6  /lib64/libc.so.6(+0x3248) [0x7fe85f17a248]
 7  /lib64/libc.so.6(__libc_start_main+0x8b) [0x7fe85f17a30b]
 8  /orfeo/cephfs/home/ipauser/lkasa/HPC_project/./main() [0x402a4e]
=================================
[epyc004:1689458:0:1689458] Caught signal 4 (Illegal instruction: illegal operand)
==== backtrace (tid:1689458) ====
 0  /lib64/libucs.so.0(ucs_handle_error+0x2e4) [0x7f8704f8aa74]
 1  /lib64/libucs.so.0(+0x1876d) [0x7f8704f8c76d]
 2  /lib64/libucs.so.0(+0x18803) [0x7f8704f8c803]
 3  /lib64/libc.so.6(+0x1a050) [0x7f87051eb050]
 4  /orfeo/cephfs/home/ipauser/lkasa/HPC_project/./main() [0x404447]
 5  /orfeo/cephfs/home/ipauser/lkasa/HPC_project/./main() [0x40232f]
 6  /lib64/libc.so.6(+0x3248) [0x7f87051d4248]
 7  /lib64/libc.so.6(__libc_start_main+0x8b) [0x7f87051d430b]
 8  /orfeo/cephfs/home/ipauser/lkasa/HPC_project/./main() [0x402a4e]
=================================
==== backtrace (tid:1689451) ====
 0  /lib64/libucs.so.0(ucs_handle_error+0x2e4) [0x7f5378874a74]
 1  /lib64/libucs.so.0(+0x1876d) [0x7f537887676d]
 2  /lib64/libucs.so.0(+0x18803) [0x7f5378876803]
 3  /lib64/libc.so.6(+0x1a050) [0x7f5378ad5050]
 4  /orfeo/cephfs/home/ipauser/lkasa/HPC_project/./main() [0x404447]
 5  /orfeo/cephfs/home/ipauser/lkasa/HPC_project/./main() [0x40232f]
 6  /lib64/libc.so.6(+0x3248) [0x7f5378abe248]
 7  /lib64/libc.so.6(__libc_start_main+0x8b) [0x7f5378abe30b]
 8  /orfeo/cephfs/home/ipauser/lkasa/HPC_project/./main() [0x402a4e]
=================================
 2  /lib64/libucs.so.0(+0x18803) [0x7fec0f1a6803]
 3  /lib64/libc.so.6(+0x1a050) [0x7fec0f405050]
 4  /orfeo/cephfs/home/ipauser/lkasa/HPC_project/./main() [0x404447]
 5  /orfeo/cephfs/home/ipauser/lkasa/HPC_project/./main() [0x40232f]
 6  /lib64/libc.so.6(+0x3248) [0x7fec0f3ee248]
 7  /lib64/libc.so.6(__libc_start_main+0x8b) [0x7fec0f3ee30b]
 8  /orfeo/cephfs/home/ipauser/lkasa/HPC_project/./main() [0x402a4e]
=================================
==== backtrace (tid:1689453) ====
 0  /lib64/libucs.so.0(ucs_handle_error+0x2e4) [0x7f4959ef8a74]
 1  /lib64/libucs.so.0(+0x1876d) [0x7f4959efa76d]
 2  /lib64/libucs.so.0(+0x18803) [0x7f4959efa803]
 3  /lib64/libc.so.6(+0x1a050) [0x7f495a159050]
 4  /orfeo/cephfs/home/ipauser/lkasa/HPC_project/./main() [0x404447]
 5  /orfeo/cephfs/home/ipauser/lkasa/HPC_project/./main() [0x40232f]
 6  /lib64/libc.so.6(+0x3248) [0x7f495a142248]
 7  /lib64/libc.so.6(__libc_start_main+0x8b) [0x7f495a14230b]
 8  /orfeo/cephfs/home/ipauser/lkasa/HPC_project/./main() [0x402a4e]
=================================
srun: error: epyc003: tasks 0-1,4-5,7: Illegal instruction (core dumped)
srun: error: epyc004: tasks 9,11,13,15: Illegal instruction (core dumped)
srun: error: epyc005: tasks 17,21-22: Illegal instruction (core dumped)
srun: error: epyc003: tasks 2-3,6: Illegal instruction (core dumped)
srun: error: epyc006: tasks 24-25,27-29,31: Illegal instruction (core dumped)
srun: error: epyc005: tasks 16,18,20,23: Illegal instruction (core dumped)
srun: error: epyc005: task 19: Illegal instruction (core dumped)
srun: error: epyc004: tasks 8,10,12,14: Illegal instruction (core dumped)
srun: error: epyc006: tasks 26,30: Illegal instruction (core dumped)
