Tasks are decomposed in a grid 1 x 1

Task    0 :: 	grid coordinates :   0,   0
	neighbours: N   -2    E   -2    S   -2    W   -2
level 1 thread 0x1522368d27c0 affinity 0
level 1 thread 0x1521ebcb4700 affinity 1
level 1 thread 0x1521ebab3700 affinity 2
level 1 thread 0x1521eb8b2700 affinity 3
level 1 thread 0x1521eb6b1700 affinity 4
level 1 thread 0x1521eb4b0700 affinity 5
level 1 thread 0x1521eb2af700 affinity 6
level 1 thread 0x1521eb0ae700 affinity 7
level 1 thread 0x1521eaead700 affinity 8
level 1 thread 0x1521eacac700 affinity 9
level 1 thread 0x1521eaaab700 affinity 10
level 1 thread 0x1521ea8aa700 affinity 11
level 1 thread 0x1521ea6a9700 affinity 12
level 1 thread 0x1521ea4a8700 affinity 13
level 1 thread 0x1521ea2a7700 affinity 14
level 1 thread 0x1521ea0a6700 affinity 15
level 1 thread 0x1521e9ea5700 affinity 16
level 1 thread 0x1521e9ca4700 affinity 17
level 1 thread 0x1521e9aa3700 affinity 18
level 1 thread 0x1521e98a2700 affinity 19
level 1 thread 0x1521e96a1700 affinity 20
level 1 thread 0x1521e94a0700 affinity 21
level 1 thread 0x1521e929f700 affinity 22
level 1 thread 0x1521e909e700 affinity 23
level 1 thread 0x1521e8e9d700 affinity 24
level 1 thread 0x1521e8c9c700 affinity 25
level 1 thread 0x1521e8a9b700 affinity 26
level 1 thread 0x1521e889a700 affinity 27
level 1 thread 0x1521e8699700 affinity 28
level 1 thread 0x1521e8498700 affinity 29
level 1 thread 0x1521e8297700 affinity 30
level 1 thread 0x1521e8096700 affinity 31
level 1 thread 0x1521e7e95700 affinity 32
level 1 thread 0x1521e7c94700 affinity 33
level 1 thread 0x1521e7a93700 affinity 34
level 1 thread 0x1521e7892700 affinity 35
level 1 thread 0x1521e7691700 affinity 36
level 1 thread 0x1521e7490700 affinity 37
level 1 thread 0x1521e728f700 affinity 38
level 1 thread 0x1521e708e700 affinity 39
level 1 thread 0x1521e6e8d700 affinity 40
level 1 thread 0x1521e6c8c700 affinity 41
level 1 thread 0x1521e6a8b700 affinity 42
level 1 thread 0x1521e688a700 affinity 43
level 1 thread 0x1521e6689700 affinity 44
level 1 thread 0x1521e6488700 affinity 45
level 1 thread 0x1521e6287700 affinity 46
level 1 thread 0x1521e6086700 affinity 47
level 1 thread 0x1521e5e85700 affinity 48
level 1 thread 0x1521e5c84700 affinity 49
level 1 thread 0x1521e5a83700 affinity 50
level 1 thread 0x1521e5882700 affinity 51
level 1 thread 0x1521e5681700 affinity 52
level 1 thread 0x1521e5480700 affinity 53
level 1 thread 0x1521e527f700 affinity 54
level 1 thread 0x1521e507e700 affinity 55
level 1 thread 0x1521e4e7d700 affinity 56
level 1 thread 0x1521e4c7c700 affinity 57
level 1 thread 0x1521e4a7b700 affinity 58
level 1 thread 0x1521e487a700 affinity 59
level 1 thread 0x1521e4679700 affinity 60
level 1 thread 0x1521e4478700 affinity 61
level 1 thread 0x1521e4277700 affinity 62
level 1 thread 0x1521e4076700 affinity 63
task 0 is initialized
Rank 0 :: inject time is 0.005671, fill buffer time is 0.000046, communication time is 0.000125, wait time is 0.000795, copy halo time is 0.000148, update planes time is 7.823903
---------Rank: 0 	 Elapsed time:7.831293---------
total injected energy is 300000, system energy is 300000 ( in avg 0.003 per grid point)
Comp time,Comms time
7.831293,0.000125

