Tasks are decomposed in a grid 8 x 4

Task    0 :: 	grid coordinates :   0,   0
	neighbours: N   -2    E    1    S    8    W   -2
Task    1 :: 	grid coordinates :   1,   0
	neighbours: N   -2    E    2    S    9    W    0
Task    2 :: 	grid coordinates :   2,   0
	neighbours: N   -2    E    3    S   10    W    1
Task    3 :: 	grid coordinates :   3,   0
	neighbours: N   -2    E    4    S   11    W    2
Task    4 :: 	grid coordinates :   4,   0
	neighbours: N   -2    E    5    S   12    W    3
Task    5 :: 	grid coordinates :   5,   0
	neighbours: N   -2    E    6    S   13    W    4
Task    6 :: 	grid coordinates :   6,   0
	neighbours: N   -2    E    7    S   14    W    5
Task    7 :: 	grid coordinates :   7,   0
	neighbours: N   -2    E   -2    S   15    W    6
Task    8 :: 	grid coordinates :   0,   1
	neighbours: N    0    E    9    S   16    W   -2
Task   16 :: 	grid coordinates :   0,   2
	neighbours: N    8    E   17    S   24    W   -2
Task    9 :: 	grid coordinates :   1,   1
	neighbours: N    1    E   10    S   17    W    8
Task   10 :: 	grid coordinates :   2,   1
	neighbours: N    2    E   11    S   18    W    9
Task   11 :: 	grid coordinates :   3,   1
	neighbours: N    3    E   12    S   19    W   10
Task   17 :: 	grid coordinates :   1,   2
	neighbours: N    9    E   18    S   25    W   16
Task   18 :: 	grid coordinates :   2,   2
	neighbours: N   10    E   19    S   26    W   17
Task   19 :: 	grid coordinates :   3,   2
	neighbours: N   11    E   20    S   27    W   18
Task   20 :: 	grid coordinates :   4,   2
	neighbours: N   12    E   21    S   28    W   19
Task   21 :: 	grid coordinates :   5,   2
	neighbours: N   13    E   22    S   29    W   20
Task   12 :: 	grid coordinates :   4,   1
	neighbours: N    4    E   13    S   20    W   11
Task   13 :: 	grid coordinates :   5,   1
	neighbours: N    5    E   14    S   21    W   12
Task   22 :: 	grid coordinates :   6,   2
	neighbours: N   14    E   23    S   30    W   21
Task   23 :: 	grid coordinates :   7,   2
	neighbours: N   15    E   -2    S   31    W   22
Task   14 :: 	grid coordinates :   6,   1
	neighbours: N    6    E   15    S   22    W   13
Task   15 :: 	grid coordinates :   7,   1
	neighbours: N    7    E   -2    S   23    W   14
Task   24 :: 	grid coordinates :   0,   3
	neighbours: N   16    E   25    S   -2    W   -2
Task   25 :: 	grid coordinates :   1,   3
	neighbours: N   17    E   26    S   -2    W   24
Task   26 :: 	grid coordinates :   2,   3
	neighbours: N   18    E   27    S   -2    W   25
Task   27 :: 	grid coordinates :   3,   3
	neighbours: N   19    E   28    S   -2    W   26
Task   28 :: 	grid coordinates :   4,   3
	neighbours: N   20    E   29    S   -2    W   27
Task   29 :: 	grid coordinates :   5,   3
	neighbours: N   21    E   30    S   -2    W   28
Task   30 :: 	grid coordinates :   6,   3
	neighbours: N   22    E   31    S   -2    W   29
Task   31 :: 	grid coordinates :   7,   3
	neighbours: N   23    E   -2    S   -2    W   30
task 0 is initialized
Rank 0 :: inject time is 0.000711, fill buffer time is 0.053040, communication time is 0.010413, wait time is 0.931099, copy halo time is 0.059408, update planes time is 4.301773
---------Rank: 0 	 Elapsed time:5.357675---------
task 3 is initialized
Rank 3 :: inject time is 0.000682, fill buffer time is 0.067141, communication time is 0.011744, wait time is 0.946891, copy halo time is 0.072270, update planes time is 4.258127
---------Rank: 3 	 Elapsed time:5.357830---------
task 6 is initialized
Rank 6 :: inject time is 0.000899, fill buffer time is 0.070601, communication time is 0.013268, wait time is 0.965645, copy halo time is 0.074040, update planes time is 4.232157
---------Rank: 6 	 Elapsed time:5.357600---------
task 7 is initialized
Rank 7 :: inject time is 0.001026, fill buffer time is 0.057675, communication time is 0.007719, wait time is 0.871198, copy halo time is 0.062982, update planes time is 4.355321
---------Rank: 7 	 Elapsed time:5.357009---------
task 25 is initialized
Rank 25 :: inject time is 0.001014, fill buffer time is 0.065512, communication time is 0.015114, wait time is 0.942441, copy halo time is 0.072081, update planes time is 4.260350
---------Rank: 25 	 Elapsed time:5.357694---------
task 27 is initialized
Rank 27 :: inject time is 0.000791, fill buffer time is 0.074723, communication time is 0.013168, wait time is 0.927580, copy halo time is 0.077198, update planes time is 4.263089
---------Rank: 27 	 Elapsed time:5.358035---------
task 26 is initialized
Rank 26 :: inject time is 0.001115, fill buffer time is 0.067745, communication time is 0.011994, wait time is 1.003133, copy halo time is 0.072351, update planes time is 4.200511
---------Rank: 26 	 Elapsed time:5.357858---------
task 4 is initialized
Rank 4 :: inject time is 0.001329, fill buffer time is 0.074950, communication time is 0.013690, wait time is 0.926884, copy halo time is 0.077170, update planes time is 4.262246
---------Rank: 4 	 Elapsed time:5.357821---------
task 2 is initialized
Rank 2 :: inject time is 0.000763, fill buffer time is 0.074839, communication time is 0.013914, wait time is 0.936372, copy halo time is 0.077160, update planes time is 4.253477
---------Rank: 2 	 Elapsed time:5.357765---------
task 24 is initialized
Rank 24 :: inject time is 0.001031, fill buffer time is 0.053138, communication time is 0.013837, wait time is 0.925453, copy halo time is 0.056432, update planes time is 4.306713
---------Rank: 24 	 Elapsed time:5.357544---------
task 30 is initialized
Rank 30 :: inject time is 0.001084, fill buffer time is 0.066524, communication time is 0.013525, wait time is 0.846463, copy halo time is 0.079541, update planes time is 4.349673
---------Rank: 30 	 Elapsed time:5.357830---------
task 28 is initialized
Rank 28 :: inject time is 0.001446, fill buffer time is 0.071423, communication time is 0.016180, wait time is 0.841964, copy halo time is 0.081576, update planes time is 4.344351
---------Rank: 28 	 Elapsed time:5.358011---------
task 31 is initialized
Rank 31 :: inject time is 0.001530, fill buffer time is 0.047089, communication time is 0.008839, wait time is 0.939847, copy halo time is 0.054503, update planes time is 4.304780
---------Rank: 31 	 Elapsed time:5.357664---------
task 5 is initialized
Rank 5 :: inject time is 0.001415, fill buffer time is 0.073152, communication time is 0.011949, wait time is 0.912792, copy halo time is 0.077401, update planes time is 4.279554
---------Rank: 5 	 Elapsed time:5.357762---------
task 11 is initialized
Rank 11 :: inject time is 0.001098, fill buffer time is 0.063501, communication time is 0.019748, wait time is 0.952254, copy halo time is 0.067679, update planes time is 4.252725
---------Rank: 11 	 Elapsed time:5.357986---------
task 17 is initialized
Rank 17 :: inject time is 0.001004, fill buffer time is 0.075988, communication time is 0.015567, wait time is 0.931143, copy halo time is 0.076966, update planes time is 4.255993
---------Rank: 17 	 Elapsed time:5.357748---------
task 29 is initialized
Rank 29 :: inject time is 0.001237, fill buffer time is 0.058899, communication time is 0.013144, wait time is 0.867590, copy halo time is 0.064651, update planes time is 4.351250
---------Rank: 29 	 Elapsed time:5.357939---------
task 23 is initialized
Rank 23 :: inject time is 0.001163, fill buffer time is 0.055463, communication time is 0.012768, wait time is 0.904320, copy halo time is 0.061404, update planes time is 4.321585
---------Rank: 23 	 Elapsed time:5.357689---------
task 18 is initialized
Rank 18 :: inject time is 0.000875, fill buffer time is 0.067812, communication time is 0.017918, wait time is 1.009195, copy halo time is 0.070614, update planes time is 4.190298
---------Rank: 18 	 Elapsed time:5.357938---------
task 1 is initialized
Rank 1 :: inject time is 0.000612, fill buffer time is 0.073495, communication time is 0.011255, wait time is 0.888750, copy halo time is 0.076025, update planes time is 4.306354
---------Rank: 1 	 Elapsed time:5.357715---------
task 10 is initialized
Rank 10 :: inject time is 0.000869, fill buffer time is 0.073932, communication time is 0.018941, wait time is 0.920150, copy halo time is 0.074585, update planes time is 4.268100
---------Rank: 10 	 Elapsed time:5.357810---------
task 13 is initialized
Rank 13 :: inject time is 0.000693, fill buffer time is 0.065979, communication time is 0.019652, wait time is 0.898755, copy halo time is 0.071395, update planes time is 4.300337
---------Rank: 13 	 Elapsed time:5.357778---------
task 19 is initialized
Rank 19 :: inject time is 0.000867, fill buffer time is 0.068042, communication time is 0.016311, wait time is 0.914871, copy halo time is 0.071572, update planes time is 4.285216
---------Rank: 19 	 Elapsed time:5.358002---------
task 20 is initialized
Rank 20 :: inject time is 0.001374, fill buffer time is 0.070541, communication time is 0.018915, wait time is 0.968176, copy halo time is 0.072108, update planes time is 4.225475
---------Rank: 20 	 Elapsed time:5.358010---------
task 12 is initialized
Rank 12 :: inject time is 0.000871, fill buffer time is 0.073736, communication time is 0.021070, wait time is 0.861213, copy halo time is 0.078813, update planes time is 4.319412
---------Rank: 12 	 Elapsed time:5.356405---------
task 16 is initialized
Rank 16 :: inject time is 0.001010, fill buffer time is 0.052904, communication time is 0.015635, wait time is 0.917590, copy halo time is 0.059782, update planes time is 4.309555
---------Rank: 16 	 Elapsed time:5.357686---------
task 8 is initialized
Rank 8 :: inject time is 0.000989, fill buffer time is 0.047987, communication time is 0.018082, wait time is 0.969202, copy halo time is 0.056353, update planes time is 4.263893
---------Rank: 8 	 Elapsed time:5.357621---------
total injected energy is 300000, system energy is 298242 ( in avg 0.0424166 per grid point)
Comp time,Comms time
5.357720,0.015207

task 9 is initialized
Rank 9 :: inject time is 0.001032, fill buffer time is 0.073823, communication time is 0.022057, wait time is 0.873135, copy halo time is 0.076661, update planes time is 4.309680
---------Rank: 9 	 Elapsed time:5.357735---------
task 21 is initialized
Rank 21 :: inject time is 0.001035, fill buffer time is 0.071192, communication time is 0.015940, wait time is 0.820384, copy halo time is 0.073965, update planes time is 4.374266
---------Rank: 21 	 Elapsed time:5.357849---------
task 14 is initialized
Rank 14 :: inject time is 0.000897, fill buffer time is 0.068696, communication time is 0.020427, wait time is 0.878128, copy halo time is 0.079015, update planes time is 4.309603
---------Rank: 14 	 Elapsed time:5.357745---------
task 15 is initialized
Rank 15 :: inject time is 0.001314, fill buffer time is 0.053236, communication time is 0.015115, wait time is 0.905736, copy halo time is 0.063047, update planes time is 4.318190
---------Rank: 15 	 Elapsed time:5.357539---------
task 22 is initialized
Rank 22 :: inject time is 0.001331, fill buffer time is 0.065414, communication time is 0.018709, wait time is 0.939232, copy halo time is 0.067999, update planes time is 4.263960
---------Rank: 22 	 Elapsed time:5.357743---------
