Tasks are decomposed in a grid 8 x 4

Task    0 :: 	grid coordinates :   0,   0
	neighbours: N   -2    E    1    S    8    W   -2
Task    1 :: 	grid coordinates :   1,   0
	neighbours: N   -2    E    2    S    9    W    0
Task    2 :: 	grid coordinates :   2,   0
	neighbours: N   -2    E    3    S   10    W    1
Task    3 :: 	grid coordinates :   3,   0
	neighbours: N   -2    E    4    S   11    W    2
Task    4 :: 	grid coordinates :   4,   0
	neighbours: N   -2    E    5    S   12    W    3
Task    5 :: 	grid coordinates :   5,   0
	neighbours: N   -2    E    6    S   13    W    4
Task    6 :: 	grid coordinates :   6,   0
	neighbours: N   -2    E    7    S   14    W    5
Task    7 :: 	grid coordinates :   7,   0
	neighbours: N   -2    E   -2    S   15    W    6
Task    8 :: 	grid coordinates :   0,   1
	neighbours: N    0    E    9    S   16    W   -2
Task   16 :: 	grid coordinates :   0,   2
	neighbours: N    8    E   17    S   24    W   -2
Task   17 :: 	grid coordinates :   1,   2
	neighbours: N    9    E   18    S   25    W   16
Task   18 :: 	grid coordinates :   2,   2
	neighbours: N   10    E   19    S   26    W   17
Task    9 :: 	grid coordinates :   1,   1
	neighbours: N    1    E   10    S   17    W    8
Task   19 :: 	grid coordinates :   3,   2
	neighbours: N   11    E   20    S   27    W   18
Task   10 :: 	grid coordinates :   2,   1
	neighbours: N    2    E   11    S   18    W    9
Task   20 :: 	grid coordinates :   4,   2
	neighbours: N   12    E   21    S   28    W   19
Task   21 :: 	grid coordinates :   5,   2
	neighbours: N   13    E   22    S   29    W   20
Task   22 :: 	grid coordinates :   6,   2
	neighbours: N   14    E   23    S   30    W   21
Task   23 :: 	grid coordinates :   7,   2
	neighbours: N   15    E   -2    S   31    W   22
Task   11 :: 	grid coordinates :   3,   1
	neighbours: N    3    E   12    S   19    W   10
Task   12 :: 	grid coordinates :   4,   1
	neighbours: N    4    E   13    S   20    W   11
Task   13 :: 	grid coordinates :   5,   1
	neighbours: N    5    E   14    S   21    W   12
Task   14 :: 	grid coordinates :   6,   1
	neighbours: N    6    E   15    S   22    W   13
Task   15 :: 	grid coordinates :   7,   1
	neighbours: N    7    E   -2    S   23    W   14
Task   24 :: 	grid coordinates :   0,   3
	neighbours: N   16    E   25    S   -2    W   -2
Task   25 :: 	grid coordinates :   1,   3
	neighbours: N   17    E   26    S   -2    W   24
Task   26 :: 	grid coordinates :   2,   3
	neighbours: N   18    E   27    S   -2    W   25
Task   27 :: 	grid coordinates :   3,   3
	neighbours: N   19    E   28    S   -2    W   26
Task   28 :: 	grid coordinates :   4,   3
	neighbours: N   20    E   29    S   -2    W   27
Task   29 :: 	grid coordinates :   5,   3
	neighbours: N   21    E   30    S   -2    W   28
Task   30 :: 	grid coordinates :   6,   3
	neighbours: N   22    E   31    S   -2    W   29
Task   31 :: 	grid coordinates :   7,   3
	neighbours: N   23    E   -2    S   -2    W   30
task 0 is initialized
Rank 0 :: inject time is 0.001051, fill buffer time is 0.052752, communication time is 0.010746, wait time is 0.924981, copy halo time is 0.059704, update planes time is 4.326363
---------Rank: 0 	 Elapsed time:5.376999---------
task 7 is initialized
Rank 7 :: inject time is 0.001434, fill buffer time is 0.051877, communication time is 0.008060, wait time is 0.935596, copy halo time is 0.058826, update planes time is 4.320312
---------Rank: 7 	 Elapsed time:5.377204---------
task 2 is initialized
Rank 2 :: inject time is 0.000871, fill buffer time is 0.078637, communication time is 0.013774, wait time is 0.945062, copy halo time is 0.078196, update planes time is 4.259577
---------Rank: 2 	 Elapsed time:5.377147---------
task 26 is initialized
Rank 26 :: inject time is 0.001590, fill buffer time is 0.071863, communication time is 0.011836, wait time is 0.998398, copy halo time is 0.073494, update planes time is 4.219210
---------Rank: 26 	 Elapsed time:5.377490---------
task 5 is initialized
Rank 5 :: inject time is 0.000954, fill buffer time is 0.075185, communication time is 0.013085, wait time is 0.887500, copy halo time is 0.076894, update planes time is 4.322349
---------Rank: 5 	 Elapsed time:5.377398---------
task 31 is initialized
Rank 31 :: inject time is 0.000968, fill buffer time is 0.045166, communication time is 0.008597, wait time is 0.963968, copy halo time is 0.052207, update planes time is 4.305332
---------Rank: 31 	 Elapsed time:5.377478---------
task 29 is initialized
Rank 29 :: inject time is 0.001438, fill buffer time is 0.060033, communication time is 0.012607, wait time is 0.936806, copy halo time is 0.063565, update planes time is 4.302055
---------Rank: 29 	 Elapsed time:5.377529---------
task 6 is initialized
Rank 6 :: inject time is 0.000751, fill buffer time is 0.071073, communication time is 0.014434, wait time is 0.943792, copy halo time is 0.076130, update planes time is 4.269895
---------Rank: 6 	 Elapsed time:5.377313---------
task 4 is initialized
Rank 4 :: inject time is 0.000787, fill buffer time is 0.068607, communication time is 0.013892, wait time is 0.989565, copy halo time is 0.073034, update planes time is 4.230095
---------Rank: 4 	 Elapsed time:5.377269---------
task 27 is initialized
Rank 27 :: inject time is 0.000587, fill buffer time is 0.067343, communication time is 0.012253, wait time is 0.935927, copy halo time is 0.073194, update planes time is 4.287110
---------Rank: 27 	 Elapsed time:5.377481---------
task 28 is initialized
Rank 28 :: inject time is 0.001355, fill buffer time is 0.068528, communication time is 0.013529, wait time is 0.841809, copy halo time is 0.076891, update planes time is 4.374154
---------Rank: 28 	 Elapsed time:5.377384---------
task 24 is initialized
Rank 24 :: inject time is 0.000737, fill buffer time is 0.048044, communication time is 0.009590, wait time is 1.018681, copy halo time is 0.055960, update planes time is 4.243257
---------Rank: 24 	 Elapsed time:5.377243---------
total injected energy is 300000, system energy is 299258 ( in avg 0.0425612 per grid point)
Comp time,Comms time
5.377310,0.014666

task 30 is initialized
Rank 30 :: inject time is 0.001223, fill buffer time is 0.065558, communication time is 0.014962, wait time is 0.802489, copy halo time is 0.081732, update planes time is 4.410384
---------Rank: 30 	 Elapsed time:5.377585---------
task 15 is initialized
Rank 15 :: inject time is 0.001152, fill buffer time is 0.053183, communication time is 0.014656, wait time is 0.935154, copy halo time is 0.059033, update planes time is 4.313023
---------Rank: 15 	 Elapsed time:5.377309---------
task 1 is initialized
Rank 1 :: inject time is 0.001152, fill buffer time is 0.066757, communication time is 0.012401, wait time is 0.941118, copy halo time is 0.070095, update planes time is 4.284486
---------Rank: 1 	 Elapsed time:5.377177---------
task 13 is initialized
Rank 13 :: inject time is 0.001069, fill buffer time is 0.072063, communication time is 0.016535, wait time is 0.947444, copy halo time is 0.075740, update planes time is 4.263468
---------Rank: 13 	 Elapsed time:5.377400---------
task 25 is initialized
Rank 25 :: inject time is 0.000567, fill buffer time is 0.066998, communication time is 0.012875, wait time is 0.967599, copy halo time is 0.069889, update planes time is 4.258546
---------Rank: 25 	 Elapsed time:5.377426---------
task 11 is initialized
Rank 11 :: inject time is 0.000633, fill buffer time is 0.072970, communication time is 0.017994, wait time is 0.902746, copy halo time is 0.074903, update planes time is 4.306736
---------Rank: 11 	 Elapsed time:5.377221---------
task 14 is initialized
Rank 14 :: inject time is 0.001210, fill buffer time is 0.072631, communication time is 0.018579, wait time is 0.904739, copy halo time is 0.080950, update planes time is 4.297971
---------Rank: 14 	 Elapsed time:5.377453---------
task 8 is initialized
Rank 8 :: inject time is 0.001017, fill buffer time is 0.048107, communication time is 0.014412, wait time is 1.011599, copy halo time is 0.056376, update planes time is 4.244264
---------Rank: 8 	 Elapsed time:5.377072---------
task 10 is initialized
Rank 10 :: inject time is 0.001056, fill buffer time is 0.067478, communication time is 0.023199, wait time is 0.955481, copy halo time is 0.071817, update planes time is 4.257042
---------Rank: 10 	 Elapsed time:5.377219---------
task 12 is initialized
Rank 12 :: inject time is 0.001046, fill buffer time is 0.063009, communication time is 0.017925, wait time is 0.954060, copy halo time is 0.074133, update planes time is 4.265983
---------Rank: 12 	 Elapsed time:5.377372---------
task 3 is initialized
Rank 3 :: inject time is 0.000782, fill buffer time is 0.073059, communication time is 0.011638, wait time is 0.917264, copy halo time is 0.071829, update planes time is 4.301485
---------Rank: 3 	 Elapsed time:5.377169---------
task 23 is initialized
Rank 23 :: inject time is 0.001354, fill buffer time is 0.051735, communication time is 0.012433, wait time is 0.912818, copy halo time is 0.057732, update planes time is 4.340189
---------Rank: 23 	 Elapsed time:5.377363---------
task 19 is initialized
Rank 19 :: inject time is 0.000801, fill buffer time is 0.070525, communication time is 0.014936, wait time is 0.902875, copy halo time is 0.075105, update planes time is 4.311885
---------Rank: 19 	 Elapsed time:5.377212---------
task 16 is initialized
Rank 16 :: inject time is 0.001215, fill buffer time is 0.049214, communication time is 0.015911, wait time is 0.986734, copy halo time is 0.056726, update planes time is 4.265860
---------Rank: 16 	 Elapsed time:5.376948---------
task 22 is initialized
Rank 22 :: inject time is 0.000997, fill buffer time is 0.069179, communication time is 0.017986, wait time is 0.942536, copy halo time is 0.076294, update planes time is 4.269090
---------Rank: 22 	 Elapsed time:5.377532---------
task 9 is initialized
Rank 9 :: inject time is 0.001058, fill buffer time is 0.075047, communication time is 0.022778, wait time is 0.939898, copy halo time is 0.078302, update planes time is 4.258687
---------Rank: 9 	 Elapsed time:5.377159---------
task 21 is initialized
Rank 21 :: inject time is 0.000852, fill buffer time is 0.070006, communication time is 0.015192, wait time is 0.935834, copy halo time is 0.073005, update planes time is 4.281437
---------Rank: 21 	 Elapsed time:5.377389---------
task 20 is initialized
Rank 20 :: inject time is 0.001043, fill buffer time is 0.064868, communication time is 0.017868, wait time is 0.958624, copy halo time is 0.073726, update planes time is 4.260096
---------Rank: 20 	 Elapsed time:5.377374---------
task 18 is initialized
Rank 18 :: inject time is 0.001056, fill buffer time is 0.062133, communication time is 0.018003, wait time is 1.113058, copy halo time is 0.068665, update planes time is 4.113445
---------Rank: 18 	 Elapsed time:5.377464---------
task 17 is initialized
Rank 17 :: inject time is 0.000919, fill buffer time is 0.067280, communication time is 0.016615, wait time is 0.969857, copy halo time is 0.069600, update planes time is 4.251871
---------Rank: 17 	 Elapsed time:5.377131---------
