Tasks are decomposed in a grid 8 x 8

Task    8 :: 	grid coordinates :   0,   1
	neighbours: N    0    E    9    S   16    W   -2
Task   16 :: 	grid coordinates :   0,   2
	neighbours: N    8    E   17    S   24    W   -2
Task   24 :: 	grid coordinates :   0,   3
	neighbours: N   16    E   25    S   32    W   -2
Task   32 :: 	grid coordinates :   0,   4
	neighbours: N   24    E   33    S   40    W   -2
Task   40 :: 	grid coordinates :   0,   5
	neighbours: N   32    E   41    S   48    W   -2
Task   48 :: 	grid coordinates :   0,   6
	neighbours: N   40    E   49    S   56    W   -2
Task   56 :: 	grid coordinates :   0,   7
	neighbours: N   48    E   57    S   -2    W   -2
Task    9 :: 	grid coordinates :   1,   1
	neighbours: N    1    E   10    S   17    W    8
Task   57 :: 	grid coordinates :   1,   7
	neighbours: N   49    E   58    S   -2    W   56
Task   25 :: 	grid coordinates :   1,   3
	neighbours: N   17    E   26    S   33    W   24
Task   17 :: 	grid coordinates :   1,   2
	neighbours: N    9    E   18    S   25    W   16
Task   49 :: 	grid coordinates :   1,   6
	neighbours: N   41    E   50    S   57    W   48
Task   10 :: 	grid coordinates :   2,   1
	neighbours: N    2    E   11    S   18    W    9
Task   33 :: 	grid coordinates :   1,   4
	neighbours: N   25    E   34    S   41    W   32
Task   58 :: 	grid coordinates :   2,   7
	neighbours: N   50    E   59    S   -2    W   57
Task   26 :: 	grid coordinates :   2,   3
	neighbours: N   18    E   27    S   34    W   25
Task   18 :: 	grid coordinates :   2,   2
	neighbours: N   10    E   19    S   26    W   17
Task   50 :: 	grid coordinates :   2,   6
	neighbours: N   42    E   51    S   58    W   49
Task   11 :: 	grid coordinates :   3,   1
	neighbours: N    3    E   12    S   19    W   10
Task   34 :: 	grid coordinates :   2,   4
	neighbours: N   26    E   35    S   42    W   33
Task   59 :: 	grid coordinates :   3,   7
	neighbours: N   51    E   60    S   -2    W   58
Task   27 :: 	grid coordinates :   3,   3
	neighbours: N   19    E   28    S   35    W   26
Task   19 :: 	grid coordinates :   3,   2
	neighbours: N   11    E   20    S   27    W   18
Task   51 :: 	grid coordinates :   3,   6
	neighbours: N   43    E   52    S   59    W   50
Task   12 :: 	grid coordinates :   4,   1
	neighbours: N    4    E   13    S   20    W   11
Task   35 :: 	grid coordinates :   3,   4
	neighbours: N   27    E   36    S   43    W   34
Task   60 :: 	grid coordinates :   4,   7
	neighbours: N   52    E   61    S   -2    W   59
Task   28 :: 	grid coordinates :   4,   3
	neighbours: N   20    E   29    S   36    W   27
Task   20 :: 	grid coordinates :   4,   2
	neighbours: N   12    E   21    S   28    W   19
Task   52 :: 	grid coordinates :   4,   6
	neighbours: N   44    E   53    S   60    W   51
Task   13 :: 	grid coordinates :   5,   1
	neighbours: N    5    E   14    S   21    W   12
Task   41 :: 	grid coordinates :   1,   5
	neighbours: N   33    E   42    S   49    W   40
Task   36 :: 	grid coordinates :   4,   4
	neighbours: N   28    E   37    S   44    W   35
Task   61 :: 	grid coordinates :   5,   7
	neighbours: N   53    E   62    S   -2    W   60
Task   29 :: 	grid coordinates :   5,   3
	neighbours: N   21    E   30    S   37    W   28
Task   21 :: 	grid coordinates :   5,   2
	neighbours: N   13    E   22    S   29    W   20
Task   53 :: 	grid coordinates :   5,   6
	neighbours: N   45    E   54    S   61    W   52
Task   14 :: 	grid coordinates :   6,   1
	neighbours: N    6    E   15    S   22    W   13
Task   42 :: 	grid coordinates :   2,   5
	neighbours: N   34    E   43    S   50    W   41
Task   37 :: 	grid coordinates :   5,   4
	neighbours: N   29    E   38    S   45    W   36
Task   62 :: 	grid coordinates :   6,   7
	neighbours: N   54    E   63    S   -2    W   61
Task   30 :: 	grid coordinates :   6,   3
	neighbours: N   22    E   31    S   38    W   29
Task   22 :: 	grid coordinates :   6,   2
	neighbours: N   14    E   23    S   30    W   21
Task   54 :: 	grid coordinates :   6,   6
	neighbours: N   46    E   55    S   62    W   53
Task   15 :: 	grid coordinates :   7,   1
	neighbours: N    7    E   -2    S   23    W   14
Task   43 :: 	grid coordinates :   3,   5
	neighbours: N   35    E   44    S   51    W   42
Task   38 :: 	grid coordinates :   6,   4
	neighbours: N   30    E   39    S   46    W   37
Task   63 :: 	grid coordinates :   7,   7
	neighbours: N   55    E   -2    S   -2    W   62
Task   31 :: 	grid coordinates :   7,   3
	neighbours: N   23    E   -2    S   39    W   30
Task   23 :: 	grid coordinates :   7,   2
	neighbours: N   15    E   -2    S   31    W   22
Task   55 :: 	grid coordinates :   7,   6
	neighbours: N   47    E   -2    S   63    W   54
Task   44 :: 	grid coordinates :   4,   5
	neighbours: N   36    E   45    S   52    W   43
Task   39 :: 	grid coordinates :   7,   4
	neighbours: N   31    E   -2    S   47    W   38
Task   45 :: 	grid coordinates :   5,   5
	neighbours: N   37    E   46    S   53    W   44
Task   46 :: 	grid coordinates :   6,   5
	neighbours: N   38    E   47    S   54    W   45
Task   47 :: 	grid coordinates :   7,   5
	neighbours: N   39    E   -2    S   55    W   46
Task    0 :: 	grid coordinates :   0,   0
	neighbours: N   -2    E    1    S    8    W   -2
Task    1 :: 	grid coordinates :   1,   0
	neighbours: N   -2    E    2    S    9    W    0
Task    2 :: 	grid coordinates :   2,   0
	neighbours: N   -2    E    3    S   10    W    1
Task    3 :: 	grid coordinates :   3,   0
	neighbours: N   -2    E    4    S   11    W    2
Task    4 :: 	grid coordinates :   4,   0
	neighbours: N   -2    E    5    S   12    W    3
Task    5 :: 	grid coordinates :   5,   0
	neighbours: N   -2    E    6    S   13    W    4
Task    6 :: 	grid coordinates :   6,   0
	neighbours: N   -2    E    7    S   14    W    5
Task    7 :: 	grid coordinates :   7,   0
	neighbours: N   -2    E   -2    S   15    W    6
task 0 is initialized
Rank 0 :: inject time is 0.000365, fill buffer time is 0.029626, communication time is 0.006516, wait time is 0.106422, copy halo time is 0.031492, update planes time is 4.451861
---------Rank: 0 	 Elapsed time:4.626765---------
task 8 is initialized
Rank 8 :: inject time is 0.000268, fill buffer time is 0.029977, communication time is 0.018225, wait time is 0.096482, copy halo time is 0.031367, update planes time is 4.454433
---------Rank: 8 	 Elapsed time:4.631268---------
task 9 is initialized
Rank 9 :: inject time is 0.000302, fill buffer time is 0.051822, communication time is 0.018077, wait time is 0.090957, copy halo time is 0.048321, update planes time is 4.421458
---------Rank: 9 	 Elapsed time:4.631374---------
task 10 is initialized
Rank 10 :: inject time is 0.000376, fill buffer time is 0.050620, communication time is 0.016454, wait time is 0.054545, copy halo time is 0.047776, update planes time is 4.461009
---------Rank: 10 	 Elapsed time:4.631386---------
task 12 is initialized
Rank 12 :: inject time is 0.000509, fill buffer time is 0.051671, communication time is 0.019476, wait time is 0.084784, copy halo time is 0.048217, update planes time is 4.426171
---------Rank: 12 	 Elapsed time:4.631362---------
task 15 is initialized
Rank 15 :: inject time is 0.000306, fill buffer time is 0.029676, communication time is 0.018761, wait time is 0.123269, copy halo time is 0.030921, update planes time is 4.428061
---------Rank: 15 	 Elapsed time:4.631456---------
task 26 is initialized
Rank 26 :: inject time is 0.000389, fill buffer time is 0.050795, communication time is 0.016106, wait time is 0.047720, copy halo time is 0.047720, update planes time is 4.469665
---------Rank: 26 	 Elapsed time:4.632946---------
task 28 is initialized
Rank 28 :: inject time is 0.000343, fill buffer time is 0.051294, communication time is 0.016787, wait time is 0.095501, copy halo time is 0.047724, update planes time is 4.420922
---------Rank: 28 	 Elapsed time:4.633127---------
task 29 is initialized
Rank 29 :: inject time is 0.000354, fill buffer time is 0.051434, communication time is 0.016237, wait time is 0.077397, copy halo time is 0.048440, update planes time is 4.438756
---------Rank: 29 	 Elapsed time:4.633269---------
task 30 is initialized
Rank 30 :: inject time is 0.000204, fill buffer time is 0.051620, communication time is 0.017041, wait time is 0.074016, copy halo time is 0.048235, update planes time is 4.441728
---------Rank: 30 	 Elapsed time:4.633337---------
task 31 is initialized
Rank 31 :: inject time is 0.000319, fill buffer time is 0.029314, communication time is 0.015849, wait time is 0.139199, copy halo time is 0.031219, update planes time is 4.417246
---------Rank: 31 	 Elapsed time:4.633807---------
task 22 is initialized
Rank 22 :: inject time is 0.000375, fill buffer time is 0.052050, communication time is 0.017828, wait time is 0.064880, copy halo time is 0.048495, update planes time is 4.450646
---------Rank: 22 	 Elapsed time:4.634690---------
task 24 is initialized
Rank 24 :: inject time is 0.000292, fill buffer time is 0.029407, communication time is 0.016143, wait time is 0.099374, copy halo time is 0.030980, update planes time is 4.456025
---------Rank: 24 	 Elapsed time:4.632790---------
task 27 is initialized
Rank 27 :: inject time is 0.000377, fill buffer time is 0.053806, communication time is 0.017304, wait time is 0.072105, copy halo time is 0.047694, update planes time is 4.441101
---------Rank: 27 	 Elapsed time:4.632957---------
task 11 is initialized
Rank 11 :: inject time is 0.000332, fill buffer time is 0.054467, communication time is 0.018334, wait time is 0.065785, copy halo time is 0.048358, update planes time is 4.443582
---------Rank: 11 	 Elapsed time:4.631407---------
task 14 is initialized
Rank 14 :: inject time is 0.000297, fill buffer time is 0.051339, communication time is 0.018243, wait time is 0.079925, copy halo time is 0.047318, update planes time is 4.433560
---------Rank: 14 	 Elapsed time:4.631252---------
task 17 is initialized
Rank 17 :: inject time is 0.000038, fill buffer time is 0.051525, communication time is 0.017425, wait time is 0.084119, copy halo time is 0.047896, update planes time is 4.433156
---------Rank: 17 	 Elapsed time:4.634653---------
task 20 is initialized
Rank 20 :: inject time is 0.000368, fill buffer time is 0.052309, communication time is 0.017064, wait time is 0.051218, copy halo time is 0.048724, update planes time is 4.464563
---------Rank: 20 	 Elapsed time:4.634734---------
task 23 is initialized
Rank 23 :: inject time is 0.000335, fill buffer time is 0.029237, communication time is 0.017467, wait time is 0.110696, copy halo time is 0.032172, update planes time is 4.444145
---------Rank: 23 	 Elapsed time:4.634620---------
task 19 is initialized
Rank 19 :: inject time is 0.000350, fill buffer time is 0.053745, communication time is 0.018612, wait time is 0.069367, copy halo time is 0.047059, update planes time is 4.445080
---------Rank: 19 	 Elapsed time:4.634751---------
task 21 is initialized
Rank 21 :: inject time is 0.000437, fill buffer time is 0.051800, communication time is 0.017975, wait time is 0.069118, copy halo time is 0.048517, update planes time is 4.446347
---------Rank: 21 	 Elapsed time:4.634728---------
task 18 is initialized
Rank 18 :: inject time is 0.000328, fill buffer time is 0.050669, communication time is 0.015947, wait time is 0.052785, copy halo time is 0.046966, update planes time is 4.467484
---------Rank: 18 	 Elapsed time:4.634676---------
task 13 is initialized
Rank 13 :: inject time is 0.000356, fill buffer time is 0.050821, communication time is 0.017826, wait time is 0.055579, copy halo time is 0.047949, update planes time is 4.458156
---------Rank: 13 	 Elapsed time:4.631262---------
task 25 is initialized
Rank 25 :: inject time is 0.000218, fill buffer time is 0.051275, communication time is 0.016399, wait time is 0.077068, copy halo time is 0.047607, update planes time is 4.439690
---------Rank: 25 	 Elapsed time:4.632906---------
task 16 is initialized
Rank 16 :: inject time is 0.000334, fill buffer time is 0.029082, communication time is 0.014951, wait time is 0.106387, copy halo time is 0.029968, update planes time is 4.453199
---------Rank: 16 	 Elapsed time:4.634491---------
task 63 is initialized
Rank 63 :: inject time is 0.000330, fill buffer time is 0.029301, communication time is 0.009362, wait time is 0.125445, copy halo time is 0.032338, update planes time is 4.445605
---------Rank: 63 	 Elapsed time:4.642946---------
task 61 is initialized
Rank 61 :: inject time is 0.000300, fill buffer time is 0.051395, communication time is 0.009710, wait time is 0.090148, copy halo time is 0.048345, update planes time is 4.442017
---------Rank: 61 	 Elapsed time:4.642338---------
task 53 is initialized
Rank 53 :: inject time is 0.000430, fill buffer time is 0.052773, communication time is 0.018057, wait time is 0.062102, copy halo time is 0.050105, update planes time is 4.458657
---------Rank: 53 	 Elapsed time:4.642580---------
task 41 is initialized
Rank 41 :: inject time is 0.000332, fill buffer time is 0.051034, communication time is 0.016865, wait time is 0.081626, copy halo time is 0.046871, update planes time is 4.444623
---------Rank: 41 	 Elapsed time:4.641920---------
task 49 is initialized
Rank 49 :: inject time is 0.000334, fill buffer time is 0.051270, communication time is 0.019122, wait time is 0.076975, copy halo time is 0.047470, update planes time is 4.446577
---------Rank: 49 	 Elapsed time:4.642257---------
task 52 is initialized
Rank 52 :: inject time is 0.000357, fill buffer time is 0.052493, communication time is 0.021192, wait time is 0.072481, copy halo time is 0.048937, update planes time is 4.446524
---------Rank: 52 	 Elapsed time:4.642508---------
task 1 is initialized
Rank 1 :: inject time is 0.000317, fill buffer time is 0.051267, communication time is 0.009698, wait time is 0.069105, copy halo time is 0.047836, update planes time is 4.448169
---------Rank: 1 	 Elapsed time:4.626822---------
task 2 is initialized
Rank 2 :: inject time is 0.000335, fill buffer time is 0.051331, communication time is 0.009764, wait time is 0.068130, copy halo time is 0.047883, update planes time is 4.448863
---------Rank: 2 	 Elapsed time:4.626851---------
task 44 is initialized
Rank 44 :: inject time is 0.000317, fill buffer time is 0.051640, communication time is 0.017917, wait time is 0.093085, copy halo time is 0.048065, update planes time is 4.430722
---------Rank: 44 	 Elapsed time:4.642300---------
task 56 is initialized
Rank 56 :: inject time is 0.000385, fill buffer time is 0.029694, communication time is 0.008898, wait time is 0.104851, copy halo time is 0.031481, update planes time is 4.465715
---------Rank: 56 	 Elapsed time:4.641550---------
task 48 is initialized
Rank 48 :: inject time is 0.000371, fill buffer time is 0.029939, communication time is 0.017446, wait time is 0.102370, copy halo time is 0.031595, update planes time is 4.459794
---------Rank: 48 	 Elapsed time:4.642047---------
task 45 is initialized
Rank 45 :: inject time is 0.000389, fill buffer time is 0.050998, communication time is 0.017031, wait time is 0.088476, copy halo time is 0.047928, update planes time is 4.437118
---------Rank: 45 	 Elapsed time:4.642425---------
task 51 is initialized
Rank 51 :: inject time is 0.000260, fill buffer time is 0.054655, communication time is 0.020716, wait time is 0.076543, copy halo time is 0.047863, update planes time is 4.441878
---------Rank: 51 	 Elapsed time:4.642459---------
task 54 is initialized
Rank 54 :: inject time is 0.000375, fill buffer time is 0.052197, communication time is 0.018670, wait time is 0.061854, copy halo time is 0.048495, update planes time is 4.460564
---------Rank: 54 	 Elapsed time:4.642606---------
task 55 is initialized
Rank 55 :: inject time is 0.000418, fill buffer time is 0.030312, communication time is 0.020122, wait time is 0.109970, copy halo time is 0.032568, update planes time is 4.448637
---------Rank: 55 	 Elapsed time:4.642590---------
total injected energy is 300000, system energy is 300000 ( in avg 0.0213333 per grid point)
Comp time,Comms time
4.636321,0.015434

task 4 is initialized
Rank 4 :: inject time is 0.000272, fill buffer time is 0.051894, communication time is 0.010060, wait time is 0.089482, copy halo time is 0.048452, update planes time is 4.426044
---------Rank: 4 	 Elapsed time:4.626829---------
task 5 is initialized
Rank 5 :: inject time is 0.000357, fill buffer time is 0.051449, communication time is 0.009684, wait time is 0.079374, copy halo time is 0.047643, update planes time is 4.437735
---------Rank: 5 	 Elapsed time:4.626717---------
task 59 is initialized
Rank 59 :: inject time is 0.000306, fill buffer time is 0.053411, communication time is 0.010391, wait time is 0.088737, copy halo time is 0.047488, update planes time is 4.441279
---------Rank: 59 	 Elapsed time:4.642150---------
task 57 is initialized
Rank 57 :: inject time is 0.000206, fill buffer time is 0.051374, communication time is 0.009688, wait time is 0.112460, copy halo time is 0.047674, update planes time is 4.419768
---------Rank: 57 	 Elapsed time:4.641759---------
task 58 is initialized
Rank 58 :: inject time is 0.000328, fill buffer time is 0.051151, communication time is 0.009927, wait time is 0.080941, copy halo time is 0.047440, update planes time is 4.451495
---------Rank: 58 	 Elapsed time:4.641941---------
task 60 is initialized
Rank 60 :: inject time is 0.000332, fill buffer time is 0.051070, communication time is 0.010334, wait time is 0.092464, copy halo time is 0.048278, update planes time is 4.439181
---------Rank: 60 	 Elapsed time:4.642210---------
task 42 is initialized
Rank 42 :: inject time is 0.000317, fill buffer time is 0.051230, communication time is 0.015074, wait time is 0.061359, copy halo time is 0.048198, update planes time is 4.465247
---------Rank: 42 	 Elapsed time:4.641933---------
task 46 is initialized
Rank 46 :: inject time is 0.000246, fill buffer time is 0.051432, communication time is 0.017213, wait time is 0.094762, copy halo time is 0.047376, update planes time is 4.430927
---------Rank: 46 	 Elapsed time:4.642561---------
task 47 is initialized
Rank 47 :: inject time is 0.000316, fill buffer time is 0.029643, communication time is 0.016942, wait time is 0.140950, copy halo time is 0.031365, update planes time is 4.422983
---------Rank: 47 	 Elapsed time:4.642774---------
task 43 is initialized
Rank 43 :: inject time is 0.000282, fill buffer time is 0.053625, communication time is 0.017776, wait time is 0.083757, copy halo time is 0.047086, update planes time is 4.438944
---------Rank: 43 	 Elapsed time:4.642161---------
task 3 is initialized
Rank 3 :: inject time is 0.000381, fill buffer time is 0.052924, communication time is 0.010103, wait time is 0.078237, copy halo time is 0.048381, update planes time is 4.436296
---------Rank: 3 	 Elapsed time:4.626836---------
task 6 is initialized
Rank 6 :: inject time is 0.000316, fill buffer time is 0.051249, communication time is 0.009710, wait time is 0.086219, copy halo time is 0.047909, update planes time is 4.430713
---------Rank: 6 	 Elapsed time:4.626709---------
task 62 is initialized
Rank 62 :: inject time is 0.000349, fill buffer time is 0.051216, communication time is 0.009692, wait time is 0.101696, copy halo time is 0.047684, update planes time is 4.431346
---------Rank: 62 	 Elapsed time:4.642499---------
task 50 is initialized
Rank 50 :: inject time is 0.000367, fill buffer time is 0.051321, communication time is 0.016922, wait time is 0.060657, copy halo time is 0.047919, update planes time is 4.464587
---------Rank: 50 	 Elapsed time:4.642285---------
task 40 is initialized
Rank 40 :: inject time is 0.000269, fill buffer time is 0.029386, communication time is 0.016864, wait time is 0.142351, copy halo time is 0.030632, update planes time is 4.421590
---------Rank: 40 	 Elapsed time:4.641681---------
task 7 is initialized
Rank 7 :: inject time is 0.000303, fill buffer time is 0.029776, communication time is 0.008963, wait time is 0.122961, copy halo time is 0.031712, update planes time is 4.432456
---------Rank: 7 	 Elapsed time:4.626676---------
task 32 is initialized
Rank 32 :: inject time is 0.000317, fill buffer time is 0.029733, communication time is 0.014175, wait time is 0.100544, copy halo time is 0.031401, update planes time is 4.460639
---------Rank: 32 	 Elapsed time:4.637387---------
task 35 is initialized
Rank 35 :: inject time is 0.000369, fill buffer time is 0.053549, communication time is 0.017366, wait time is 0.069329, copy halo time is 0.046469, update planes time is 4.450250
---------Rank: 35 	 Elapsed time:4.637795---------
task 39 is initialized
Rank 39 :: inject time is 0.000331, fill buffer time is 0.029372, communication time is 0.016451, wait time is 0.132137, copy halo time is 0.031103, update planes time is 4.428028
---------Rank: 39 	 Elapsed time:4.638020---------
task 34 is initialized
Rank 34 :: inject time is 0.000281, fill buffer time is 0.050719, communication time is 0.016269, wait time is 0.079392, copy halo time is 0.047100, update planes time is 4.443402
---------Rank: 34 	 Elapsed time:4.637706---------
task 36 is initialized
Rank 36 :: inject time is 0.000214, fill buffer time is 0.051537, communication time is 0.018204, wait time is 0.105278, copy halo time is 0.047646, update planes time is 4.414493
---------Rank: 36 	 Elapsed time:4.637953---------
task 38 is initialized
Rank 38 :: inject time is 0.000268, fill buffer time is 0.051005, communication time is 0.017072, wait time is 0.087079, copy halo time is 0.047574, update planes time is 4.434567
---------Rank: 38 	 Elapsed time:4.638103---------
task 37 is initialized
Rank 37 :: inject time is 0.000294, fill buffer time is 0.051023, communication time is 0.017038, wait time is 0.084783, copy halo time is 0.047664, update planes time is 4.436731
---------Rank: 37 	 Elapsed time:4.638029---------
task 33 is initialized
Rank 33 :: inject time is 0.000287, fill buffer time is 0.051203, communication time is 0.016255, wait time is 0.076868, copy halo time is 0.047470, update planes time is 4.444974
---------Rank: 33 	 Elapsed time:4.637585---------
Total_time: 6.312365847
