Tasks are decomposed in a grid 16 x 8

Task    8 :: 	grid coordinates :   8,   0
	neighbours: N   -2    E    9    S   24    W    7
Task   16 :: 	grid coordinates :   0,   1
	neighbours: N    0    E   17    S   32    W   -2
Task   24 :: 	grid coordinates :   8,   1
	neighbours: N    8    E   25    S   40    W   23
Task   32 :: 	grid coordinates :   0,   2
	neighbours: N   16    E   33    S   48    W   -2
Task   40 :: 	grid coordinates :   8,   2
	neighbours: N   24    E   41    S   56    W   39
Task   48 :: 	grid coordinates :   0,   3
	neighbours: N   32    E   49    S   64    W   -2
Task   56 :: 	grid coordinates :   8,   3
	neighbours: N   40    E   57    S   72    W   55
Task   64 :: 	grid coordinates :   0,   4
	neighbours: N   48    E   65    S   80    W   -2
Task   72 :: 	grid coordinates :   8,   4
	neighbours: N   56    E   73    S   88    W   71
Task   80 :: 	grid coordinates :   0,   5
	neighbours: N   64    E   81    S   96    W   -2
Task   88 :: 	grid coordinates :   8,   5
	neighbours: N   72    E   89    S  104    W   87
Task   96 :: 	grid coordinates :   0,   6
	neighbours: N   80    E   97    S  112    W   -2
Task  104 :: 	grid coordinates :   8,   6
	neighbours: N   88    E  105    S  120    W  103
Task  112 :: 	grid coordinates :   0,   7
	neighbours: N   96    E  113    S   -2    W   -2
Task  120 :: 	grid coordinates :   8,   7
	neighbours: N  104    E  121    S   -2    W  119
Task   41 :: 	grid coordinates :   9,   2
	neighbours: N   25    E   42    S   57    W   40
Task   73 :: 	grid coordinates :   9,   4
	neighbours: N   57    E   74    S   89    W   72
Task   97 :: 	grid coordinates :   1,   6
	neighbours: N   81    E   98    S  113    W   96
Task   81 :: 	grid coordinates :   1,   5
	neighbours: N   65    E   82    S   97    W   80
Task   17 :: 	grid coordinates :   1,   1
	neighbours: N    1    E   18    S   33    W   16
Task  105 :: 	grid coordinates :   9,   6
	neighbours: N   89    E  106    S  121    W  104
Task   42 :: 	grid coordinates :  10,   2
	neighbours: N   26    E   43    S   58    W   41
Task   74 :: 	grid coordinates :  10,   4
	neighbours: N   58    E   75    S   90    W   73
Task   98 :: 	grid coordinates :   2,   6
	neighbours: N   82    E   99    S  114    W   97
Task   82 :: 	grid coordinates :   2,   5
	neighbours: N   66    E   83    S   98    W   81
Task   18 :: 	grid coordinates :   2,   1
	neighbours: N    2    E   19    S   34    W   17
Task   33 :: 	grid coordinates :   1,   2
	neighbours: N   17    E   34    S   49    W   32
Task  106 :: 	grid coordinates :  10,   6
	neighbours: N   90    E  107    S  122    W  105
Task   43 :: 	grid coordinates :  11,   2
	neighbours: N   27    E   44    S   59    W   42
Task   75 :: 	grid coordinates :  11,   4
	neighbours: N   59    E   76    S   91    W   74
Task   99 :: 	grid coordinates :   3,   6
	neighbours: N   83    E  100    S  115    W   98
Task   83 :: 	grid coordinates :   3,   5
	neighbours: N   67    E   84    S   99    W   82
Task   19 :: 	grid coordinates :   3,   1
	neighbours: N    3    E   20    S   35    W   18
Task  121 :: 	grid coordinates :   9,   7
	neighbours: N  105    E  122    S   -2    W  120
Task   34 :: 	grid coordinates :   2,   2
	neighbours: N   18    E   35    S   50    W   33
Task  107 :: 	grid coordinates :  11,   6
	neighbours: N   91    E  108    S  123    W  106
Task   44 :: 	grid coordinates :  12,   2
	neighbours: N   28    E   45    S   60    W   43
Task   76 :: 	grid coordinates :  12,   4
	neighbours: N   60    E   77    S   92    W   75
Task  100 :: 	grid coordinates :   4,   6
	neighbours: N   84    E  101    S  116    W   99
Task   84 :: 	grid coordinates :   4,   5
	neighbours: N   68    E   85    S  100    W   83
Task   20 :: 	grid coordinates :   4,   1
	neighbours: N    4    E   21    S   36    W   19
Task  122 :: 	grid coordinates :  10,   7
	neighbours: N  106    E  123    S   -2    W  121
Task   35 :: 	grid coordinates :   3,   2
	neighbours: N   19    E   36    S   51    W   34
Task  108 :: 	grid coordinates :  12,   6
	neighbours: N   92    E  109    S  124    W  107
Task   45 :: 	grid coordinates :  13,   2
	neighbours: N   29    E   46    S   61    W   44
Task   77 :: 	grid coordinates :  13,   4
	neighbours: N   61    E   78    S   93    W   76
Task  101 :: 	grid coordinates :   5,   6
	neighbours: N   85    E  102    S  117    W  100
Task   85 :: 	grid coordinates :   5,   5
	neighbours: N   69    E   86    S  101    W   84
Task   21 :: 	grid coordinates :   5,   1
	neighbours: N    5    E   22    S   37    W   20
Task  123 :: 	grid coordinates :  11,   7
	neighbours: N  107    E  124    S   -2    W  122
Task   36 :: 	grid coordinates :   4,   2
	neighbours: N   20    E   37    S   52    W   35
Task  109 :: 	grid coordinates :  13,   6
	neighbours: N   93    E  110    S  125    W  108
Task   46 :: 	grid coordinates :  14,   2
	neighbours: N   30    E   47    S   62    W   45
Task   78 :: 	grid coordinates :  14,   4
	neighbours: N   62    E   79    S   94    W   77
Task  102 :: 	grid coordinates :   6,   6
	neighbours: N   86    E  103    S  118    W  101
Task   86 :: 	grid coordinates :   6,   5
	neighbours: N   70    E   87    S  102    W   85
Task   22 :: 	grid coordinates :   6,   1
	neighbours: N    6    E   23    S   38    W   21
Task  124 :: 	grid coordinates :  12,   7
	neighbours: N  108    E  125    S   -2    W  123
Task   37 :: 	grid coordinates :   5,   2
	neighbours: N   21    E   38    S   53    W   36
Task  110 :: 	grid coordinates :  14,   6
	neighbours: N   94    E  111    S  126    W  109
Task   47 :: 	grid coordinates :  15,   2
	neighbours: N   31    E   -2    S   63    W   46
Task   79 :: 	grid coordinates :  15,   4
	neighbours: N   63    E   -2    S   95    W   78
Task  103 :: 	grid coordinates :   7,   6
	neighbours: N   87    E  104    S  119    W  102
Task   87 :: 	grid coordinates :   7,   5
	neighbours: N   71    E   88    S  103    W   86
Task   23 :: 	grid coordinates :   7,   1
	neighbours: N    7    E   24    S   39    W   22
Task  125 :: 	grid coordinates :  13,   7
	neighbours: N  109    E  126    S   -2    W  124
Task   38 :: 	grid coordinates :   6,   2
	neighbours: N   22    E   39    S   54    W   37
Task  111 :: 	grid coordinates :  15,   6
	neighbours: N   95    E   -2    S  127    W  110
Task  126 :: 	grid coordinates :  14,   7
	neighbours: N  110    E  127    S   -2    W  125
Task   39 :: 	grid coordinates :   7,   2
	neighbours: N   23    E   40    S   55    W   38
Task  127 :: 	grid coordinates :  15,   7
	neighbours: N  111    E   -2    S   -2    W  126
Task    9 :: 	grid coordinates :   9,   0
	neighbours: N   -2    E   10    S   25    W    8
Task   57 :: 	grid coordinates :   9,   3
	neighbours: N   41    E   58    S   73    W   56
Task   25 :: 	grid coordinates :   9,   1
	neighbours: N    9    E   26    S   41    W   24
Task   49 :: 	grid coordinates :   1,   3
	neighbours: N   33    E   50    S   65    W   48
Task   89 :: 	grid coordinates :   9,   5
	neighbours: N   73    E   90    S  105    W   88
Task   65 :: 	grid coordinates :   1,   4
	neighbours: N   49    E   66    S   81    W   64
Task   10 :: 	grid coordinates :  10,   0
	neighbours: N   -2    E   11    S   26    W    9
Task   58 :: 	grid coordinates :  10,   3
	neighbours: N   42    E   59    S   74    W   57
Task   26 :: 	grid coordinates :  10,   1
	neighbours: N   10    E   27    S   42    W   25
Task   50 :: 	grid coordinates :   2,   3
	neighbours: N   34    E   51    S   66    W   49
Task   90 :: 	grid coordinates :  10,   5
	neighbours: N   74    E   91    S  106    W   89
Task   66 :: 	grid coordinates :   2,   4
	neighbours: N   50    E   67    S   82    W   65
Task   11 :: 	grid coordinates :  11,   0
	neighbours: N   -2    E   12    S   27    W   10
Task   59 :: 	grid coordinates :  11,   3
	neighbours: N   43    E   60    S   75    W   58
Task   27 :: 	grid coordinates :  11,   1
	neighbours: N   11    E   28    S   43    W   26
Task   51 :: 	grid coordinates :   3,   3
	neighbours: N   35    E   52    S   67    W   50
Task   91 :: 	grid coordinates :  11,   5
	neighbours: N   75    E   92    S  107    W   90
Task   67 :: 	grid coordinates :   3,   4
	neighbours: N   51    E   68    S   83    W   66
Task   12 :: 	grid coordinates :  12,   0
	neighbours: N   -2    E   13    S   28    W   11
Task   60 :: 	grid coordinates :  12,   3
	neighbours: N   44    E   61    S   76    W   59
Task   28 :: 	grid coordinates :  12,   1
	neighbours: N   12    E   29    S   44    W   27
Task   52 :: 	grid coordinates :   4,   3
	neighbours: N   36    E   53    S   68    W   51
Task   92 :: 	grid coordinates :  12,   5
	neighbours: N   76    E   93    S  108    W   91
Task   68 :: 	grid coordinates :   4,   4
	neighbours: N   52    E   69    S   84    W   67
Task  113 :: 	grid coordinates :   1,   7
	neighbours: N   97    E  114    S   -2    W  112
Task   13 :: 	grid coordinates :  13,   0
	neighbours: N   -2    E   14    S   29    W   12
Task   61 :: 	grid coordinates :  13,   3
	neighbours: N   45    E   62    S   77    W   60
Task   29 :: 	grid coordinates :  13,   1
	neighbours: N   13    E   30    S   45    W   28
Task   53 :: 	grid coordinates :   5,   3
	neighbours: N   37    E   54    S   69    W   52
Task   93 :: 	grid coordinates :  13,   5
	neighbours: N   77    E   94    S  109    W   92
Task   69 :: 	grid coordinates :   5,   4
	neighbours: N   53    E   70    S   85    W   68
Task  114 :: 	grid coordinates :   2,   7
	neighbours: N   98    E  115    S   -2    W  113
Task   14 :: 	grid coordinates :  14,   0
	neighbours: N   -2    E   15    S   30    W   13
Task   62 :: 	grid coordinates :  14,   3
	neighbours: N   46    E   63    S   78    W   61
Task   30 :: 	grid coordinates :  14,   1
	neighbours: N   14    E   31    S   46    W   29
Task   54 :: 	grid coordinates :   6,   3
	neighbours: N   38    E   55    S   70    W   53
Task   94 :: 	grid coordinates :  14,   5
	neighbours: N   78    E   95    S  110    W   93
Task   70 :: 	grid coordinates :   6,   4
	neighbours: N   54    E   71    S   86    W   69
Task  115 :: 	grid coordinates :   3,   7
	neighbours: N   99    E  116    S   -2    W  114
Task   15 :: 	grid coordinates :  15,   0
	neighbours: N   -2    E   -2    S   31    W   14
Task   63 :: 	grid coordinates :  15,   3
	neighbours: N   47    E   -2    S   79    W   62
Task   31 :: 	grid coordinates :  15,   1
	neighbours: N   15    E   -2    S   47    W   30
Task   55 :: 	grid coordinates :   7,   3
	neighbours: N   39    E   56    S   71    W   54
Task   95 :: 	grid coordinates :  15,   5
	neighbours: N   79    E   -2    S  111    W   94
Task   71 :: 	grid coordinates :   7,   4
	neighbours: N   55    E   72    S   87    W   70
Task  116 :: 	grid coordinates :   4,   7
	neighbours: N  100    E  117    S   -2    W  115
Task  117 :: 	grid coordinates :   5,   7
	neighbours: N  101    E  118    S   -2    W  116
Task  118 :: 	grid coordinates :   6,   7
	neighbours: N  102    E  119    S   -2    W  117
Task  119 :: 	grid coordinates :   7,   7
	neighbours: N  103    E  120    S   -2    W  118
Task    0 :: 	grid coordinates :   0,   0
	neighbours: N   -2    E    1    S   16    W   -2
Task    1 :: 	grid coordinates :   1,   0
	neighbours: N   -2    E    2    S   17    W    0
Task    2 :: 	grid coordinates :   2,   0
	neighbours: N   -2    E    3    S   18    W    1
Task    3 :: 	grid coordinates :   3,   0
	neighbours: N   -2    E    4    S   19    W    2
Task    4 :: 	grid coordinates :   4,   0
	neighbours: N   -2    E    5    S   20    W    3
Task    5 :: 	grid coordinates :   5,   0
	neighbours: N   -2    E    6    S   21    W    4
Task    6 :: 	grid coordinates :   6,   0
	neighbours: N   -2    E    7    S   22    W    5
Task    7 :: 	grid coordinates :   7,   0
	neighbours: N   -2    E    8    S   23    W    6
task 0 is initialized
Rank 0 :: inject time is 0.000235, fill buffer time is 0.026405, communication time is 0.007403, wait time is 0.099903, copy halo time is 0.032113, update planes time is 2.110203
---------Rank: 0 	 Elapsed time:2.276788---------
task 105 is initialized
Rank 105 :: inject time is 0.000358, fill buffer time is 0.043732, communication time is 0.012042, wait time is 0.066214, copy halo time is 0.045814, update planes time is 2.110932
---------Rank: 105 	 Elapsed time:2.279686---------
task 8 is initialized
Rank 8 :: inject time is 0.000304, fill buffer time is 0.044749, communication time is 0.009745, wait time is 0.061450, copy halo time is 0.046002, update planes time is 2.113648
---------Rank: 8 	 Elapsed time:2.276422---------
task 4 is initialized
Rank 4 :: inject time is 0.000297, fill buffer time is 0.045524, communication time is 0.006608, wait time is 0.066217, copy halo time is 0.046604, update planes time is 2.111101
---------Rank: 4 	 Elapsed time:2.276933---------
task 5 is initialized
Rank 5 :: inject time is 0.000352, fill buffer time is 0.045248, communication time is 0.006631, wait time is 0.075944, copy halo time is 0.046918, update planes time is 2.101280
---------Rank: 5 	 Elapsed time:2.276967---------
task 107 is initialized
Rank 107 :: inject time is 0.000357, fill buffer time is 0.048715, communication time is 0.012685, wait time is 0.067878, copy halo time is 0.045390, update planes time is 2.104120
---------Rank: 107 	 Elapsed time:2.279602---------
task 1 is initialized
Rank 1 :: inject time is 0.000244, fill buffer time is 0.045268, communication time is 0.008139, wait time is 0.068216, copy halo time is 0.045671, update planes time is 2.108887
---------Rank: 1 	 Elapsed time:2.276874---------
task 2 is initialized
Rank 2 :: inject time is 0.000348, fill buffer time is 0.044757, communication time is 0.008289, wait time is 0.070347, copy halo time is 0.045462, update planes time is 2.107164
---------Rank: 2 	 Elapsed time:2.276887---------
total injected energy is 300000, system energy is 299787 ( in avg 0.0426364 per grid point)
Comp time,Comms time
2.279415,0.010657

task 6 is initialized
Rank 6 :: inject time is 0.000236, fill buffer time is 0.044911, communication time is 0.006343, wait time is 0.078629, copy halo time is 0.045797, update planes time is 2.100631
---------Rank: 6 	 Elapsed time:2.277083---------
task 7 is initialized
Rank 7 :: inject time is 0.000321, fill buffer time is 0.045254, communication time is 0.010912, wait time is 0.069513, copy halo time is 0.047985, update planes time is 2.102466
---------Rank: 7 	 Elapsed time:2.276973---------
task 10 is initialized
Rank 10 :: inject time is 0.000402, fill buffer time is 0.043897, communication time is 0.005699, wait time is 0.069283, copy halo time is 0.045914, update planes time is 2.110655
---------Rank: 10 	 Elapsed time:2.276410---------
task 111 is initialized
Rank 111 :: inject time is 0.000411, fill buffer time is 0.026883, communication time is 0.012245, wait time is 0.087098, copy halo time is 0.032135, update planes time is 2.120181
---------Rank: 111 	 Elapsed time:2.279448---------
task 9 is initialized
Rank 9 :: inject time is 0.000372, fill buffer time is 0.044909, communication time is 0.005911, wait time is 0.064195, copy halo time is 0.045859, update planes time is 2.114711
---------Rank: 9 	 Elapsed time:2.276451---------
task 11 is initialized
Rank 11 :: inject time is 0.000257, fill buffer time is 0.047481, communication time is 0.006142, wait time is 0.063432, copy halo time is 0.046375, update planes time is 2.112233
---------Rank: 11 	 Elapsed time:2.276407---------
task 104 is initialized
Rank 104 :: inject time is 0.000282, fill buffer time is 0.044515, communication time is 0.015796, wait time is 0.059721, copy halo time is 0.045941, update planes time is 2.112847
---------Rank: 104 	 Elapsed time:2.279691---------
task 3 is initialized
Rank 3 :: inject time is 0.000246, fill buffer time is 0.055109, communication time is 0.008426, wait time is 0.061611, copy halo time is 0.045765, update planes time is 2.105226
---------Rank: 3 	 Elapsed time:2.276912---------
task 106 is initialized
Rank 106 :: inject time is 0.000042, fill buffer time is 0.044736, communication time is 0.012448, wait time is 0.070372, copy halo time is 0.045678, update planes time is 2.105964
---------Rank: 106 	 Elapsed time:2.279628---------
task 110 is initialized
Rank 110 :: inject time is 0.000264, fill buffer time is 0.044003, communication time is 0.012651, wait time is 0.068834, copy halo time is 0.046942, update planes time is 2.106349
---------Rank: 110 	 Elapsed time:2.279498---------
task 109 is initialized
Rank 109 :: inject time is 0.000382, fill buffer time is 0.044655, communication time is 0.012112, wait time is 0.063838, copy halo time is 0.045996, update planes time is 2.112000
---------Rank: 109 	 Elapsed time:2.279466---------
task 15 is initialized
Rank 15 :: inject time is 0.000030, fill buffer time is 0.026716, communication time is 0.004941, wait time is 0.116015, copy halo time is 0.031956, update planes time is 2.096142
---------Rank: 15 	 Elapsed time:2.276305---------
task 60 is initialized
Rank 60 :: inject time is 0.000299, fill buffer time is 0.045997, communication time is 0.010760, wait time is 0.062780, copy halo time is 0.046196, update planes time is 2.114736
---------Rank: 60 	 Elapsed time:2.281227---------
task 125 is initialized
Rank 125 :: inject time is 0.000346, fill buffer time is 0.044662, communication time is 0.007963, wait time is 0.068005, copy halo time is 0.045860, update planes time is 2.110106
---------Rank: 125 	 Elapsed time:2.277427---------
task 12 is initialized
Rank 12 :: inject time is 0.000256, fill buffer time is 0.045196, communication time is 0.005971, wait time is 0.078455, copy halo time is 0.045951, update planes time is 2.099949
---------Rank: 12 	 Elapsed time:2.276397---------
task 14 is initialized
Rank 14 :: inject time is 0.000360, fill buffer time is 0.044612, communication time is 0.005622, wait time is 0.068698, copy halo time is 0.046095, update planes time is 2.110375
---------Rank: 14 	 Elapsed time:2.276319---------
task 61 is initialized
Rank 61 :: inject time is 0.000028, fill buffer time is 0.045192, communication time is 0.010756, wait time is 0.075534, copy halo time is 0.045765, update planes time is 2.103407
---------Rank: 61 	 Elapsed time:2.281190---------
task 119 is initialized
Rank 119 :: inject time is 0.000379, fill buffer time is 0.044614, communication time is 0.012399, wait time is 0.070145, copy halo time is 0.047130, update planes time is 2.104468
---------Rank: 119 	 Elapsed time:2.279658---------
task 16 is initialized
Rank 16 :: inject time is 0.000330, fill buffer time is 0.026494, communication time is 0.008851, wait time is 0.096688, copy halo time is 0.032135, update planes time is 2.113927
---------Rank: 16 	 Elapsed time:2.278978---------
task 72 is initialized
Rank 72 :: inject time is 0.000358, fill buffer time is 0.045676, communication time is 0.015554, wait time is 0.047262, copy halo time is 0.046788, update planes time is 2.122976
---------Rank: 72 	 Elapsed time:2.279122---------
task 73 is initialized
Rank 73 :: inject time is 0.000297, fill buffer time is 0.045249, communication time is 0.012146, wait time is 0.063495, copy halo time is 0.046065, update planes time is 2.111351
---------Rank: 73 	 Elapsed time:2.279116---------
task 20 is initialized
Rank 20 :: inject time is 0.000325, fill buffer time is 0.045198, communication time is 0.010573, wait time is 0.073064, copy halo time is 0.046268, update planes time is 2.103047
---------Rank: 20 	 Elapsed time:2.279076---------
task 21 is initialized
Rank 21 :: inject time is 0.000158, fill buffer time is 0.044812, communication time is 0.010038, wait time is 0.070760, copy halo time is 0.046467, update planes time is 2.106348
---------Rank: 21 	 Elapsed time:2.279172---------
task 63 is initialized
Rank 63 :: inject time is 0.000363, fill buffer time is 0.027419, communication time is 0.011285, wait time is 0.109671, copy halo time is 0.032576, update planes time is 2.099128
---------Rank: 63 	 Elapsed time:2.281094---------
task 13 is initialized
Rank 13 :: inject time is 0.000372, fill buffer time is 0.044685, communication time is 0.005934, wait time is 0.065585, copy halo time is 0.046199, update planes time is 2.113152
---------Rank: 13 	 Elapsed time:2.276345---------
task 113 is initialized
Rank 113 :: inject time is 0.000391, fill buffer time is 0.044379, communication time is 0.007487, wait time is 0.066279, copy halo time is 0.046183, update planes time is 2.114319
---------Rank: 113 	 Elapsed time:2.279494---------
task 41 is initialized
Rank 41 :: inject time is 0.000419, fill buffer time is 0.045252, communication time is 0.009271, wait time is 0.067624, copy halo time is 0.046475, update planes time is 2.109552
---------Rank: 41 	 Elapsed time:2.279168---------
task 114 is initialized
Rank 114 :: inject time is 0.000038, fill buffer time is 0.043982, communication time is 0.007620, wait time is 0.075656, copy halo time is 0.045356, update planes time is 2.106376
---------Rank: 114 	 Elapsed time:2.279514---------
task 42 is initialized
Rank 42 :: inject time is 0.000042, fill buffer time is 0.044378, communication time is 0.009729, wait time is 0.073094, copy halo time is 0.045468, update planes time is 2.105663
---------Rank: 42 	 Elapsed time:2.279037---------
task 108 is initialized
Rank 108 :: inject time is 0.000300, fill buffer time is 0.045027, communication time is 0.013349, wait time is 0.059467, copy halo time is 0.046085, update planes time is 2.114807
---------Rank: 108 	 Elapsed time:2.279506---------
task 34 is initialized
Rank 34 :: inject time is 0.000368, fill buffer time is 0.044501, communication time is 0.009991, wait time is 0.068268, copy halo time is 0.045575, update planes time is 2.111975
---------Rank: 34 	 Elapsed time:2.281188---------
task 78 is initialized
Rank 78 :: inject time is 0.000395, fill buffer time is 0.044355, communication time is 0.012711, wait time is 0.065732, copy halo time is 0.044777, update planes time is 2.110506
---------Rank: 78 	 Elapsed time:2.278966---------
task 69 is initialized
Rank 69 :: inject time is 0.000273, fill buffer time is 0.045201, communication time is 0.012096, wait time is 0.067833, copy halo time is 0.046426, update planes time is 2.108669
---------Rank: 69 	 Elapsed time:2.281000---------
task 17 is initialized
Rank 17 :: inject time is 0.000348, fill buffer time is 0.044325, communication time is 0.010022, wait time is 0.064084, copy halo time is 0.047139, update planes time is 2.112614
---------Rank: 17 	 Elapsed time:2.279040---------
task 57 is initialized
Rank 57 :: inject time is 0.000283, fill buffer time is 0.044588, communication time is 0.010273, wait time is 0.063783, copy halo time is 0.045637, update planes time is 2.116036
---------Rank: 57 	 Elapsed time:2.281200---------
task 18 is initialized
Rank 18 :: inject time is 0.000454, fill buffer time is 0.044995, communication time is 0.010393, wait time is 0.056421, copy halo time is 0.046818, update planes time is 2.119632
---------Rank: 18 	 Elapsed time:2.279077---------
task 112 is initialized
Rank 112 :: inject time is 0.000304, fill buffer time is 0.026537, communication time is 0.006536, wait time is 0.096738, copy halo time is 0.033031, update planes time is 2.115624
---------Rank: 112 	 Elapsed time:2.279403---------
task 19 is initialized
Rank 19 :: inject time is 0.000417, fill buffer time is 0.048237, communication time is 0.010518, wait time is 0.064397, copy halo time is 0.046967, update planes time is 2.107949
---------Rank: 19 	 Elapsed time:2.279069---------
task 23 is initialized
Rank 23 :: inject time is 0.000035, fill buffer time is 0.045559, communication time is 0.014320, wait time is 0.070439, copy halo time is 0.047120, update planes time is 2.101104
---------Rank: 23 	 Elapsed time:2.279157---------
task 58 is initialized
Rank 58 :: inject time is 0.000235, fill buffer time is 0.044684, communication time is 0.010150, wait time is 0.072047, copy halo time is 0.045432, update planes time is 2.108177
---------Rank: 58 	 Elapsed time:2.281203---------
task 68 is initialized
Rank 68 :: inject time is 0.000350, fill buffer time is 0.044848, communication time is 0.012453, wait time is 0.062324, copy halo time is 0.046604, update planes time is 2.113739
---------Rank: 68 	 Elapsed time:2.280973---------
task 59 is initialized
Rank 59 :: inject time is 0.000315, fill buffer time is 0.047689, communication time is 0.010922, wait time is 0.072156, copy halo time is 0.046152, update planes time is 2.103444
---------Rank: 59 	 Elapsed time:2.281197---------
task 64 is initialized
Rank 64 :: inject time is 0.000353, fill buffer time is 0.026504, communication time is 0.010872, wait time is 0.097084, copy halo time is 0.032247, update planes time is 2.113029
---------Rank: 64 	 Elapsed time:2.280707---------
task 62 is initialized
Rank 62 :: inject time is 0.000417, fill buffer time is 0.044748, communication time is 0.009716, wait time is 0.064672, copy halo time is 0.045967, update planes time is 2.115207
---------Rank: 62 	 Elapsed time:2.281169---------
task 65 is initialized
Rank 65 :: inject time is 0.000031, fill buffer time is 0.043973, communication time is 0.011649, wait time is 0.075809, copy halo time is 0.045492, update planes time is 2.103386
---------Rank: 65 	 Elapsed time:2.280833---------
task 115 is initialized
Rank 115 :: inject time is 0.000335, fill buffer time is 0.046513, communication time is 0.008213, wait time is 0.070956, copy halo time is 0.045864, update planes time is 2.107094
---------Rank: 115 	 Elapsed time:2.279553---------
task 116 is initialized
Rank 116 :: inject time is 0.000038, fill buffer time is 0.045529, communication time is 0.007760, wait time is 0.077976, copy halo time is 0.046399, update planes time is 2.101502
---------Rank: 116 	 Elapsed time:2.279632---------
task 117 is initialized
Rank 117 :: inject time is 0.000316, fill buffer time is 0.044910, communication time is 0.007740, wait time is 0.075432, copy halo time is 0.046121, update planes time is 2.104632
---------Rank: 117 	 Elapsed time:2.279659---------
task 76 is initialized
Rank 76 :: inject time is 0.000028, fill buffer time is 0.045160, communication time is 0.012852, wait time is 0.073400, copy halo time is 0.045525, update planes time is 2.101615
---------Rank: 76 	 Elapsed time:2.279032---------
task 77 is initialized
Rank 77 :: inject time is 0.000396, fill buffer time is 0.044494, communication time is 0.012829, wait time is 0.067267, copy halo time is 0.045013, update planes time is 2.108568
---------Rank: 77 	 Elapsed time:2.279038---------
task 79 is initialized
Rank 79 :: inject time is 0.000265, fill buffer time is 0.026530, communication time is 0.011476, wait time is 0.102789, copy halo time is 0.031898, update planes time is 2.104962
---------Rank: 79 	 Elapsed time:2.278582---------
task 40 is initialized
Rank 40 :: inject time is 0.000295, fill buffer time is 0.044454, communication time is 0.013012, wait time is 0.062110, copy halo time is 0.046356, update planes time is 2.112398
---------Rank: 40 	 Elapsed time:2.279191---------
task 25 is initialized
Rank 25 :: inject time is 0.000388, fill buffer time is 0.045143, communication time is 0.010250, wait time is 0.061721, copy halo time is 0.046627, update planes time is 2.113917
---------Rank: 25 	 Elapsed time:2.278597---------
task 27 is initialized
Rank 27 :: inject time is 0.000253, fill buffer time is 0.046825, communication time is 0.011352, wait time is 0.068750, copy halo time is 0.045604, update planes time is 2.105212
---------Rank: 27 	 Elapsed time:2.278540---------
task 28 is initialized
Rank 28 :: inject time is 0.000218, fill buffer time is 0.045297, communication time is 0.010972, wait time is 0.058393, copy halo time is 0.046960, update planes time is 2.116116
---------Rank: 28 	 Elapsed time:2.278501---------
task 22 is initialized
Rank 22 :: inject time is 0.000240, fill buffer time is 0.044050, communication time is 0.010244, wait time is 0.066152, copy halo time is 0.046376, update planes time is 2.111558
---------Rank: 22 	 Elapsed time:2.279156---------
task 97 is initialized
Rank 97 :: inject time is 0.000238, fill buffer time is 0.044732, communication time is 0.012839, wait time is 0.070769, copy halo time is 0.045978, update planes time is 2.106673
---------Rank: 97 	 Elapsed time:2.281657---------
task 56 is initialized
Rank 56 :: inject time is 0.000366, fill buffer time is 0.045185, communication time is 0.013817, wait time is 0.057607, copy halo time is 0.045737, update planes time is 2.117886
---------Rank: 56 	 Elapsed time:2.281220---------
task 88 is initialized
Rank 88 :: inject time is 0.000261, fill buffer time is 0.044561, communication time is 0.015009, wait time is 0.054081, copy halo time is 0.046032, update planes time is 2.117018
---------Rank: 88 	 Elapsed time:2.277568---------
task 32 is initialized
Rank 32 :: inject time is 0.000344, fill buffer time is 0.026648, communication time is 0.009186, wait time is 0.093947, copy halo time is 0.031443, update planes time is 2.118740
---------Rank: 32 	 Elapsed time:2.281086---------
task 33 is initialized
Rank 33 :: inject time is 0.000033, fill buffer time is 0.044450, communication time is 0.009640, wait time is 0.076169, copy halo time is 0.044942, update planes time is 2.105369
---------Rank: 33 	 Elapsed time:2.281149---------
task 100 is initialized
Rank 100 :: inject time is 0.000352, fill buffer time is 0.045826, communication time is 0.014274, wait time is 0.067126, copy halo time is 0.046881, update planes time is 2.106747
---------Rank: 100 	 Elapsed time:2.281756---------
task 101 is initialized
Rank 101 :: inject time is 0.000268, fill buffer time is 0.045866, communication time is 0.013695, wait time is 0.067869, copy halo time is 0.046462, update planes time is 2.107187
---------Rank: 101 	 Elapsed time:2.281790---------
task 102 is initialized
Rank 102 :: inject time is 0.000282, fill buffer time is 0.044922, communication time is 0.013429, wait time is 0.059471, copy halo time is 0.046916, update planes time is 2.116302
---------Rank: 102 	 Elapsed time:2.281802---------
task 96 is initialized
Rank 96 :: inject time is 0.000248, fill buffer time is 0.026706, communication time is 0.012986, wait time is 0.096661, copy halo time is 0.031475, update planes time is 2.112802
---------Rank: 96 	 Elapsed time:2.281560---------
task 99 is initialized
Rank 99 :: inject time is 0.000413, fill buffer time is 0.048122, communication time is 0.013413, wait time is 0.058311, copy halo time is 0.046101, update planes time is 2.114888
---------Rank: 99 	 Elapsed time:2.281710---------
task 103 is initialized
Rank 103 :: inject time is 0.000266, fill buffer time is 0.045280, communication time is 0.017881, wait time is 0.061734, copy halo time is 0.047992, update planes time is 2.108085
---------Rank: 103 	 Elapsed time:2.281801---------
task 24 is initialized
Rank 24 :: inject time is 0.000418, fill buffer time is 0.044900, communication time is 0.013361, wait time is 0.058255, copy halo time is 0.045881, update planes time is 2.115254
---------Rank: 24 	 Elapsed time:2.278558---------
task 43 is initialized
Rank 43 :: inject time is 0.000383, fill buffer time is 0.047460, communication time is 0.009792, wait time is 0.072712, copy halo time is 0.045370, update planes time is 2.102666
---------Rank: 43 	 Elapsed time:2.279001---------
task 74 is initialized
Rank 74 :: inject time is 0.000404, fill buffer time is 0.045014, communication time is 0.012557, wait time is 0.066905, copy halo time is 0.045815, update planes time is 2.107968
---------Rank: 74 	 Elapsed time:2.279092---------
task 93 is initialized
Rank 93 :: inject time is 0.000323, fill buffer time is 0.044009, communication time is 0.011555, wait time is 0.075265, copy halo time is 0.045043, update planes time is 2.100668
---------Rank: 93 	 Elapsed time:2.277413---------
task 121 is initialized
Rank 121 :: inject time is 0.000305, fill buffer time is 0.044736, communication time is 0.007807, wait time is 0.075082, copy halo time is 0.045344, update planes time is 2.103682
---------Rank: 121 	 Elapsed time:2.277507---------
task 35 is initialized
Rank 35 :: inject time is 0.000313, fill buffer time is 0.046460, communication time is 0.010643, wait time is 0.075521, copy halo time is 0.045636, update planes time is 2.102129
---------Rank: 35 	 Elapsed time:2.281213---------
task 36 is initialized
Rank 36 :: inject time is 0.000300, fill buffer time is 0.045011, communication time is 0.010256, wait time is 0.066423, copy halo time is 0.046586, update planes time is 2.112206
---------Rank: 36 	 Elapsed time:2.281248---------
task 37 is initialized
Rank 37 :: inject time is 0.000242, fill buffer time is 0.044041, communication time is 0.010688, wait time is 0.072357, copy halo time is 0.046479, update planes time is 2.106921
---------Rank: 37 	 Elapsed time:2.281231---------
task 39 is initialized
Rank 39 :: inject time is 0.000283, fill buffer time is 0.043815, communication time is 0.014787, wait time is 0.068829, copy halo time is 0.047406, update planes time is 2.105539
---------Rank: 39 	 Elapsed time:2.281245---------
task 124 is initialized
Rank 124 :: inject time is 0.000367, fill buffer time is 0.044775, communication time is 0.007514, wait time is 0.066185, copy halo time is 0.045500, update planes time is 2.112536
---------Rank: 124 	 Elapsed time:2.277434---------
task 126 is initialized
Rank 126 :: inject time is 0.000233, fill buffer time is 0.044623, communication time is 0.008125, wait time is 0.080005, copy halo time is 0.045280, update planes time is 2.098715
---------Rank: 126 	 Elapsed time:2.277425---------
task 127 is initialized
Rank 127 :: inject time is 0.000313, fill buffer time is 0.026674, communication time is 0.006802, wait time is 0.104000, copy halo time is 0.032458, update planes time is 2.106547
---------Rank: 127 	 Elapsed time:2.277341---------
task 66 is initialized
Rank 66 :: inject time is 0.000318, fill buffer time is 0.044930, communication time is 0.011550, wait time is 0.073620, copy halo time is 0.045505, update planes time is 2.104493
---------Rank: 66 	 Elapsed time:2.280908---------
task 67 is initialized
Rank 67 :: inject time is 0.000439, fill buffer time is 0.047808, communication time is 0.012134, wait time is 0.066174, copy halo time is 0.045929, update planes time is 2.107927
---------Rank: 67 	 Elapsed time:2.280978---------
task 70 is initialized
Rank 70 :: inject time is 0.000336, fill buffer time is 0.045494, communication time is 0.011783, wait time is 0.069406, copy halo time is 0.045853, update planes time is 2.107636
---------Rank: 70 	 Elapsed time:2.281001---------
task 92 is initialized
Rank 92 :: inject time is 0.000330, fill buffer time is 0.045168, communication time is 0.012046, wait time is 0.065003, copy halo time is 0.045249, update planes time is 2.109037
---------Rank: 92 	 Elapsed time:2.277425---------
task 94 is initialized
Rank 94 :: inject time is 0.000047, fill buffer time is 0.043556, communication time is 0.011750, wait time is 0.075928, copy halo time is 0.044642, update planes time is 2.100941
---------Rank: 94 	 Elapsed time:2.277395---------
task 95 is initialized
Rank 95 :: inject time is 0.000234, fill buffer time is 0.026163, communication time is 0.010656, wait time is 0.112229, copy halo time is 0.030874, update planes time is 2.096593
---------Rank: 95 	 Elapsed time:2.277324---------
task 120 is initialized
Rank 120 :: inject time is 0.000036, fill buffer time is 0.045056, communication time is 0.011726, wait time is 0.059391, copy halo time is 0.045979, update planes time is 2.114849
---------Rank: 120 	 Elapsed time:2.277574---------
task 29 is initialized
Rank 29 :: inject time is 0.000170, fill buffer time is 0.045028, communication time is 0.010633, wait time is 0.070299, copy halo time is 0.046102, update planes time is 2.105739
---------Rank: 29 	 Elapsed time:2.278458---------
task 30 is initialized
Rank 30 :: inject time is 0.000047, fill buffer time is 0.045520, communication time is 0.010440, wait time is 0.067896, copy halo time is 0.046909, update planes time is 2.106898
---------Rank: 30 	 Elapsed time:2.278467---------
task 122 is initialized
Rank 122 :: inject time is 0.000358, fill buffer time is 0.044337, communication time is 0.008132, wait time is 0.067062, copy halo time is 0.045791, update planes time is 2.111319
---------Rank: 122 	 Elapsed time:2.277495---------
task 118 is initialized
Rank 118 :: inject time is 0.000474, fill buffer time is 0.043875, communication time is 0.007676, wait time is 0.072201, copy halo time is 0.046077, update planes time is 2.108885
---------Rank: 118 	 Elapsed time:2.279708---------
task 26 is initialized
Rank 26 :: inject time is 0.000211, fill buffer time is 0.044136, communication time is 0.010381, wait time is 0.060820, copy halo time is 0.046279, update planes time is 2.116269
---------Rank: 26 	 Elapsed time:2.278552---------
task 45 is initialized
Rank 45 :: inject time is 0.000233, fill buffer time is 0.045138, communication time is 0.009519, wait time is 0.063632, copy halo time is 0.045342, update planes time is 2.114490
---------Rank: 45 	 Elapsed time:2.278990---------
task 46 is initialized
Rank 46 :: inject time is 0.000222, fill buffer time is 0.044440, communication time is 0.009382, wait time is 0.073354, copy halo time is 0.045415, update planes time is 2.105632
---------Rank: 46 	 Elapsed time:2.278908---------
task 47 is initialized
Rank 47 :: inject time is 0.000232, fill buffer time is 0.027096, communication time is 0.008587, wait time is 0.109376, copy halo time is 0.031797, update planes time is 2.100825
---------Rank: 47 	 Elapsed time:2.278565---------
task 98 is initialized
Rank 98 :: inject time is 0.000424, fill buffer time is 0.044352, communication time is 0.011941, wait time is 0.061041, copy halo time is 0.045978, update planes time is 2.117285
---------Rank: 98 	 Elapsed time:2.281677---------
task 80 is initialized
Rank 80 :: inject time is 0.000039, fill buffer time is 0.026880, communication time is 0.010334, wait time is 0.099636, copy halo time is 0.031784, update planes time is 2.110232
---------Rank: 80 	 Elapsed time:2.279494---------
task 81 is initialized
Rank 81 :: inject time is 0.000330, fill buffer time is 0.044810, communication time is 0.011390, wait time is 0.065537, copy halo time is 0.045689, update planes time is 2.111326
---------Rank: 81 	 Elapsed time:2.279496---------
task 84 is initialized
Rank 84 :: inject time is 0.000310, fill buffer time is 0.045702, communication time is 0.012717, wait time is 0.066945, copy halo time is 0.046854, update planes time is 2.106569
---------Rank: 84 	 Elapsed time:2.279621---------
task 85 is initialized
Rank 85 :: inject time is 0.000370, fill buffer time is 0.045712, communication time is 0.012282, wait time is 0.065020, copy halo time is 0.047172, update planes time is 2.108525
---------Rank: 85 	 Elapsed time:2.279684---------
task 86 is initialized
Rank 86 :: inject time is 0.000293, fill buffer time is 0.045276, communication time is 0.011811, wait time is 0.072386, copy halo time is 0.046444, update planes time is 2.102953
---------Rank: 86 	 Elapsed time:2.279662---------
task 87 is initialized
Rank 87 :: inject time is 0.000455, fill buffer time is 0.045783, communication time is 0.016230, wait time is 0.059912, copy halo time is 0.047604, update planes time is 2.109215
---------Rank: 87 	 Elapsed time:2.279661---------
task 83 is initialized
Rank 83 :: inject time is 0.000035, fill buffer time is 0.047292, communication time is 0.012328, wait time is 0.071700, copy halo time is 0.045626, update planes time is 2.102031
---------Rank: 83 	 Elapsed time:2.279588---------
task 75 is initialized
Rank 75 :: inject time is 0.000302, fill buffer time is 0.047660, communication time is 0.012132, wait time is 0.056558, copy halo time is 0.045703, update planes time is 2.116276
---------Rank: 75 	 Elapsed time:2.279087---------
task 89 is initialized
Rank 89 :: inject time is 0.000351, fill buffer time is 0.043913, communication time is 0.011233, wait time is 0.067436, copy halo time is 0.046156, update planes time is 2.107903
---------Rank: 89 	 Elapsed time:2.277559---------
task 91 is initialized
Rank 91 :: inject time is 0.000324, fill buffer time is 0.047543, communication time is 0.012142, wait time is 0.062546, copy halo time is 0.045834, update planes time is 2.108445
---------Rank: 91 	 Elapsed time:2.277469---------
task 38 is initialized
Rank 38 :: inject time is 0.000281, fill buffer time is 0.044807, communication time is 0.009958, wait time is 0.055685, copy halo time is 0.046839, update planes time is 2.123203
---------Rank: 38 	 Elapsed time:2.281268---------
task 44 is initialized
Rank 44 :: inject time is 0.000211, fill buffer time is 0.045016, communication time is 0.010025, wait time is 0.070359, copy halo time is 0.045382, update planes time is 2.107481
---------Rank: 44 	 Elapsed time:2.279039---------
task 50 is initialized
Rank 50 :: inject time is 0.000314, fill buffer time is 0.045131, communication time is 0.010480, wait time is 0.069952, copy halo time is 0.046346, update planes time is 2.110228
---------Rank: 50 	 Elapsed time:2.283000---------
task 51 is initialized
Rank 51 :: inject time is 0.000388, fill buffer time is 0.047856, communication time is 0.010455, wait time is 0.066130, copy halo time is 0.046628, update planes time is 2.111055
---------Rank: 51 	 Elapsed time:2.283045---------
task 54 is initialized
Rank 54 :: inject time is 0.000386, fill buffer time is 0.044440, communication time is 0.009926, wait time is 0.062326, copy halo time is 0.045587, update planes time is 2.119948
---------Rank: 54 	 Elapsed time:2.283170---------
task 55 is initialized
Rank 55 :: inject time is 0.000229, fill buffer time is 0.044378, communication time is 0.014802, wait time is 0.074272, copy halo time is 0.046784, update planes time is 2.102158
---------Rank: 55 	 Elapsed time:2.283145---------
task 49 is initialized
Rank 49 :: inject time is 0.000307, fill buffer time is 0.044950, communication time is 0.009770, wait time is 0.066057, copy halo time is 0.046340, update planes time is 2.115003
---------Rank: 49 	 Elapsed time:2.282920---------
task 52 is initialized
Rank 52 :: inject time is 0.000357, fill buffer time is 0.045762, communication time is 0.010799, wait time is 0.066766, copy halo time is 0.046213, update planes time is 2.112608
---------Rank: 52 	 Elapsed time:2.283085---------
task 53 is initialized
Rank 53 :: inject time is 0.000182, fill buffer time is 0.044844, communication time is 0.010764, wait time is 0.071613, copy halo time is 0.045557, update planes time is 2.109602
---------Rank: 53 	 Elapsed time:2.283136---------
task 123 is initialized
Rank 123 :: inject time is 0.000294, fill buffer time is 0.047201, communication time is 0.008148, wait time is 0.069880, copy halo time is 0.045254, update planes time is 2.106057
---------Rank: 123 	 Elapsed time:2.277414---------
task 71 is initialized
Rank 71 :: inject time is 0.000413, fill buffer time is 0.044812, communication time is 0.015938, wait time is 0.057231, copy halo time is 0.046679, update planes time is 2.115432
---------Rank: 71 	 Elapsed time:2.281014---------
task 90 is initialized
Rank 90 :: inject time is 0.000245, fill buffer time is 0.044724, communication time is 0.012058, wait time is 0.064508, copy halo time is 0.045740, update planes time is 2.109688
---------Rank: 90 	 Elapsed time:2.277492---------
task 31 is initialized
Rank 31 :: inject time is 0.000328, fill buffer time is 0.026693, communication time is 0.009582, wait time is 0.101697, copy halo time is 0.031971, update planes time is 2.107521
---------Rank: 31 	 Elapsed time:2.278401---------
task 82 is initialized
Rank 82 :: inject time is 0.000451, fill buffer time is 0.043513, communication time is 0.011472, wait time is 0.071865, copy halo time is 0.045491, update planes time is 2.106278
---------Rank: 82 	 Elapsed time:2.279598---------
task 48 is initialized
Rank 48 :: inject time is 0.000367, fill buffer time is 0.026859, communication time is 0.009087, wait time is 0.107013, copy halo time is 0.031831, update planes time is 2.107247
---------Rank: 48 	 Elapsed time:2.282855---------
Total_time: 3.994973724
