Tasks are decomposed in a grid 4 x 4

Task    8 :: 	grid coordinates :   0,   2
	neighbours: N    4    E    9    S   12    W   -2
Task    9 :: 	grid coordinates :   1,   2
	neighbours: N    5    E   10    S   13    W    8
Task   10 :: 	grid coordinates :   2,   2
	neighbours: N    6    E   11    S   14    W    9
Task   11 :: 	grid coordinates :   3,   2
	neighbours: N    7    E   -2    S   15    W   10
Task   12 :: 	grid coordinates :   0,   3
	neighbours: N    8    E   13    S   -2    W   -2
Task   13 :: 	grid coordinates :   1,   3
	neighbours: N    9    E   14    S   -2    W   12
Task   14 :: 	grid coordinates :   2,   3
	neighbours: N   10    E   15    S   -2    W   13
Task   15 :: 	grid coordinates :   3,   3
	neighbours: N   11    E   -2    S   -2    W   14
Task    0 :: 	grid coordinates :   0,   0
	neighbours: N   -2    E    1    S    4    W   -2
Task    1 :: 	grid coordinates :   1,   0
	neighbours: N   -2    E    2    S    5    W    0
Task    2 :: 	grid coordinates :   2,   0
	neighbours: N   -2    E    3    S    6    W    1
Task    3 :: 	grid coordinates :   3,   0
	neighbours: N   -2    E   -2    S    7    W    2
Task    4 :: 	grid coordinates :   0,   1
	neighbours: N    0    E    5    S    8    W   -2
Task    5 :: 	grid coordinates :   1,   1
	neighbours: N    1    E    6    S    9    W    4
Task    6 :: 	grid coordinates :   2,   1
	neighbours: N    2    E    7    S   10    W    5
Task    7 :: 	grid coordinates :   3,   1
	neighbours: N    3    E   -2    S   11    W    6
task 0 is initialized
Rank 0 :: inject time is 0.000751, fill buffer time is 0.079531, communication time is 0.005279, wait time is 0.224333, copy halo time is 0.102532, update planes time is 19.892579
---------Rank: 0 	 Elapsed time:20.305684---------
task 13 is initialized
Rank 13 :: inject time is 0.000760, fill buffer time is 0.122724, communication time is 0.006016, wait time is 0.208853, copy halo time is 0.131261, update planes time is 19.855728
---------Rank: 13 	 Elapsed time:20.325849---------
task 1 is initialized
Rank 1 :: inject time is 0.000491, fill buffer time is 0.122039, communication time is 0.006619, wait time is 0.155397, copy halo time is 0.130879, update planes time is 19.889986
---------Rank: 1 	 Elapsed time:20.305907---------
task 3 is initialized
Rank 3 :: inject time is 0.000718, fill buffer time is 0.079245, communication time is 0.005560, wait time is 0.218566, copy halo time is 0.103689, update planes time is 19.897325
---------Rank: 3 	 Elapsed time:20.305798---------
task 2 is initialized
Rank 2 :: inject time is 0.000663, fill buffer time is 0.123807, communication time is 0.006672, wait time is 0.086981, copy halo time is 0.135208, update planes time is 19.951813
---------Rank: 2 	 Elapsed time:20.305860---------
task 14 is initialized
Rank 14 :: inject time is 0.000618, fill buffer time is 0.121739, communication time is 0.007134, wait time is 0.160321, copy halo time is 0.130885, update planes time is 19.904670
---------Rank: 14 	 Elapsed time:20.325875---------
task 12 is initialized
Rank 12 :: inject time is 0.000697, fill buffer time is 0.078234, communication time is 0.005324, wait time is 0.282499, copy halo time is 0.099866, update planes time is 19.858345
---------Rank: 12 	 Elapsed time:20.325631---------
task 15 is initialized
Rank 15 :: inject time is 0.000676, fill buffer time is 0.078521, communication time is 0.005285, wait time is 0.267009, copy halo time is 0.101403, update planes time is 19.872069
---------Rank: 15 	 Elapsed time:20.325736---------
task 9 is initialized
Rank 9 :: inject time is 0.000668, fill buffer time is 0.124997, communication time is 0.025712, wait time is 0.090896, copy halo time is 0.134917, update planes time is 19.948056
---------Rank: 9 	 Elapsed time:20.325904---------
total injected energy is 300000, system energy is 299957 ( in avg 0.00533258 per grid point)
Comp time,Comms time
20.315841,0.013702

task 10 is initialized
Rank 10 :: inject time is 0.000979, fill buffer time is 0.124371, communication time is 0.021107, wait time is 0.084785, copy halo time is 0.134831, update planes time is 19.959308
---------Rank: 10 	 Elapsed time:20.325909---------
task 11 is initialized
Rank 11 :: inject time is 0.000658, fill buffer time is 0.079576, communication time is 0.025811, wait time is 0.227329, copy halo time is 0.104857, update planes time is 19.886910
---------Rank: 11 	 Elapsed time:20.325887---------
task 5 is initialized
Rank 5 :: inject time is 0.000987, fill buffer time is 0.127393, communication time is 0.018289, wait time is 0.104147, copy halo time is 0.139225, update planes time is 19.915140
---------Rank: 5 	 Elapsed time:20.305983---------
task 6 is initialized
Rank 6 :: inject time is 0.000649, fill buffer time is 0.126595, communication time is 0.019235, wait time is 0.140506, copy halo time is 0.137324, update planes time is 19.881015
---------Rank: 6 	 Elapsed time:20.305940---------
task 7 is initialized
Rank 7 :: inject time is 0.000849, fill buffer time is 0.080810, communication time is 0.017526, wait time is 0.230938, copy halo time is 0.103879, update planes time is 19.871028
---------Rank: 7 	 Elapsed time:20.305804---------
task 8 is initialized
Rank 8 :: inject time is 0.000679, fill buffer time is 0.079714, communication time is 0.025807, wait time is 0.165077, copy halo time is 0.101667, update planes time is 19.952188
---------Rank: 8 	 Elapsed time:20.325817---------
task 4 is initialized
Rank 4 :: inject time is 0.000704, fill buffer time is 0.082358, communication time is 0.017861, wait time is 0.193334, copy halo time is 0.105890, update planes time is 19.904978
---------Rank: 4 	 Elapsed time:20.305874---------
Total_time: 22.014118864
