Tasks are decomposed in a grid 8 x 8

Task    8 :: 	grid coordinates :   0,   1
	neighbours: N    0    E    9    S   16    W   -2
Task   24 :: 	grid coordinates :   0,   3
	neighbours: N   16    E   25    S   32    W   -2
Task   16 :: 	grid coordinates :   0,   2
	neighbours: N    8    E   17    S   24    W   -2
Task   32 :: 	grid coordinates :   0,   4
	neighbours: N   24    E   33    S   40    W   -2
Task   40 :: 	grid coordinates :   0,   5
	neighbours: N   32    E   41    S   48    W   -2
Task   48 :: 	grid coordinates :   0,   6
	neighbours: N   40    E   49    S   56    W   -2
Task   56 :: 	grid coordinates :   0,   7
	neighbours: N   48    E   57    S   -2    W   -2
Task   41 :: 	grid coordinates :   1,   5
	neighbours: N   33    E   42    S   49    W   40
Task    9 :: 	grid coordinates :   1,   1
	neighbours: N    1    E   10    S   17    W    8
Task   17 :: 	grid coordinates :   1,   2
	neighbours: N    9    E   18    S   25    W   16
Task   49 :: 	grid coordinates :   1,   6
	neighbours: N   41    E   50    S   57    W   48
Task   42 :: 	grid coordinates :   2,   5
	neighbours: N   34    E   43    S   50    W   41
Task   10 :: 	grid coordinates :   2,   1
	neighbours: N    2    E   11    S   18    W    9
Task   18 :: 	grid coordinates :   2,   2
	neighbours: N   10    E   19    S   26    W   17
Task   33 :: 	grid coordinates :   1,   4
	neighbours: N   25    E   34    S   41    W   32
Task   50 :: 	grid coordinates :   2,   6
	neighbours: N   42    E   51    S   58    W   49
Task   43 :: 	grid coordinates :   3,   5
	neighbours: N   35    E   44    S   51    W   42
Task   11 :: 	grid coordinates :   3,   1
	neighbours: N    3    E   12    S   19    W   10
Task   19 :: 	grid coordinates :   3,   2
	neighbours: N   11    E   20    S   27    W   18
Task   34 :: 	grid coordinates :   2,   4
	neighbours: N   26    E   35    S   42    W   33
Task   51 :: 	grid coordinates :   3,   6
	neighbours: N   43    E   52    S   59    W   50
Task   44 :: 	grid coordinates :   4,   5
	neighbours: N   36    E   45    S   52    W   43
Task   12 :: 	grid coordinates :   4,   1
	neighbours: N    4    E   13    S   20    W   11
Task   20 :: 	grid coordinates :   4,   2
	neighbours: N   12    E   21    S   28    W   19
Task   35 :: 	grid coordinates :   3,   4
	neighbours: N   27    E   36    S   43    W   34
Task   52 :: 	grid coordinates :   4,   6
	neighbours: N   44    E   53    S   60    W   51
Task   45 :: 	grid coordinates :   5,   5
	neighbours: N   37    E   46    S   53    W   44
Task   13 :: 	grid coordinates :   5,   1
	neighbours: N    5    E   14    S   21    W   12
Task   21 :: 	grid coordinates :   5,   2
	neighbours: N   13    E   22    S   29    W   20
Task   36 :: 	grid coordinates :   4,   4
	neighbours: N   28    E   37    S   44    W   35
Task   53 :: 	grid coordinates :   5,   6
	neighbours: N   45    E   54    S   61    W   52
Task   46 :: 	grid coordinates :   6,   5
	neighbours: N   38    E   47    S   54    W   45
Task   14 :: 	grid coordinates :   6,   1
	neighbours: N    6    E   15    S   22    W   13
Task   22 :: 	grid coordinates :   6,   2
	neighbours: N   14    E   23    S   30    W   21
Task   37 :: 	grid coordinates :   5,   4
	neighbours: N   29    E   38    S   45    W   36
Task   54 :: 	grid coordinates :   6,   6
	neighbours: N   46    E   55    S   62    W   53
Task   47 :: 	grid coordinates :   7,   5
	neighbours: N   39    E   -2    S   55    W   46
Task   15 :: 	grid coordinates :   7,   1
	neighbours: N    7    E   -2    S   23    W   14
Task   23 :: 	grid coordinates :   7,   2
	neighbours: N   15    E   -2    S   31    W   22
Task   38 :: 	grid coordinates :   6,   4
	neighbours: N   30    E   39    S   46    W   37
Task   55 :: 	grid coordinates :   7,   6
	neighbours: N   47    E   -2    S   63    W   54
Task   39 :: 	grid coordinates :   7,   4
	neighbours: N   31    E   -2    S   47    W   38
Task   25 :: 	grid coordinates :   1,   3
	neighbours: N   17    E   26    S   33    W   24
Task   57 :: 	grid coordinates :   1,   7
	neighbours: N   49    E   58    S   -2    W   56
Task   26 :: 	grid coordinates :   2,   3
	neighbours: N   18    E   27    S   34    W   25
Task   58 :: 	grid coordinates :   2,   7
	neighbours: N   50    E   59    S   -2    W   57
Task   27 :: 	grid coordinates :   3,   3
	neighbours: N   19    E   28    S   35    W   26
Task   59 :: 	grid coordinates :   3,   7
	neighbours: N   51    E   60    S   -2    W   58
Task   28 :: 	grid coordinates :   4,   3
	neighbours: N   20    E   29    S   36    W   27
Task   60 :: 	grid coordinates :   4,   7
	neighbours: N   52    E   61    S   -2    W   59
Task   29 :: 	grid coordinates :   5,   3
	neighbours: N   21    E   30    S   37    W   28
Task   61 :: 	grid coordinates :   5,   7
	neighbours: N   53    E   62    S   -2    W   60
Task   30 :: 	grid coordinates :   6,   3
	neighbours: N   22    E   31    S   38    W   29
Task   62 :: 	grid coordinates :   6,   7
	neighbours: N   54    E   63    S   -2    W   61
Task   31 :: 	grid coordinates :   7,   3
	neighbours: N   23    E   -2    S   39    W   30
Task   63 :: 	grid coordinates :   7,   7
	neighbours: N   55    E   -2    S   -2    W   62
Task    0 :: 	grid coordinates :   0,   0
	neighbours: N   -2    E    1    S    8    W   -2
Task    1 :: 	grid coordinates :   1,   0
	neighbours: N   -2    E    2    S    9    W    0
Task    2 :: 	grid coordinates :   2,   0
	neighbours: N   -2    E    3    S   10    W    1
Task    3 :: 	grid coordinates :   3,   0
	neighbours: N   -2    E    4    S   11    W    2
Task    4 :: 	grid coordinates :   4,   0
	neighbours: N   -2    E    5    S   12    W    3
Task    5 :: 	grid coordinates :   5,   0
	neighbours: N   -2    E    6    S   13    W    4
Task    6 :: 	grid coordinates :   6,   0
	neighbours: N   -2    E    7    S   14    W    5
Task    7 :: 	grid coordinates :   7,   0
	neighbours: N   -2    E   -2    S   15    W    6
task 0 is initialized
Rank 0 :: inject time is 0.000369, fill buffer time is 0.050637, communication time is 0.010403, wait time is 0.330651, copy halo time is 0.067727, update planes time is 9.938893
---------Rank: 0 	 Elapsed time:10.399589---------
task 53 is initialized
Rank 53 :: inject time is 0.000455, fill buffer time is 0.081617, communication time is 0.023791, wait time is 0.143967, copy halo time is 0.091466, update planes time is 10.055787
---------Rank: 53 	 Elapsed time:10.397713---------
task 11 is initialized
Rank 11 :: inject time is 0.000461, fill buffer time is 0.086235, communication time is 0.023187, wait time is 0.151859, copy halo time is 0.093237, update planes time is 10.042833
---------Rank: 11 	 Elapsed time:10.398328---------
task 56 is initialized
Rank 56 :: inject time is 0.000365, fill buffer time is 0.049884, communication time is 0.012042, wait time is 0.327391, copy halo time is 0.067347, update planes time is 9.929478
---------Rank: 56 	 Elapsed time:10.387224---------
task 49 is initialized
Rank 49 :: inject time is 0.000406, fill buffer time is 0.081059, communication time is 0.023719, wait time is 0.273875, copy halo time is 0.090801, update planes time is 9.926745
---------Rank: 49 	 Elapsed time:10.397266---------
task 51 is initialized
Rank 51 :: inject time is 0.000390, fill buffer time is 0.085323, communication time is 0.024986, wait time is 0.169782, copy halo time is 0.093528, update planes time is 10.023169
---------Rank: 51 	 Elapsed time:10.397739---------
task 57 is initialized
Rank 57 :: inject time is 0.000386, fill buffer time is 0.081335, communication time is 0.013816, wait time is 0.278874, copy halo time is 0.090530, update planes time is 9.921890
---------Rank: 57 	 Elapsed time:10.387321---------
task 60 is initialized
Rank 60 :: inject time is 0.000458, fill buffer time is 0.083659, communication time is 0.014202, wait time is 0.152996, copy halo time is 0.091912, update planes time is 10.043702
---------Rank: 60 	 Elapsed time:10.387554---------
task 62 is initialized
Rank 62 :: inject time is 0.000393, fill buffer time is 0.082816, communication time is 0.013026, wait time is 0.146804, copy halo time is 0.093861, update planes time is 10.049625
---------Rank: 62 	 Elapsed time:10.387083---------
task 61 is initialized
Rank 61 :: inject time is 0.000401, fill buffer time is 0.082988, communication time is 0.013314, wait time is 0.153820, copy halo time is 0.093895, update planes time is 10.042550
---------Rank: 61 	 Elapsed time:10.387524---------
task 63 is initialized
Rank 63 :: inject time is 0.000336, fill buffer time is 0.051571, communication time is 0.012607, wait time is 0.242608, copy halo time is 0.069835, update planes time is 10.009091
---------Rank: 63 	 Elapsed time:10.386772---------
task 58 is initialized
Rank 58 :: inject time is 0.000370, fill buffer time is 0.082154, communication time is 0.012639, wait time is 0.158073, copy halo time is 0.092035, update planes time is 10.041385
---------Rank: 58 	 Elapsed time:10.387321---------
task 50 is initialized
Rank 50 :: inject time is 0.000435, fill buffer time is 0.081768, communication time is 0.021785, wait time is 0.139241, copy halo time is 0.092579, update planes time is 10.060921
---------Rank: 50 	 Elapsed time:10.397424---------
task 48 is initialized
Rank 48 :: inject time is 0.000455, fill buffer time is 0.049804, communication time is 0.020115, wait time is 0.335938, copy halo time is 0.066868, update planes time is 9.923369
---------Rank: 48 	 Elapsed time:10.397068---------
task 52 is initialized
Rank 52 :: inject time is 0.000260, fill buffer time is 0.083723, communication time is 0.025194, wait time is 0.165955, copy halo time is 0.093587, update planes time is 10.028209
---------Rank: 52 	 Elapsed time:10.397738---------
task 54 is initialized
Rank 54 :: inject time is 0.000381, fill buffer time is 0.081930, communication time is 0.022949, wait time is 0.153800, copy halo time is 0.092787, update planes time is 10.044997
---------Rank: 54 	 Elapsed time:10.397438---------
task 59 is initialized
Rank 59 :: inject time is 0.000413, fill buffer time is 0.085080, communication time is 0.013632, wait time is 0.152655, copy halo time is 0.091341, update planes time is 10.043830
---------Rank: 59 	 Elapsed time:10.387558---------
task 8 is initialized
Rank 8 :: inject time is 0.000367, fill buffer time is 0.050415, communication time is 0.019939, wait time is 0.300739, copy halo time is 0.068188, update planes time is 9.957783
---------Rank: 8 	 Elapsed time:10.398087---------
task 55 is initialized
Rank 55 :: inject time is 0.000380, fill buffer time is 0.051354, communication time is 0.023818, wait time is 0.185257, copy halo time is 0.070726, update planes time is 10.064740
---------Rank: 55 	 Elapsed time:10.396978---------
task 9 is initialized
Rank 9 :: inject time is 0.000348, fill buffer time is 0.083082, communication time is 0.021481, wait time is 0.227186, copy halo time is 0.094284, update planes time is 9.971241
---------Rank: 9 	 Elapsed time:10.398318---------
task 10 is initialized
Rank 10 :: inject time is 0.000520, fill buffer time is 0.082861, communication time is 0.017302, wait time is 0.125716, copy halo time is 0.092803, update planes time is 10.078569
---------Rank: 10 	 Elapsed time:10.398312---------
task 12 is initialized
Rank 12 :: inject time is 0.000394, fill buffer time is 0.082458, communication time is 0.024242, wait time is 0.150089, copy halo time is 0.091662, update planes time is 10.048759
---------Rank: 12 	 Elapsed time:10.398205---------
task 13 is initialized
Rank 13 :: inject time is 0.000398, fill buffer time is 0.083461, communication time is 0.021485, wait time is 0.134830, copy halo time is 0.092445, update planes time is 10.064996
---------Rank: 13 	 Elapsed time:10.398196---------
task 15 is initialized
Rank 15 :: inject time is 0.000396, fill buffer time is 0.050239, communication time is 0.020932, wait time is 0.230265, copy halo time is 0.068450, update planes time is 10.027109
---------Rank: 15 	 Elapsed time:10.398063---------
task 25 is initialized
Rank 25 :: inject time is 0.000387, fill buffer time is 0.081393, communication time is 0.022181, wait time is 0.272358, copy halo time is 0.089016, update planes time is 9.938204
---------Rank: 25 	 Elapsed time:10.404095---------
task 27 is initialized
Rank 27 :: inject time is 0.000384, fill buffer time is 0.084888, communication time is 0.024083, wait time is 0.142017, copy halo time is 0.092226, update planes time is 10.060050
---------Rank: 27 	 Elapsed time:10.404109---------
task 29 is initialized
Rank 29 :: inject time is 0.000391, fill buffer time is 0.082262, communication time is 0.023398, wait time is 0.151976, copy halo time is 0.093134, update planes time is 10.052188
---------Rank: 29 	 Elapsed time:10.404016---------
task 24 is initialized
Rank 24 :: inject time is 0.000237, fill buffer time is 0.049676, communication time is 0.020837, wait time is 0.316171, copy halo time is 0.067277, update planes time is 9.948651
---------Rank: 24 	 Elapsed time:10.403911---------
task 28 is initialized
Rank 28 :: inject time is 0.000363, fill buffer time is 0.082702, communication time is 0.025426, wait time is 0.154957, copy halo time is 0.091082, update planes time is 10.049047
---------Rank: 28 	 Elapsed time:10.404070---------
task 14 is initialized
Rank 14 :: inject time is 0.000559, fill buffer time is 0.082778, communication time is 0.022267, wait time is 0.156589, copy halo time is 0.093130, update planes time is 10.042019
---------Rank: 14 	 Elapsed time:10.398043---------
task 30 is initialized
Rank 30 :: inject time is 0.000413, fill buffer time is 0.081874, communication time is 0.023325, wait time is 0.183108, copy halo time is 0.091912, update planes time is 10.022598
---------Rank: 30 	 Elapsed time:10.404019---------
task 31 is initialized
Rank 31 :: inject time is 0.000571, fill buffer time is 0.049964, communication time is 0.021723, wait time is 0.192521, copy halo time is 0.068321, update planes time is 10.069776
---------Rank: 31 	 Elapsed time:10.403487---------
task 26 is initialized
Rank 26 :: inject time is 0.000304, fill buffer time is 0.082067, communication time is 0.021952, wait time is 0.123034, copy halo time is 0.092945, update planes time is 10.083191
---------Rank: 26 	 Elapsed time:10.404114---------
task 16 is initialized
Rank 16 :: inject time is 0.000434, fill buffer time is 0.050748, communication time is 0.021577, wait time is 0.306971, copy halo time is 0.067623, update planes time is 9.947716
---------Rank: 16 	 Elapsed time:10.395768---------
task 17 is initialized
Rank 17 :: inject time is 0.000527, fill buffer time is 0.082682, communication time is 0.025362, wait time is 0.271686, copy halo time is 0.092358, update planes time is 9.922809
---------Rank: 17 	 Elapsed time:10.395942---------
task 19 is initialized
Rank 19 :: inject time is 0.000442, fill buffer time is 0.084900, communication time is 0.026289, wait time is 0.124089, copy halo time is 0.091884, update planes time is 10.067762
---------Rank: 19 	 Elapsed time:10.395992---------
task 18 is initialized
Rank 18 :: inject time is 0.000365, fill buffer time is 0.084038, communication time is 0.022597, wait time is 0.114474, copy halo time is 0.094221, update planes time is 10.079717
---------Rank: 18 	 Elapsed time:10.395974---------
task 20 is initialized
Rank 20 :: inject time is 0.000464, fill buffer time is 0.084408, communication time is 0.027368, wait time is 0.140711, copy halo time is 0.092576, update planes time is 10.049775
---------Rank: 20 	 Elapsed time:10.395976---------
task 21 is initialized
Rank 21 :: inject time is 0.000437, fill buffer time is 0.083953, communication time is 0.025525, wait time is 0.122601, copy halo time is 0.094055, update planes time is 10.068637
---------Rank: 21 	 Elapsed time:10.395911---------
task 22 is initialized
Rank 22 :: inject time is 0.000403, fill buffer time is 0.083492, communication time is 0.025087, wait time is 0.171474, copy halo time is 0.090298, update planes time is 10.024403
---------Rank: 22 	 Elapsed time:10.395877---------
task 23 is initialized
Rank 23 :: inject time is 0.000455, fill buffer time is 0.051989, communication time is 0.025377, wait time is 0.197608, copy halo time is 0.069502, update planes time is 10.050116
---------Rank: 23 	 Elapsed time:10.395816---------
task 40 is initialized
Rank 40 :: inject time is 0.000427, fill buffer time is 0.048671, communication time is 0.023504, wait time is 0.322296, copy halo time is 0.064370, update planes time is 9.946699
---------Rank: 40 	 Elapsed time:10.406533---------
task 41 is initialized
Rank 41 :: inject time is 0.000375, fill buffer time is 0.080674, communication time is 0.024469, wait time is 0.290850, copy halo time is 0.088011, update planes time is 9.921810
---------Rank: 41 	 Elapsed time:10.406793---------
task 43 is initialized
Rank 43 :: inject time is 0.000455, fill buffer time is 0.085060, communication time is 0.026618, wait time is 0.136889, copy halo time is 0.093875, update planes time is 10.063322
---------Rank: 43 	 Elapsed time:10.406802---------
task 44 is initialized
Rank 44 :: inject time is 0.000396, fill buffer time is 0.082653, communication time is 0.027443, wait time is 0.172961, copy halo time is 0.092870, update planes time is 10.029813
---------Rank: 44 	 Elapsed time:10.406721---------
task 45 is initialized
Rank 45 :: inject time is 0.000483, fill buffer time is 0.081336, communication time is 0.025125, wait time is 0.161038, copy halo time is 0.089945, update planes time is 10.047979
---------Rank: 45 	 Elapsed time:10.406569---------
task 46 is initialized
Rank 46 :: inject time is 0.000360, fill buffer time is 0.081841, communication time is 0.024508, wait time is 0.171084, copy halo time is 0.091008, update planes time is 10.037076
---------Rank: 46 	 Elapsed time:10.406497---------
task 47 is initialized
Rank 47 :: inject time is 0.000414, fill buffer time is 0.051214, communication time is 0.024330, wait time is 0.250108, copy halo time is 0.071788, update planes time is 10.007892
---------Rank: 47 	 Elapsed time:10.406422---------
total injected energy is 300000, system energy is 299991 ( in avg 0.0106635 per grid point)
Comp time,Comms time
10.399068,0.020879

task 1 is initialized
Rank 1 :: inject time is 0.000387, fill buffer time is 0.081316, communication time is 0.014138, wait time is 0.283153, copy halo time is 0.090002, update planes time is 9.930012
---------Rank: 1 	 Elapsed time:10.399775---------
task 2 is initialized
Rank 2 :: inject time is 0.000420, fill buffer time is 0.083031, communication time is 0.012530, wait time is 0.131947, copy halo time is 0.093077, update planes time is 10.078136
---------Rank: 2 	 Elapsed time:10.399825---------
task 3 is initialized
Rank 3 :: inject time is 0.000309, fill buffer time is 0.085469, communication time is 0.014541, wait time is 0.146983, copy halo time is 0.092270, update planes time is 10.059618
---------Rank: 3 	 Elapsed time:10.399820---------
task 5 is initialized
Rank 5 :: inject time is 0.000406, fill buffer time is 0.082649, communication time is 0.013342, wait time is 0.183997, copy halo time is 0.093532, update planes time is 10.025153
---------Rank: 5 	 Elapsed time:10.399687---------
task 6 is initialized
Rank 6 :: inject time is 0.000391, fill buffer time is 0.083629, communication time is 0.013294, wait time is 0.183251, copy halo time is 0.093038, update planes time is 10.025267
---------Rank: 6 	 Elapsed time:10.399624---------
task 7 is initialized
Rank 7 :: inject time is 0.000403, fill buffer time is 0.051266, communication time is 0.012435, wait time is 0.220170, copy halo time is 0.069605, update planes time is 10.044705
---------Rank: 7 	 Elapsed time:10.399516---------
task 42 is initialized
Rank 42 :: inject time is 0.000537, fill buffer time is 0.082235, communication time is 0.019638, wait time is 0.075095, copy halo time is 0.090533, update planes time is 10.138189
---------Rank: 42 	 Elapsed time:10.406795---------
task 34 is initialized
Rank 34 :: inject time is 0.000436, fill buffer time is 0.083021, communication time is 0.019819, wait time is 0.127767, copy halo time is 0.092230, update planes time is 10.079736
---------Rank: 34 	 Elapsed time:10.403568---------
task 35 is initialized
Rank 35 :: inject time is 0.000406, fill buffer time is 0.086389, communication time is 0.026348, wait time is 0.150663, copy halo time is 0.094291, update planes time is 10.044805
---------Rank: 35 	 Elapsed time:10.403547---------
task 36 is initialized
Rank 36 :: inject time is 0.000375, fill buffer time is 0.082947, communication time is 0.026581, wait time is 0.166634, copy halo time is 0.090489, update planes time is 10.035858
---------Rank: 36 	 Elapsed time:10.403425---------
task 39 is initialized
Rank 39 :: inject time is 0.000425, fill buffer time is 0.050988, communication time is 0.024027, wait time is 0.217560, copy halo time is 0.069973, update planes time is 10.039595
---------Rank: 39 	 Elapsed time:10.403231---------
task 32 is initialized
Rank 32 :: inject time is 0.000496, fill buffer time is 0.051196, communication time is 0.020887, wait time is 0.298855, copy halo time is 0.069121, update planes time is 9.962217
---------Rank: 32 	 Elapsed time:10.403347---------
task 37 is initialized
Rank 37 :: inject time is 0.000520, fill buffer time is 0.082795, communication time is 0.024465, wait time is 0.168850, copy halo time is 0.092234, update planes time is 10.033927
---------Rank: 37 	 Elapsed time:10.403385---------
task 38 is initialized
Rank 38 :: inject time is 0.000446, fill buffer time is 0.082028, communication time is 0.024924, wait time is 0.163360, copy halo time is 0.092305, update planes time is 10.039561
---------Rank: 38 	 Elapsed time:10.403272---------
task 4 is initialized
Rank 4 :: inject time is 0.000398, fill buffer time is 0.083228, communication time is 0.014666, wait time is 0.170231, copy halo time is 0.092183, update planes time is 10.038360
---------Rank: 4 	 Elapsed time:10.399748---------
task 33 is initialized
Rank 33 :: inject time is 0.000406, fill buffer time is 0.082890, communication time is 0.023625, wait time is 0.270204, copy halo time is 0.092895, update planes time is 9.932849
---------Rank: 33 	 Elapsed time:10.403514---------
Total_time: 12.074992554
