Tasks are decomposed in a grid 8 x 4

Task    8 :: 	grid coordinates :   0,   1
	neighbours: N    0    E    9    S   16    W   -2
Task   16 :: 	grid coordinates :   0,   2
	neighbours: N    8    E   17    S   24    W   -2
Task   24 :: 	grid coordinates :   0,   3
	neighbours: N   16    E   25    S   -2    W   -2
Task    9 :: 	grid coordinates :   1,   1
	neighbours: N    1    E   10    S   17    W    8
Task   17 :: 	grid coordinates :   1,   2
	neighbours: N    9    E   18    S   25    W   16
Task   10 :: 	grid coordinates :   2,   1
	neighbours: N    2    E   11    S   18    W    9
Task   18 :: 	grid coordinates :   2,   2
	neighbours: N   10    E   19    S   26    W   17
Task   11 :: 	grid coordinates :   3,   1
	neighbours: N    3    E   12    S   19    W   10
Task   19 :: 	grid coordinates :   3,   2
	neighbours: N   11    E   20    S   27    W   18
Task   12 :: 	grid coordinates :   4,   1
	neighbours: N    4    E   13    S   20    W   11
Task   20 :: 	grid coordinates :   4,   2
	neighbours: N   12    E   21    S   28    W   19
Task   13 :: 	grid coordinates :   5,   1
	neighbours: N    5    E   14    S   21    W   12
Task   21 :: 	grid coordinates :   5,   2
	neighbours: N   13    E   22    S   29    W   20
Task   14 :: 	grid coordinates :   6,   1
	neighbours: N    6    E   15    S   22    W   13
Task   22 :: 	grid coordinates :   6,   2
	neighbours: N   14    E   23    S   30    W   21
Task   15 :: 	grid coordinates :   7,   1
	neighbours: N    7    E   -2    S   23    W   14
Task   23 :: 	grid coordinates :   7,   2
	neighbours: N   15    E   -2    S   31    W   22
Task   25 :: 	grid coordinates :   1,   3
	neighbours: N   17    E   26    S   -2    W   24
Task   26 :: 	grid coordinates :   2,   3
	neighbours: N   18    E   27    S   -2    W   25
Task   27 :: 	grid coordinates :   3,   3
	neighbours: N   19    E   28    S   -2    W   26
Task   28 :: 	grid coordinates :   4,   3
	neighbours: N   20    E   29    S   -2    W   27
Task   29 :: 	grid coordinates :   5,   3
	neighbours: N   21    E   30    S   -2    W   28
Task   30 :: 	grid coordinates :   6,   3
	neighbours: N   22    E   31    S   -2    W   29
Task   31 :: 	grid coordinates :   7,   3
	neighbours: N   23    E   -2    S   -2    W   30
Task    0 :: 	grid coordinates :   0,   0
	neighbours: N   -2    E    1    S    8    W   -2
Task    1 :: 	grid coordinates :   1,   0
	neighbours: N   -2    E    2    S    9    W    0
Task    2 :: 	grid coordinates :   2,   0
	neighbours: N   -2    E    3    S   10    W    1
Task    3 :: 	grid coordinates :   3,   0
	neighbours: N   -2    E    4    S   11    W    2
Task    4 :: 	grid coordinates :   4,   0
	neighbours: N   -2    E    5    S   12    W    3
Task    5 :: 	grid coordinates :   5,   0
	neighbours: N   -2    E    6    S   13    W    4
Task    6 :: 	grid coordinates :   6,   0
	neighbours: N   -2    E    7    S   14    W    5
Task    7 :: 	grid coordinates :   7,   0
	neighbours: N   -2    E   -2    S   15    W    6
task 0 is initialized
Rank 0 :: inject time is 0.000560, fill buffer time is 0.063611, communication time is 0.007943, wait time is 0.182566, copy halo time is 0.084013, update planes time is 9.402544
---------Rank: 0 	 Elapsed time:9.741983---------
task 8 is initialized
Rank 8 :: inject time is 0.000417, fill buffer time is 0.063776, communication time is 0.017074, wait time is 0.226383, copy halo time is 0.083986, update planes time is 9.358849
---------Rank: 8 	 Elapsed time:9.751035---------
task 9 is initialized
Rank 9 :: inject time is 0.000442, fill buffer time is 0.107657, communication time is 0.016620, wait time is 0.178548, copy halo time is 0.110905, update planes time is 9.336554
---------Rank: 9 	 Elapsed time:9.751166---------
task 11 is initialized
Rank 11 :: inject time is 0.000516, fill buffer time is 0.114251, communication time is 0.017902, wait time is 0.136962, copy halo time is 0.117182, update planes time is 9.363767
---------Rank: 11 	 Elapsed time:9.751133---------
task 10 is initialized
Rank 10 :: inject time is 0.000316, fill buffer time is 0.106807, communication time is 0.016661, wait time is 0.204550, copy halo time is 0.108090, update planes time is 9.313997
---------Rank: 10 	 Elapsed time:9.751137---------
task 12 is initialized
Rank 12 :: inject time is 0.000387, fill buffer time is 0.110110, communication time is 0.018731, wait time is 0.187121, copy halo time is 0.110705, update planes time is 9.323489
---------Rank: 12 	 Elapsed time:9.751107---------
task 13 is initialized
Rank 13 :: inject time is 0.000466, fill buffer time is 0.108916, communication time is 0.017402, wait time is 0.183280, copy halo time is 0.113633, update planes time is 9.326848
---------Rank: 13 	 Elapsed time:9.751008---------
task 15 is initialized
Rank 15 :: inject time is 0.000544, fill buffer time is 0.062452, communication time is 0.016701, wait time is 0.235804, copy halo time is 0.084528, update planes time is 9.350055
---------Rank: 15 	 Elapsed time:9.750801---------
task 14 is initialized
Rank 14 :: inject time is 0.000372, fill buffer time is 0.107811, communication time is 0.017330, wait time is 0.179246, copy halo time is 0.112655, update planes time is 9.332988
---------Rank: 14 	 Elapsed time:9.750909---------
task 26 is initialized
Rank 26 :: inject time is 0.000632, fill buffer time is 0.108300, communication time is 0.008634, wait time is 0.107587, copy halo time is 0.117816, update planes time is 9.408322
---------Rank: 26 	 Elapsed time:9.751816---------
task 27 is initialized
Rank 27 :: inject time is 0.000540, fill buffer time is 0.112968, communication time is 0.009518, wait time is 0.163896, copy halo time is 0.116355, update planes time is 9.347979
---------Rank: 27 	 Elapsed time:9.751815---------
task 29 is initialized
Rank 29 :: inject time is 0.000502, fill buffer time is 0.109159, communication time is 0.011196, wait time is 0.156543, copy halo time is 0.117788, update planes time is 9.355858
---------Rank: 29 	 Elapsed time:9.751665---------
task 6 is initialized
Rank 6 :: inject time is 0.000512, fill buffer time is 0.111605, communication time is 0.009215, wait time is 0.130339, copy halo time is 0.117395, update planes time is 9.372096
---------Rank: 6 	 Elapsed time:9.741742---------
task 28 is initialized
Rank 28 :: inject time is 0.000452, fill buffer time is 0.110073, communication time is 0.009822, wait time is 0.115267, copy halo time is 0.118230, update planes time is 9.397328
---------Rank: 28 	 Elapsed time:9.751721---------
task 31 is initialized
Rank 31 :: inject time is 0.000578, fill buffer time is 0.064062, communication time is 0.008782, wait time is 0.268597, copy halo time is 0.085573, update planes time is 9.323145
---------Rank: 31 	 Elapsed time:9.751521---------
task 25 is initialized
Rank 25 :: inject time is 0.000486, fill buffer time is 0.108700, communication time is 0.008423, wait time is 0.145925, copy halo time is 0.114798, update planes time is 9.372906
---------Rank: 25 	 Elapsed time:9.751796---------
task 30 is initialized
Rank 30 :: inject time is 0.000487, fill buffer time is 0.108153, communication time is 0.009412, wait time is 0.173871, copy halo time is 0.112844, update planes time is 9.346256
---------Rank: 30 	 Elapsed time:9.751619---------
task 5 is initialized
Rank 5 :: inject time is 0.000513, fill buffer time is 0.111659, communication time is 0.009583, wait time is 0.154430, copy halo time is 0.119027, update planes time is 9.346030
---------Rank: 5 	 Elapsed time:9.741827---------
task 7 is initialized
Rank 7 :: inject time is 0.000643, fill buffer time is 0.065427, communication time is 0.008716, wait time is 0.240064, copy halo time is 0.087066, update planes time is 9.339050
---------Rank: 7 	 Elapsed time:9.741664---------
task 24 is initialized
Rank 24 :: inject time is 0.000410, fill buffer time is 0.063844, communication time is 0.008183, wait time is 0.219014, copy halo time is 0.088136, update planes time is 9.371524
---------Rank: 24 	 Elapsed time:9.751783---------
task 2 is initialized
Rank 2 :: inject time is 0.000458, fill buffer time is 0.108354, communication time is 0.008964, wait time is 0.129527, copy halo time is 0.114682, update planes time is 9.379460
---------Rank: 2 	 Elapsed time:9.742030---------
task 4 is initialized
Rank 4 :: inject time is 0.000588, fill buffer time is 0.111656, communication time is 0.010193, wait time is 0.147054, copy halo time is 0.116533, update planes time is 9.355263
---------Rank: 4 	 Elapsed time:9.741887---------
total injected energy is 300000, system energy is 299994 ( in avg 0.0106665 per grid point)
Comp time,Comms time
9.751254,0.014558

task 3 is initialized
Rank 3 :: inject time is 0.000513, fill buffer time is 0.113349, communication time is 0.009933, wait time is 0.111951, copy halo time is 0.117708, update planes time is 9.387888
---------Rank: 3 	 Elapsed time:9.741946---------
task 1 is initialized
Rank 1 :: inject time is 0.000699, fill buffer time is 0.109082, communication time is 0.008461, wait time is 0.122516, copy halo time is 0.114249, update planes time is 9.386487
---------Rank: 1 	 Elapsed time:9.742023---------
task 18 is initialized
Rank 18 :: inject time is 0.000487, fill buffer time is 0.109390, communication time is 0.020081, wait time is 0.073384, copy halo time is 0.114389, update planes time is 9.442076
---------Rank: 18 	 Elapsed time:9.760479---------
task 17 is initialized
Rank 17 :: inject time is 0.000492, fill buffer time is 0.110334, communication time is 0.021120, wait time is 0.114680, copy halo time is 0.116660, update planes time is 9.396702
---------Rank: 17 	 Elapsed time:9.760470---------
task 19 is initialized
Rank 19 :: inject time is 0.000440, fill buffer time is 0.114986, communication time is 0.026127, wait time is 0.164422, copy halo time is 0.116818, update planes time is 9.337083
---------Rank: 19 	 Elapsed time:9.760463---------
task 20 is initialized
Rank 20 :: inject time is 0.000476, fill buffer time is 0.110825, communication time is 0.024154, wait time is 0.142119, copy halo time is 0.116330, update planes time is 9.366063
---------Rank: 20 	 Elapsed time:9.760408---------
task 21 is initialized
Rank 21 :: inject time is 0.000477, fill buffer time is 0.109777, communication time is 0.021693, wait time is 0.159361, copy halo time is 0.113268, update planes time is 9.355139
---------Rank: 21 	 Elapsed time:9.760321---------
task 22 is initialized
Rank 22 :: inject time is 0.000501, fill buffer time is 0.109436, communication time is 0.022638, wait time is 0.136009, copy halo time is 0.112924, update planes time is 9.378229
---------Rank: 22 	 Elapsed time:9.760231---------
task 23 is initialized
Rank 23 :: inject time is 0.000419, fill buffer time is 0.063728, communication time is 0.023619, wait time is 0.246095, copy halo time is 0.083275, update planes time is 9.342399
---------Rank: 23 	 Elapsed time:9.760205---------
task 16 is initialized
Rank 16 :: inject time is 0.000411, fill buffer time is 0.064454, communication time is 0.021037, wait time is 0.203765, copy halo time is 0.084364, update planes time is 9.385826
---------Rank: 16 	 Elapsed time:9.760429---------
Total_time: 11.898952314
