Tasks are decomposed in a grid 8 x 8

Task    8 :: 	grid coordinates :   0,   1
	neighbours: N    0    E    9    S   16    W   -2
Task   16 :: 	grid coordinates :   0,   2
	neighbours: N    8    E   17    S   24    W   -2
Task   24 :: 	grid coordinates :   0,   3
	neighbours: N   16    E   25    S   32    W   -2
Task   32 :: 	grid coordinates :   0,   4
	neighbours: N   24    E   33    S   40    W   -2
Task   48 :: 	grid coordinates :   0,   6
	neighbours: N   40    E   49    S   56    W   -2
Task   40 :: 	grid coordinates :   0,   5
	neighbours: N   32    E   41    S   48    W   -2
Task   56 :: 	grid coordinates :   0,   7
	neighbours: N   48    E   57    S   -2    W   -2
Task   25 :: 	grid coordinates :   1,   3
	neighbours: N   17    E   26    S   33    W   24
Task   33 :: 	grid coordinates :   1,   4
	neighbours: N   25    E   34    S   41    W   32
Task   41 :: 	grid coordinates :   1,   5
	neighbours: N   33    E   42    S   49    W   40
Task   26 :: 	grid coordinates :   2,   3
	neighbours: N   18    E   27    S   34    W   25
Task   34 :: 	grid coordinates :   2,   4
	neighbours: N   26    E   35    S   42    W   33
Task   42 :: 	grid coordinates :   2,   5
	neighbours: N   34    E   43    S   50    W   41
Task   27 :: 	grid coordinates :   3,   3
	neighbours: N   19    E   28    S   35    W   26
Task   35 :: 	grid coordinates :   3,   4
	neighbours: N   27    E   36    S   43    W   34
Task   43 :: 	grid coordinates :   3,   5
	neighbours: N   35    E   44    S   51    W   42
Task   28 :: 	grid coordinates :   4,   3
	neighbours: N   20    E   29    S   36    W   27
Task   36 :: 	grid coordinates :   4,   4
	neighbours: N   28    E   37    S   44    W   35
Task   44 :: 	grid coordinates :   4,   5
	neighbours: N   36    E   45    S   52    W   43
Task   29 :: 	grid coordinates :   5,   3
	neighbours: N   21    E   30    S   37    W   28
Task   37 :: 	grid coordinates :   5,   4
	neighbours: N   29    E   38    S   45    W   36
Task   45 :: 	grid coordinates :   5,   5
	neighbours: N   37    E   46    S   53    W   44
Task   30 :: 	grid coordinates :   6,   3
	neighbours: N   22    E   31    S   38    W   29
Task   38 :: 	grid coordinates :   6,   4
	neighbours: N   30    E   39    S   46    W   37
Task   46 :: 	grid coordinates :   6,   5
	neighbours: N   38    E   47    S   54    W   45
Task   31 :: 	grid coordinates :   7,   3
	neighbours: N   23    E   -2    S   39    W   30
Task   57 :: 	grid coordinates :   1,   7
	neighbours: N   49    E   58    S   -2    W   56
Task   39 :: 	grid coordinates :   7,   4
	neighbours: N   31    E   -2    S   47    W   38
Task   47 :: 	grid coordinates :   7,   5
	neighbours: N   39    E   -2    S   55    W   46
Task   58 :: 	grid coordinates :   2,   7
	neighbours: N   50    E   59    S   -2    W   57
Task   59 :: 	grid coordinates :   3,   7
	neighbours: N   51    E   60    S   -2    W   58
Task   60 :: 	grid coordinates :   4,   7
	neighbours: N   52    E   61    S   -2    W   59
Task    9 :: 	grid coordinates :   1,   1
	neighbours: N    1    E   10    S   17    W    8
Task   49 :: 	grid coordinates :   1,   6
	neighbours: N   41    E   50    S   57    W   48
Task   61 :: 	grid coordinates :   5,   7
	neighbours: N   53    E   62    S   -2    W   60
Task   10 :: 	grid coordinates :   2,   1
	neighbours: N    2    E   11    S   18    W    9
Task   50 :: 	grid coordinates :   2,   6
	neighbours: N   42    E   51    S   58    W   49
Task   62 :: 	grid coordinates :   6,   7
	neighbours: N   54    E   63    S   -2    W   61
Task   11 :: 	grid coordinates :   3,   1
	neighbours: N    3    E   12    S   19    W   10
Task   51 :: 	grid coordinates :   3,   6
	neighbours: N   43    E   52    S   59    W   50
Task   63 :: 	grid coordinates :   7,   7
	neighbours: N   55    E   -2    S   -2    W   62
Task   12 :: 	grid coordinates :   4,   1
	neighbours: N    4    E   13    S   20    W   11
Task   52 :: 	grid coordinates :   4,   6
	neighbours: N   44    E   53    S   60    W   51
Task   13 :: 	grid coordinates :   5,   1
	neighbours: N    5    E   14    S   21    W   12
Task   53 :: 	grid coordinates :   5,   6
	neighbours: N   45    E   54    S   61    W   52
Task   14 :: 	grid coordinates :   6,   1
	neighbours: N    6    E   15    S   22    W   13
Task   54 :: 	grid coordinates :   6,   6
	neighbours: N   46    E   55    S   62    W   53
Task   15 :: 	grid coordinates :   7,   1
	neighbours: N    7    E   -2    S   23    W   14
Task   55 :: 	grid coordinates :   7,   6
	neighbours: N   47    E   -2    S   63    W   54
Task   17 :: 	grid coordinates :   1,   2
	neighbours: N    9    E   18    S   25    W   16
Task   18 :: 	grid coordinates :   2,   2
	neighbours: N   10    E   19    S   26    W   17
Task   19 :: 	grid coordinates :   3,   2
	neighbours: N   11    E   20    S   27    W   18
Task   20 :: 	grid coordinates :   4,   2
	neighbours: N   12    E   21    S   28    W   19
Task   21 :: 	grid coordinates :   5,   2
	neighbours: N   13    E   22    S   29    W   20
Task   22 :: 	grid coordinates :   6,   2
	neighbours: N   14    E   23    S   30    W   21
Task   23 :: 	grid coordinates :   7,   2
	neighbours: N   15    E   -2    S   31    W   22
Task    0 :: 	grid coordinates :   0,   0
	neighbours: N   -2    E    1    S    8    W   -2
Task    1 :: 	grid coordinates :   1,   0
	neighbours: N   -2    E    2    S    9    W    0
Task    2 :: 	grid coordinates :   2,   0
	neighbours: N   -2    E    3    S   10    W    1
Task    3 :: 	grid coordinates :   3,   0
	neighbours: N   -2    E    4    S   11    W    2
Task    4 :: 	grid coordinates :   4,   0
	neighbours: N   -2    E    5    S   12    W    3
Task    5 :: 	grid coordinates :   5,   0
	neighbours: N   -2    E    6    S   13    W    4
Task    6 :: 	grid coordinates :   6,   0
	neighbours: N   -2    E    7    S   14    W    5
Task    7 :: 	grid coordinates :   7,   0
	neighbours: N   -2    E   -2    S   15    W    6
task 0 is initialized
Rank 0 :: inject time is 0.000403, fill buffer time is 0.050664, communication time is 0.008339, wait time is 0.476392, copy halo time is 0.068119, update planes time is 10.315283
---------Rank: 0 	 Elapsed time:10.919725---------
task 40 is initialized
Rank 40 :: inject time is 0.000445, fill buffer time is 0.050880, communication time is 0.023836, wait time is 0.485223, copy halo time is 0.069979, update planes time is 10.273965
---------Rank: 40 	 Elapsed time:10.904931---------
task 41 is initialized
Rank 41 :: inject time is 0.000400, fill buffer time is 0.082496, communication time is 0.023224, wait time is 0.314906, copy halo time is 0.093172, update planes time is 10.391275
---------Rank: 41 	 Elapsed time:10.906009---------
task 42 is initialized
Rank 42 :: inject time is 0.000364, fill buffer time is 0.082514, communication time is 0.026546, wait time is 0.448787, copy halo time is 0.093427, update planes time is 10.255230
---------Rank: 42 	 Elapsed time:10.907545---------
task 43 is initialized
Rank 43 :: inject time is 0.000444, fill buffer time is 0.085699, communication time is 0.026990, wait time is 0.356303, copy halo time is 0.095387, update planes time is 10.342104
---------Rank: 43 	 Elapsed time:10.907574---------
task 45 is initialized
Rank 45 :: inject time is 0.000405, fill buffer time is 0.082518, communication time is 0.026430, wait time is 0.430693, copy halo time is 0.092107, update planes time is 10.273731
---------Rank: 45 	 Elapsed time:10.906381---------
task 46 is initialized
Rank 46 :: inject time is 0.000394, fill buffer time is 0.081841, communication time is 0.025930, wait time is 0.292459, copy halo time is 0.089898, update planes time is 10.413768
---------Rank: 46 	 Elapsed time:10.904930---------
task 47 is initialized
Rank 47 :: inject time is 0.000628, fill buffer time is 0.050934, communication time is 0.024542, wait time is 0.389097, copy halo time is 0.071589, update planes time is 10.366853
---------Rank: 47 	 Elapsed time:10.904290---------
task 44 is initialized
Rank 44 :: inject time is 0.000320, fill buffer time is 0.082834, communication time is 0.028391, wait time is 0.565971, copy halo time is 0.090921, update planes time is 10.138449
---------Rank: 44 	 Elapsed time:10.907567---------
task 20 is initialized
Rank 20 :: inject time is 0.000444, fill buffer time is 0.085108, communication time is 0.027139, wait time is 0.675605, copy halo time is 0.096659, update planes time is 10.040181
---------Rank: 20 	 Elapsed time:10.925694---------
task 18 is initialized
Rank 18 :: inject time is 0.000285, fill buffer time is 0.084459, communication time is 0.025302, wait time is 0.528133, copy halo time is 0.098040, update planes time is 10.186246
---------Rank: 18 	 Elapsed time:10.923102---------
task 19 is initialized
Rank 19 :: inject time is 0.000430, fill buffer time is 0.088947, communication time is 0.028370, wait time is 0.463261, copy halo time is 0.098753, update planes time is 10.243812
---------Rank: 19 	 Elapsed time:10.924134---------
task 16 is initialized
Rank 16 :: inject time is 0.000502, fill buffer time is 0.052817, communication time is 0.021874, wait time is 0.438607, copy halo time is 0.072287, update planes time is 10.334146
---------Rank: 16 	 Elapsed time:10.920971---------
task 17 is initialized
Rank 17 :: inject time is 0.000508, fill buffer time is 0.083985, communication time is 0.024094, wait time is 0.344594, copy halo time is 0.091699, update planes time is 10.376430
---------Rank: 17 	 Elapsed time:10.921899---------
task 29 is initialized
Rank 29 :: inject time is 0.000368, fill buffer time is 0.085071, communication time is 0.024938, wait time is 0.524780, copy halo time is 0.097136, update planes time is 10.182219
---------Rank: 29 	 Elapsed time:10.915076---------
task 56 is initialized
Rank 56 :: inject time is 0.000421, fill buffer time is 0.052309, communication time is 0.014340, wait time is 0.417727, copy halo time is 0.069551, update planes time is 10.355111
---------Rank: 56 	 Elapsed time:10.910195---------
task 30 is initialized
Rank 30 :: inject time is 0.000424, fill buffer time is 0.084827, communication time is 0.024427, wait time is 0.427645, copy halo time is 0.095718, update planes time is 10.281654
---------Rank: 30 	 Elapsed time:10.915378---------
task 21 is initialized
Rank 21 :: inject time is 0.000348, fill buffer time is 0.083751, communication time is 0.025410, wait time is 0.505653, copy halo time is 0.097843, update planes time is 10.213129
---------Rank: 21 	 Elapsed time:10.926720---------
task 22 is initialized
Rank 22 :: inject time is 0.000368, fill buffer time is 0.082252, communication time is 0.025470, wait time is 0.335282, copy halo time is 0.094443, update planes time is 10.388616
---------Rank: 22 	 Elapsed time:10.927033---------
task 57 is initialized
Rank 57 :: inject time is 0.000439, fill buffer time is 0.083840, communication time is 0.013970, wait time is 0.438788, copy halo time is 0.095711, update planes time is 10.277830
---------Rank: 57 	 Elapsed time:10.911300---------
task 58 is initialized
Rank 58 :: inject time is 0.000418, fill buffer time is 0.082992, communication time is 0.015854, wait time is 0.416449, copy halo time is 0.096223, update planes time is 10.299845
---------Rank: 58 	 Elapsed time:10.912448---------
task 59 is initialized
Rank 59 :: inject time is 0.000404, fill buffer time is 0.087679, communication time is 0.017703, wait time is 0.542615, copy halo time is 0.095439, update planes time is 10.169170
---------Rank: 59 	 Elapsed time:10.913667---------
task 60 is initialized
Rank 60 :: inject time is 0.000398, fill buffer time is 0.085556, communication time is 0.018234, wait time is 0.465906, copy halo time is 0.093852, update planes time is 10.250314
---------Rank: 60 	 Elapsed time:10.914889---------
task 61 is initialized
Rank 61 :: inject time is 0.000410, fill buffer time is 0.085188, communication time is 0.016968, wait time is 0.429409, copy halo time is 0.097031, update planes time is 10.286243
---------Rank: 61 	 Elapsed time:10.915884---------
task 62 is initialized
Rank 62 :: inject time is 0.000498, fill buffer time is 0.085158, communication time is 0.015487, wait time is 0.180664, copy halo time is 0.095318, update planes time is 10.538155
---------Rank: 62 	 Elapsed time:10.915903---------
task 63 is initialized
Rank 63 :: inject time is 0.000585, fill buffer time is 0.052768, communication time is 0.014672, wait time is 0.230143, copy halo time is 0.072921, update planes time is 10.544128
---------Rank: 63 	 Elapsed time:10.915863---------
task 32 is initialized
Rank 32 :: inject time is 0.000473, fill buffer time is 0.052250, communication time is 0.021391, wait time is 0.550363, copy halo time is 0.071242, update planes time is 10.219464
---------Rank: 32 	 Elapsed time:10.915919---------
task 24 is initialized
Rank 24 :: inject time is 0.000592, fill buffer time is 0.051871, communication time is 0.015916, wait time is 0.091581, copy halo time is 0.071502, update planes time is 10.683801
---------Rank: 24 	 Elapsed time:10.915849---------
task 25 is initialized
Rank 25 :: inject time is 0.000042, fill buffer time is 0.081918, communication time is 0.024152, wait time is 0.605141, copy halo time is 0.092700, update planes time is 10.111301
---------Rank: 25 	 Elapsed time:10.915831---------
task 28 is initialized
Rank 28 :: inject time is 0.000394, fill buffer time is 0.085258, communication time is 0.026257, wait time is 0.362084, copy halo time is 0.095688, update planes time is 10.343848
---------Rank: 28 	 Elapsed time:10.914159---------
task 31 is initialized
Rank 31 :: inject time is 0.000495, fill buffer time is 0.052736, communication time is 0.023898, wait time is 0.480944, copy halo time is 0.073028, update planes time is 10.282855
---------Rank: 31 	 Elapsed time:10.914991---------
task 33 is initialized
Rank 33 :: inject time is 0.000363, fill buffer time is 0.086078, communication time is 0.023267, wait time is 0.515372, copy halo time is 0.096876, update planes time is 10.192427
---------Rank: 33 	 Elapsed time:10.914993---------
task 34 is initialized
Rank 34 :: inject time is 0.000421, fill buffer time is 0.084376, communication time is 0.025267, wait time is 0.436198, copy halo time is 0.095412, update planes time is 10.271566
---------Rank: 34 	 Elapsed time:10.913901---------
task 35 is initialized
Rank 35 :: inject time is 0.000407, fill buffer time is 0.087192, communication time is 0.025623, wait time is 0.520673, copy halo time is 0.096003, update planes time is 10.182693
---------Rank: 35 	 Elapsed time:10.913214---------
task 36 is initialized
Rank 36 :: inject time is 0.000471, fill buffer time is 0.085337, communication time is 0.025420, wait time is 0.398937, copy halo time is 0.095863, update planes time is 10.305639
---------Rank: 36 	 Elapsed time:10.912173---------
task 37 is initialized
Rank 37 :: inject time is 0.000418, fill buffer time is 0.083545, communication time is 0.023473, wait time is 0.353571, copy halo time is 0.094717, update planes time is 10.355653
---------Rank: 37 	 Elapsed time:10.911956---------
task 39 is initialized
Rank 39 :: inject time is 0.000402, fill buffer time is 0.051799, communication time is 0.022804, wait time is 0.457401, copy halo time is 0.070777, update planes time is 10.307142
---------Rank: 39 	 Elapsed time:10.910948---------
task 48 is initialized
Rank 48 :: inject time is 0.000337, fill buffer time is 0.050603, communication time is 0.020969, wait time is 0.478443, copy halo time is 0.066841, update planes time is 10.299154
---------Rank: 48 	 Elapsed time:10.916994---------
task 23 is initialized
Rank 23 :: inject time is 0.000525, fill buffer time is 0.051758, communication time is 0.023777, wait time is 0.438992, copy halo time is 0.071281, update planes time is 10.339841
---------Rank: 23 	 Elapsed time:10.926708---------
task 27 is initialized
Rank 27 :: inject time is 0.000426, fill buffer time is 0.086443, communication time is 0.027406, wait time is 0.543369, copy halo time is 0.095630, update planes time is 10.159967
---------Rank: 27 	 Elapsed time:10.913833---------
task 49 is initialized
Rank 49 :: inject time is 0.000425, fill buffer time is 0.082304, communication time is 0.018926, wait time is 0.119059, copy halo time is 0.094357, update planes time is 10.602198
---------Rank: 49 	 Elapsed time:10.917790---------
task 50 is initialized
Rank 50 :: inject time is 0.000348, fill buffer time is 0.081581, communication time is 0.024162, wait time is 0.616346, copy halo time is 0.090336, update planes time is 10.106011
---------Rank: 50 	 Elapsed time:10.919446---------
task 51 is initialized
Rank 51 :: inject time is 0.000498, fill buffer time is 0.085217, communication time is 0.025018, wait time is 0.198917, copy halo time is 0.092815, update planes time is 10.516335
---------Rank: 51 	 Elapsed time:10.919492---------
task 52 is initialized
Rank 52 :: inject time is 0.000437, fill buffer time is 0.083142, communication time is 0.027103, wait time is 0.462636, copy halo time is 0.094890, update planes time is 10.250617
---------Rank: 52 	 Elapsed time:10.919462---------
task 54 is initialized
Rank 54 :: inject time is 0.000576, fill buffer time is 0.083360, communication time is 0.023905, wait time is 0.246592, copy halo time is 0.093584, update planes time is 10.468185
---------Rank: 54 	 Elapsed time:10.916826---------
task 55 is initialized
Rank 55 :: inject time is 0.000364, fill buffer time is 0.051255, communication time is 0.023427, wait time is 0.408834, copy halo time is 0.071147, update planes time is 10.360404
---------Rank: 55 	 Elapsed time:10.916107---------
task 38 is initialized
Rank 38 :: inject time is 0.000431, fill buffer time is 0.083552, communication time is 0.022906, wait time is 0.487680, copy halo time is 0.091924, update planes time is 10.224503
---------Rank: 38 	 Elapsed time:10.911506---------
task 26 is initialized
Rank 26 :: inject time is 0.000416, fill buffer time is 0.081910, communication time is 0.023785, wait time is 0.438778, copy halo time is 0.093542, update planes time is 10.275619
---------Rank: 26 	 Elapsed time:10.914621---------
task 53 is initialized
Rank 53 :: inject time is 0.000376, fill buffer time is 0.080890, communication time is 0.024463, wait time is 0.543891, copy halo time is 0.092065, update planes time is 10.176034
---------Rank: 53 	 Elapsed time:10.918252---------
task 10 is initialized
Rank 10 :: inject time is 0.000363, fill buffer time is 0.083880, communication time is 0.027560, wait time is 0.503423, copy halo time is 0.096065, update planes time is 10.211881
---------Rank: 10 	 Elapsed time:10.923789---------
task 9 is initialized
Rank 9 :: inject time is 0.000415, fill buffer time is 0.084029, communication time is 0.021510, wait time is 0.275897, copy halo time is 0.094719, update planes time is 10.445286
---------Rank: 9 	 Elapsed time:10.922566---------
task 8 is initialized
Rank 8 :: inject time is 0.000442, fill buffer time is 0.051990, communication time is 0.026235, wait time is 0.463029, copy halo time is 0.071894, update planes time is 10.307966
---------Rank: 8 	 Elapsed time:10.922125---------
total injected energy is 300000, system energy is 299939 ( in avg 0.0106617 per grid point)
Comp time,Comms time
10.917456,0.022041

task 1 is initialized
Rank 1 :: inject time is 0.000347, fill buffer time is 0.080423, communication time is 0.011906, wait time is 1.023892, copy halo time is 0.088019, update planes time is 9.716273
---------Rank: 1 	 Elapsed time:10.921552---------
task 12 is initialized
Rank 12 :: inject time is 0.000378, fill buffer time is 0.082958, communication time is 0.029653, wait time is 0.420535, copy halo time is 0.094300, update planes time is 10.297237
---------Rank: 12 	 Elapsed time:10.925808---------
task 2 is initialized
Rank 2 :: inject time is 0.000367, fill buffer time is 0.080944, communication time is 0.012262, wait time is 0.820075, copy halo time is 0.090603, update planes time is 9.917918
---------Rank: 2 	 Elapsed time:10.922687---------
task 3 is initialized
Rank 3 :: inject time is 0.000399, fill buffer time is 0.084606, communication time is 0.013232, wait time is 0.881336, copy halo time is 0.090417, update planes time is 9.853459
---------Rank: 3 	 Elapsed time:10.924018---------
task 4 is initialized
Rank 4 :: inject time is 0.000337, fill buffer time is 0.083447, communication time is 0.012933, wait time is 0.887345, copy halo time is 0.094081, update planes time is 9.846443
---------Rank: 4 	 Elapsed time:10.925209---------
task 6 is initialized
Rank 6 :: inject time is 0.000428, fill buffer time is 0.082641, communication time is 0.012746, wait time is 0.701066, copy halo time is 0.095055, update planes time is 10.034490
---------Rank: 6 	 Elapsed time:10.927047---------
task 7 is initialized
Rank 7 :: inject time is 0.000381, fill buffer time is 0.050826, communication time is 0.011075, wait time is 0.796047, copy halo time is 0.067692, update planes time is 9.999727
---------Rank: 7 	 Elapsed time:10.926181---------
task 13 is initialized
Rank 13 :: inject time is 0.000456, fill buffer time is 0.080806, communication time is 0.027289, wait time is 0.514966, copy halo time is 0.091702, update planes time is 10.211212
---------Rank: 13 	 Elapsed time:10.926993---------
task 14 is initialized
Rank 14 :: inject time is 0.000502, fill buffer time is 0.081618, communication time is 0.023418, wait time is 0.165281, copy halo time is 0.090594, update planes time is 10.565004
---------Rank: 14 	 Elapsed time:10.927034---------
task 15 is initialized
Rank 15 :: inject time is 0.000398, fill buffer time is 0.050647, communication time is 0.027063, wait time is 0.460282, copy halo time is 0.071468, update planes time is 10.316402
---------Rank: 15 	 Elapsed time:10.926963---------
task 11 is initialized
Rank 11 :: inject time is 0.000336, fill buffer time is 0.086667, communication time is 0.029683, wait time is 0.348269, copy halo time is 0.096482, update planes time is 10.362750
---------Rank: 11 	 Elapsed time:10.924881---------
task 5 is initialized
Rank 5 :: inject time is 0.000516, fill buffer time is 0.083798, communication time is 0.012282, wait time is 0.740622, copy halo time is 0.094705, update planes time is 9.993756
---------Rank: 5 	 Elapsed time:10.926222---------
Total_time: 12.504063098
