Tasks are decomposed in a grid 8 x 4

Task    0 :: 	grid coordinates :   0,   0
	neighbours: N   -2    E    1    S    8    W   -2
Task   16 :: 	grid coordinates :   0,   2
	neighbours: N    8    E   17    S   24    W   -2
Task    8 :: 	grid coordinates :   0,   1
	neighbours: N    0    E    9    S   16    W   -2
Task   24 :: 	grid coordinates :   0,   3
	neighbours: N   16    E   25    S   -2    W   -2
Task   25 :: 	grid coordinates :   1,   3
	neighbours: N   17    E   26    S   -2    W   24
Task   17 :: 	grid coordinates :   1,   2
	neighbours: N    9    E   18    S   25    W   16
Task    9 :: 	grid coordinates :   1,   1
	neighbours: N    1    E   10    S   17    W    8
Task   26 :: 	grid coordinates :   2,   3
	neighbours: N   18    E   27    S   -2    W   25
Task   18 :: 	grid coordinates :   2,   2
	neighbours: N   10    E   19    S   26    W   17
Task   10 :: 	grid coordinates :   2,   1
	neighbours: N    2    E   11    S   18    W    9
Task   27 :: 	grid coordinates :   3,   3
	neighbours: N   19    E   28    S   -2    W   26
Task   19 :: 	grid coordinates :   3,   2
	neighbours: N   11    E   20    S   27    W   18
Task   11 :: 	grid coordinates :   3,   1
	neighbours: N    3    E   12    S   19    W   10
Task   28 :: 	grid coordinates :   4,   3
	neighbours: N   20    E   29    S   -2    W   27
Task   20 :: 	grid coordinates :   4,   2
	neighbours: N   12    E   21    S   28    W   19
Task   12 :: 	grid coordinates :   4,   1
	neighbours: N    4    E   13    S   20    W   11
Task   29 :: 	grid coordinates :   5,   3
	neighbours: N   21    E   30    S   -2    W   28
Task   21 :: 	grid coordinates :   5,   2
	neighbours: N   13    E   22    S   29    W   20
Task   13 :: 	grid coordinates :   5,   1
	neighbours: N    5    E   14    S   21    W   12
Task   30 :: 	grid coordinates :   6,   3
	neighbours: N   22    E   31    S   -2    W   29
Task   22 :: 	grid coordinates :   6,   2
	neighbours: N   14    E   23    S   30    W   21
Task   14 :: 	grid coordinates :   6,   1
	neighbours: N    6    E   15    S   22    W   13
Task   31 :: 	grid coordinates :   7,   3
	neighbours: N   23    E   -2    S   -2    W   30
Task   23 :: 	grid coordinates :   7,   2
	neighbours: N   15    E   -2    S   31    W   22
Task   15 :: 	grid coordinates :   7,   1
	neighbours: N    7    E   -2    S   23    W   14
Task    1 :: 	grid coordinates :   1,   0
	neighbours: N   -2    E    2    S    9    W    0
Task    2 :: 	grid coordinates :   2,   0
	neighbours: N   -2    E    3    S   10    W    1
Task    3 :: 	grid coordinates :   3,   0
	neighbours: N   -2    E    4    S   11    W    2
Task    4 :: 	grid coordinates :   4,   0
	neighbours: N   -2    E    5    S   12    W    3
Task    5 :: 	grid coordinates :   5,   0
	neighbours: N   -2    E    6    S   13    W    4
Task    6 :: 	grid coordinates :   6,   0
	neighbours: N   -2    E    7    S   14    W    5
Task    7 :: 	grid coordinates :   7,   0
	neighbours: N   -2    E   -2    S   15    W    6
task 0 is initialized
Rank 0 :: inject time is 0.000446, fill buffer time is 0.064264, communication time is 0.007649, wait time is 0.150389, copy halo time is 0.085357, update planes time is 9.404393
---------Rank: 0 	 Elapsed time:9.713238---------
task 4 is initialized
Rank 4 :: inject time is 0.000554, fill buffer time is 0.109296, communication time is 0.009506, wait time is 0.105683, copy halo time is 0.113531, update planes time is 9.374343
---------Rank: 4 	 Elapsed time:9.713463---------
task 9 is initialized
Rank 9 :: inject time is 0.000416, fill buffer time is 0.109865, communication time is 0.020324, wait time is 0.089962, copy halo time is 0.116631, update planes time is 9.381498
---------Rank: 9 	 Elapsed time:9.719471---------
total injected energy is 300000, system energy is 299465 ( in avg 0.0106476 per grid point)
Comp time,Comms time
9.716403,0.014894

task 2 is initialized
Rank 2 :: inject time is 0.000423, fill buffer time is 0.108582, communication time is 0.008246, wait time is 0.081491, copy halo time is 0.115674, update planes time is 9.398234
---------Rank: 2 	 Elapsed time:9.713359---------
task 26 is initialized
Rank 26 :: inject time is 0.000380, fill buffer time is 0.108985, communication time is 0.012288, wait time is 0.094364, copy halo time is 0.116782, update planes time is 9.385953
---------Rank: 26 	 Elapsed time:9.719381---------
task 1 is initialized
Rank 1 :: inject time is 0.000519, fill buffer time is 0.109849, communication time is 0.007787, wait time is 0.104188, copy halo time is 0.116894, update planes time is 9.373386
---------Rank: 1 	 Elapsed time:9.713307---------
task 17 is initialized
Rank 17 :: inject time is 0.000321, fill buffer time is 0.108127, communication time is 0.019257, wait time is 0.145267, copy halo time is 0.111066, update planes time is 9.328971
---------Rank: 17 	 Elapsed time:9.713538---------
task 5 is initialized
Rank 5 :: inject time is 0.000514, fill buffer time is 0.110685, communication time is 0.008122, wait time is 0.109282, copy halo time is 0.117173, update planes time is 9.367004
---------Rank: 5 	 Elapsed time:9.713465---------
task 6 is initialized
Rank 6 :: inject time is 0.000609, fill buffer time is 0.108778, communication time is 0.007821, wait time is 0.114160, copy halo time is 0.112692, update planes time is 9.368803
---------Rank: 6 	 Elapsed time:9.713433---------
task 7 is initialized
Rank 7 :: inject time is 0.000572, fill buffer time is 0.065218, communication time is 0.007703, wait time is 0.188599, copy halo time is 0.085386, update planes time is 9.365170
---------Rank: 7 	 Elapsed time:9.713339---------
task 3 is initialized
Rank 3 :: inject time is 0.000377, fill buffer time is 0.114365, communication time is 0.008875, wait time is 0.106742, copy halo time is 0.117555, update planes time is 9.364908
---------Rank: 3 	 Elapsed time:9.713471---------
task 25 is initialized
Rank 25 :: inject time is 0.000554, fill buffer time is 0.110473, communication time is 0.008818, wait time is 0.088197, copy halo time is 0.114288, update planes time is 9.396429
---------Rank: 25 	 Elapsed time:9.719385---------
task 19 is initialized
Rank 19 :: inject time is 0.000386, fill buffer time is 0.117653, communication time is 0.016353, wait time is 0.098654, copy halo time is 0.125567, update planes time is 9.354434
---------Rank: 19 	 Elapsed time:9.713695---------
task 18 is initialized
Rank 18 :: inject time is 0.000405, fill buffer time is 0.107091, communication time is 0.018389, wait time is 0.134078, copy halo time is 0.110377, update planes time is 9.342746
---------Rank: 18 	 Elapsed time:9.713607---------
task 24 is initialized
Rank 24 :: inject time is 0.000448, fill buffer time is 0.064679, communication time is 0.009822, wait time is 0.179370, copy halo time is 0.086264, update planes time is 9.378065
---------Rank: 24 	 Elapsed time:9.719335---------
task 8 is initialized
Rank 8 :: inject time is 0.000540, fill buffer time is 0.064142, communication time is 0.019771, wait time is 0.141715, copy halo time is 0.085654, update planes time is 9.406925
---------Rank: 8 	 Elapsed time:9.719395---------
task 27 is initialized
Rank 27 :: inject time is 0.000628, fill buffer time is 0.114716, communication time is 0.014300, wait time is 0.125952, copy halo time is 0.116172, update planes time is 9.347146
---------Rank: 27 	 Elapsed time:9.719367---------
task 16 is initialized
Rank 16 :: inject time is 0.000449, fill buffer time is 0.064315, communication time is 0.017873, wait time is 0.169767, copy halo time is 0.082825, update planes time is 9.377469
---------Rank: 16 	 Elapsed time:9.713342---------
task 28 is initialized
Rank 28 :: inject time is 0.000443, fill buffer time is 0.109140, communication time is 0.011348, wait time is 0.144625, copy halo time is 0.114551, update planes time is 9.338584
---------Rank: 28 	 Elapsed time:9.719284---------
task 30 is initialized
Rank 30 :: inject time is 0.000343, fill buffer time is 0.109296, communication time is 0.012530, wait time is 0.113155, copy halo time is 0.116773, update planes time is 9.366450
---------Rank: 30 	 Elapsed time:9.719111---------
task 31 is initialized
Rank 31 :: inject time is 0.000505, fill buffer time is 0.063981, communication time is 0.010502, wait time is 0.215058, copy halo time is 0.083406, update planes time is 9.344922
---------Rank: 31 	 Elapsed time:9.719030---------
task 20 is initialized
Rank 20 :: inject time is 0.000475, fill buffer time is 0.110384, communication time is 0.021932, wait time is 0.092421, copy halo time is 0.112807, update planes time is 9.375143
---------Rank: 20 	 Elapsed time:9.713673---------
task 21 is initialized
Rank 21 :: inject time is 0.000558, fill buffer time is 0.107617, communication time is 0.019502, wait time is 0.159871, copy halo time is 0.110094, update planes time is 9.315473
---------Rank: 21 	 Elapsed time:9.713655---------
task 23 is initialized
Rank 23 :: inject time is 0.000571, fill buffer time is 0.062972, communication time is 0.019703, wait time is 0.192474, copy halo time is 0.084332, update planes time is 9.352706
---------Rank: 23 	 Elapsed time:9.713478---------
task 29 is initialized
Rank 29 :: inject time is 0.000363, fill buffer time is 0.109823, communication time is 0.010568, wait time is 0.132582, copy halo time is 0.113815, update planes time is 9.351482
---------Rank: 29 	 Elapsed time:9.719192---------
task 22 is initialized
Rank 22 :: inject time is 0.000549, fill buffer time is 0.108926, communication time is 0.017889, wait time is 0.155019, copy halo time is 0.113455, update planes time is 9.317258
---------Rank: 22 	 Elapsed time:9.713586---------
task 12 is initialized
Rank 12 :: inject time is 0.000589, fill buffer time is 0.112475, communication time is 0.022613, wait time is 0.098068, copy halo time is 0.115205, update planes time is 9.369819
---------Rank: 12 	 Elapsed time:9.719405---------
task 13 is initialized
Rank 13 :: inject time is 0.000445, fill buffer time is 0.112161, communication time is 0.021823, wait time is 0.121826, copy halo time is 0.117131, update planes time is 9.345275
---------Rank: 13 	 Elapsed time:9.719340---------
task 15 is initialized
Rank 15 :: inject time is 0.000697, fill buffer time is 0.066067, communication time is 0.021901, wait time is 0.156626, copy halo time is 0.086385, update planes time is 9.386871
---------Rank: 15 	 Elapsed time:9.719279---------
task 11 is initialized
Rank 11 :: inject time is 0.000402, fill buffer time is 0.113503, communication time is 0.022647, wait time is 0.120085, copy halo time is 0.112345, update planes time is 9.349889
---------Rank: 11 	 Elapsed time:9.719483---------
task 14 is initialized
Rank 14 :: inject time is 0.000482, fill buffer time is 0.110753, communication time is 0.019487, wait time is 0.100427, copy halo time is 0.114812, update planes time is 9.372615
---------Rank: 14 	 Elapsed time:9.719294---------
task 10 is initialized
Rank 10 :: inject time is 0.000496, fill buffer time is 0.108995, communication time is 0.021252, wait time is 0.086585, copy halo time is 0.114118, update planes time is 9.387467
---------Rank: 10 	 Elapsed time:9.719503---------
Total_time: 11.591919010
