Tasks are decomposed in a grid 8 x 4

Task    0 :: 	grid coordinates :   0,   0
	neighbours: N   -2    E    1    S    8    W   -2
Task    1 :: 	grid coordinates :   1,   0
	neighbours: N   -2    E    2    S    9    W    0
Task    2 :: 	grid coordinates :   2,   0
	neighbours: N   -2    E    3    S   10    W    1
Task    3 :: 	grid coordinates :   3,   0
	neighbours: N   -2    E    4    S   11    W    2
Task    4 :: 	grid coordinates :   4,   0
	neighbours: N   -2    E    5    S   12    W    3
Task    5 :: 	grid coordinates :   5,   0
	neighbours: N   -2    E    6    S   13    W    4
Task    6 :: 	grid coordinates :   6,   0
	neighbours: N   -2    E    7    S   14    W    5
Task    7 :: 	grid coordinates :   7,   0
	neighbours: N   -2    E   -2    S   15    W    6
Task    8 :: 	grid coordinates :   0,   1
	neighbours: N    0    E    9    S   16    W   -2
Task    9 :: 	grid coordinates :   1,   1
	neighbours: N    1    E   10    S   17    W    8
Task   10 :: 	grid coordinates :   2,   1
	neighbours: N    2    E   11    S   18    W    9
Task   11 :: 	grid coordinates :   3,   1
	neighbours: N    3    E   12    S   19    W   10
Task   16 :: 	grid coordinates :   0,   2
	neighbours: N    8    E   17    S   24    W   -2
Task   12 :: 	grid coordinates :   4,   1
	neighbours: N    4    E   13    S   20    W   11
Task   13 :: 	grid coordinates :   5,   1
	neighbours: N    5    E   14    S   21    W   12
Task   14 :: 	grid coordinates :   6,   1
	neighbours: N    6    E   15    S   22    W   13
Task   15 :: 	grid coordinates :   7,   1
	neighbours: N    7    E   -2    S   23    W   14
Task   17 :: 	grid coordinates :   1,   2
	neighbours: N    9    E   18    S   25    W   16
Task   18 :: 	grid coordinates :   2,   2
	neighbours: N   10    E   19    S   26    W   17
Task   19 :: 	grid coordinates :   3,   2
	neighbours: N   11    E   20    S   27    W   18
Task   20 :: 	grid coordinates :   4,   2
	neighbours: N   12    E   21    S   28    W   19
Task   21 :: 	grid coordinates :   5,   2
	neighbours: N   13    E   22    S   29    W   20
Task   22 :: 	grid coordinates :   6,   2
	neighbours: N   14    E   23    S   30    W   21
Task   23 :: 	grid coordinates :   7,   2
	neighbours: N   15    E   -2    S   31    W   22
Task   24 :: 	grid coordinates :   0,   3
	neighbours: N   16    E   25    S   -2    W   -2
Task   25 :: 	grid coordinates :   1,   3
	neighbours: N   17    E   26    S   -2    W   24
Task   26 :: 	grid coordinates :   2,   3
	neighbours: N   18    E   27    S   -2    W   25
Task   27 :: 	grid coordinates :   3,   3
	neighbours: N   19    E   28    S   -2    W   26
Task   28 :: 	grid coordinates :   4,   3
	neighbours: N   20    E   29    S   -2    W   27
Task   29 :: 	grid coordinates :   5,   3
	neighbours: N   21    E   30    S   -2    W   28
Task   30 :: 	grid coordinates :   6,   3
	neighbours: N   22    E   31    S   -2    W   29
Task   31 :: 	grid coordinates :   7,   3
	neighbours: N   23    E   -2    S   -2    W   30
task 0 is initialized
Rank 0 :: inject time is 0.001029, fill buffer time is 0.055704, communication time is 0.011036, wait time is 0.921750, copy halo time is 0.068308, update planes time is 4.295746
---------Rank: 0 	 Elapsed time:5.354936---------
task 25 is initialized
Rank 25 :: inject time is 0.000798, fill buffer time is 0.070908, communication time is 0.012760, wait time is 0.929393, copy halo time is 0.091668, update planes time is 4.248446
---------Rank: 25 	 Elapsed time:5.355119---------
task 31 is initialized
Rank 31 :: inject time is 0.001211, fill buffer time is 0.057115, communication time is 0.009841, wait time is 0.822524, copy halo time is 0.079152, update planes time is 4.384549
---------Rank: 31 	 Elapsed time:5.355616---------
task 26 is initialized
Rank 26 :: inject time is 0.001312, fill buffer time is 0.072011, communication time is 0.013366, wait time is 0.977748, copy halo time is 0.090823, update planes time is 4.198763
---------Rank: 26 	 Elapsed time:5.355294---------
task 5 is initialized
Rank 5 :: inject time is 0.001454, fill buffer time is 0.068133, communication time is 0.011550, wait time is 0.923024, copy halo time is 0.080348, update planes time is 4.269965
---------Rank: 5 	 Elapsed time:5.355516---------
task 3 is initialized
Rank 3 :: inject time is 0.000826, fill buffer time is 0.072364, communication time is 0.010775, wait time is 0.918849, copy halo time is 0.079865, update planes time is 4.271461
---------Rank: 3 	 Elapsed time:5.355272---------
task 4 is initialized
Rank 4 :: inject time is 0.001241, fill buffer time is 0.070916, communication time is 0.014755, wait time is 0.958209, copy halo time is 0.082258, update planes time is 4.227070
---------Rank: 4 	 Elapsed time:5.355416---------
task 6 is initialized
Rank 6 :: inject time is 0.000917, fill buffer time is 0.071931, communication time is 0.014336, wait time is 0.883871, copy halo time is 0.081215, update planes time is 4.302234
---------Rank: 6 	 Elapsed time:5.355607---------
task 24 is initialized
Rank 24 :: inject time is 0.001194, fill buffer time is 0.050292, communication time is 0.010589, wait time is 0.975969, copy halo time is 0.076183, update planes time is 4.239618
---------Rank: 24 	 Elapsed time:5.355006---------
task 10 is initialized
Rank 10 :: inject time is 0.001924, fill buffer time is 0.067065, communication time is 0.015988, wait time is 0.888634, copy halo time is 0.088344, update planes time is 4.292222
---------Rank: 10 	 Elapsed time:5.355222---------
task 30 is initialized
Rank 30 :: inject time is 0.001412, fill buffer time is 0.069836, communication time is 0.014257, wait time is 0.772091, copy halo time is 0.099387, update planes time is 4.397522
---------Rank: 30 	 Elapsed time:5.355694---------
task 13 is initialized
Rank 13 :: inject time is 0.001041, fill buffer time is 0.069412, communication time is 0.018797, wait time is 0.903150, copy halo time is 0.088152, update planes time is 4.273923
---------Rank: 13 	 Elapsed time:5.355571---------
task 7 is initialized
Rank 7 :: inject time is 0.001213, fill buffer time is 0.050969, communication time is 0.007459, wait time is 0.850457, copy halo time is 0.062897, update planes time is 4.381315
---------Rank: 7 	 Elapsed time:5.355429---------
task 11 is initialized
Rank 11 :: inject time is 0.001462, fill buffer time is 0.072274, communication time is 0.020606, wait time is 0.902056, copy halo time is 0.093276, update planes time is 4.264466
---------Rank: 11 	 Elapsed time:5.355345---------
task 1 is initialized
Rank 1 :: inject time is 0.001407, fill buffer time is 0.068254, communication time is 0.010988, wait time is 0.937783, copy halo time is 0.078736, update planes time is 4.256522
---------Rank: 1 	 Elapsed time:5.355003---------
total injected energy is 300000, system energy is 299976 ( in avg 0.0426633 per grid point)
Comp time,Comms time
5.355353,0.014564

task 12 is initialized
Rank 12 :: inject time is 0.001555, fill buffer time is 0.078491, communication time is 0.017071, wait time is 0.903484, copy halo time is 0.094046, update planes time is 4.259416
---------Rank: 12 	 Elapsed time:5.355399---------
task 27 is initialized
Rank 27 :: inject time is 0.001464, fill buffer time is 0.073275, communication time is 0.013742, wait time is 0.886573, copy halo time is 0.095526, update planes time is 4.283471
---------Rank: 27 	 Elapsed time:5.355404---------
task 29 is initialized
Rank 29 :: inject time is 0.000574, fill buffer time is 0.064227, communication time is 0.012551, wait time is 0.877584, copy halo time is 0.086774, update planes time is 4.312836
---------Rank: 29 	 Elapsed time:5.355648---------
task 22 is initialized
Rank 22 :: inject time is 0.000992, fill buffer time is 0.073344, communication time is 0.018048, wait time is 0.922951, copy halo time is 0.082711, update planes time is 4.256061
---------Rank: 22 	 Elapsed time:5.355694---------
task 9 is initialized
Rank 9 :: inject time is 0.001161, fill buffer time is 0.073668, communication time is 0.019920, wait time is 0.872674, copy halo time is 0.094177, update planes time is 4.292390
---------Rank: 9 	 Elapsed time:5.355152---------
task 28 is initialized
Rank 28 :: inject time is 0.001209, fill buffer time is 0.076143, communication time is 0.014163, wait time is 0.862808, copy halo time is 0.099209, update planes time is 4.300641
---------Rank: 28 	 Elapsed time:5.355561---------
task 18 is initialized
Rank 18 :: inject time is 0.000648, fill buffer time is 0.069657, communication time is 0.017812, wait time is 1.022703, copy halo time is 0.079412, update planes time is 4.163837
---------Rank: 18 	 Elapsed time:5.355195---------
task 17 is initialized
Rank 17 :: inject time is 0.000925, fill buffer time is 0.070378, communication time is 0.016200, wait time is 0.928591, copy halo time is 0.078854, update planes time is 4.259051
---------Rank: 17 	 Elapsed time:5.355074---------
task 16 is initialized
Rank 16 :: inject time is 0.001445, fill buffer time is 0.051505, communication time is 0.015936, wait time is 0.928272, copy halo time is 0.065141, update planes time is 4.291393
---------Rank: 16 	 Elapsed time:5.354979---------
task 19 is initialized
Rank 19 :: inject time is 0.000775, fill buffer time is 0.068442, communication time is 0.016432, wait time is 0.924265, copy halo time is 0.076941, update planes time is 4.267599
---------Rank: 19 	 Elapsed time:5.355311---------
task 8 is initialized
Rank 8 :: inject time is 0.000981, fill buffer time is 0.046927, communication time is 0.013783, wait time is 0.977481, copy halo time is 0.070471, update planes time is 4.244228
---------Rank: 8 	 Elapsed time:5.354937---------
task 21 is initialized
Rank 21 :: inject time is 0.000780, fill buffer time is 0.076912, communication time is 0.016145, wait time is 0.895184, copy halo time is 0.083571, update planes time is 4.281925
---------Rank: 21 	 Elapsed time:5.355575---------
task 2 is initialized
Rank 2 :: inject time is 0.001257, fill buffer time is 0.075978, communication time is 0.013409, wait time is 0.926740, copy halo time is 0.082834, update planes time is 4.253769
---------Rank: 2 	 Elapsed time:5.355222---------
task 20 is initialized
Rank 20 :: inject time is 0.001321, fill buffer time is 0.071866, communication time is 0.017283, wait time is 0.914638, copy halo time is 0.083196, update planes time is 4.265667
---------Rank: 20 	 Elapsed time:5.355445---------
task 15 is initialized
Rank 15 :: inject time is 0.001156, fill buffer time is 0.050531, communication time is 0.014528, wait time is 0.856635, copy halo time is 0.074492, update planes time is 4.356932
---------Rank: 15 	 Elapsed time:5.355512---------
task 23 is initialized
Rank 23 :: inject time is 0.000976, fill buffer time is 0.057767, communication time is 0.013098, wait time is 0.867360, copy halo time is 0.067493, update planes time is 4.347796
---------Rank: 23 	 Elapsed time:5.355539---------
task 14 is initialized
Rank 14 :: inject time is 0.001629, fill buffer time is 0.073941, communication time is 0.018823, wait time is 0.850846, copy halo time is 0.101052, update planes time is 4.308122
---------Rank: 14 	 Elapsed time:5.355602---------
