Tasks are decomposed in a grid 8 x 4

Task    8 :: 	grid coordinates :   0,   1
	neighbours: N    0    E    9    S   16    W   -2
Task   16 :: 	grid coordinates :   0,   2
	neighbours: N    8    E   17    S   24    W   -2
Task   24 :: 	grid coordinates :   0,   3
	neighbours: N   16    E   25    S   -2    W   -2
Task   25 :: 	grid coordinates :   1,   3
	neighbours: N   17    E   26    S   -2    W   24
Task   26 :: 	grid coordinates :   2,   3
	neighbours: N   18    E   27    S   -2    W   25
Task   27 :: 	grid coordinates :   3,   3
	neighbours: N   19    E   28    S   -2    W   26
Task   28 :: 	grid coordinates :   4,   3
	neighbours: N   20    E   29    S   -2    W   27
Task   29 :: 	grid coordinates :   5,   3
	neighbours: N   21    E   30    S   -2    W   28
Task   30 :: 	grid coordinates :   6,   3
	neighbours: N   22    E   31    S   -2    W   29
Task   31 :: 	grid coordinates :   7,   3
	neighbours: N   23    E   -2    S   -2    W   30
Task   17 :: 	grid coordinates :   1,   2
	neighbours: N    9    E   18    S   25    W   16
Task   18 :: 	grid coordinates :   2,   2
	neighbours: N   10    E   19    S   26    W   17
Task   19 :: 	grid coordinates :   3,   2
	neighbours: N   11    E   20    S   27    W   18
Task   20 :: 	grid coordinates :   4,   2
	neighbours: N   12    E   21    S   28    W   19
Task   21 :: 	grid coordinates :   5,   2
	neighbours: N   13    E   22    S   29    W   20
Task   22 :: 	grid coordinates :   6,   2
	neighbours: N   14    E   23    S   30    W   21
Task   23 :: 	grid coordinates :   7,   2
	neighbours: N   15    E   -2    S   31    W   22
Task    9 :: 	grid coordinates :   1,   1
	neighbours: N    1    E   10    S   17    W    8
Task   10 :: 	grid coordinates :   2,   1
	neighbours: N    2    E   11    S   18    W    9
Task   11 :: 	grid coordinates :   3,   1
	neighbours: N    3    E   12    S   19    W   10
Task   12 :: 	grid coordinates :   4,   1
	neighbours: N    4    E   13    S   20    W   11
Task   13 :: 	grid coordinates :   5,   1
	neighbours: N    5    E   14    S   21    W   12
Task   14 :: 	grid coordinates :   6,   1
	neighbours: N    6    E   15    S   22    W   13
Task   15 :: 	grid coordinates :   7,   1
	neighbours: N    7    E   -2    S   23    W   14
Task    0 :: 	grid coordinates :   0,   0
	neighbours: N   -2    E    1    S    8    W   -2
Task    1 :: 	grid coordinates :   1,   0
	neighbours: N   -2    E    2    S    9    W    0
Task    2 :: 	grid coordinates :   2,   0
	neighbours: N   -2    E    3    S   10    W    1
Task    3 :: 	grid coordinates :   3,   0
	neighbours: N   -2    E    4    S   11    W    2
Task    4 :: 	grid coordinates :   4,   0
	neighbours: N   -2    E    5    S   12    W    3
Task    5 :: 	grid coordinates :   5,   0
	neighbours: N   -2    E    6    S   13    W    4
Task    6 :: 	grid coordinates :   6,   0
	neighbours: N   -2    E    7    S   14    W    5
Task    7 :: 	grid coordinates :   7,   0
	neighbours: N   -2    E   -2    S   15    W    6
task 0 is initialized
Rank 0 :: inject time is 0.000536, fill buffer time is 0.067539, communication time is 0.008093, wait time is 0.344639, copy halo time is 0.094638, update planes time is 10.597351
---------Rank: 0 	 Elapsed time:11.113363---------
task 30 is initialized
Rank 30 :: inject time is 0.000421, fill buffer time is 0.113629, communication time is 0.011015, wait time is 0.503435, copy halo time is 0.125318, update planes time is 10.351533
---------Rank: 30 	 Elapsed time:11.105936---------
task 29 is initialized
Rank 29 :: inject time is 0.000608, fill buffer time is 0.114802, communication time is 0.012800, wait time is 0.425412, copy halo time is 0.123165, update planes time is 10.427911
---------Rank: 29 	 Elapsed time:11.105274---------
task 28 is initialized
Rank 28 :: inject time is 0.000653, fill buffer time is 0.113738, communication time is 0.010731, wait time is 0.344456, copy halo time is 0.126260, update planes time is 10.507996
---------Rank: 28 	 Elapsed time:11.104421---------
task 26 is initialized
Rank 26 :: inject time is 0.000682, fill buffer time is 0.114109, communication time is 0.011412, wait time is 0.508878, copy halo time is 0.126212, update planes time is 10.341060
---------Rank: 26 	 Elapsed time:11.102886---------
task 24 is initialized
Rank 24 :: inject time is 0.000521, fill buffer time is 0.068328, communication time is 0.009615, wait time is 0.568830, copy halo time is 0.097368, update planes time is 10.355649
---------Rank: 24 	 Elapsed time:11.100919---------
task 25 is initialized
Rank 25 :: inject time is 0.000581, fill buffer time is 0.115565, communication time is 0.009041, wait time is 0.246812, copy halo time is 0.128174, update planes time is 10.601234
---------Rank: 25 	 Elapsed time:11.102053---------
task 27 is initialized
Rank 27 :: inject time is 0.000525, fill buffer time is 0.119588, communication time is 0.013898, wait time is 0.462662, copy halo time is 0.125585, update planes time is 10.380635
---------Rank: 27 	 Elapsed time:11.103577---------
task 31 is initialized
Rank 31 :: inject time is 0.000441, fill buffer time is 0.067700, communication time is 0.009554, wait time is 0.746790, copy halo time is 0.098075, update planes time is 10.182520
---------Rank: 31 	 Elapsed time:11.105774---------
task 16 is initialized
Rank 16 :: inject time is 0.000519, fill buffer time is 0.066408, communication time is 0.019249, wait time is 0.636345, copy halo time is 0.091608, update planes time is 10.298619
---------Rank: 16 	 Elapsed time:11.113269---------
task 20 is initialized
Rank 20 :: inject time is 0.000615, fill buffer time is 0.111773, communication time is 0.023336, wait time is 0.440206, copy halo time is 0.121432, update planes time is 10.418509
---------Rank: 20 	 Elapsed time:11.116593---------
task 21 is initialized
Rank 21 :: inject time is 0.000649, fill buffer time is 0.112056, communication time is 0.020158, wait time is 0.408831, copy halo time is 0.124144, update planes time is 10.450966
---------Rank: 21 	 Elapsed time:11.117421---------
task 22 is initialized
Rank 22 :: inject time is 0.000556, fill buffer time is 0.112243, communication time is 0.022855, wait time is 0.423818, copy halo time is 0.122971, update planes time is 10.435068
---------Rank: 22 	 Elapsed time:11.118125---------
task 23 is initialized
Rank 23 :: inject time is 0.000671, fill buffer time is 0.066423, communication time is 0.021736, wait time is 0.591535, copy halo time is 0.090662, update planes time is 10.346335
---------Rank: 23 	 Elapsed time:11.118036---------
task 17 is initialized
Rank 17 :: inject time is 0.000466, fill buffer time is 0.111525, communication time is 0.020251, wait time is 0.302644, copy halo time is 0.120817, update planes time is 10.557937
---------Rank: 17 	 Elapsed time:11.114204---------
task 18 is initialized
Rank 18 :: inject time is 0.000414, fill buffer time is 0.111707, communication time is 0.021415, wait time is 0.450769, copy halo time is 0.121327, update planes time is 10.408864
---------Rank: 18 	 Elapsed time:11.115065---------
task 19 is initialized
Rank 19 :: inject time is 0.000463, fill buffer time is 0.116077, communication time is 0.023155, wait time is 0.403610, copy halo time is 0.120049, update planes time is 10.451741
---------Rank: 19 	 Elapsed time:11.115786---------
task 9 is initialized
Rank 9 :: inject time is 0.000488, fill buffer time is 0.112771, communication time is 0.020916, wait time is 0.546558, copy halo time is 0.122264, update planes time is 10.320876
---------Rank: 9 	 Elapsed time:11.124478---------
total injected energy is 300000, system energy is 299771 ( in avg 0.0106585 per grid point)
Comp time,Comms time
11.115854,0.015992

task 3 is initialized
Rank 3 :: inject time is 0.000689, fill buffer time is 0.118743, communication time is 0.010338, wait time is 0.384013, copy halo time is 0.125893, update planes time is 10.475636
---------Rank: 3 	 Elapsed time:11.116041---------
task 2 is initialized
Rank 2 :: inject time is 0.000497, fill buffer time is 0.110900, communication time is 0.009113, wait time is 0.470538, copy halo time is 0.122094, update planes time is 10.401520
---------Rank: 2 	 Elapsed time:11.115419---------
task 1 is initialized
Rank 1 :: inject time is 0.000608, fill buffer time is 0.113429, communication time is 0.009028, wait time is 0.366180, copy halo time is 0.124631, update planes time is 10.500003
---------Rank: 1 	 Elapsed time:11.114354---------
task 4 is initialized
Rank 4 :: inject time is 0.000584, fill buffer time is 0.115552, communication time is 0.009589, wait time is 0.299688, copy halo time is 0.122771, update planes time is 10.567891
---------Rank: 4 	 Elapsed time:11.116659---------
task 5 is initialized
Rank 5 :: inject time is 0.000512, fill buffer time is 0.115065, communication time is 0.009075, wait time is 0.354258, copy halo time is 0.124260, update planes time is 10.513639
---------Rank: 5 	 Elapsed time:11.117409---------
task 6 is initialized
Rank 6 :: inject time is 0.000631, fill buffer time is 0.115477, communication time is 0.009255, wait time is 0.360315, copy halo time is 0.127227, update planes time is 10.504494
---------Rank: 6 	 Elapsed time:11.118099---------
task 7 is initialized
Rank 7 :: inject time is 0.000634, fill buffer time is 0.067890, communication time is 0.008021, wait time is 0.482749, copy halo time is 0.093058, update planes time is 10.465125
---------Rank: 7 	 Elapsed time:11.118030---------
task 8 is initialized
Rank 8 :: inject time is 0.000364, fill buffer time is 0.066841, communication time is 0.020804, wait time is 0.783214, copy halo time is 0.090833, update planes time is 10.160363
---------Rank: 8 	 Elapsed time:11.123171---------
task 11 is initialized
Rank 11 :: inject time is 0.000536, fill buffer time is 0.116350, communication time is 0.025752, wait time is 0.540752, copy halo time is 0.122098, update planes time is 10.320717
---------Rank: 11 	 Elapsed time:11.126901---------
task 12 is initialized
Rank 12 :: inject time is 0.000636, fill buffer time is 0.116411, communication time is 0.024881, wait time is 0.482413, copy halo time is 0.122674, update planes time is 10.380821
---------Rank: 12 	 Elapsed time:11.128351---------
task 13 is initialized
Rank 13 :: inject time is 0.000507, fill buffer time is 0.114796, communication time is 0.022092, wait time is 0.288113, copy halo time is 0.122732, update planes time is 10.580559
---------Rank: 13 	 Elapsed time:11.129400---------
task 14 is initialized
Rank 14 :: inject time is 0.000568, fill buffer time is 0.115249, communication time is 0.021976, wait time is 0.339020, copy halo time is 0.127281, update planes time is 10.525545
---------Rank: 14 	 Elapsed time:11.130296---------
task 10 is initialized
Rank 10 :: inject time is 0.000482, fill buffer time is 0.111103, communication time is 0.019705, wait time is 0.491255, copy halo time is 0.122006, update planes time is 10.380588
---------Rank: 10 	 Elapsed time:11.125747---------
task 15 is initialized
Rank 15 :: inject time is 0.000665, fill buffer time is 0.069687, communication time is 0.022890, wait time is 0.269507, copy halo time is 0.095409, update planes time is 10.671473
---------Rank: 15 	 Elapsed time:11.130274---------
Total_time: 13.644009097
