Tasks are decomposed in a grid 16 x 8

Task    8 :: 	grid coordinates :   8,   0
	neighbours: N   -2    E    9    S   24    W    7
Task   16 :: 	grid coordinates :   0,   1
	neighbours: N    0    E   17    S   32    W   -2
Task   24 :: 	grid coordinates :   8,   1
	neighbours: N    8    E   25    S   40    W   23
Task   32 :: 	grid coordinates :   0,   2
	neighbours: N   16    E   33    S   48    W   -2
Task   40 :: 	grid coordinates :   8,   2
	neighbours: N   24    E   41    S   56    W   39
Task   48 :: 	grid coordinates :   0,   3
	neighbours: N   32    E   49    S   64    W   -2
Task   56 :: 	grid coordinates :   8,   3
	neighbours: N   40    E   57    S   72    W   55
Task   64 :: 	grid coordinates :   0,   4
	neighbours: N   48    E   65    S   80    W   -2
Task   72 :: 	grid coordinates :   8,   4
	neighbours: N   56    E   73    S   88    W   71
Task   80 :: 	grid coordinates :   0,   5
	neighbours: N   64    E   81    S   96    W   -2
Task   88 :: 	grid coordinates :   8,   5
	neighbours: N   72    E   89    S  104    W   87
Task   96 :: 	grid coordinates :   0,   6
	neighbours: N   80    E   97    S  112    W   -2
Task  104 :: 	grid coordinates :   8,   6
	neighbours: N   88    E  105    S  120    W  103
Task  112 :: 	grid coordinates :   0,   7
	neighbours: N   96    E  113    S   -2    W   -2
Task  120 :: 	grid coordinates :   8,   7
	neighbours: N  104    E  121    S   -2    W  119
Task   41 :: 	grid coordinates :   9,   2
	neighbours: N   25    E   42    S   57    W   40
Task   42 :: 	grid coordinates :  10,   2
	neighbours: N   26    E   43    S   58    W   41
Task   43 :: 	grid coordinates :  11,   2
	neighbours: N   27    E   44    S   59    W   42
Task   44 :: 	grid coordinates :  12,   2
	neighbours: N   28    E   45    S   60    W   43
Task   45 :: 	grid coordinates :  13,   2
	neighbours: N   29    E   46    S   61    W   44
Task   46 :: 	grid coordinates :  14,   2
	neighbours: N   30    E   47    S   62    W   45
Task   47 :: 	grid coordinates :  15,   2
	neighbours: N   31    E   -2    S   63    W   46
Task   49 :: 	grid coordinates :   1,   3
	neighbours: N   33    E   50    S   65    W   48
Task   50 :: 	grid coordinates :   2,   3
	neighbours: N   34    E   51    S   66    W   49
Task   57 :: 	grid coordinates :   9,   3
	neighbours: N   41    E   58    S   73    W   56
Task   51 :: 	grid coordinates :   3,   3
	neighbours: N   35    E   52    S   67    W   50
Task   58 :: 	grid coordinates :  10,   3
	neighbours: N   42    E   59    S   74    W   57
Task   52 :: 	grid coordinates :   4,   3
	neighbours: N   36    E   53    S   68    W   51
Task   59 :: 	grid coordinates :  11,   3
	neighbours: N   43    E   60    S   75    W   58
Task   53 :: 	grid coordinates :   5,   3
	neighbours: N   37    E   54    S   69    W   52
Task   60 :: 	grid coordinates :  12,   3
	neighbours: N   44    E   61    S   76    W   59
Task   54 :: 	grid coordinates :   6,   3
	neighbours: N   38    E   55    S   70    W   53
Task   61 :: 	grid coordinates :  13,   3
	neighbours: N   45    E   62    S   77    W   60
Task   55 :: 	grid coordinates :   7,   3
	neighbours: N   39    E   56    S   71    W   54
Task   33 :: 	grid coordinates :   1,   2
	neighbours: N   17    E   34    S   49    W   32
Task   62 :: 	grid coordinates :  14,   3
	neighbours: N   46    E   63    S   78    W   61
Task   34 :: 	grid coordinates :   2,   2
	neighbours: N   18    E   35    S   50    W   33
Task   63 :: 	grid coordinates :  15,   3
	neighbours: N   47    E   -2    S   79    W   62
Task   35 :: 	grid coordinates :   3,   2
	neighbours: N   19    E   36    S   51    W   34
Task   36 :: 	grid coordinates :   4,   2
	neighbours: N   20    E   37    S   52    W   35
Task    9 :: 	grid coordinates :   9,   0
	neighbours: N   -2    E   10    S   25    W    8
Task   37 :: 	grid coordinates :   5,   2
	neighbours: N   21    E   38    S   53    W   36
Task   10 :: 	grid coordinates :  10,   0
	neighbours: N   -2    E   11    S   26    W    9
Task   38 :: 	grid coordinates :   6,   2
	neighbours: N   22    E   39    S   54    W   37
Task   17 :: 	grid coordinates :   1,   1
	neighbours: N    1    E   18    S   33    W   16
Task   11 :: 	grid coordinates :  11,   0
	neighbours: N   -2    E   12    S   27    W   10
Task   39 :: 	grid coordinates :   7,   2
	neighbours: N   23    E   40    S   55    W   38
Task   18 :: 	grid coordinates :   2,   1
	neighbours: N    2    E   19    S   34    W   17
Task   12 :: 	grid coordinates :  12,   0
	neighbours: N   -2    E   13    S   28    W   11
Task   19 :: 	grid coordinates :   3,   1
	neighbours: N    3    E   20    S   35    W   18
Task   13 :: 	grid coordinates :  13,   0
	neighbours: N   -2    E   14    S   29    W   12
Task   20 :: 	grid coordinates :   4,   1
	neighbours: N    4    E   21    S   36    W   19
Task   14 :: 	grid coordinates :  14,   0
	neighbours: N   -2    E   15    S   30    W   13
Task   21 :: 	grid coordinates :   5,   1
	neighbours: N    5    E   22    S   37    W   20
Task   15 :: 	grid coordinates :  15,   0
	neighbours: N   -2    E   -2    S   31    W   14
Task   22 :: 	grid coordinates :   6,   1
	neighbours: N    6    E   23    S   38    W   21
Task   23 :: 	grid coordinates :   7,   1
	neighbours: N    7    E   24    S   39    W   22
Task   73 :: 	grid coordinates :   9,   4
	neighbours: N   57    E   74    S   89    W   72
Task   74 :: 	grid coordinates :  10,   4
	neighbours: N   58    E   75    S   90    W   73
Task   97 :: 	grid coordinates :   1,   6
	neighbours: N   81    E   98    S  113    W   96
Task   75 :: 	grid coordinates :  11,   4
	neighbours: N   59    E   76    S   91    W   74
Task   98 :: 	grid coordinates :   2,   6
	neighbours: N   82    E   99    S  114    W   97
Task  113 :: 	grid coordinates :   1,   7
	neighbours: N   97    E  114    S   -2    W  112
Task   76 :: 	grid coordinates :  12,   4
	neighbours: N   60    E   77    S   92    W   75
Task   99 :: 	grid coordinates :   3,   6
	neighbours: N   83    E  100    S  115    W   98
Task  114 :: 	grid coordinates :   2,   7
	neighbours: N   98    E  115    S   -2    W  113
Task   77 :: 	grid coordinates :  13,   4
	neighbours: N   61    E   78    S   93    W   76
Task  100 :: 	grid coordinates :   4,   6
	neighbours: N   84    E  101    S  116    W   99
Task  115 :: 	grid coordinates :   3,   7
	neighbours: N   99    E  116    S   -2    W  114
Task   78 :: 	grid coordinates :  14,   4
	neighbours: N   62    E   79    S   94    W   77
Task  101 :: 	grid coordinates :   5,   6
	neighbours: N   85    E  102    S  117    W  100
Task  116 :: 	grid coordinates :   4,   7
	neighbours: N  100    E  117    S   -2    W  115
Task   79 :: 	grid coordinates :  15,   4
	neighbours: N   63    E   -2    S   95    W   78
Task  102 :: 	grid coordinates :   6,   6
	neighbours: N   86    E  103    S  118    W  101
Task  117 :: 	grid coordinates :   5,   7
	neighbours: N  101    E  118    S   -2    W  116
Task  103 :: 	grid coordinates :   7,   6
	neighbours: N   87    E  104    S  119    W  102
Task  118 :: 	grid coordinates :   6,   7
	neighbours: N  102    E  119    S   -2    W  117
Task  119 :: 	grid coordinates :   7,   7
	neighbours: N  103    E  120    S   -2    W  118
Task   89 :: 	grid coordinates :   9,   5
	neighbours: N   73    E   90    S  105    W   88
Task  121 :: 	grid coordinates :   9,   7
	neighbours: N  105    E  122    S   -2    W  120
Task   81 :: 	grid coordinates :   1,   5
	neighbours: N   65    E   82    S   97    W   80
Task   65 :: 	grid coordinates :   1,   4
	neighbours: N   49    E   66    S   81    W   64
Task   90 :: 	grid coordinates :  10,   5
	neighbours: N   74    E   91    S  106    W   89
Task  122 :: 	grid coordinates :  10,   7
	neighbours: N  106    E  123    S   -2    W  121
Task   82 :: 	grid coordinates :   2,   5
	neighbours: N   66    E   83    S   98    W   81
Task  105 :: 	grid coordinates :   9,   6
	neighbours: N   89    E  106    S  121    W  104
Task   66 :: 	grid coordinates :   2,   4
	neighbours: N   50    E   67    S   82    W   65
Task   91 :: 	grid coordinates :  11,   5
	neighbours: N   75    E   92    S  107    W   90
Task  123 :: 	grid coordinates :  11,   7
	neighbours: N  107    E  124    S   -2    W  122
Task   83 :: 	grid coordinates :   3,   5
	neighbours: N   67    E   84    S   99    W   82
Task  106 :: 	grid coordinates :  10,   6
	neighbours: N   90    E  107    S  122    W  105
Task   67 :: 	grid coordinates :   3,   4
	neighbours: N   51    E   68    S   83    W   66
Task   92 :: 	grid coordinates :  12,   5
	neighbours: N   76    E   93    S  108    W   91
Task  124 :: 	grid coordinates :  12,   7
	neighbours: N  108    E  125    S   -2    W  123
Task   84 :: 	grid coordinates :   4,   5
	neighbours: N   68    E   85    S  100    W   83
Task  107 :: 	grid coordinates :  11,   6
	neighbours: N   91    E  108    S  123    W  106
Task   68 :: 	grid coordinates :   4,   4
	neighbours: N   52    E   69    S   84    W   67
Task   93 :: 	grid coordinates :  13,   5
	neighbours: N   77    E   94    S  109    W   92
Task  125 :: 	grid coordinates :  13,   7
	neighbours: N  109    E  126    S   -2    W  124
Task   85 :: 	grid coordinates :   5,   5
	neighbours: N   69    E   86    S  101    W   84
Task  108 :: 	grid coordinates :  12,   6
	neighbours: N   92    E  109    S  124    W  107
Task   69 :: 	grid coordinates :   5,   4
	neighbours: N   53    E   70    S   85    W   68
Task   94 :: 	grid coordinates :  14,   5
	neighbours: N   78    E   95    S  110    W   93
Task  126 :: 	grid coordinates :  14,   7
	neighbours: N  110    E  127    S   -2    W  125
Task   86 :: 	grid coordinates :   6,   5
	neighbours: N   70    E   87    S  102    W   85
Task  109 :: 	grid coordinates :  13,   6
	neighbours: N   93    E  110    S  125    W  108
Task   70 :: 	grid coordinates :   6,   4
	neighbours: N   54    E   71    S   86    W   69
Task   95 :: 	grid coordinates :  15,   5
	neighbours: N   79    E   -2    S  111    W   94
Task  127 :: 	grid coordinates :  15,   7
	neighbours: N  111    E   -2    S   -2    W  126
Task   87 :: 	grid coordinates :   7,   5
	neighbours: N   71    E   88    S  103    W   86
Task  110 :: 	grid coordinates :  14,   6
	neighbours: N   94    E  111    S  126    W  109
Task   71 :: 	grid coordinates :   7,   4
	neighbours: N   55    E   72    S   87    W   70
Task  111 :: 	grid coordinates :  15,   6
	neighbours: N   95    E   -2    S  127    W  110
Task   25 :: 	grid coordinates :   9,   1
	neighbours: N    9    E   26    S   41    W   24
Task   26 :: 	grid coordinates :  10,   1
	neighbours: N   10    E   27    S   42    W   25
Task   27 :: 	grid coordinates :  11,   1
	neighbours: N   11    E   28    S   43    W   26
Task   28 :: 	grid coordinates :  12,   1
	neighbours: N   12    E   29    S   44    W   27
Task   29 :: 	grid coordinates :  13,   1
	neighbours: N   13    E   30    S   45    W   28
Task   30 :: 	grid coordinates :  14,   1
	neighbours: N   14    E   31    S   46    W   29
Task   31 :: 	grid coordinates :  15,   1
	neighbours: N   15    E   -2    S   47    W   30
Task    0 :: 	grid coordinates :   0,   0
	neighbours: N   -2    E    1    S   16    W   -2
Task    1 :: 	grid coordinates :   1,   0
	neighbours: N   -2    E    2    S   17    W    0
Task    2 :: 	grid coordinates :   2,   0
	neighbours: N   -2    E    3    S   18    W    1
Task    3 :: 	grid coordinates :   3,   0
	neighbours: N   -2    E    4    S   19    W    2
Task    4 :: 	grid coordinates :   4,   0
	neighbours: N   -2    E    5    S   20    W    3
Task    5 :: 	grid coordinates :   5,   0
	neighbours: N   -2    E    6    S   21    W    4
Task    6 :: 	grid coordinates :   6,   0
	neighbours: N   -2    E    7    S   22    W    5
Task    7 :: 	grid coordinates :   7,   0
	neighbours: N   -2    E    8    S   23    W    6
task 0 is initialized
Rank 0 :: inject time is 0.000267, fill buffer time is 0.028419, communication time is 0.006973, wait time is 0.405420, copy halo time is 0.044499, update planes time is 2.383632
---------Rank: 0 	 Elapsed time:2.869863---------
task 85 is initialized
Rank 85 :: inject time is 0.000198, fill buffer time is 0.046254, communication time is 0.012001, wait time is 0.258955, copy halo time is 0.058410, update planes time is 2.488544
---------Rank: 85 	 Elapsed time:2.864963---------
task 80 is initialized
Rank 80 :: inject time is 0.000413, fill buffer time is 0.028026, communication time is 0.010772, wait time is 0.375309, copy halo time is 0.044265, update planes time is 2.404158
---------Rank: 80 	 Elapsed time:2.863589---------
task 84 is initialized
Rank 84 :: inject time is 0.000288, fill buffer time is 0.046656, communication time is 0.012557, wait time is 0.424197, copy halo time is 0.059275, update planes time is 2.321451
---------Rank: 84 	 Elapsed time:2.864951---------
task 86 is initialized
Rank 86 :: inject time is 0.000384, fill buffer time is 0.045747, communication time is 0.012366, wait time is 0.313066, copy halo time is 0.057341, update planes time is 2.435519
---------Rank: 86 	 Elapsed time:2.864959---------
task 87 is initialized
Rank 87 :: inject time is 0.000448, fill buffer time is 0.046063, communication time is 0.016081, wait time is 0.297224, copy halo time is 0.059421, update planes time is 2.444799
---------Rank: 87 	 Elapsed time:2.864601---------
task 81 is initialized
Rank 81 :: inject time is 0.000339, fill buffer time is 0.045641, communication time is 0.012097, wait time is 0.307089, copy halo time is 0.058300, update planes time is 2.439869
---------Rank: 81 	 Elapsed time:2.863922---------
task 83 is initialized
Rank 83 :: inject time is 0.000029, fill buffer time is 0.049399, communication time is 0.013420, wait time is 0.576548, copy halo time is 0.058597, update planes time is 2.166168
---------Rank: 83 	 Elapsed time:2.864730---------
task 75 is initialized
Rank 75 :: inject time is 0.000462, fill buffer time is 0.048066, communication time is 0.013745, wait time is 0.404407, copy halo time is 0.057674, update planes time is 2.338717
---------Rank: 75 	 Elapsed time:2.863659---------
task 72 is initialized
Rank 72 :: inject time is 0.000382, fill buffer time is 0.045494, communication time is 0.016504, wait time is 0.331930, copy halo time is 0.057708, update planes time is 2.412085
---------Rank: 72 	 Elapsed time:2.864629---------
task 112 is initialized
Rank 112 :: inject time is 0.000327, fill buffer time is 0.028729, communication time is 0.006503, wait time is 0.424535, copy halo time is 0.045650, update planes time is 2.352077
---------Rank: 112 	 Elapsed time:2.858337---------
task 114 is initialized
Rank 114 :: inject time is 0.000350, fill buffer time is 0.046093, communication time is 0.008646, wait time is 0.334297, copy halo time is 0.059456, update planes time is 2.409074
---------Rank: 114 	 Elapsed time:2.858441---------
task 82 is initialized
Rank 82 :: inject time is 0.000042, fill buffer time is 0.045867, communication time is 0.011928, wait time is 0.526932, copy halo time is 0.058431, update planes time is 2.220638
---------Rank: 82 	 Elapsed time:2.864263---------
task 73 is initialized
Rank 73 :: inject time is 0.000262, fill buffer time is 0.046117, communication time is 0.012434, wait time is 0.474930, copy halo time is 0.057677, update planes time is 2.272355
---------Rank: 73 	 Elapsed time:2.864342---------
task 74 is initialized
Rank 74 :: inject time is 0.000358, fill buffer time is 0.045152, communication time is 0.012421, wait time is 0.282258, copy halo time is 0.057976, update planes time is 2.464992
---------Rank: 74 	 Elapsed time:2.863729---------
task 20 is initialized
Rank 20 :: inject time is 0.000420, fill buffer time is 0.047174, communication time is 0.010837, wait time is 0.136709, copy halo time is 0.058351, update planes time is 2.621950
---------Rank: 20 	 Elapsed time:2.876030---------
task 113 is initialized
Rank 113 :: inject time is 0.000367, fill buffer time is 0.046411, communication time is 0.008562, wait time is 0.291244, copy halo time is 0.060214, update planes time is 2.451068
---------Rank: 113 	 Elapsed time:2.858443---------
task 116 is initialized
Rank 116 :: inject time is 0.000338, fill buffer time is 0.046845, communication time is 0.007962, wait time is 0.486776, copy halo time is 0.059656, update planes time is 2.256248
---------Rank: 116 	 Elapsed time:2.858350---------
task 76 is initialized
Rank 76 :: inject time is 0.000432, fill buffer time is 0.046618, communication time is 0.012583, wait time is 0.281562, copy halo time is 0.059092, update planes time is 2.462403
---------Rank: 76 	 Elapsed time:2.863232---------
task 77 is initialized
Rank 77 :: inject time is 0.000415, fill buffer time is 0.045897, communication time is 0.013234, wait time is 0.341453, copy halo time is 0.059174, update planes time is 2.402047
---------Rank: 77 	 Elapsed time:2.862683---------
task 79 is initialized
Rank 79 :: inject time is 0.000386, fill buffer time is 0.028202, communication time is 0.011746, wait time is 0.361664, copy halo time is 0.044127, update planes time is 2.406912
---------Rank: 79 	 Elapsed time:2.853678---------
task 16 is initialized
Rank 16 :: inject time is 0.000299, fill buffer time is 0.027860, communication time is 0.009889, wait time is 0.351210, copy halo time is 0.044723, update planes time is 2.437296
---------Rank: 16 	 Elapsed time:2.871856---------
task 117 is initialized
Rank 117 :: inject time is 0.000317, fill buffer time is 0.046379, communication time is 0.007869, wait time is 0.477048, copy halo time is 0.059434, update planes time is 2.266681
---------Rank: 117 	 Elapsed time:2.858354---------
task 118 is initialized
Rank 118 :: inject time is 0.000038, fill buffer time is 0.046002, communication time is 0.008075, wait time is 0.544558, copy halo time is 0.058070, update planes time is 2.201592
---------Rank: 118 	 Elapsed time:2.858876---------
task 119 is initialized
Rank 119 :: inject time is 0.000289, fill buffer time is 0.046477, communication time is 0.011974, wait time is 0.431435, copy halo time is 0.059133, update planes time is 2.308899
---------Rank: 119 	 Elapsed time:2.858882---------
task 93 is initialized
Rank 93 :: inject time is 0.000308, fill buffer time is 0.046229, communication time is 0.011794, wait time is 0.363841, copy halo time is 0.057766, update planes time is 2.379890
---------Rank: 93 	 Elapsed time:2.860362---------
task 109 is initialized
Rank 109 :: inject time is 0.000353, fill buffer time is 0.046313, communication time is 0.013345, wait time is 0.344329, copy halo time is 0.057298, update planes time is 2.386865
---------Rank: 109 	 Elapsed time:2.849052---------
task 18 is initialized
Rank 18 :: inject time is 0.000383, fill buffer time is 0.045819, communication time is 0.011533, wait time is 0.416646, copy halo time is 0.058141, update planes time is 2.341614
---------Rank: 18 	 Elapsed time:2.874608---------
task 23 is initialized
Rank 23 :: inject time is 0.000362, fill buffer time is 0.046132, communication time is 0.015351, wait time is 0.468022, copy halo time is 0.061369, update planes time is 2.281268
---------Rank: 23 	 Elapsed time:2.873019---------
task 8 is initialized
Rank 8 :: inject time is 0.000316, fill buffer time is 0.045739, communication time is 0.010921, wait time is 0.515099, copy halo time is 0.058550, update planes time is 2.237416
---------Rank: 8 	 Elapsed time:2.868556---------
task 88 is initialized
Rank 88 :: inject time is 0.000550, fill buffer time is 0.045850, communication time is 0.014899, wait time is 0.436117, copy halo time is 0.057748, update planes time is 2.305533
---------Rank: 88 	 Elapsed time:2.861303---------
task 89 is initialized
Rank 89 :: inject time is 0.000374, fill buffer time is 0.047371, communication time is 0.011754, wait time is 0.433517, copy halo time is 0.056137, update planes time is 2.311361
---------Rank: 89 	 Elapsed time:2.861036---------
task 11 is initialized
Rank 11 :: inject time is 0.000250, fill buffer time is 0.048335, communication time is 0.007006, wait time is 0.395383, copy halo time is 0.059166, update planes time is 2.353602
---------Rank: 11 	 Elapsed time:2.864303---------
task 78 is initialized
Rank 78 :: inject time is 0.000349, fill buffer time is 0.046492, communication time is 0.013378, wait time is 0.351610, copy halo time is 0.058768, update planes time is 2.391604
---------Rank: 78 	 Elapsed time:2.862747---------
task 17 is initialized
Rank 17 :: inject time is 0.000431, fill buffer time is 0.047027, communication time is 0.011150, wait time is 0.358083, copy halo time is 0.059575, update planes time is 2.396404
---------Rank: 17 	 Elapsed time:2.873258---------
task 19 is initialized
Rank 19 :: inject time is 0.000348, fill buffer time is 0.049090, communication time is 0.012368, wait time is 0.442733, copy halo time is 0.059474, update planes time is 2.311483
---------Rank: 19 	 Elapsed time:2.876033---------
task 22 is initialized
Rank 22 :: inject time is 0.000423, fill buffer time is 0.045946, communication time is 0.011037, wait time is 0.479659, copy halo time is 0.059179, update planes time is 2.277863
---------Rank: 22 	 Elapsed time:2.874543---------
task 115 is initialized
Rank 115 :: inject time is 0.000300, fill buffer time is 0.049345, communication time is 0.008401, wait time is 0.485306, copy halo time is 0.058795, update planes time is 2.255733
---------Rank: 115 	 Elapsed time:2.858455---------
task 91 is initialized
Rank 91 :: inject time is 0.000400, fill buffer time is 0.049495, communication time is 0.012201, wait time is 0.418784, copy halo time is 0.056828, update planes time is 2.322212
---------Rank: 91 	 Elapsed time:2.860456---------
task 92 is initialized
Rank 92 :: inject time is 0.000280, fill buffer time is 0.046704, communication time is 0.012034, wait time is 0.319851, copy halo time is 0.057501, update planes time is 2.423269
---------Rank: 92 	 Elapsed time:2.860182---------
task 10 is initialized
Rank 10 :: inject time is 0.000382, fill buffer time is 0.045908, communication time is 0.006085, wait time is 0.369520, copy halo time is 0.057752, update planes time is 2.385132
---------Rank: 10 	 Elapsed time:2.865280---------
task 9 is initialized
Rank 9 :: inject time is 0.000029, fill buffer time is 0.046254, communication time is 0.006182, wait time is 0.565479, copy halo time is 0.058233, update planes time is 2.190298
---------Rank: 9 	 Elapsed time:2.867001---------
task 110 is initialized
Rank 110 :: inject time is 0.000373, fill buffer time is 0.046081, communication time is 0.013059, wait time is 0.321470, copy halo time is 0.058261, update planes time is 2.408801
---------Rank: 110 	 Elapsed time:2.848569---------
task 55 is initialized
Rank 55 :: inject time is 0.000437, fill buffer time is 0.046917, communication time is 0.014715, wait time is 0.426054, copy halo time is 0.059326, update planes time is 2.321643
---------Rank: 55 	 Elapsed time:2.869734---------
task 52 is initialized
Rank 52 :: inject time is 0.000406, fill buffer time is 0.046322, communication time is 0.010243, wait time is 0.333540, copy halo time is 0.058012, update planes time is 2.423025
---------Rank: 52 	 Elapsed time:2.872066---------
task 94 is initialized
Rank 94 :: inject time is 0.000300, fill buffer time is 0.045907, communication time is 0.011852, wait time is 0.409559, copy halo time is 0.058299, update planes time is 2.324932
---------Rank: 94 	 Elapsed time:2.851380---------
task 95 is initialized
Rank 95 :: inject time is 0.000279, fill buffer time is 0.028130, communication time is 0.010660, wait time is 0.396814, copy halo time is 0.043212, update planes time is 2.370954
---------Rank: 95 	 Elapsed time:2.850611---------
task 104 is initialized
Rank 104 :: inject time is 0.000218, fill buffer time is 0.045901, communication time is 0.015947, wait time is 0.413177, copy halo time is 0.057669, update planes time is 2.325370
---------Rank: 104 	 Elapsed time:2.858888---------
task 47 is initialized
Rank 47 :: inject time is 0.000340, fill buffer time is 0.027759, communication time is 0.010125, wait time is 0.575784, copy halo time is 0.044457, update planes time is 2.200338
---------Rank: 47 	 Elapsed time:2.859479---------
task 12 is initialized
Rank 12 :: inject time is 0.000377, fill buffer time is 0.045984, communication time is 0.006612, wait time is 0.473458, copy halo time is 0.058114, update planes time is 2.277974
---------Rank: 12 	 Elapsed time:2.863039---------
task 105 is initialized
Rank 105 :: inject time is 0.000333, fill buffer time is 0.046304, communication time is 0.012852, wait time is 0.384721, copy halo time is 0.057029, update planes time is 2.356848
---------Rank: 105 	 Elapsed time:2.858670---------
task 106 is initialized
Rank 106 :: inject time is 0.000449, fill buffer time is 0.045549, communication time is 0.011829, wait time is 0.183067, copy halo time is 0.056891, update planes time is 2.560276
---------Rank: 106 	 Elapsed time:2.858654---------
task 34 is initialized
Rank 34 :: inject time is 0.000322, fill buffer time is 0.045744, communication time is 0.011262, wait time is 0.313195, copy halo time is 0.057026, update planes time is 2.445792
---------Rank: 34 	 Elapsed time:2.873938---------
task 13 is initialized
Rank 13 :: inject time is 0.000428, fill buffer time is 0.045383, communication time is 0.006830, wait time is 0.402419, copy halo time is 0.058648, update planes time is 2.347097
---------Rank: 13 	 Elapsed time:2.861354---------
task 15 is initialized
Rank 15 :: inject time is 0.000291, fill buffer time is 0.027899, communication time is 0.005070, wait time is 0.483686, copy halo time is 0.044144, update planes time is 2.297059
---------Rank: 15 	 Elapsed time:2.858745---------
task 40 is initialized
Rank 40 :: inject time is 0.000248, fill buffer time is 0.046686, communication time is 0.015149, wait time is 0.396087, copy halo time is 0.058738, update planes time is 2.351360
---------Rank: 40 	 Elapsed time:2.868818---------
task 41 is initialized
Rank 41 :: inject time is 0.000382, fill buffer time is 0.046457, communication time is 0.009870, wait time is 0.236233, copy halo time is 0.060211, update planes time is 2.514095
---------Rank: 41 	 Elapsed time:2.867733---------
task 43 is initialized
Rank 43 :: inject time is 0.000330, fill buffer time is 0.048654, communication time is 0.012550, wait time is 0.438305, copy halo time is 0.058836, update planes time is 2.306172
---------Rank: 43 	 Elapsed time:2.865390---------
task 21 is initialized
Rank 21 :: inject time is 0.000040, fill buffer time is 0.046817, communication time is 0.011532, wait time is 0.479433, copy halo time is 0.057819, update planes time is 2.279879
---------Rank: 21 	 Elapsed time:2.876015---------
task 24 is initialized
Rank 24 :: inject time is 0.000269, fill buffer time is 0.045768, communication time is 0.014900, wait time is 0.499727, copy halo time is 0.058238, update planes time is 2.249666
---------Rank: 24 	 Elapsed time:2.869035---------
task 48 is initialized
Rank 48 :: inject time is 0.000042, fill buffer time is 0.027855, communication time is 0.008262, wait time is 0.286838, copy halo time is 0.042437, update planes time is 2.504526
---------Rank: 48 	 Elapsed time:2.870520---------
task 1 is initialized
Rank 1 :: inject time is 0.000333, fill buffer time is 0.046422, communication time is 0.007887, wait time is 0.537742, copy halo time is 0.056222, update planes time is 2.222345
---------Rank: 1 	 Elapsed time:2.871428---------
task 32 is initialized
Rank 32 :: inject time is 0.000493, fill buffer time is 0.027920, communication time is 0.009884, wait time is 0.391938, copy halo time is 0.044238, update planes time is 2.396353
---------Rank: 32 	 Elapsed time:2.871428---------
task 120 is initialized
Rank 120 :: inject time is 0.000316, fill buffer time is 0.046838, communication time is 0.012407, wait time is 0.439304, copy halo time is 0.058831, update planes time is 2.297380
---------Rank: 120 	 Elapsed time:2.855575---------
task 100 is initialized
Rank 100 :: inject time is 0.000396, fill buffer time is 0.047177, communication time is 0.013312, wait time is 0.467578, copy halo time is 0.059542, update planes time is 2.273103
---------Rank: 100 	 Elapsed time:2.861659---------
task 2 is initialized
Rank 2 :: inject time is 0.000399, fill buffer time is 0.046313, communication time is 0.008338, wait time is 0.531760, copy halo time is 0.057680, update planes time is 2.227868
---------Rank: 2 	 Elapsed time:2.872910---------
task 33 is initialized
Rank 33 :: inject time is 0.000402, fill buffer time is 0.046054, communication time is 0.011406, wait time is 0.452849, copy halo time is 0.057688, update planes time is 2.304007
---------Rank: 33 	 Elapsed time:2.872961---------
task 56 is initialized
Rank 56 :: inject time is 0.000045, fill buffer time is 0.046224, communication time is 0.014328, wait time is 0.593353, copy halo time is 0.058112, update planes time is 2.153978
---------Rank: 56 	 Elapsed time:2.866544---------
task 35 is initialized
Rank 35 :: inject time is 0.000389, fill buffer time is 0.049496, communication time is 0.012284, wait time is 0.463093, copy halo time is 0.058661, update planes time is 2.290945
---------Rank: 35 	 Elapsed time:2.875419---------
task 36 is initialized
Rank 36 :: inject time is 0.000381, fill buffer time is 0.046813, communication time is 0.010364, wait time is 0.236546, copy halo time is 0.059164, update planes time is 2.522281
---------Rank: 36 	 Elapsed time:2.876072---------
task 38 is initialized
Rank 38 :: inject time is 0.000401, fill buffer time is 0.046268, communication time is 0.011140, wait time is 0.435375, copy halo time is 0.058085, update planes time is 2.322420
---------Rank: 38 	 Elapsed time:2.874235---------
task 39 is initialized
Rank 39 :: inject time is 0.000482, fill buffer time is 0.046083, communication time is 0.015801, wait time is 0.441257, copy halo time is 0.060523, update planes time is 2.308079
---------Rank: 39 	 Elapsed time:2.872756---------
task 99 is initialized
Rank 99 :: inject time is 0.000418, fill buffer time is 0.049148, communication time is 0.014038, wait time is 0.398185, copy halo time is 0.057032, update planes time is 2.342078
---------Rank: 99 	 Elapsed time:2.861431---------
task 107 is initialized
Rank 107 :: inject time is 0.000323, fill buffer time is 0.047917, communication time is 0.014243, wait time is 0.402872, copy halo time is 0.057238, update planes time is 2.335570
---------Rank: 107 	 Elapsed time:2.858663---------
task 25 is initialized
Rank 25 :: inject time is 0.000361, fill buffer time is 0.045746, communication time is 0.010899, wait time is 0.205017, copy halo time is 0.057578, update planes time is 2.547207
---------Rank: 25 	 Elapsed time:2.867346---------
task 49 is initialized
Rank 49 :: inject time is 0.000030, fill buffer time is 0.045603, communication time is 0.010073, wait time is 0.529522, copy halo time is 0.055938, update planes time is 2.228812
---------Rank: 49 	 Elapsed time:2.870545---------
task 96 is initialized
Rank 96 :: inject time is 0.000382, fill buffer time is 0.028324, communication time is 0.011305, wait time is 0.390147, copy halo time is 0.044386, update planes time is 2.385174
---------Rank: 96 	 Elapsed time:2.860407---------
task 108 is initialized
Rank 108 :: inject time is 0.000039, fill buffer time is 0.046986, communication time is 0.014073, wait time is 0.532973, copy halo time is 0.058281, update planes time is 2.205391
---------Rank: 108 	 Elapsed time:2.858278---------
task 53 is initialized
Rank 53 :: inject time is 0.000363, fill buffer time is 0.045742, communication time is 0.010399, wait time is 0.356033, copy halo time is 0.058182, update planes time is 2.400181
---------Rank: 53 	 Elapsed time:2.871439---------
task 3 is initialized
Rank 3 :: inject time is 0.000039, fill buffer time is 0.048635, communication time is 0.009098, wait time is 0.561325, copy halo time is 0.059680, update planes time is 2.195464
---------Rank: 3 	 Elapsed time:2.874666---------
task 97 is initialized
Rank 97 :: inject time is 0.000385, fill buffer time is 0.046181, communication time is 0.012309, wait time is 0.379490, copy halo time is 0.058775, update planes time is 2.362954
---------Rank: 97 	 Elapsed time:2.860668---------
task 54 is initialized
Rank 54 :: inject time is 0.000280, fill buffer time is 0.046194, communication time is 0.010502, wait time is 0.442483, copy halo time is 0.057113, update planes time is 2.313284
---------Rank: 54 	 Elapsed time:2.870366---------
task 5 is initialized
Rank 5 :: inject time is 0.000340, fill buffer time is 0.045862, communication time is 0.006701, wait time is 0.372029, copy halo time is 0.059239, update planes time is 2.389908
---------Rank: 5 	 Elapsed time:2.874636---------
task 57 is initialized
Rank 57 :: inject time is 0.000328, fill buffer time is 0.046355, communication time is 0.010474, wait time is 0.492839, copy halo time is 0.058797, update planes time is 2.256764
---------Rank: 57 	 Elapsed time:2.866246---------
task 98 is initialized
Rank 98 :: inject time is 0.000329, fill buffer time is 0.046370, communication time is 0.012774, wait time is 0.493115, copy halo time is 0.058808, update planes time is 2.249196
---------Rank: 98 	 Elapsed time:2.861121---------
task 7 is initialized
Rank 7 :: inject time is 0.000288, fill buffer time is 0.046292, communication time is 0.010617, wait time is 0.328170, copy halo time is 0.059311, update planes time is 2.427283
---------Rank: 7 	 Elapsed time:2.872538---------
task 59 is initialized
Rank 59 :: inject time is 0.000431, fill buffer time is 0.049806, communication time is 0.011407, wait time is 0.488350, copy halo time is 0.058759, update planes time is 2.256906
---------Rank: 59 	 Elapsed time:2.866247---------
task 101 is initialized
Rank 101 :: inject time is 0.000365, fill buffer time is 0.046573, communication time is 0.013062, wait time is 0.391142, copy halo time is 0.059298, update planes time is 2.350604
---------Rank: 101 	 Elapsed time:2.861661---------
task 60 is initialized
Rank 60 :: inject time is 0.000297, fill buffer time is 0.046970, communication time is 0.010989, wait time is 0.466085, copy halo time is 0.060012, update planes time is 2.280545
---------Rank: 60 	 Elapsed time:2.865466---------
task 102 is initialized
Rank 102 :: inject time is 0.000442, fill buffer time is 0.046674, communication time is 0.013402, wait time is 0.465203, copy halo time is 0.059225, update planes time is 2.276700
---------Rank: 102 	 Elapsed time:2.862177---------
task 61 is initialized
Rank 61 :: inject time is 0.000042, fill buffer time is 0.047093, communication time is 0.010720, wait time is 0.556408, copy halo time is 0.058774, update planes time is 2.190978
---------Rank: 61 	 Elapsed time:2.864633---------
task 14 is initialized
Rank 14 :: inject time is 0.000309, fill buffer time is 0.044846, communication time is 0.006246, wait time is 0.478962, copy halo time is 0.057280, update planes time is 2.272043
---------Rank: 14 	 Elapsed time:2.860336---------
task 62 is initialized
Rank 62 :: inject time is 0.000416, fill buffer time is 0.046526, communication time is 0.010369, wait time is 0.393887, copy halo time is 0.058431, update planes time is 2.353257
---------Rank: 62 	 Elapsed time:2.863444---------
task 63 is initialized
Rank 63 :: inject time is 0.000389, fill buffer time is 0.028429, communication time is 0.011421, wait time is 0.409006, copy halo time is 0.044954, update planes time is 2.368663
---------Rank: 63 	 Elapsed time:2.863513---------
task 64 is initialized
Rank 64 :: inject time is 0.000310, fill buffer time is 0.028001, communication time is 0.010983, wait time is 0.470460, copy halo time is 0.043456, update planes time is 2.313225
---------Rank: 64 	 Elapsed time:2.866997---------
task 42 is initialized
Rank 42 :: inject time is 0.000039, fill buffer time is 0.045961, communication time is 0.011857, wait time is 0.471111, copy halo time is 0.057336, update planes time is 2.279901
---------Rank: 42 	 Elapsed time:2.866741---------
task 65 is initialized
Rank 65 :: inject time is 0.000370, fill buffer time is 0.046362, communication time is 0.012430, wait time is 0.333005, copy halo time is 0.057758, update planes time is 2.416889
---------Rank: 65 	 Elapsed time:2.867250---------
task 66 is initialized
Rank 66 :: inject time is 0.000434, fill buffer time is 0.046075, communication time is 0.012494, wait time is 0.359417, copy halo time is 0.058772, update planes time is 2.389776
---------Rank: 66 	 Elapsed time:2.867560---------
task 67 is initialized
Rank 67 :: inject time is 0.000345, fill buffer time is 0.048774, communication time is 0.013211, wait time is 0.383978, copy halo time is 0.058939, update planes time is 2.362263
---------Rank: 67 	 Elapsed time:2.868073---------
task 69 is initialized
Rank 69 :: inject time is 0.000356, fill buffer time is 0.046123, communication time is 0.012763, wait time is 0.330080, copy halo time is 0.058864, update planes time is 2.419503
---------Rank: 69 	 Elapsed time:2.868282---------
task 70 is initialized
Rank 70 :: inject time is 0.000393, fill buffer time is 0.045706, communication time is 0.012666, wait time is 0.424599, copy halo time is 0.058236, update planes time is 2.326109
---------Rank: 70 	 Elapsed time:2.868276---------
task 50 is initialized
Rank 50 :: inject time is 0.000270, fill buffer time is 0.045235, communication time is 0.009698, wait time is 0.379143, copy halo time is 0.057636, update planes time is 2.377479
---------Rank: 50 	 Elapsed time:2.869969---------
task 71 is initialized
Rank 71 :: inject time is 0.000424, fill buffer time is 0.046791, communication time is 0.016885, wait time is 0.488457, copy halo time is 0.058544, update planes time is 2.256180
---------Rank: 71 	 Elapsed time:2.867900---------
task 121 is initialized
Rank 121 :: inject time is 0.000039, fill buffer time is 0.046348, communication time is 0.008024, wait time is 0.570295, copy halo time is 0.057577, update planes time is 2.172246
---------Rank: 121 	 Elapsed time:2.855049---------
task 122 is initialized
Rank 122 :: inject time is 0.000379, fill buffer time is 0.045975, communication time is 0.008290, wait time is 0.403270, copy halo time is 0.060294, update planes time is 2.336303
---------Rank: 122 	 Elapsed time:2.855060---------
task 123 is initialized
Rank 123 :: inject time is 0.000439, fill buffer time is 0.049254, communication time is 0.008885, wait time is 0.243054, copy halo time is 0.058039, update planes time is 2.495245
---------Rank: 123 	 Elapsed time:2.855509---------
task 44 is initialized
Rank 44 :: inject time is 0.000452, fill buffer time is 0.046855, communication time is 0.012179, wait time is 0.344499, copy halo time is 0.058814, update planes time is 2.400769
---------Rank: 44 	 Elapsed time:2.864073---------
task 45 is initialized
Rank 45 :: inject time is 0.000038, fill buffer time is 0.046301, communication time is 0.011632, wait time is 0.552046, copy halo time is 0.058080, update planes time is 2.194096
---------Rank: 45 	 Elapsed time:2.862739---------
task 4 is initialized
Rank 4 :: inject time is 0.000175, fill buffer time is 0.047058, communication time is 0.006340, wait time is 0.465744, copy halo time is 0.058405, update planes time is 2.297714
---------Rank: 4 	 Elapsed time:2.876058---------
total injected energy is 300000, system energy is 300000 ( in avg 0.0426667 per grid point)
Comp time,Comms time
2.864315,0.011179

task 26 is initialized
Rank 26 :: inject time is 0.000040, fill buffer time is 0.046196, communication time is 0.011483, wait time is 0.360036, copy halo time is 0.058666, update planes time is 2.389815
---------Rank: 26 	 Elapsed time:2.866754---------
task 27 is initialized
Rank 27 :: inject time is 0.000406, fill buffer time is 0.048896, communication time is 0.012286, wait time is 0.335587, copy halo time is 0.057509, update planes time is 2.410301
---------Rank: 27 	 Elapsed time:2.865439---------
task 90 is initialized
Rank 90 :: inject time is 0.000362, fill buffer time is 0.045513, communication time is 0.011422, wait time is 0.426814, copy halo time is 0.056536, update planes time is 2.319360
---------Rank: 90 	 Elapsed time:2.860476---------
task 28 is initialized
Rank 28 :: inject time is 0.000407, fill buffer time is 0.046284, communication time is 0.012011, wait time is 0.319640, copy halo time is 0.058643, update planes time is 2.426815
---------Rank: 28 	 Elapsed time:2.864293---------
task 30 is initialized
Rank 30 :: inject time is 0.000356, fill buffer time is 0.045876, communication time is 0.011369, wait time is 0.355391, copy halo time is 0.057511, update planes time is 2.390519
---------Rank: 30 	 Elapsed time:2.861607---------
task 31 is initialized
Rank 31 :: inject time is 0.000396, fill buffer time is 0.027561, communication time is 0.010022, wait time is 0.390412, copy halo time is 0.043123, update planes time is 2.388440
---------Rank: 31 	 Elapsed time:2.860541---------
task 111 is initialized
Rank 111 :: inject time is 0.000396, fill buffer time is 0.027753, communication time is 0.012364, wait time is 0.408454, copy halo time is 0.044324, update planes time is 2.354678
---------Rank: 111 	 Elapsed time:2.848555---------
task 125 is initialized
Rank 125 :: inject time is 0.000355, fill buffer time is 0.047027, communication time is 0.009178, wait time is 0.540503, copy halo time is 0.058598, update planes time is 2.189979
---------Rank: 125 	 Elapsed time:2.846233---------
task 126 is initialized
Rank 126 :: inject time is 0.000446, fill buffer time is 0.045885, communication time is 0.008629, wait time is 0.454486, copy halo time is 0.058381, update planes time is 2.277194
---------Rank: 126 	 Elapsed time:2.845536---------
task 127 is initialized
Rank 127 :: inject time is 0.000312, fill buffer time is 0.028586, communication time is 0.006783, wait time is 0.429768, copy halo time is 0.045101, update planes time is 2.334851
---------Rank: 127 	 Elapsed time:2.845840---------
task 37 is initialized
Rank 37 :: inject time is 0.000389, fill buffer time is 0.045972, communication time is 0.011838, wait time is 0.369135, copy halo time is 0.059281, update planes time is 2.388231
---------Rank: 37 	 Elapsed time:2.875444---------
task 46 is initialized
Rank 46 :: inject time is 0.000449, fill buffer time is 0.046090, communication time is 0.011231, wait time is 0.470210, copy halo time is 0.057941, update planes time is 2.274519
---------Rank: 46 	 Elapsed time:2.861022---------
task 68 is initialized
Rank 68 :: inject time is 0.000386, fill buffer time is 0.046835, communication time is 0.012784, wait time is 0.377691, copy halo time is 0.059898, update planes time is 2.370249
---------Rank: 68 	 Elapsed time:2.868287---------
task 103 is initialized
Rank 103 :: inject time is 0.000409, fill buffer time is 0.046772, communication time is 0.016746, wait time is 0.288494, copy halo time is 0.059183, update planes time is 2.450002
---------Rank: 103 	 Elapsed time:2.862185---------
task 51 is initialized
Rank 51 :: inject time is 0.000362, fill buffer time is 0.048066, communication time is 0.010865, wait time is 0.484294, copy halo time is 0.057538, update planes time is 2.269770
---------Rank: 51 	 Elapsed time:2.871460---------
task 29 is initialized
Rank 29 :: inject time is 0.000044, fill buffer time is 0.046508, communication time is 0.011655, wait time is 0.531410, copy halo time is 0.057953, update planes time is 2.215124
---------Rank: 29 	 Elapsed time:2.863256---------
task 58 is initialized
Rank 58 :: inject time is 0.000461, fill buffer time is 0.046503, communication time is 0.010245, wait time is 0.277751, copy halo time is 0.059275, update planes time is 2.471446
---------Rank: 58 	 Elapsed time:2.866266---------
task 6 is initialized
Rank 6 :: inject time is 0.000343, fill buffer time is 0.045588, communication time is 0.006517, wait time is 0.357712, copy halo time is 0.058767, update planes time is 2.404053
---------Rank: 6 	 Elapsed time:2.873606---------
task 124 is initialized
Rank 124 :: inject time is 0.000399, fill buffer time is 0.046873, communication time is 0.008976, wait time is 0.426640, copy halo time is 0.059428, update planes time is 2.304215
---------Rank: 124 	 Elapsed time:2.847018---------
Total_time: 4.541274501
