Tasks are decomposed in a grid 4 x 4

Task    8 :: 	grid coordinates :   0,   2
	neighbours: N    4    E    9    S   12    W   -2
Task    9 :: 	grid coordinates :   1,   2
	neighbours: N    5    E   10    S   13    W    8
Task   10 :: 	grid coordinates :   2,   2
	neighbours: N    6    E   11    S   14    W    9
Task   11 :: 	grid coordinates :   3,   2
	neighbours: N    7    E   -2    S   15    W   10
Task   12 :: 	grid coordinates :   0,   3
	neighbours: N    8    E   13    S   -2    W   -2
Task   13 :: 	grid coordinates :   1,   3
	neighbours: N    9    E   14    S   -2    W   12
Task   14 :: 	grid coordinates :   2,   3
	neighbours: N   10    E   15    S   -2    W   13
Task   15 :: 	grid coordinates :   3,   3
	neighbours: N   11    E   -2    S   -2    W   14
Task    0 :: 	grid coordinates :   0,   0
	neighbours: N   -2    E    1    S    4    W   -2
Task    1 :: 	grid coordinates :   1,   0
	neighbours: N   -2    E    2    S    5    W    0
Task    2 :: 	grid coordinates :   2,   0
	neighbours: N   -2    E    3    S    6    W    1
Task    3 :: 	grid coordinates :   3,   0
	neighbours: N   -2    E   -2    S    7    W    2
Task    4 :: 	grid coordinates :   0,   1
	neighbours: N    0    E    5    S    8    W   -2
Task    5 :: 	grid coordinates :   1,   1
	neighbours: N    1    E    6    S    9    W    4
Task    6 :: 	grid coordinates :   2,   1
	neighbours: N    2    E    7    S   10    W    5
Task    7 :: 	grid coordinates :   3,   1
	neighbours: N    3    E   -2    S   11    W    6
task 0 is initialized
Rank 0 :: inject time is 0.000702, fill buffer time is 0.087716, communication time is 0.005013, wait time is 0.263835, copy halo time is 0.124921, update planes time is 21.603813
---------Rank: 0 	 Elapsed time:22.086699---------
task 13 is initialized
Rank 13 :: inject time is 0.000765, fill buffer time is 0.123383, communication time is 0.007085, wait time is 0.449796, copy halo time is 0.139598, update planes time is 21.347410
---------Rank: 13 	 Elapsed time:22.068718---------
task 14 is initialized
Rank 14 :: inject time is 0.000750, fill buffer time is 0.122530, communication time is 0.007718, wait time is 0.693116, copy halo time is 0.137553, update planes time is 21.107313
---------Rank: 14 	 Elapsed time:22.069433---------
task 15 is initialized
Rank 15 :: inject time is 0.000597, fill buffer time is 0.075495, communication time is 0.005254, wait time is 0.988153, copy halo time is 0.103474, update planes time is 20.896718
---------Rank: 15 	 Elapsed time:22.070394---------
task 12 is initialized
Rank 12 :: inject time is 0.000922, fill buffer time is 0.085133, communication time is 0.005288, wait time is 0.542996, copy halo time is 0.116862, update planes time is 21.316270
---------Rank: 12 	 Elapsed time:22.068216---------
task 9 is initialized
Rank 9 :: inject time is 0.000758, fill buffer time is 0.127496, communication time is 0.020151, wait time is 0.633161, copy halo time is 0.143862, update planes time is 21.143539
---------Rank: 9 	 Elapsed time:22.069478---------
task 10 is initialized
Rank 10 :: inject time is 0.000866, fill buffer time is 0.128722, communication time is 0.019876, wait time is 0.366714, copy halo time is 0.149154, update planes time is 21.404443
---------Rank: 10 	 Elapsed time:22.070443---------
task 11 is initialized
Rank 11 :: inject time is 0.000801, fill buffer time is 0.087007, communication time is 0.019374, wait time is 0.265965, copy halo time is 0.125828, update planes time is 21.570800
---------Rank: 11 	 Elapsed time:22.070432---------
task 8 is initialized
Rank 8 :: inject time is 0.000727, fill buffer time is 0.082276, communication time is 0.020201, wait time is 0.736050, copy halo time is 0.114056, update planes time is 21.114395
---------Rank: 8 	 Elapsed time:22.068323---------
task 3 is initialized
Rank 3 :: inject time is 0.000750, fill buffer time is 0.085270, communication time is 0.005171, wait time is 0.618557, copy halo time is 0.123684, update planes time is 21.250516
---------Rank: 3 	 Elapsed time:22.084739---------
task 2 is initialized
Rank 2 :: inject time is 0.000674, fill buffer time is 0.132809, communication time is 0.007332, wait time is 0.684893, copy halo time is 0.158639, update planes time is 21.100469
---------Rank: 2 	 Elapsed time:22.085571---------
task 5 is initialized
Rank 5 :: inject time is 0.000896, fill buffer time is 0.137259, communication time is 0.020282, wait time is 0.188363, copy halo time is 0.163422, update planes time is 21.576197
---------Rank: 5 	 Elapsed time:22.087184---------
task 4 is initialized
Rank 4 :: inject time is 0.000947, fill buffer time is 0.089561, communication time is 0.024254, wait time is 0.401905, copy halo time is 0.124387, update planes time is 21.445282
---------Rank: 4 	 Elapsed time:22.087114---------
task 7 is initialized
Rank 7 :: inject time is 0.000922, fill buffer time is 0.087955, communication time is 0.024319, wait time is 0.426326, copy halo time is 0.126121, update planes time is 21.419178
---------Rank: 7 	 Elapsed time:22.085556---------
task 6 is initialized
Rank 6 :: inject time is 0.000898, fill buffer time is 0.133161, communication time is 0.025527, wait time is 0.531339, copy halo time is 0.156876, update planes time is 21.238767
---------Rank: 6 	 Elapsed time:22.087171---------
task 1 is initialized
Rank 1 :: inject time is 0.000803, fill buffer time is 0.134078, communication time is 0.007750, wait time is 0.415641, copy halo time is 0.159094, update planes time is 21.369238
---------Rank: 1 	 Elapsed time:22.087176---------
total injected energy is 300000, system energy is 299997 ( in avg 0.00533329 per grid point)
Comp time,Comms time
22.077915,0.014037

Total_time: 24.659194574
