Tasks are decomposed in a grid 8 x 8

Task    8 :: 	grid coordinates :   0,   1
	neighbours: N    0    E    9    S   16    W   -2
Task   16 :: 	grid coordinates :   0,   2
	neighbours: N    8    E   17    S   24    W   -2
Task   24 :: 	grid coordinates :   0,   3
	neighbours: N   16    E   25    S   32    W   -2
Task   32 :: 	grid coordinates :   0,   4
	neighbours: N   24    E   33    S   40    W   -2
Task   40 :: 	grid coordinates :   0,   5
	neighbours: N   32    E   41    S   48    W   -2
Task   48 :: 	grid coordinates :   0,   6
	neighbours: N   40    E   49    S   56    W   -2
Task   56 :: 	grid coordinates :   0,   7
	neighbours: N   48    E   57    S   -2    W   -2
Task   49 :: 	grid coordinates :   1,   6
	neighbours: N   41    E   50    S   57    W   48
Task   50 :: 	grid coordinates :   2,   6
	neighbours: N   42    E   51    S   58    W   49
Task   51 :: 	grid coordinates :   3,   6
	neighbours: N   43    E   52    S   59    W   50
Task   52 :: 	grid coordinates :   4,   6
	neighbours: N   44    E   53    S   60    W   51
Task   53 :: 	grid coordinates :   5,   6
	neighbours: N   45    E   54    S   61    W   52
Task   54 :: 	grid coordinates :   6,   6
	neighbours: N   46    E   55    S   62    W   53
Task   55 :: 	grid coordinates :   7,   6
	neighbours: N   47    E   -2    S   63    W   54
Task   17 :: 	grid coordinates :   1,   2
	neighbours: N    9    E   18    S   25    W   16
Task   18 :: 	grid coordinates :   2,   2
	neighbours: N   10    E   19    S   26    W   17
Task   41 :: 	grid coordinates :   1,   5
	neighbours: N   33    E   42    S   49    W   40
Task   19 :: 	grid coordinates :   3,   2
	neighbours: N   11    E   20    S   27    W   18
Task   42 :: 	grid coordinates :   2,   5
	neighbours: N   34    E   43    S   50    W   41
Task   20 :: 	grid coordinates :   4,   2
	neighbours: N   12    E   21    S   28    W   19
Task   43 :: 	grid coordinates :   3,   5
	neighbours: N   35    E   44    S   51    W   42
Task   21 :: 	grid coordinates :   5,   2
	neighbours: N   13    E   22    S   29    W   20
Task   33 :: 	grid coordinates :   1,   4
	neighbours: N   25    E   34    S   41    W   32
Task   44 :: 	grid coordinates :   4,   5
	neighbours: N   36    E   45    S   52    W   43
Task   22 :: 	grid coordinates :   6,   2
	neighbours: N   14    E   23    S   30    W   21
Task   34 :: 	grid coordinates :   2,   4
	neighbours: N   26    E   35    S   42    W   33
Task   45 :: 	grid coordinates :   5,   5
	neighbours: N   37    E   46    S   53    W   44
Task   57 :: 	grid coordinates :   1,   7
	neighbours: N   49    E   58    S   -2    W   56
Task   23 :: 	grid coordinates :   7,   2
	neighbours: N   15    E   -2    S   31    W   22
Task   35 :: 	grid coordinates :   3,   4
	neighbours: N   27    E   36    S   43    W   34
Task   46 :: 	grid coordinates :   6,   5
	neighbours: N   38    E   47    S   54    W   45
Task   58 :: 	grid coordinates :   2,   7
	neighbours: N   50    E   59    S   -2    W   57
Task   36 :: 	grid coordinates :   4,   4
	neighbours: N   28    E   37    S   44    W   35
Task   47 :: 	grid coordinates :   7,   5
	neighbours: N   39    E   -2    S   55    W   46
Task   59 :: 	grid coordinates :   3,   7
	neighbours: N   51    E   60    S   -2    W   58
Task   37 :: 	grid coordinates :   5,   4
	neighbours: N   29    E   38    S   45    W   36
Task   60 :: 	grid coordinates :   4,   7
	neighbours: N   52    E   61    S   -2    W   59
Task    9 :: 	grid coordinates :   1,   1
	neighbours: N    1    E   10    S   17    W    8
Task   38 :: 	grid coordinates :   6,   4
	neighbours: N   30    E   39    S   46    W   37
Task   61 :: 	grid coordinates :   5,   7
	neighbours: N   53    E   62    S   -2    W   60
Task   10 :: 	grid coordinates :   2,   1
	neighbours: N    2    E   11    S   18    W    9
Task   39 :: 	grid coordinates :   7,   4
	neighbours: N   31    E   -2    S   47    W   38
Task   62 :: 	grid coordinates :   6,   7
	neighbours: N   54    E   63    S   -2    W   61
Task   11 :: 	grid coordinates :   3,   1
	neighbours: N    3    E   12    S   19    W   10
Task   63 :: 	grid coordinates :   7,   7
	neighbours: N   55    E   -2    S   -2    W   62
Task   12 :: 	grid coordinates :   4,   1
	neighbours: N    4    E   13    S   20    W   11
Task   13 :: 	grid coordinates :   5,   1
	neighbours: N    5    E   14    S   21    W   12
Task   14 :: 	grid coordinates :   6,   1
	neighbours: N    6    E   15    S   22    W   13
Task   15 :: 	grid coordinates :   7,   1
	neighbours: N    7    E   -2    S   23    W   14
Task   25 :: 	grid coordinates :   1,   3
	neighbours: N   17    E   26    S   33    W   24
Task   26 :: 	grid coordinates :   2,   3
	neighbours: N   18    E   27    S   34    W   25
Task   27 :: 	grid coordinates :   3,   3
	neighbours: N   19    E   28    S   35    W   26
Task   28 :: 	grid coordinates :   4,   3
	neighbours: N   20    E   29    S   36    W   27
Task   29 :: 	grid coordinates :   5,   3
	neighbours: N   21    E   30    S   37    W   28
Task   30 :: 	grid coordinates :   6,   3
	neighbours: N   22    E   31    S   38    W   29
Task   31 :: 	grid coordinates :   7,   3
	neighbours: N   23    E   -2    S   39    W   30
Task    0 :: 	grid coordinates :   0,   0
	neighbours: N   -2    E    1    S    8    W   -2
Task    1 :: 	grid coordinates :   1,   0
	neighbours: N   -2    E    2    S    9    W    0
Task    2 :: 	grid coordinates :   2,   0
	neighbours: N   -2    E    3    S   10    W    1
Task    3 :: 	grid coordinates :   3,   0
	neighbours: N   -2    E    4    S   11    W    2
Task    4 :: 	grid coordinates :   4,   0
	neighbours: N   -2    E    5    S   12    W    3
Task    5 :: 	grid coordinates :   5,   0
	neighbours: N   -2    E    6    S   13    W    4
Task    6 :: 	grid coordinates :   6,   0
	neighbours: N   -2    E    7    S   14    W    5
Task    7 :: 	grid coordinates :   7,   0
	neighbours: N   -2    E   -2    S   15    W    6
task 0 is initialized
Rank 0 :: inject time is 0.000458, fill buffer time is 0.032648, communication time is 0.007203, wait time is 0.432004, copy halo time is 0.043134, update planes time is 5.047904
---------Rank: 0 	 Elapsed time:5.563928---------
task 56 is initialized
Rank 56 :: inject time is 0.000037, fill buffer time is 0.032580, communication time is 0.009206, wait time is 0.617042, copy halo time is 0.042825, update planes time is 4.841435
---------Rank: 56 	 Elapsed time:5.543725---------
task 57 is initialized
Rank 57 :: inject time is 0.000445, fill buffer time is 0.055176, communication time is 0.009815, wait time is 0.342833, copy halo time is 0.060850, update planes time is 5.075026
---------Rank: 57 	 Elapsed time:5.544719---------
task 59 is initialized
Rank 59 :: inject time is 0.000430, fill buffer time is 0.057736, communication time is 0.011502, wait time is 0.440825, copy halo time is 0.060977, update planes time is 4.974688
---------Rank: 59 	 Elapsed time:5.546790---------
task 60 is initialized
Rank 60 :: inject time is 0.000346, fill buffer time is 0.056356, communication time is 0.011443, wait time is 0.507584, copy halo time is 0.062050, update planes time is 4.909166
---------Rank: 60 	 Elapsed time:5.547507---------
task 61 is initialized
Rank 61 :: inject time is 0.000431, fill buffer time is 0.055457, communication time is 0.011234, wait time is 0.360277, copy halo time is 0.062325, update planes time is 5.058119
---------Rank: 61 	 Elapsed time:5.548558---------
task 62 is initialized
Rank 62 :: inject time is 0.000423, fill buffer time is 0.056489, communication time is 0.010751, wait time is 0.352723, copy halo time is 0.059984, update planes time is 5.066481
---------Rank: 62 	 Elapsed time:5.547509---------
task 63 is initialized
Rank 63 :: inject time is 0.000416, fill buffer time is 0.033712, communication time is 0.009779, wait time is 0.504313, copy halo time is 0.044726, update planes time is 4.953668
---------Rank: 63 	 Elapsed time:5.547200---------
task 58 is initialized
Rank 58 :: inject time is 0.000386, fill buffer time is 0.055049, communication time is 0.010789, wait time is 0.390395, copy halo time is 0.061991, update planes time is 5.026275
---------Rank: 58 	 Elapsed time:5.545421---------
task 50 is initialized
Rank 50 :: inject time is 0.000410, fill buffer time is 0.053815, communication time is 0.018926, wait time is 0.444483, copy halo time is 0.058621, update planes time is 4.975410
---------Rank: 50 	 Elapsed time:5.552238---------
task 54 is initialized
Rank 54 :: inject time is 0.000351, fill buffer time is 0.053656, communication time is 0.019800, wait time is 0.448874, copy halo time is 0.060243, update planes time is 4.970800
---------Rank: 54 	 Elapsed time:5.554273---------
task 48 is initialized
Rank 48 :: inject time is 0.000392, fill buffer time is 0.032478, communication time is 0.017069, wait time is 0.467252, copy halo time is 0.042178, update planes time is 4.990460
---------Rank: 48 	 Elapsed time:5.550515---------
task 49 is initialized
Rank 49 :: inject time is 0.000421, fill buffer time is 0.053970, communication time is 0.019069, wait time is 0.361815, copy halo time is 0.059763, update planes time is 5.055989
---------Rank: 49 	 Elapsed time:5.551674---------
task 52 is initialized
Rank 52 :: inject time is 0.000441, fill buffer time is 0.055202, communication time is 0.020744, wait time is 0.365739, copy halo time is 0.059424, update planes time is 5.052186
---------Rank: 52 	 Elapsed time:5.554296---------
task 53 is initialized
Rank 53 :: inject time is 0.000340, fill buffer time is 0.054851, communication time is 0.017877, wait time is 0.353507, copy halo time is 0.061723, update planes time is 5.066408
---------Rank: 53 	 Elapsed time:5.555303---------
task 55 is initialized
Rank 55 :: inject time is 0.000426, fill buffer time is 0.032633, communication time is 0.018746, wait time is 0.489161, copy halo time is 0.045442, update planes time is 4.966192
---------Rank: 55 	 Elapsed time:5.553284---------
task 51 is initialized
Rank 51 :: inject time is 0.000451, fill buffer time is 0.057033, communication time is 0.019280, wait time is 0.418460, copy halo time is 0.061400, update planes time is 4.995943
---------Rank: 51 	 Elapsed time:5.553170---------
task 40 is initialized
Rank 40 :: inject time is 0.000440, fill buffer time is 0.033542, communication time is 0.017036, wait time is 0.300649, copy halo time is 0.044321, update planes time is 5.160355
---------Rank: 40 	 Elapsed time:5.557128---------
task 41 is initialized
Rank 41 :: inject time is 0.000367, fill buffer time is 0.054399, communication time is 0.017925, wait time is 0.364733, copy halo time is 0.061511, update planes time is 5.059034
---------Rank: 41 	 Elapsed time:5.558545---------
task 42 is initialized
Rank 42 :: inject time is 0.000460, fill buffer time is 0.054174, communication time is 0.018000, wait time is 0.381903, copy halo time is 0.061097, update planes time is 5.042648
---------Rank: 42 	 Elapsed time:5.558832---------
task 44 is initialized
Rank 44 :: inject time is 0.000391, fill buffer time is 0.054798, communication time is 0.020231, wait time is 0.434885, copy halo time is 0.062184, update planes time is 4.987870
---------Rank: 44 	 Elapsed time:5.560956---------
task 45 is initialized
Rank 45 :: inject time is 0.000484, fill buffer time is 0.055155, communication time is 0.018784, wait time is 0.493046, copy halo time is 0.059939, update planes time is 4.933933
---------Rank: 45 	 Elapsed time:5.561888---------
task 47 is initialized
Rank 47 :: inject time is 0.000354, fill buffer time is 0.033114, communication time is 0.017693, wait time is 0.444784, copy halo time is 0.045020, update planes time is 5.018180
---------Rank: 47 	 Elapsed time:5.559793---------
task 43 is initialized
Rank 43 :: inject time is 0.000407, fill buffer time is 0.057206, communication time is 0.019555, wait time is 0.507316, copy halo time is 0.061626, update planes time is 4.913033
---------Rank: 43 	 Elapsed time:5.559704---------
task 46 is initialized
Rank 46 :: inject time is 0.000516, fill buffer time is 0.054607, communication time is 0.018120, wait time is 0.224824, copy halo time is 0.061039, update planes time is 5.201333
---------Rank: 46 	 Elapsed time:5.560952---------
task 35 is initialized
Rank 35 :: inject time is 0.000380, fill buffer time is 0.057427, communication time is 0.018547, wait time is 0.484239, copy halo time is 0.059948, update planes time is 4.944860
---------Rank: 35 	 Elapsed time:5.565896---------
task 32 is initialized
Rank 32 :: inject time is 0.000430, fill buffer time is 0.032298, communication time is 0.014592, wait time is 0.421306, copy halo time is 0.042679, update planes time is 5.051864
---------Rank: 32 	 Elapsed time:5.563609---------
task 33 is initialized
Rank 33 :: inject time is 0.000376, fill buffer time is 0.054553, communication time is 0.016988, wait time is 0.364244, copy halo time is 0.059304, update planes time is 5.068173
---------Rank: 33 	 Elapsed time:5.564204---------
task 34 is initialized
Rank 34 :: inject time is 0.000486, fill buffer time is 0.053486, communication time is 0.016602, wait time is 0.278476, copy halo time is 0.060252, update planes time is 5.154851
---------Rank: 34 	 Elapsed time:5.564679---------
task 36 is initialized
Rank 36 :: inject time is 0.000285, fill buffer time is 0.053953, communication time is 0.018402, wait time is 0.424109, copy halo time is 0.059175, update planes time is 5.010455
---------Rank: 36 	 Elapsed time:5.567060---------
task 38 is initialized
Rank 38 :: inject time is 0.000270, fill buffer time is 0.053994, communication time is 0.017256, wait time is 0.535723, copy halo time is 0.059567, update planes time is 4.899644
---------Rank: 38 	 Elapsed time:5.567056---------
task 39 is initialized
Rank 39 :: inject time is 0.000377, fill buffer time is 0.032518, communication time is 0.016157, wait time is 0.524644, copy halo time is 0.044581, update planes time is 4.946614
---------Rank: 39 	 Elapsed time:5.565704---------
task 37 is initialized
Rank 37 :: inject time is 0.000418, fill buffer time is 0.054427, communication time is 0.016804, wait time is 0.407977, copy halo time is 0.062152, update planes time is 5.025670
---------Rank: 37 	 Elapsed time:5.568042---------
task 20 is initialized
Rank 20 :: inject time is 0.000470, fill buffer time is 0.055453, communication time is 0.022090, wait time is 0.252652, copy halo time is 0.061397, update planes time is 5.182014
---------Rank: 20 	 Elapsed time:5.574798---------
task 21 is initialized
Rank 21 :: inject time is 0.000483, fill buffer time is 0.055304, communication time is 0.015186, wait time is 0.103780, copy halo time is 0.061331, update planes time is 5.338109
---------Rank: 21 	 Elapsed time:5.574858---------
task 22 is initialized
Rank 22 :: inject time is 0.000490, fill buffer time is 0.055650, communication time is 0.019290, wait time is 0.400980, copy halo time is 0.062657, update planes time is 5.035191
---------Rank: 22 	 Elapsed time:5.574792---------
task 8 is initialized
Rank 8 :: inject time is 0.000470, fill buffer time is 0.032966, communication time is 0.018436, wait time is 0.459172, copy halo time is 0.043895, update planes time is 5.015052
---------Rank: 8 	 Elapsed time:5.570445---------
task 10 is initialized
Rank 10 :: inject time is 0.000378, fill buffer time is 0.054893, communication time is 0.019058, wait time is 0.397527, copy halo time is 0.060860, update planes time is 5.038937
---------Rank: 10 	 Elapsed time:5.572152---------
task 16 is initialized
Rank 16 :: inject time is 0.000468, fill buffer time is 0.033553, communication time is 0.017626, wait time is 0.367795, copy halo time is 0.045448, update planes time is 5.106345
---------Rank: 16 	 Elapsed time:5.571989---------
task 11 is initialized
Rank 11 :: inject time is 0.000485, fill buffer time is 0.057793, communication time is 0.020553, wait time is 0.328861, copy halo time is 0.061660, update planes time is 5.103357
---------Rank: 11 	 Elapsed time:5.573301---------
task 12 is initialized
Rank 12 :: inject time is 0.000484, fill buffer time is 0.054788, communication time is 0.019330, wait time is 0.242236, copy halo time is 0.060054, update planes time is 5.196056
---------Rank: 12 	 Elapsed time:5.573486---------
task 13 is initialized
Rank 13 :: inject time is 0.000342, fill buffer time is 0.054185, communication time is 0.019841, wait time is 0.514571, copy halo time is 0.060611, update planes time is 4.924787
---------Rank: 13 	 Elapsed time:5.574840---------
task 14 is initialized
Rank 14 :: inject time is 0.000349, fill buffer time is 0.054100, communication time is 0.019569, wait time is 0.385724, copy halo time is 0.060592, update planes time is 5.052566
---------Rank: 14 	 Elapsed time:5.573483---------
task 15 is initialized
Rank 15 :: inject time is 0.000372, fill buffer time is 0.032588, communication time is 0.018335, wait time is 0.467567, copy halo time is 0.044008, update planes time is 5.009029
---------Rank: 15 	 Elapsed time:5.572503---------
task 17 is initialized
Rank 17 :: inject time is 0.000424, fill buffer time is 0.054827, communication time is 0.019694, wait time is 0.243413, copy halo time is 0.062302, update planes time is 5.191035
---------Rank: 17 	 Elapsed time:5.572371---------
task 18 is initialized
Rank 18 :: inject time is 0.000479, fill buffer time is 0.055126, communication time is 0.018989, wait time is 0.173599, copy halo time is 0.060264, update planes time is 5.263951
---------Rank: 18 	 Elapsed time:5.572979---------
task 25 is initialized
Rank 25 :: inject time is 0.000402, fill buffer time is 0.053747, communication time is 0.018907, wait time is 0.413084, copy halo time is 0.060756, update planes time is 5.022556
---------Rank: 25 	 Elapsed time:5.569962---------
task 29 is initialized
Rank 29 :: inject time is 0.000341, fill buffer time is 0.054182, communication time is 0.018714, wait time is 0.398766, copy halo time is 0.060293, update planes time is 5.041794
---------Rank: 29 	 Elapsed time:5.574650---------
task 9 is initialized
Rank 9 :: inject time is 0.000380, fill buffer time is 0.054951, communication time is 0.019291, wait time is 0.248410, copy halo time is 0.060103, update planes time is 5.187560
---------Rank: 9 	 Elapsed time:5.571385---------
task 24 is initialized
Rank 24 :: inject time is 0.000429, fill buffer time is 0.033059, communication time is 0.018598, wait time is 0.378079, copy halo time is 0.046075, update planes time is 5.092020
---------Rank: 24 	 Elapsed time:5.569060---------
task 26 is initialized
Rank 26 :: inject time is 0.000455, fill buffer time is 0.054367, communication time is 0.017744, wait time is 0.202539, copy halo time is 0.060342, update planes time is 5.234643
---------Rank: 26 	 Elapsed time:5.570619---------
task 27 is initialized
Rank 27 :: inject time is 0.000351, fill buffer time is 0.057230, communication time is 0.020951, wait time is 0.501800, copy halo time is 0.060328, update planes time is 4.930859
---------Rank: 27 	 Elapsed time:5.572011---------
task 28 is initialized
Rank 28 :: inject time is 0.000394, fill buffer time is 0.054255, communication time is 0.020906, wait time is 0.503667, copy halo time is 0.060282, update planes time is 4.933388
---------Rank: 28 	 Elapsed time:5.573486---------
task 30 is initialized
Rank 30 :: inject time is 0.000419, fill buffer time is 0.053931, communication time is 0.019451, wait time is 0.418968, copy halo time is 0.061041, update planes time is 5.019124
---------Rank: 30 	 Elapsed time:5.573498---------
task 19 is initialized
Rank 19 :: inject time is 0.000453, fill buffer time is 0.058033, communication time is 0.022130, wait time is 0.474958, copy halo time is 0.061071, update planes time is 4.957056
---------Rank: 19 	 Elapsed time:5.574273---------
total injected energy is 300000, system energy is 300000 ( in avg 0.0213333 per grid point)
Comp time,Comms time
5.563725,0.016584

task 23 is initialized
Rank 23 :: inject time is 0.000482, fill buffer time is 0.033050, communication time is 0.020008, wait time is 0.443625, copy halo time is 0.045519, update planes time is 5.030128
---------Rank: 23 	 Elapsed time:5.573648---------
task 1 is initialized
Rank 1 :: inject time is 0.000422, fill buffer time is 0.054674, communication time is 0.010513, wait time is 0.453713, copy halo time is 0.061334, update planes time is 4.983557
---------Rank: 1 	 Elapsed time:5.564743---------
task 3 is initialized
Rank 3 :: inject time is 0.000399, fill buffer time is 0.056981, communication time is 0.010760, wait time is 0.445398, copy halo time is 0.062077, update planes time is 4.990488
---------Rank: 3 	 Elapsed time:5.566720---------
task 2 is initialized
Rank 2 :: inject time is 0.000393, fill buffer time is 0.053870, communication time is 0.009898, wait time is 0.462743, copy halo time is 0.060147, update planes time is 4.978113
---------Rank: 2 	 Elapsed time:5.565677---------
task 31 is initialized
Rank 31 :: inject time is 0.000416, fill buffer time is 0.032904, communication time is 0.018522, wait time is 0.477611, copy halo time is 0.045426, update planes time is 4.996950
---------Rank: 31 	 Elapsed time:5.572459---------
task 5 is initialized
Rank 5 :: inject time is 0.000475, fill buffer time is 0.054482, communication time is 0.010325, wait time is 0.260644, copy halo time is 0.061300, update planes time is 5.180334
---------Rank: 5 	 Elapsed time:5.568249---------
task 6 is initialized
Rank 6 :: inject time is 0.000458, fill buffer time is 0.053783, communication time is 0.010789, wait time is 0.451352, copy halo time is 0.060387, update planes time is 4.990316
---------Rank: 6 	 Elapsed time:5.567666---------
task 7 is initialized
Rank 7 :: inject time is 0.000447, fill buffer time is 0.032720, communication time is 0.008821, wait time is 0.500936, copy halo time is 0.046163, update planes time is 4.976804
---------Rank: 7 	 Elapsed time:5.566469---------
task 4 is initialized
Rank 4 :: inject time is 0.000495, fill buffer time is 0.054707, communication time is 0.011096, wait time is 0.433095, copy halo time is 0.061022, update planes time is 5.006730
---------Rank: 4 	 Elapsed time:5.567677---------
Total_time: 7.096598584
