==1625656== Cachegrind, a high-precision tracing profiler
==1625656== Copyright (C) 2002-2024, and GNU GPL'd, by Nicholas Nethercote et al.
==1625656== Using Valgrind-3.24.0 and LibVEX; rerun with -h for copyright info
==1625656== Command: ./stencil_parallel -x 512 -y 512 -o 0 -v 0 -n 100
==1625656== Parent PID: 1625613
==1625656== 
--1625656-- warning: L3 cache found, using its data for the LL simulation.
==1625656== WARNING: valgrind ignores shmget(shmflg) SHM_HUGETLB
==1625656== 
==1625656== I refs:        255,671,045
==1625656== I1  misses:        189,473
==1625656== LLi misses:         22,897
==1625656== I1  miss rate:        0.07%
==1625656== LLi miss rate:        0.01%
==1625656== 
==1625656== D refs:         96,723,610  (67,425,950 rd   + 29,297,660 wr)
==1625656== D1  misses:      8,344,896  ( 4,601,806 rd   +  3,743,090 wr)
==1625656== LLd misses:        331,206  (    50,632 rd   +    280,574 wr)
==1625656== D1  miss rate:         8.6% (       6.8%     +       12.8%  )
==1625656== LLd miss rate:         0.3% (       0.1%     +        1.0%  )
==1625656== 
==1625656== LL refs:         8,534,369  ( 4,791,279 rd   +  3,743,090 wr)
==1625656== LL misses:         354,103  (    73,529 rd   +    280,574 wr)
==1625656== LL miss rate:          0.1% (       0.0%     +        1.0%  )
==1625656== 
==1625656== Branches:       36,197,027  (34,291,338 cond +  1,905,689 ind)
==1625656== Mispredicts:       964,189  (   743,353 cond +    220,836 ind)
==1625656== Mispred rate:          2.7% (       2.2%     +       11.6%   )
