Tasks are decomposed in a grid 16 x 8

Task    8 :: 	grid coordinates :   8,   0
	neighbours: N   -2    E    9    S   24    W    7
Task   16 :: 	grid coordinates :   0,   1
	neighbours: N    0    E   17    S   32    W   -2
Task   24 :: 	grid coordinates :   8,   1
	neighbours: N    8    E   25    S   40    W   23
Task   32 :: 	grid coordinates :   0,   2
	neighbours: N   16    E   33    S   48    W   -2
Task   40 :: 	grid coordinates :   8,   2
	neighbours: N   24    E   41    S   56    W   39
Task   48 :: 	grid coordinates :   0,   3
	neighbours: N   32    E   49    S   64    W   -2
Task   56 :: 	grid coordinates :   8,   3
	neighbours: N   40    E   57    S   72    W   55
Task   64 :: 	grid coordinates :   0,   4
	neighbours: N   48    E   65    S   80    W   -2
Task   72 :: 	grid coordinates :   8,   4
	neighbours: N   56    E   73    S   88    W   71
Task   80 :: 	grid coordinates :   0,   5
	neighbours: N   64    E   81    S   96    W   -2
Task   88 :: 	grid coordinates :   8,   5
	neighbours: N   72    E   89    S  104    W   87
Task   96 :: 	grid coordinates :   0,   6
	neighbours: N   80    E   97    S  112    W   -2
Task  104 :: 	grid coordinates :   8,   6
	neighbours: N   88    E  105    S  120    W  103
Task  112 :: 	grid coordinates :   0,   7
	neighbours: N   96    E  113    S   -2    W   -2
Task  120 :: 	grid coordinates :   8,   7
	neighbours: N  104    E  121    S   -2    W  119
Task   49 :: 	grid coordinates :   1,   3
	neighbours: N   33    E   50    S   65    W   48
Task   50 :: 	grid coordinates :   2,   3
	neighbours: N   34    E   51    S   66    W   49
Task   51 :: 	grid coordinates :   3,   3
	neighbours: N   35    E   52    S   67    W   50
Task   52 :: 	grid coordinates :   4,   3
	neighbours: N   36    E   53    S   68    W   51
Task   53 :: 	grid coordinates :   5,   3
	neighbours: N   37    E   54    S   69    W   52
Task   54 :: 	grid coordinates :   6,   3
	neighbours: N   38    E   55    S   70    W   53
Task   55 :: 	grid coordinates :   7,   3
	neighbours: N   39    E   56    S   71    W   54
Task   57 :: 	grid coordinates :   9,   3
	neighbours: N   41    E   58    S   73    W   56
Task   17 :: 	grid coordinates :   1,   1
	neighbours: N    1    E   18    S   33    W   16
Task   58 :: 	grid coordinates :  10,   3
	neighbours: N   42    E   59    S   74    W   57
Task   41 :: 	grid coordinates :   9,   2
	neighbours: N   25    E   42    S   57    W   40
Task   18 :: 	grid coordinates :   2,   1
	neighbours: N    2    E   19    S   34    W   17
Task   59 :: 	grid coordinates :  11,   3
	neighbours: N   43    E   60    S   75    W   58
Task   42 :: 	grid coordinates :  10,   2
	neighbours: N   26    E   43    S   58    W   41
Task   19 :: 	grid coordinates :   3,   1
	neighbours: N    3    E   20    S   35    W   18
Task    9 :: 	grid coordinates :   9,   0
	neighbours: N   -2    E   10    S   25    W    8
Task   60 :: 	grid coordinates :  12,   3
	neighbours: N   44    E   61    S   76    W   59
Task   43 :: 	grid coordinates :  11,   2
	neighbours: N   27    E   44    S   59    W   42
Task   33 :: 	grid coordinates :   1,   2
	neighbours: N   17    E   34    S   49    W   32
Task   20 :: 	grid coordinates :   4,   1
	neighbours: N    4    E   21    S   36    W   19
Task   10 :: 	grid coordinates :  10,   0
	neighbours: N   -2    E   11    S   26    W    9
Task   61 :: 	grid coordinates :  13,   3
	neighbours: N   45    E   62    S   77    W   60
Task   44 :: 	grid coordinates :  12,   2
	neighbours: N   28    E   45    S   60    W   43
Task   34 :: 	grid coordinates :   2,   2
	neighbours: N   18    E   35    S   50    W   33
Task   21 :: 	grid coordinates :   5,   1
	neighbours: N    5    E   22    S   37    W   20
Task   11 :: 	grid coordinates :  11,   0
	neighbours: N   -2    E   12    S   27    W   10
Task   62 :: 	grid coordinates :  14,   3
	neighbours: N   46    E   63    S   78    W   61
Task   45 :: 	grid coordinates :  13,   2
	neighbours: N   29    E   46    S   61    W   44
Task   35 :: 	grid coordinates :   3,   2
	neighbours: N   19    E   36    S   51    W   34
Task   22 :: 	grid coordinates :   6,   1
	neighbours: N    6    E   23    S   38    W   21
Task   12 :: 	grid coordinates :  12,   0
	neighbours: N   -2    E   13    S   28    W   11
Task   63 :: 	grid coordinates :  15,   3
	neighbours: N   47    E   -2    S   79    W   62
Task   46 :: 	grid coordinates :  14,   2
	neighbours: N   30    E   47    S   62    W   45
Task   36 :: 	grid coordinates :   4,   2
	neighbours: N   20    E   37    S   52    W   35
Task   23 :: 	grid coordinates :   7,   1
	neighbours: N    7    E   24    S   39    W   22
Task   13 :: 	grid coordinates :  13,   0
	neighbours: N   -2    E   14    S   29    W   12
Task   47 :: 	grid coordinates :  15,   2
	neighbours: N   31    E   -2    S   63    W   46
Task   37 :: 	grid coordinates :   5,   2
	neighbours: N   21    E   38    S   53    W   36
Task   14 :: 	grid coordinates :  14,   0
	neighbours: N   -2    E   15    S   30    W   13
Task   38 :: 	grid coordinates :   6,   2
	neighbours: N   22    E   39    S   54    W   37
Task   15 :: 	grid coordinates :  15,   0
	neighbours: N   -2    E   -2    S   31    W   14
Task   39 :: 	grid coordinates :   7,   2
	neighbours: N   23    E   40    S   55    W   38
Task   73 :: 	grid coordinates :   9,   4
	neighbours: N   57    E   74    S   89    W   72
Task   74 :: 	grid coordinates :  10,   4
	neighbours: N   58    E   75    S   90    W   73
Task  105 :: 	grid coordinates :   9,   6
	neighbours: N   89    E  106    S  121    W  104
Task   75 :: 	grid coordinates :  11,   4
	neighbours: N   59    E   76    S   91    W   74
Task  106 :: 	grid coordinates :  10,   6
	neighbours: N   90    E  107    S  122    W  105
Task   89 :: 	grid coordinates :   9,   5
	neighbours: N   73    E   90    S  105    W   88
Task   76 :: 	grid coordinates :  12,   4
	neighbours: N   60    E   77    S   92    W   75
Task  107 :: 	grid coordinates :  11,   6
	neighbours: N   91    E  108    S  123    W  106
Task   90 :: 	grid coordinates :  10,   5
	neighbours: N   74    E   91    S  106    W   89
Task   77 :: 	grid coordinates :  13,   4
	neighbours: N   61    E   78    S   93    W   76
Task  108 :: 	grid coordinates :  12,   6
	neighbours: N   92    E  109    S  124    W  107
Task   91 :: 	grid coordinates :  11,   5
	neighbours: N   75    E   92    S  107    W   90
Task   78 :: 	grid coordinates :  14,   4
	neighbours: N   62    E   79    S   94    W   77
Task  109 :: 	grid coordinates :  13,   6
	neighbours: N   93    E  110    S  125    W  108
Task   92 :: 	grid coordinates :  12,   5
	neighbours: N   76    E   93    S  108    W   91
Task   79 :: 	grid coordinates :  15,   4
	neighbours: N   63    E   -2    S   95    W   78
Task  110 :: 	grid coordinates :  14,   6
	neighbours: N   94    E  111    S  126    W  109
Task   93 :: 	grid coordinates :  13,   5
	neighbours: N   77    E   94    S  109    W   92
Task   81 :: 	grid coordinates :   1,   5
	neighbours: N   65    E   82    S   97    W   80
Task  111 :: 	grid coordinates :  15,   6
	neighbours: N   95    E   -2    S  127    W  110
Task   65 :: 	grid coordinates :   1,   4
	neighbours: N   49    E   66    S   81    W   64
Task  121 :: 	grid coordinates :   9,   7
	neighbours: N  105    E  122    S   -2    W  120
Task   94 :: 	grid coordinates :  14,   5
	neighbours: N   78    E   95    S  110    W   93
Task   82 :: 	grid coordinates :   2,   5
	neighbours: N   66    E   83    S   98    W   81
Task   66 :: 	grid coordinates :   2,   4
	neighbours: N   50    E   67    S   82    W   65
Task  122 :: 	grid coordinates :  10,   7
	neighbours: N  106    E  123    S   -2    W  121
Task   95 :: 	grid coordinates :  15,   5
	neighbours: N   79    E   -2    S  111    W   94
Task   83 :: 	grid coordinates :   3,   5
	neighbours: N   67    E   84    S   99    W   82
Task   67 :: 	grid coordinates :   3,   4
	neighbours: N   51    E   68    S   83    W   66
Task  123 :: 	grid coordinates :  11,   7
	neighbours: N  107    E  124    S   -2    W  122
Task   84 :: 	grid coordinates :   4,   5
	neighbours: N   68    E   85    S  100    W   83
Task   68 :: 	grid coordinates :   4,   4
	neighbours: N   52    E   69    S   84    W   67
Task  124 :: 	grid coordinates :  12,   7
	neighbours: N  108    E  125    S   -2    W  123
Task   85 :: 	grid coordinates :   5,   5
	neighbours: N   69    E   86    S  101    W   84
Task   97 :: 	grid coordinates :   1,   6
	neighbours: N   81    E   98    S  113    W   96
Task   69 :: 	grid coordinates :   5,   4
	neighbours: N   53    E   70    S   85    W   68
Task  125 :: 	grid coordinates :  13,   7
	neighbours: N  109    E  126    S   -2    W  124
Task   86 :: 	grid coordinates :   6,   5
	neighbours: N   70    E   87    S  102    W   85
Task   98 :: 	grid coordinates :   2,   6
	neighbours: N   82    E   99    S  114    W   97
Task   70 :: 	grid coordinates :   6,   4
	neighbours: N   54    E   71    S   86    W   69
Task  126 :: 	grid coordinates :  14,   7
	neighbours: N  110    E  127    S   -2    W  125
Task   87 :: 	grid coordinates :   7,   5
	neighbours: N   71    E   88    S  103    W   86
Task   99 :: 	grid coordinates :   3,   6
	neighbours: N   83    E  100    S  115    W   98
Task   71 :: 	grid coordinates :   7,   4
	neighbours: N   55    E   72    S   87    W   70
Task  127 :: 	grid coordinates :  15,   7
	neighbours: N  111    E   -2    S   -2    W  126
Task  100 :: 	grid coordinates :   4,   6
	neighbours: N   84    E  101    S  116    W   99
Task  113 :: 	grid coordinates :   1,   7
	neighbours: N   97    E  114    S   -2    W  112
Task  101 :: 	grid coordinates :   5,   6
	neighbours: N   85    E  102    S  117    W  100
Task  114 :: 	grid coordinates :   2,   7
	neighbours: N   98    E  115    S   -2    W  113
Task  102 :: 	grid coordinates :   6,   6
	neighbours: N   86    E  103    S  118    W  101
Task  115 :: 	grid coordinates :   3,   7
	neighbours: N   99    E  116    S   -2    W  114
Task  103 :: 	grid coordinates :   7,   6
	neighbours: N   87    E  104    S  119    W  102
Task  116 :: 	grid coordinates :   4,   7
	neighbours: N  100    E  117    S   -2    W  115
Task  117 :: 	grid coordinates :   5,   7
	neighbours: N  101    E  118    S   -2    W  116
Task  118 :: 	grid coordinates :   6,   7
	neighbours: N  102    E  119    S   -2    W  117
Task  119 :: 	grid coordinates :   7,   7
	neighbours: N  103    E  120    S   -2    W  118
Task   25 :: 	grid coordinates :   9,   1
	neighbours: N    9    E   26    S   41    W   24
Task   26 :: 	grid coordinates :  10,   1
	neighbours: N   10    E   27    S   42    W   25
Task   27 :: 	grid coordinates :  11,   1
	neighbours: N   11    E   28    S   43    W   26
Task   28 :: 	grid coordinates :  12,   1
	neighbours: N   12    E   29    S   44    W   27
Task   29 :: 	grid coordinates :  13,   1
	neighbours: N   13    E   30    S   45    W   28
Task   30 :: 	grid coordinates :  14,   1
	neighbours: N   14    E   31    S   46    W   29
Task   31 :: 	grid coordinates :  15,   1
	neighbours: N   15    E   -2    S   47    W   30
Task    0 :: 	grid coordinates :   0,   0
	neighbours: N   -2    E    1    S   16    W   -2
Task    1 :: 	grid coordinates :   1,   0
	neighbours: N   -2    E    2    S   17    W    0
Task    2 :: 	grid coordinates :   2,   0
	neighbours: N   -2    E    3    S   18    W    1
Task    3 :: 	grid coordinates :   3,   0
	neighbours: N   -2    E    4    S   19    W    2
Task    4 :: 	grid coordinates :   4,   0
	neighbours: N   -2    E    5    S   20    W    3
Task    5 :: 	grid coordinates :   5,   0
	neighbours: N   -2    E    6    S   21    W    4
Task    6 :: 	grid coordinates :   6,   0
	neighbours: N   -2    E    7    S   22    W    5
Task    7 :: 	grid coordinates :   7,   0
	neighbours: N   -2    E    8    S   23    W    6
task 0 is initialized
Rank 0 :: inject time is 0.000035, fill buffer time is 0.028163, communication time is 0.006896, wait time is 0.144216, copy halo time is 0.043038, update planes time is 2.127577
---------Rank: 0 	 Elapsed time:2.350381---------
task 80 is initialized
Rank 80 :: inject time is 0.000240, fill buffer time is 0.027512, communication time is 0.011057, wait time is 0.125822, copy halo time is 0.040703, update planes time is 2.144418
---------Rank: 80 	 Elapsed time:2.350306---------
task 25 is initialized
Rank 25 :: inject time is 0.000028, fill buffer time is 0.046494, communication time is 0.010035, wait time is 0.106130, copy halo time is 0.055022, update planes time is 2.134192
---------Rank: 25 	 Elapsed time:2.352432---------
task 28 is initialized
Rank 28 :: inject time is 0.000509, fill buffer time is 0.045718, communication time is 0.010827, wait time is 0.107064, copy halo time is 0.055105, update planes time is 2.132771
---------Rank: 28 	 Elapsed time:2.352473---------
task 26 is initialized
Rank 26 :: inject time is 0.000255, fill buffer time is 0.045525, communication time is 0.010333, wait time is 0.105776, copy halo time is 0.055018, update planes time is 2.134882
---------Rank: 26 	 Elapsed time:2.352441---------
task 24 is initialized
Rank 24 :: inject time is 0.000036, fill buffer time is 0.045838, communication time is 0.013765, wait time is 0.088756, copy halo time is 0.055627, update planes time is 2.147859
---------Rank: 24 	 Elapsed time:2.352453---------
task 27 is initialized
Rank 27 :: inject time is 0.000255, fill buffer time is 0.048350, communication time is 0.010672, wait time is 0.106472, copy halo time is 0.054131, update planes time is 2.132138
---------Rank: 27 	 Elapsed time:2.352465---------
task 29 is initialized
Rank 29 :: inject time is 0.000387, fill buffer time is 0.045837, communication time is 0.010244, wait time is 0.101953, copy halo time is 0.054885, update planes time is 2.138681
---------Rank: 29 	 Elapsed time:2.352480---------
task 31 is initialized
Rank 31 :: inject time is 0.000434, fill buffer time is 0.027442, communication time is 0.009321, wait time is 0.147115, copy halo time is 0.041341, update planes time is 2.126279
---------Rank: 31 	 Elapsed time:2.352506---------
task 30 is initialized
Rank 30 :: inject time is 0.000379, fill buffer time is 0.045758, communication time is 0.010061, wait time is 0.107619, copy halo time is 0.055340, update planes time is 2.132777
---------Rank: 30 	 Elapsed time:2.352509---------
task 83 is initialized
Rank 83 :: inject time is 0.000413, fill buffer time is 0.048916, communication time is 0.012852, wait time is 0.097594, copy halo time is 0.055334, update planes time is 2.134821
---------Rank: 83 	 Elapsed time:2.350410---------
task 84 is initialized
Rank 84 :: inject time is 0.000415, fill buffer time is 0.046754, communication time is 0.011990, wait time is 0.092792, copy halo time is 0.055990, update planes time is 2.141959
---------Rank: 84 	 Elapsed time:2.350453---------
task 101 is initialized
Rank 101 :: inject time is 0.000369, fill buffer time is 0.045703, communication time is 0.012225, wait time is 0.090421, copy halo time is 0.056136, update planes time is 2.143280
---------Rank: 101 	 Elapsed time:2.348708---------
task 81 is initialized
Rank 81 :: inject time is 0.000423, fill buffer time is 0.045158, communication time is 0.011630, wait time is 0.091557, copy halo time is 0.055931, update planes time is 2.145118
---------Rank: 81 	 Elapsed time:2.350322---------
task 68 is initialized
Rank 68 :: inject time is 0.000263, fill buffer time is 0.046537, communication time is 0.011756, wait time is 0.096468, copy halo time is 0.057040, update planes time is 2.137909
---------Rank: 68 	 Elapsed time:2.350558---------
task 82 is initialized
Rank 82 :: inject time is 0.000290, fill buffer time is 0.045484, communication time is 0.011947, wait time is 0.101528, copy halo time is 0.054998, update planes time is 2.135541
---------Rank: 82 	 Elapsed time:2.350381---------
task 86 is initialized
Rank 86 :: inject time is 0.000375, fill buffer time is 0.045920, communication time is 0.011616, wait time is 0.094555, copy halo time is 0.055369, update planes time is 2.142164
---------Rank: 86 	 Elapsed time:2.350468---------
task 87 is initialized
Rank 87 :: inject time is 0.000380, fill buffer time is 0.045782, communication time is 0.016498, wait time is 0.092378, copy halo time is 0.056543, update planes time is 2.138346
---------Rank: 87 	 Elapsed time:2.350462---------
task 8 is initialized
Rank 8 :: inject time is 0.000029, fill buffer time is 0.046055, communication time is 0.009803, wait time is 0.096959, copy halo time is 0.056146, update planes time is 2.145601
---------Rank: 8 	 Elapsed time:2.355019---------
task 10 is initialized
Rank 10 :: inject time is 0.000278, fill buffer time is 0.045577, communication time is 0.005859, wait time is 0.116224, copy halo time is 0.055271, update planes time is 2.130153
---------Rank: 10 	 Elapsed time:2.354011---------
task 11 is initialized
Rank 11 :: inject time is 0.000181, fill buffer time is 0.048658, communication time is 0.006243, wait time is 0.107961, copy halo time is 0.056333, update planes time is 2.135658
---------Rank: 11 	 Elapsed time:2.355530---------
task 9 is initialized
Rank 9 :: inject time is 0.000449, fill buffer time is 0.046320, communication time is 0.005709, wait time is 0.108591, copy halo time is 0.056126, update planes time is 2.137330
---------Rank: 9 	 Elapsed time:2.355005---------
task 12 is initialized
Rank 12 :: inject time is 0.000238, fill buffer time is 0.046090, communication time is 0.005663, wait time is 0.102541, copy halo time is 0.054542, update planes time is 2.145957
---------Rank: 12 	 Elapsed time:2.355530---------
task 13 is initialized
Rank 13 :: inject time is 0.000434, fill buffer time is 0.046019, communication time is 0.006000, wait time is 0.100341, copy halo time is 0.056307, update planes time is 2.145980
---------Rank: 13 	 Elapsed time:2.355539---------
task 14 is initialized
Rank 14 :: inject time is 0.000462, fill buffer time is 0.044800, communication time is 0.005496, wait time is 0.112361, copy halo time is 0.054334, update planes time is 2.136097
---------Rank: 14 	 Elapsed time:2.354087---------
task 120 is initialized
Rank 120 :: inject time is 0.000347, fill buffer time is 0.046362, communication time is 0.011606, wait time is 0.111394, copy halo time is 0.056290, update planes time is 2.120173
---------Rank: 120 	 Elapsed time:2.346692---------
task 85 is initialized
Rank 85 :: inject time is 0.000395, fill buffer time is 0.045858, communication time is 0.012323, wait time is 0.092220, copy halo time is 0.056003, update planes time is 2.143052
---------Rank: 85 	 Elapsed time:2.350465---------
task 65 is initialized
Rank 65 :: inject time is 0.000323, fill buffer time is 0.045785, communication time is 0.010901, wait time is 0.098188, copy halo time is 0.055096, update planes time is 2.139527
---------Rank: 65 	 Elapsed time:2.350323---------
task 61 is initialized
Rank 61 :: inject time is 0.000343, fill buffer time is 0.046165, communication time is 0.010442, wait time is 0.103349, copy halo time is 0.056062, update planes time is 2.135643
---------Rank: 61 	 Elapsed time:2.352517---------
task 123 is initialized
Rank 123 :: inject time is 0.000423, fill buffer time is 0.048637, communication time is 0.008603, wait time is 0.114916, copy halo time is 0.055249, update planes time is 2.118428
---------Rank: 123 	 Elapsed time:2.346769---------
task 127 is initialized
Rank 127 :: inject time is 0.000405, fill buffer time is 0.028649, communication time is 0.007303, wait time is 0.173352, copy halo time is 0.042376, update planes time is 2.093675
---------Rank: 127 	 Elapsed time:2.346453---------
task 38 is initialized
Rank 38 :: inject time is 0.000439, fill buffer time is 0.045588, communication time is 0.010863, wait time is 0.112460, copy halo time is 0.055035, update planes time is 2.127352
---------Rank: 38 	 Elapsed time:2.352371---------
task 66 is initialized
Rank 66 :: inject time is 0.000285, fill buffer time is 0.045313, communication time is 0.011206, wait time is 0.095294, copy halo time is 0.055665, update planes time is 2.142108
---------Rank: 66 	 Elapsed time:2.350385---------
task 56 is initialized
Rank 56 :: inject time is 0.000259, fill buffer time is 0.046024, communication time is 0.014757, wait time is 0.087120, copy halo time is 0.055950, update planes time is 2.147820
---------Rank: 56 	 Elapsed time:2.352495---------
task 121 is initialized
Rank 121 :: inject time is 0.000407, fill buffer time is 0.046584, communication time is 0.007573, wait time is 0.133956, copy halo time is 0.055612, update planes time is 2.102198
---------Rank: 121 	 Elapsed time:2.346761---------
task 125 is initialized
Rank 125 :: inject time is 0.000296, fill buffer time is 0.046732, communication time is 0.008174, wait time is 0.170423, copy halo time is 0.056263, update planes time is 2.064244
---------Rank: 125 	 Elapsed time:2.346631---------
task 112 is initialized
Rank 112 :: inject time is 0.000168, fill buffer time is 0.027900, communication time is 0.006737, wait time is 0.122938, copy halo time is 0.042035, update planes time is 2.145683
---------Rank: 112 	 Elapsed time:2.346052---------
task 39 is initialized
Rank 39 :: inject time is 0.000033, fill buffer time is 0.046163, communication time is 0.014526, wait time is 0.099423, copy halo time is 0.056192, update planes time is 2.135446
---------Rank: 39 	 Elapsed time:2.352354---------
task 67 is initialized
Rank 67 :: inject time is 0.000488, fill buffer time is 0.048242, communication time is 0.011505, wait time is 0.091712, copy halo time is 0.056107, update planes time is 2.141973
---------Rank: 67 	 Elapsed time:2.350430---------
task 70 is initialized
Rank 70 :: inject time is 0.000348, fill buffer time is 0.045773, communication time is 0.011281, wait time is 0.099592, copy halo time is 0.055692, update planes time is 2.137468
---------Rank: 70 	 Elapsed time:2.350679---------
task 93 is initialized
Rank 93 :: inject time is 0.000205, fill buffer time is 0.045219, communication time is 0.011703, wait time is 0.105385, copy halo time is 0.054908, update planes time is 2.132859
---------Rank: 93 	 Elapsed time:2.350696---------
task 15 is initialized
Rank 15 :: inject time is 0.000312, fill buffer time is 0.027470, communication time is 0.004894, wait time is 0.147291, copy halo time is 0.041867, update planes time is 2.131547
---------Rank: 15 	 Elapsed time:2.354042---------
task 113 is initialized
Rank 113 :: inject time is 0.000199, fill buffer time is 0.045802, communication time is 0.007566, wait time is 0.081581, copy halo time is 0.056139, update planes time is 2.154274
---------Rank: 113 	 Elapsed time:2.346090---------
task 126 is initialized
Rank 126 :: inject time is 0.000345, fill buffer time is 0.046315, communication time is 0.007951, wait time is 0.166201, copy halo time is 0.056898, update planes time is 2.068393
---------Rank: 126 	 Elapsed time:2.346595---------
task 57 is initialized
Rank 57 :: inject time is 0.000375, fill buffer time is 0.046317, communication time is 0.010020, wait time is 0.101904, copy halo time is 0.056743, update planes time is 2.136586
---------Rank: 57 	 Elapsed time:2.352489---------
task 58 is initialized
Rank 58 :: inject time is 0.000028, fill buffer time is 0.046450, communication time is 0.010158, wait time is 0.099285, copy halo time is 0.056289, update planes time is 2.139721
---------Rank: 58 	 Elapsed time:2.352513---------
task 36 is initialized
Rank 36 :: inject time is 0.000345, fill buffer time is 0.046282, communication time is 0.011090, wait time is 0.093717, copy halo time is 0.056403, update planes time is 2.144024
---------Rank: 36 	 Elapsed time:2.352386---------
task 59 is initialized
Rank 59 :: inject time is 0.000419, fill buffer time is 0.049074, communication time is 0.010849, wait time is 0.098125, copy halo time is 0.055406, update planes time is 2.138132
---------Rank: 59 	 Elapsed time:2.352498---------
task 60 is initialized
Rank 60 :: inject time is 0.000389, fill buffer time is 0.046917, communication time is 0.011009, wait time is 0.101950, copy halo time is 0.056491, update planes time is 2.135214
---------Rank: 60 	 Elapsed time:2.352505---------
total injected energy is 300000, system energy is 299889 ( in avg 0.0426509 per grid point)
Comp time,Comms time
2.350931,0.010611

task 62 is initialized
Rank 62 :: inject time is 0.000416, fill buffer time is 0.045972, communication time is 0.010142, wait time is 0.103636, copy halo time is 0.055254, update planes time is 2.136584
---------Rank: 62 	 Elapsed time:2.352531---------
task 69 is initialized
Rank 69 :: inject time is 0.000371, fill buffer time is 0.045433, communication time is 0.011635, wait time is 0.095166, copy halo time is 0.055735, update planes time is 2.141817
---------Rank: 69 	 Elapsed time:2.350645---------
task 71 is initialized
Rank 71 :: inject time is 0.000385, fill buffer time is 0.045418, communication time is 0.015161, wait time is 0.097814, copy halo time is 0.056507, update planes time is 2.134934
---------Rank: 71 	 Elapsed time:2.350747---------
task 90 is initialized
Rank 90 :: inject time is 0.000321, fill buffer time is 0.045636, communication time is 0.011208, wait time is 0.101903, copy halo time is 0.054304, update planes time is 2.136986
---------Rank: 90 	 Elapsed time:2.350875---------
task 100 is initialized
Rank 100 :: inject time is 0.000345, fill buffer time is 0.046590, communication time is 0.013386, wait time is 0.090589, copy halo time is 0.056779, update planes time is 2.140429
---------Rank: 100 	 Elapsed time:2.348678---------
task 97 is initialized
Rank 97 :: inject time is 0.000317, fill buffer time is 0.045493, communication time is 0.011659, wait time is 0.097154, copy halo time is 0.055469, update planes time is 2.137871
---------Rank: 97 	 Elapsed time:2.348577---------
task 98 is initialized
Rank 98 :: inject time is 0.000400, fill buffer time is 0.045636, communication time is 0.012158, wait time is 0.097355, copy halo time is 0.055443, update planes time is 2.137122
---------Rank: 98 	 Elapsed time:2.348644---------
task 96 is initialized
Rank 96 :: inject time is 0.000301, fill buffer time is 0.027847, communication time is 0.011418, wait time is 0.126200, copy halo time is 0.041461, update planes time is 2.140463
---------Rank: 96 	 Elapsed time:2.348361---------
task 114 is initialized
Rank 114 :: inject time is 0.000294, fill buffer time is 0.045879, communication time is 0.007685, wait time is 0.097735, copy halo time is 0.056169, update planes time is 2.138046
---------Rank: 114 	 Elapsed time:2.346361---------
task 92 is initialized
Rank 92 :: inject time is 0.000259, fill buffer time is 0.046021, communication time is 0.011738, wait time is 0.109538, copy halo time is 0.054686, update planes time is 2.127910
---------Rank: 92 	 Elapsed time:2.350777---------
task 88 is initialized
Rank 88 :: inject time is 0.000376, fill buffer time is 0.045525, communication time is 0.014627, wait time is 0.091119, copy halo time is 0.053871, update planes time is 2.144724
---------Rank: 88 	 Elapsed time:2.350790---------
task 91 is initialized
Rank 91 :: inject time is 0.000290, fill buffer time is 0.047956, communication time is 0.012098, wait time is 0.101642, copy halo time is 0.055638, update planes time is 2.132717
---------Rank: 91 	 Elapsed time:2.350895---------
task 16 is initialized
Rank 16 :: inject time is 0.000351, fill buffer time is 0.028171, communication time is 0.008838, wait time is 0.125938, copy halo time is 0.042140, update planes time is 2.145716
---------Rank: 16 	 Elapsed time:2.351779---------
task 116 is initialized
Rank 116 :: inject time is 0.000346, fill buffer time is 0.046610, communication time is 0.007686, wait time is 0.104652, copy halo time is 0.055365, update planes time is 2.131239
---------Rank: 116 	 Elapsed time:2.346441---------
task 4 is initialized
Rank 4 :: inject time is 0.000403, fill buffer time is 0.046144, communication time is 0.006438, wait time is 0.102953, copy halo time is 0.055375, update planes time is 2.138732
---------Rank: 4 	 Elapsed time:2.350758---------
task 7 is initialized
Rank 7 :: inject time is 0.000354, fill buffer time is 0.046505, communication time is 0.010615, wait time is 0.095749, copy halo time is 0.056592, update planes time is 2.141486
---------Rank: 7 	 Elapsed time:2.351799---------
task 119 is initialized
Rank 119 :: inject time is 0.000424, fill buffer time is 0.045421, communication time is 0.012394, wait time is 0.099192, copy halo time is 0.055517, update planes time is 2.132975
---------Rank: 119 	 Elapsed time:2.346438---------
task 40 is initialized
Rank 40 :: inject time is 0.000439, fill buffer time is 0.046370, communication time is 0.013970, wait time is 0.074646, copy halo time is 0.057394, update planes time is 2.160886
---------Rank: 40 	 Elapsed time:2.354239---------
task 108 is initialized
Rank 108 :: inject time is 0.000367, fill buffer time is 0.046125, communication time is 0.013005, wait time is 0.100819, copy halo time is 0.054910, update planes time is 2.132996
---------Rank: 108 	 Elapsed time:2.348861---------
task 117 is initialized
Rank 117 :: inject time is 0.000283, fill buffer time is 0.046280, communication time is 0.007723, wait time is 0.101602, copy halo time is 0.056665, update planes time is 2.133424
---------Rank: 117 	 Elapsed time:2.346428---------
task 73 is initialized
Rank 73 :: inject time is 0.000386, fill buffer time is 0.045659, communication time is 0.012153, wait time is 0.107861, copy halo time is 0.054073, update planes time is 2.132474
---------Rank: 73 	 Elapsed time:2.353164---------
task 51 is initialized
Rank 51 :: inject time is 0.000355, fill buffer time is 0.048644, communication time is 0.009972, wait time is 0.092870, copy halo time is 0.055203, update planes time is 2.143109
---------Rank: 51 	 Elapsed time:2.350647---------
task 34 is initialized
Rank 34 :: inject time is 0.000267, fill buffer time is 0.045547, communication time is 0.010312, wait time is 0.102191, copy halo time is 0.055734, update planes time is 2.137827
---------Rank: 34 	 Elapsed time:2.352333---------
task 52 is initialized
Rank 52 :: inject time is 0.000363, fill buffer time is 0.046151, communication time is 0.010648, wait time is 0.106190, copy halo time is 0.054960, update planes time is 2.131756
---------Rank: 52 	 Elapsed time:2.350678---------
task 49 is initialized
Rank 49 :: inject time is 0.000359, fill buffer time is 0.045742, communication time is 0.009241, wait time is 0.102643, copy halo time is 0.054807, update planes time is 2.137224
---------Rank: 49 	 Elapsed time:2.350515---------
task 48 is initialized
Rank 48 :: inject time is 0.000304, fill buffer time is 0.027494, communication time is 0.008646, wait time is 0.136696, copy halo time is 0.040294, update planes time is 2.136534
---------Rank: 48 	 Elapsed time:2.350508---------
task 54 is initialized
Rank 54 :: inject time is 0.000332, fill buffer time is 0.045475, communication time is 0.009944, wait time is 0.096296, copy halo time is 0.056142, update planes time is 2.141974
---------Rank: 54 	 Elapsed time:2.350665---------
task 35 is initialized
Rank 35 :: inject time is 0.000323, fill buffer time is 0.049166, communication time is 0.011145, wait time is 0.103171, copy halo time is 0.054615, update planes time is 2.133384
---------Rank: 35 	 Elapsed time:2.352335---------
task 33 is initialized
Rank 33 :: inject time is 0.000286, fill buffer time is 0.045513, communication time is 0.010432, wait time is 0.106841, copy halo time is 0.055168, update planes time is 2.133533
---------Rank: 33 	 Elapsed time:2.352271---------
task 37 is initialized
Rank 37 :: inject time is 0.000381, fill buffer time is 0.046103, communication time is 0.009861, wait time is 0.093532, copy halo time is 0.056077, update planes time is 2.145892
---------Rank: 37 	 Elapsed time:2.352385---------
task 76 is initialized
Rank 76 :: inject time is 0.000284, fill buffer time is 0.046097, communication time is 0.012727, wait time is 0.107336, copy halo time is 0.055406, update planes time is 2.130502
---------Rank: 76 	 Elapsed time:2.352995---------
task 77 is initialized
Rank 77 :: inject time is 0.000367, fill buffer time is 0.045899, communication time is 0.012853, wait time is 0.099265, copy halo time is 0.055122, update planes time is 2.138838
---------Rank: 77 	 Elapsed time:2.352883---------
task 78 is initialized
Rank 78 :: inject time is 0.000351, fill buffer time is 0.046097, communication time is 0.012350, wait time is 0.096969, copy halo time is 0.055062, update planes time is 2.141454
---------Rank: 78 	 Elapsed time:2.352821---------
task 19 is initialized
Rank 19 :: inject time is 0.000406, fill buffer time is 0.049282, communication time is 0.010359, wait time is 0.104146, copy halo time is 0.055458, update planes time is 2.131732
---------Rank: 19 	 Elapsed time:2.351879---------
task 20 is initialized
Rank 20 :: inject time is 0.000231, fill buffer time is 0.046605, communication time is 0.010925, wait time is 0.102471, copy halo time is 0.055681, update planes time is 2.135330
---------Rank: 20 	 Elapsed time:2.351905---------
task 89 is initialized
Rank 89 :: inject time is 0.000031, fill buffer time is 0.046151, communication time is 0.011205, wait time is 0.106195, copy halo time is 0.054482, update planes time is 2.132158
---------Rank: 89 	 Elapsed time:2.350875---------
task 95 is initialized
Rank 95 :: inject time is 0.000030, fill buffer time is 0.027799, communication time is 0.010862, wait time is 0.142359, copy halo time is 0.041718, update planes time is 2.127088
---------Rank: 95 	 Elapsed time:2.350497---------
task 41 is initialized
Rank 41 :: inject time is 0.000387, fill buffer time is 0.045558, communication time is 0.010766, wait time is 0.091329, copy halo time is 0.056481, update planes time is 2.149149
---------Rank: 41 	 Elapsed time:2.354270---------
task 42 is initialized
Rank 42 :: inject time is 0.000387, fill buffer time is 0.045581, communication time is 0.010880, wait time is 0.072402, copy halo time is 0.056517, update planes time is 2.167965
---------Rank: 42 	 Elapsed time:2.354260---------
task 43 is initialized
Rank 43 :: inject time is 0.000346, fill buffer time is 0.049440, communication time is 0.012028, wait time is 0.100619, copy halo time is 0.055771, update planes time is 2.135460
---------Rank: 43 	 Elapsed time:2.354275---------
task 44 is initialized
Rank 44 :: inject time is 0.000470, fill buffer time is 0.045780, communication time is 0.011595, wait time is 0.099387, copy halo time is 0.055842, update planes time is 2.140637
---------Rank: 44 	 Elapsed time:2.354222---------
task 45 is initialized
Rank 45 :: inject time is 0.000339, fill buffer time is 0.046886, communication time is 0.011070, wait time is 0.102474, copy halo time is 0.056030, update planes time is 2.136910
---------Rank: 45 	 Elapsed time:2.354188---------
task 46 is initialized
Rank 46 :: inject time is 0.000030, fill buffer time is 0.045894, communication time is 0.011114, wait time is 0.109705, copy halo time is 0.055395, update planes time is 2.131534
---------Rank: 46 	 Elapsed time:2.354169---------
task 5 is initialized
Rank 5 :: inject time is 0.000309, fill buffer time is 0.045854, communication time is 0.006326, wait time is 0.110318, copy halo time is 0.056323, update planes time is 2.131104
---------Rank: 5 	 Elapsed time:2.350762---------
task 6 is initialized
Rank 6 :: inject time is 0.000305, fill buffer time is 0.045870, communication time is 0.005770, wait time is 0.110876, copy halo time is 0.055297, update planes time is 2.133187
---------Rank: 6 	 Elapsed time:2.351778---------
task 118 is initialized
Rank 118 :: inject time is 0.000353, fill buffer time is 0.045298, communication time is 0.007633, wait time is 0.098703, copy halo time is 0.054717, update planes time is 2.139229
---------Rank: 118 	 Elapsed time:2.346427---------
task 103 is initialized
Rank 103 :: inject time is 0.000410, fill buffer time is 0.045824, communication time is 0.016309, wait time is 0.081591, copy halo time is 0.056925, update planes time is 2.147059
---------Rank: 103 	 Elapsed time:2.348700---------
task 110 is initialized
Rank 110 :: inject time is 0.000375, fill buffer time is 0.045598, communication time is 0.012553, wait time is 0.098297, copy halo time is 0.054451, update planes time is 2.137031
---------Rank: 110 	 Elapsed time:2.348739---------
task 64 is initialized
Rank 64 :: inject time is 0.000327, fill buffer time is 0.027539, communication time is 0.010589, wait time is 0.129594, copy halo time is 0.041845, update planes time is 2.139775
---------Rank: 64 	 Elapsed time:2.350312---------
task 122 is initialized
Rank 122 :: inject time is 0.000393, fill buffer time is 0.046434, communication time is 0.008012, wait time is 0.110395, copy halo time is 0.055919, update planes time is 2.125134
---------Rank: 122 	 Elapsed time:2.346781---------
task 21 is initialized
Rank 21 :: inject time is 0.000353, fill buffer time is 0.046410, communication time is 0.010073, wait time is 0.101652, copy halo time is 0.055491, update planes time is 2.137418
---------Rank: 21 	 Elapsed time:2.351939---------
task 2 is initialized
Rank 2 :: inject time is 0.000331, fill buffer time is 0.045966, communication time is 0.007595, wait time is 0.105893, copy halo time is 0.054938, update planes time is 2.135303
---------Rank: 2 	 Elapsed time:2.350498---------
task 72 is initialized
Rank 72 :: inject time is 0.000383, fill buffer time is 0.045079, communication time is 0.016279, wait time is 0.072959, copy halo time is 0.054705, update planes time is 2.162940
---------Rank: 72 	 Elapsed time:2.352971---------
task 17 is initialized
Rank 17 :: inject time is 0.000390, fill buffer time is 0.046298, communication time is 0.009432, wait time is 0.100218, copy halo time is 0.056207, update planes time is 2.138766
---------Rank: 17 	 Elapsed time:2.351859---------
task 75 is initialized
Rank 75 :: inject time is 0.000284, fill buffer time is 0.048269, communication time is 0.012931, wait time is 0.109307, copy halo time is 0.055078, update planes time is 2.126754
---------Rank: 75 	 Elapsed time:2.353168---------
task 63 is initialized
Rank 63 :: inject time is 0.000327, fill buffer time is 0.028261, communication time is 0.011271, wait time is 0.134210, copy halo time is 0.043307, update planes time is 2.134457
---------Rank: 63 	 Elapsed time:2.352441---------
task 3 is initialized
Rank 3 :: inject time is 0.000464, fill buffer time is 0.049258, communication time is 0.008118, wait time is 0.100392, copy halo time is 0.056391, update planes time is 2.135549
---------Rank: 3 	 Elapsed time:2.350663---------
task 99 is initialized
Rank 99 :: inject time is 0.000338, fill buffer time is 0.048988, communication time is 0.012911, wait time is 0.097555, copy halo time is 0.054613, update planes time is 2.133724
---------Rank: 99 	 Elapsed time:2.348630---------
task 79 is initialized
Rank 79 :: inject time is 0.000344, fill buffer time is 0.027642, communication time is 0.011630, wait time is 0.146277, copy halo time is 0.041193, update planes time is 2.125115
---------Rank: 79 	 Elapsed time:2.352699---------
task 18 is initialized
Rank 18 :: inject time is 0.000375, fill buffer time is 0.045642, communication time is 0.010199, wait time is 0.106905, copy halo time is 0.055739, update planes time is 2.132432
---------Rank: 18 	 Elapsed time:2.351849---------
task 94 is initialized
Rank 94 :: inject time is 0.000367, fill buffer time is 0.045388, communication time is 0.011357, wait time is 0.108034, copy halo time is 0.054437, update planes time is 2.130454
---------Rank: 94 	 Elapsed time:2.350646---------
task 107 is initialized
Rank 107 :: inject time is 0.000212, fill buffer time is 0.048400, communication time is 0.012934, wait time is 0.105116, copy halo time is 0.055536, update planes time is 2.126266
---------Rank: 107 	 Elapsed time:2.348969---------
task 109 is initialized
Rank 109 :: inject time is 0.000421, fill buffer time is 0.045512, communication time is 0.012580, wait time is 0.101060, copy halo time is 0.055377, update planes time is 2.133266
---------Rank: 109 	 Elapsed time:2.348790---------
task 115 is initialized
Rank 115 :: inject time is 0.000338, fill buffer time is 0.049123, communication time is 0.007936, wait time is 0.097293, copy halo time is 0.055538, update planes time is 2.135740
---------Rank: 115 	 Elapsed time:2.346435---------
task 53 is initialized
Rank 53 :: inject time is 0.000433, fill buffer time is 0.045670, communication time is 0.009883, wait time is 0.101434, copy halo time is 0.055626, update planes time is 2.137194
---------Rank: 53 	 Elapsed time:2.350663---------
task 55 is initialized
Rank 55 :: inject time is 0.000353, fill buffer time is 0.045644, communication time is 0.013983, wait time is 0.101889, copy halo time is 0.055386, update planes time is 2.132871
---------Rank: 55 	 Elapsed time:2.350659---------
task 124 is initialized
Rank 124 :: inject time is 0.000397, fill buffer time is 0.046842, communication time is 0.007827, wait time is 0.152765, copy halo time is 0.056871, update planes time is 2.081602
---------Rank: 124 	 Elapsed time:2.346702---------
task 23 is initialized
Rank 23 :: inject time is 0.000453, fill buffer time is 0.045819, communication time is 0.014044, wait time is 0.095289, copy halo time is 0.056706, update planes time is 2.139124
---------Rank: 23 	 Elapsed time:2.351940---------
task 104 is initialized
Rank 104 :: inject time is 0.000345, fill buffer time is 0.045310, communication time is 0.016077, wait time is 0.089324, copy halo time is 0.054346, update planes time is 2.142881
---------Rank: 104 	 Elapsed time:2.348851---------
task 32 is initialized
Rank 32 :: inject time is 0.000299, fill buffer time is 0.027944, communication time is 0.009789, wait time is 0.129626, copy halo time is 0.041222, update planes time is 2.142640
---------Rank: 32 	 Elapsed time:2.352210---------
task 106 is initialized
Rank 106 :: inject time is 0.000353, fill buffer time is 0.045997, communication time is 0.012468, wait time is 0.075904, copy halo time is 0.055327, update planes time is 2.158356
---------Rank: 106 	 Elapsed time:2.348940---------
task 111 is initialized
Rank 111 :: inject time is 0.000039, fill buffer time is 0.027983, communication time is 0.011103, wait time is 0.144271, copy halo time is 0.041507, update planes time is 2.122996
---------Rank: 111 	 Elapsed time:2.348645---------
task 102 is initialized
Rank 102 :: inject time is 0.000354, fill buffer time is 0.045871, communication time is 0.012506, wait time is 0.096489, copy halo time is 0.055821, update planes time is 2.137096
---------Rank: 102 	 Elapsed time:2.348694---------
task 1 is initialized
Rank 1 :: inject time is 0.000442, fill buffer time is 0.045331, communication time is 0.007759, wait time is 0.102476, copy halo time is 0.053375, update planes time is 2.140548
---------Rank: 1 	 Elapsed time:2.350453---------
task 50 is initialized
Rank 50 :: inject time is 0.000362, fill buffer time is 0.044977, communication time is 0.009630, wait time is 0.099462, copy halo time is 0.054871, update planes time is 2.140762
---------Rank: 50 	 Elapsed time:2.350639---------
task 74 is initialized
Rank 74 :: inject time is 0.000391, fill buffer time is 0.045073, communication time is 0.012210, wait time is 0.084645, copy halo time is 0.054403, update planes time is 2.155959
---------Rank: 74 	 Elapsed time:2.353155---------
task 47 is initialized
Rank 47 :: inject time is 0.000395, fill buffer time is 0.027561, communication time is 0.010265, wait time is 0.138714, copy halo time is 0.042174, update planes time is 2.134451
---------Rank: 47 	 Elapsed time:2.354102---------
task 105 is initialized
Rank 105 :: inject time is 0.000258, fill buffer time is 0.045317, communication time is 0.011927, wait time is 0.104722, copy halo time is 0.054867, update planes time is 2.131358
---------Rank: 105 	 Elapsed time:2.348952---------
task 22 is initialized
Rank 22 :: inject time is 0.000408, fill buffer time is 0.045734, communication time is 0.010037, wait time is 0.097887, copy halo time is 0.056790, update planes time is 2.140651
---------Rank: 22 	 Elapsed time:2.351980---------
Total_time: 3.949260238
