Tasks are decomposed in a grid 8 x 4

Task   16 :: 	grid coordinates :   0,   2
	neighbours: N    8    E   17    S   24    W   -2
Task    8 :: 	grid coordinates :   0,   1
	neighbours: N    0    E    9    S   16    W   -2
Task   24 :: 	grid coordinates :   0,   3
	neighbours: N   16    E   25    S   -2    W   -2
Task   25 :: 	grid coordinates :   1,   3
	neighbours: N   17    E   26    S   -2    W   24
Task   26 :: 	grid coordinates :   2,   3
	neighbours: N   18    E   27    S   -2    W   25
Task   27 :: 	grid coordinates :   3,   3
	neighbours: N   19    E   28    S   -2    W   26
Task   28 :: 	grid coordinates :   4,   3
	neighbours: N   20    E   29    S   -2    W   27
Task   29 :: 	grid coordinates :   5,   3
	neighbours: N   21    E   30    S   -2    W   28
Task   30 :: 	grid coordinates :   6,   3
	neighbours: N   22    E   31    S   -2    W   29
Task   31 :: 	grid coordinates :   7,   3
	neighbours: N   23    E   -2    S   -2    W   30
Task   17 :: 	grid coordinates :   1,   2
	neighbours: N    9    E   18    S   25    W   16
Task   18 :: 	grid coordinates :   2,   2
	neighbours: N   10    E   19    S   26    W   17
Task   19 :: 	grid coordinates :   3,   2
	neighbours: N   11    E   20    S   27    W   18
Task   20 :: 	grid coordinates :   4,   2
	neighbours: N   12    E   21    S   28    W   19
Task   21 :: 	grid coordinates :   5,   2
	neighbours: N   13    E   22    S   29    W   20
Task   22 :: 	grid coordinates :   6,   2
	neighbours: N   14    E   23    S   30    W   21
Task   23 :: 	grid coordinates :   7,   2
	neighbours: N   15    E   -2    S   31    W   22
Task    9 :: 	grid coordinates :   1,   1
	neighbours: N    1    E   10    S   17    W    8
Task   10 :: 	grid coordinates :   2,   1
	neighbours: N    2    E   11    S   18    W    9
Task   11 :: 	grid coordinates :   3,   1
	neighbours: N    3    E   12    S   19    W   10
Task   12 :: 	grid coordinates :   4,   1
	neighbours: N    4    E   13    S   20    W   11
Task   13 :: 	grid coordinates :   5,   1
	neighbours: N    5    E   14    S   21    W   12
Task   14 :: 	grid coordinates :   6,   1
	neighbours: N    6    E   15    S   22    W   13
Task   15 :: 	grid coordinates :   7,   1
	neighbours: N    7    E   -2    S   23    W   14
Task    0 :: 	grid coordinates :   0,   0
	neighbours: N   -2    E    1    S    8    W   -2
Task    1 :: 	grid coordinates :   1,   0
	neighbours: N   -2    E    2    S    9    W    0
Task    2 :: 	grid coordinates :   2,   0
	neighbours: N   -2    E    3    S   10    W    1
Task    3 :: 	grid coordinates :   3,   0
	neighbours: N   -2    E    4    S   11    W    2
Task    4 :: 	grid coordinates :   4,   0
	neighbours: N   -2    E    5    S   12    W    3
Task    5 :: 	grid coordinates :   5,   0
	neighbours: N   -2    E    6    S   13    W    4
Task    6 :: 	grid coordinates :   6,   0
	neighbours: N   -2    E    7    S   14    W    5
Task    7 :: 	grid coordinates :   7,   0
	neighbours: N   -2    E   -2    S   15    W    6
task 0 is initialized
Rank 0 :: inject time is 0.000492, fill buffer time is 0.064148, communication time is 0.008535, wait time is 0.162776, copy halo time is 0.087239, update planes time is 9.392592
---------Rank: 0 	 Elapsed time:9.716459---------
task 5 is initialized
Rank 5 :: inject time is 0.000498, fill buffer time is 0.111391, communication time is 0.009412, wait time is 0.110626, copy halo time is 0.119979, update planes time is 9.370655
---------Rank: 5 	 Elapsed time:9.723093---------
task 6 is initialized
Rank 6 :: inject time is 0.000522, fill buffer time is 0.109413, communication time is 0.008824, wait time is 0.113220, copy halo time is 0.116091, update planes time is 9.367532
---------Rank: 6 	 Elapsed time:9.716293---------
task 25 is initialized
Rank 25 :: inject time is 0.000455, fill buffer time is 0.110940, communication time is 0.011592, wait time is 0.107815, copy halo time is 0.116406, update planes time is 9.385271
---------Rank: 25 	 Elapsed time:9.733006---------
task 1 is initialized
Rank 1 :: inject time is 0.000413, fill buffer time is 0.109838, communication time is 0.008976, wait time is 0.088554, copy halo time is 0.116584, update planes time is 9.391692
---------Rank: 1 	 Elapsed time:9.716555---------
task 2 is initialized
Rank 2 :: inject time is 0.000502, fill buffer time is 0.108630, communication time is 0.008634, wait time is 0.116896, copy halo time is 0.114722, update planes time is 9.366471
---------Rank: 2 	 Elapsed time:9.716549---------
total injected energy is 300000, system energy is 299967 ( in avg 0.0106655 per grid point)
Comp time,Comms time
9.726415,0.014719

task 3 is initialized
Rank 3 :: inject time is 0.000458, fill buffer time is 0.115430, communication time is 0.009901, wait time is 0.105785, copy halo time is 0.119028, update planes time is 9.371880
---------Rank: 3 	 Elapsed time:9.723064---------
task 7 is initialized
Rank 7 :: inject time is 0.000517, fill buffer time is 0.064727, communication time is 0.008915, wait time is 0.209551, copy halo time is 0.087015, update planes time is 9.344825
---------Rank: 7 	 Elapsed time:9.716205---------
task 9 is initialized
Rank 9 :: inject time is 0.000620, fill buffer time is 0.108887, communication time is 0.019505, wait time is 0.065982, copy halo time is 0.114016, update planes time is 9.416361
---------Rank: 9 	 Elapsed time:9.725939---------
task 8 is initialized
Rank 8 :: inject time is 0.000576, fill buffer time is 0.063975, communication time is 0.021272, wait time is 0.142391, copy halo time is 0.083546, update planes time is 9.413284
---------Rank: 8 	 Elapsed time:9.725894---------
task 10 is initialized
Rank 10 :: inject time is 0.000527, fill buffer time is 0.108795, communication time is 0.017874, wait time is 0.092751, copy halo time is 0.114518, update planes time is 9.397242
---------Rank: 10 	 Elapsed time:9.732215---------
task 11 is initialized
Rank 11 :: inject time is 0.000367, fill buffer time is 0.113418, communication time is 0.025292, wait time is 0.145255, copy halo time is 0.114165, update planes time is 9.333005
---------Rank: 11 	 Elapsed time:9.732013---------
task 17 is initialized
Rank 17 :: inject time is 0.000485, fill buffer time is 0.107534, communication time is 0.014583, wait time is 0.091225, copy halo time is 0.110125, update planes time is 9.399417
---------Rank: 17 	 Elapsed time:9.723901---------
task 19 is initialized
Rank 19 :: inject time is 0.000476, fill buffer time is 0.115281, communication time is 0.017136, wait time is 0.116224, copy halo time is 0.116721, update planes time is 9.357419
---------Rank: 19 	 Elapsed time:9.723890---------
task 18 is initialized
Rank 18 :: inject time is 0.000449, fill buffer time is 0.107896, communication time is 0.018066, wait time is 0.143384, copy halo time is 0.111835, update planes time is 9.341642
---------Rank: 18 	 Elapsed time:9.723928---------
task 16 is initialized
Rank 16 :: inject time is 0.000551, fill buffer time is 0.063827, communication time is 0.015106, wait time is 0.184404, copy halo time is 0.084241, update planes time is 9.375071
---------Rank: 16 	 Elapsed time:9.723875---------
task 28 is initialized
Rank 28 :: inject time is 0.000447, fill buffer time is 0.109986, communication time is 0.014223, wait time is 0.138679, copy halo time is 0.116687, update planes time is 9.352411
---------Rank: 28 	 Elapsed time:9.733010---------
task 29 is initialized
Rank 29 :: inject time is 0.000525, fill buffer time is 0.109111, communication time is 0.012589, wait time is 0.152581, copy halo time is 0.114324, update planes time is 9.343348
---------Rank: 29 	 Elapsed time:9.733051---------
task 30 is initialized
Rank 30 :: inject time is 0.000472, fill buffer time is 0.107731, communication time is 0.012380, wait time is 0.095571, copy halo time is 0.114604, update planes time is 9.401734
---------Rank: 30 	 Elapsed time:9.733053---------
task 20 is initialized
Rank 20 :: inject time is 0.000345, fill buffer time is 0.108792, communication time is 0.016587, wait time is 0.189953, copy halo time is 0.110126, update planes time is 9.297413
---------Rank: 20 	 Elapsed time:9.723870---------
task 21 is initialized
Rank 21 :: inject time is 0.000376, fill buffer time is 0.109013, communication time is 0.015316, wait time is 0.167443, copy halo time is 0.113333, update planes time is 9.318082
---------Rank: 21 	 Elapsed time:9.724104---------
task 12 is initialized
Rank 12 :: inject time is 0.000494, fill buffer time is 0.112913, communication time is 0.024029, wait time is 0.113739, copy halo time is 0.115354, update planes time is 9.364904
---------Rank: 12 	 Elapsed time:9.732053---------
task 13 is initialized
Rank 13 :: inject time is 0.000543, fill buffer time is 0.112736, communication time is 0.022429, wait time is 0.127110, copy halo time is 0.116678, update planes time is 9.352054
---------Rank: 13 	 Elapsed time:9.732080---------
task 15 is initialized
Rank 15 :: inject time is 0.000653, fill buffer time is 0.065081, communication time is 0.022119, wait time is 0.186481, copy halo time is 0.087166, update planes time is 9.363357
---------Rank: 15 	 Elapsed time:9.725610---------
task 31 is initialized
Rank 31 :: inject time is 0.000452, fill buffer time is 0.063703, communication time is 0.010286, wait time is 0.225740, copy halo time is 0.083306, update planes time is 9.348967
---------Rank: 31 	 Elapsed time:9.733017---------
task 4 is initialized
Rank 4 :: inject time is 0.000439, fill buffer time is 0.113030, communication time is 0.010215, wait time is 0.131459, copy halo time is 0.118086, update planes time is 9.349136
---------Rank: 4 	 Elapsed time:9.722938---------
task 24 is initialized
Rank 24 :: inject time is 0.000472, fill buffer time is 0.065141, communication time is 0.010530, wait time is 0.172846, copy halo time is 0.085726, update planes time is 9.397555
---------Rank: 24 	 Elapsed time:9.732904---------
task 26 is initialized
Rank 26 :: inject time is 0.000459, fill buffer time is 0.109683, communication time is 0.010437, wait time is 0.086639, copy halo time is 0.117404, update planes time is 9.407907
---------Rank: 26 	 Elapsed time:9.733000---------
task 23 is initialized
Rank 23 :: inject time is 0.000517, fill buffer time is 0.063482, communication time is 0.017253, wait time is 0.215881, copy halo time is 0.084901, update planes time is 9.341523
---------Rank: 23 	 Elapsed time:9.724309---------
task 14 is initialized
Rank 14 :: inject time is 0.000409, fill buffer time is 0.112360, communication time is 0.021703, wait time is 0.099127, copy halo time is 0.117183, update planes time is 9.380920
---------Rank: 14 	 Elapsed time:9.732299---------
task 22 is initialized
Rank 22 :: inject time is 0.000557, fill buffer time is 0.107791, communication time is 0.015340, wait time is 0.136487, copy halo time is 0.113099, update planes time is 9.350202
---------Rank: 22 	 Elapsed time:9.724122---------
task 27 is initialized
Rank 27 :: inject time is 0.000512, fill buffer time is 0.114355, communication time is 0.011936, wait time is 0.106511, copy halo time is 0.114882, update planes time is 9.384065
---------Rank: 27 	 Elapsed time:9.732985---------
Total_time: 11.518283674
