Tasks are decomposed in a grid 4 x 2

Task    0 :: 	grid coordinates :   0,   0
	neighbours: N   -2    E    1    S    4    W   -2
Task    1 :: 	grid coordinates :   1,   0
	neighbours: N   -2    E    2    S    5    W    0
Task    2 :: 	grid coordinates :   2,   0
	neighbours: N   -2    E    3    S    6    W    1
Task    3 :: 	grid coordinates :   3,   0
	neighbours: N   -2    E   -2    S    7    W    2
Task    4 :: 	grid coordinates :   0,   1
	neighbours: N    0    E    5    S   -2    W   -2
Task    5 :: 	grid coordinates :   1,   1
	neighbours: N    1    E    6    S   -2    W    4
Task    6 :: 	grid coordinates :   2,   1
	neighbours: N    2    E    7    S   -2    W    5
Task    7 :: 	grid coordinates :   3,   1
	neighbours: N    3    E   -2    S   -2    W    6
task 0 is initialized
Rank 0 :: inject time is 0.001289, fill buffer time is 0.178442, communication time is 0.006451, wait time is 0.418937, copy halo time is 0.267172, update planes time is 40.758843
---------Rank: 0 	 Elapsed time:41.631947---------
task 3 is initialized
Rank 3 :: inject time is 0.001366, fill buffer time is 0.174453, communication time is 0.006686, wait time is 0.414703, copy halo time is 0.266491, update planes time is 40.767478
---------Rank: 3 	 Elapsed time:41.632000---------
task 4 is initialized
Rank 4 :: inject time is 0.001372, fill buffer time is 0.183666, communication time is 0.007179, wait time is 0.419158, copy halo time is 0.276073, update planes time is 40.743458
---------Rank: 4 	 Elapsed time:41.631814---------
task 5 is initialized
Rank 5 :: inject time is 0.000832, fill buffer time is 0.279600, communication time is 0.007126, wait time is 0.464576, copy halo time is 0.338541, update planes time is 40.540614
---------Rank: 5 	 Elapsed time:41.632057---------
task 6 is initialized
Rank 6 :: inject time is 0.001720, fill buffer time is 0.288480, communication time is 0.007921, wait time is 0.271822, copy halo time is 0.366796, update planes time is 40.694511
---------Rank: 6 	 Elapsed time:41.632156---------
task 7 is initialized
Rank 7 :: inject time is 0.001439, fill buffer time is 0.181669, communication time is 0.005931, wait time is 0.600385, copy halo time is 0.277015, update planes time is 40.564845
---------Rank: 7 	 Elapsed time:41.632003---------
task 1 is initialized
Rank 1 :: inject time is 0.001696, fill buffer time is 0.280461, communication time is 0.007326, wait time is 0.282875, copy halo time is 0.347897, update planes time is 40.710868
---------Rank: 1 	 Elapsed time:41.632086---------
task 2 is initialized
Rank 2 :: inject time is 0.001254, fill buffer time is 0.284237, communication time is 0.007307, wait time is 0.193179, copy halo time is 0.364431, update planes time is 40.780970
---------Rank: 2 	 Elapsed time:41.632121---------
total injected energy is 300000, system energy is 300000 ( in avg 0.00266667 per grid point)
Comp time,Comms time
41.632023,0.006991

Total_time: 43.009363122
