Tasks are decomposed in a grid 8 x 8

Task    8 :: 	grid coordinates :   0,   1
	neighbours: N    0    E    9    S   16    W   -2
Task   16 :: 	grid coordinates :   0,   2
	neighbours: N    8    E   17    S   24    W   -2
Task   24 :: 	grid coordinates :   0,   3
	neighbours: N   16    E   25    S   32    W   -2
Task   32 :: 	grid coordinates :   0,   4
	neighbours: N   24    E   33    S   40    W   -2
Task   40 :: 	grid coordinates :   0,   5
	neighbours: N   32    E   41    S   48    W   -2
Task   48 :: 	grid coordinates :   0,   6
	neighbours: N   40    E   49    S   56    W   -2
Task   56 :: 	grid coordinates :   0,   7
	neighbours: N   48    E   57    S   -2    W   -2
Task    9 :: 	grid coordinates :   1,   1
	neighbours: N    1    E   10    S   17    W    8
Task   49 :: 	grid coordinates :   1,   6
	neighbours: N   41    E   50    S   57    W   48
Task   25 :: 	grid coordinates :   1,   3
	neighbours: N   17    E   26    S   33    W   24
Task   33 :: 	grid coordinates :   1,   4
	neighbours: N   25    E   34    S   41    W   32
Task   17 :: 	grid coordinates :   1,   2
	neighbours: N    9    E   18    S   25    W   16
Task   57 :: 	grid coordinates :   1,   7
	neighbours: N   49    E   58    S   -2    W   56
Task   41 :: 	grid coordinates :   1,   5
	neighbours: N   33    E   42    S   49    W   40
Task   10 :: 	grid coordinates :   2,   1
	neighbours: N    2    E   11    S   18    W    9
Task   50 :: 	grid coordinates :   2,   6
	neighbours: N   42    E   51    S   58    W   49
Task   26 :: 	grid coordinates :   2,   3
	neighbours: N   18    E   27    S   34    W   25
Task   34 :: 	grid coordinates :   2,   4
	neighbours: N   26    E   35    S   42    W   33
Task   18 :: 	grid coordinates :   2,   2
	neighbours: N   10    E   19    S   26    W   17
Task   58 :: 	grid coordinates :   2,   7
	neighbours: N   50    E   59    S   -2    W   57
Task   42 :: 	grid coordinates :   2,   5
	neighbours: N   34    E   43    S   50    W   41
Task   11 :: 	grid coordinates :   3,   1
	neighbours: N    3    E   12    S   19    W   10
Task   51 :: 	grid coordinates :   3,   6
	neighbours: N   43    E   52    S   59    W   50
Task   27 :: 	grid coordinates :   3,   3
	neighbours: N   19    E   28    S   35    W   26
Task   35 :: 	grid coordinates :   3,   4
	neighbours: N   27    E   36    S   43    W   34
Task   19 :: 	grid coordinates :   3,   2
	neighbours: N   11    E   20    S   27    W   18
Task   59 :: 	grid coordinates :   3,   7
	neighbours: N   51    E   60    S   -2    W   58
Task   43 :: 	grid coordinates :   3,   5
	neighbours: N   35    E   44    S   51    W   42
Task   12 :: 	grid coordinates :   4,   1
	neighbours: N    4    E   13    S   20    W   11
Task   52 :: 	grid coordinates :   4,   6
	neighbours: N   44    E   53    S   60    W   51
Task   28 :: 	grid coordinates :   4,   3
	neighbours: N   20    E   29    S   36    W   27
Task   36 :: 	grid coordinates :   4,   4
	neighbours: N   28    E   37    S   44    W   35
Task   20 :: 	grid coordinates :   4,   2
	neighbours: N   12    E   21    S   28    W   19
Task   60 :: 	grid coordinates :   4,   7
	neighbours: N   52    E   61    S   -2    W   59
Task   44 :: 	grid coordinates :   4,   5
	neighbours: N   36    E   45    S   52    W   43
Task   13 :: 	grid coordinates :   5,   1
	neighbours: N    5    E   14    S   21    W   12
Task   53 :: 	grid coordinates :   5,   6
	neighbours: N   45    E   54    S   61    W   52
Task   29 :: 	grid coordinates :   5,   3
	neighbours: N   21    E   30    S   37    W   28
Task   37 :: 	grid coordinates :   5,   4
	neighbours: N   29    E   38    S   45    W   36
Task   21 :: 	grid coordinates :   5,   2
	neighbours: N   13    E   22    S   29    W   20
Task   61 :: 	grid coordinates :   5,   7
	neighbours: N   53    E   62    S   -2    W   60
Task   45 :: 	grid coordinates :   5,   5
	neighbours: N   37    E   46    S   53    W   44
Task   14 :: 	grid coordinates :   6,   1
	neighbours: N    6    E   15    S   22    W   13
Task   54 :: 	grid coordinates :   6,   6
	neighbours: N   46    E   55    S   62    W   53
Task   30 :: 	grid coordinates :   6,   3
	neighbours: N   22    E   31    S   38    W   29
Task   38 :: 	grid coordinates :   6,   4
	neighbours: N   30    E   39    S   46    W   37
Task   22 :: 	grid coordinates :   6,   2
	neighbours: N   14    E   23    S   30    W   21
Task   62 :: 	grid coordinates :   6,   7
	neighbours: N   54    E   63    S   -2    W   61
Task   46 :: 	grid coordinates :   6,   5
	neighbours: N   38    E   47    S   54    W   45
Task   15 :: 	grid coordinates :   7,   1
	neighbours: N    7    E   -2    S   23    W   14
Task   55 :: 	grid coordinates :   7,   6
	neighbours: N   47    E   -2    S   63    W   54
Task   31 :: 	grid coordinates :   7,   3
	neighbours: N   23    E   -2    S   39    W   30
Task   39 :: 	grid coordinates :   7,   4
	neighbours: N   31    E   -2    S   47    W   38
Task   23 :: 	grid coordinates :   7,   2
	neighbours: N   15    E   -2    S   31    W   22
Task   63 :: 	grid coordinates :   7,   7
	neighbours: N   55    E   -2    S   -2    W   62
Task   47 :: 	grid coordinates :   7,   5
	neighbours: N   39    E   -2    S   55    W   46
Task    0 :: 	grid coordinates :   0,   0
	neighbours: N   -2    E    1    S    8    W   -2
Task    1 :: 	grid coordinates :   1,   0
	neighbours: N   -2    E    2    S    9    W    0
Task    2 :: 	grid coordinates :   2,   0
	neighbours: N   -2    E    3    S   10    W    1
Task    3 :: 	grid coordinates :   3,   0
	neighbours: N   -2    E    4    S   11    W    2
Task    4 :: 	grid coordinates :   4,   0
	neighbours: N   -2    E    5    S   12    W    3
Task    5 :: 	grid coordinates :   5,   0
	neighbours: N   -2    E    6    S   13    W    4
Task    6 :: 	grid coordinates :   6,   0
	neighbours: N   -2    E    7    S   14    W    5
Task    7 :: 	grid coordinates :   7,   0
	neighbours: N   -2    E   -2    S   15    W    6
task 0 is initialized
Rank 0 :: inject time is 0.000441, fill buffer time is 0.031703, communication time is 0.007556, wait time is 0.137561, copy halo time is 0.040001, update planes time is 4.512733
---------Rank: 0 	 Elapsed time:4.730597---------
task 54 is initialized
Rank 54 :: inject time is 0.000378, fill buffer time is 0.053203, communication time is 0.017569, wait time is 0.100872, copy halo time is 0.055537, update planes time is 4.501882
---------Rank: 54 	 Elapsed time:4.730105---------
task 53 is initialized
Rank 53 :: inject time is 0.000477, fill buffer time is 0.052770, communication time is 0.017349, wait time is 0.118819, copy halo time is 0.056871, update planes time is 4.483346
---------Rank: 53 	 Elapsed time:4.730164---------
task 55 is initialized
Rank 55 :: inject time is 0.000354, fill buffer time is 0.030901, communication time is 0.016914, wait time is 0.165194, copy halo time is 0.040953, update planes time is 4.475075
---------Rank: 55 	 Elapsed time:4.730032---------
task 48 is initialized
Rank 48 :: inject time is 0.000305, fill buffer time is 0.030813, communication time is 0.015435, wait time is 0.127750, copy halo time is 0.039498, update planes time is 4.515880
---------Rank: 48 	 Elapsed time:4.730284---------
task 49 is initialized
Rank 49 :: inject time is 0.000388, fill buffer time is 0.052873, communication time is 0.017182, wait time is 0.126693, copy halo time is 0.055483, update planes time is 4.477135
---------Rank: 49 	 Elapsed time:4.730257---------
task 51 is initialized
Rank 51 :: inject time is 0.000431, fill buffer time is 0.054878, communication time is 0.018512, wait time is 0.086546, copy halo time is 0.056610, update planes time is 4.512606
---------Rank: 51 	 Elapsed time:4.730291---------
task 52 is initialized
Rank 52 :: inject time is 0.000391, fill buffer time is 0.052765, communication time is 0.018441, wait time is 0.112104, copy halo time is 0.055608, update planes time is 4.490491
---------Rank: 52 	 Elapsed time:4.730246---------
task 56 is initialized
Rank 56 :: inject time is 0.000372, fill buffer time is 0.031684, communication time is 0.009064, wait time is 0.131838, copy halo time is 0.041049, update planes time is 4.511765
---------Rank: 56 	 Elapsed time:4.726462---------
task 57 is initialized
Rank 57 :: inject time is 0.000398, fill buffer time is 0.053945, communication time is 0.009410, wait time is 0.072553, copy halo time is 0.057580, update planes time is 4.531955
---------Rank: 57 	 Elapsed time:4.726506---------
task 58 is initialized
Rank 58 :: inject time is 0.000499, fill buffer time is 0.052576, communication time is 0.009971, wait time is 0.084319, copy halo time is 0.057369, update planes time is 4.521295
---------Rank: 58 	 Elapsed time:4.726494---------
task 59 is initialized
Rank 59 :: inject time is 0.000454, fill buffer time is 0.056245, communication time is 0.010688, wait time is 0.078399, copy halo time is 0.058221, update planes time is 4.521922
---------Rank: 59 	 Elapsed time:4.726485---------
task 60 is initialized
Rank 60 :: inject time is 0.000328, fill buffer time is 0.053406, communication time is 0.010772, wait time is 0.113450, copy halo time is 0.055821, update planes time is 4.492073
---------Rank: 60 	 Elapsed time:4.726479---------
task 61 is initialized
Rank 61 :: inject time is 0.000334, fill buffer time is 0.051977, communication time is 0.009975, wait time is 0.111931, copy halo time is 0.054902, update planes time is 4.496733
---------Rank: 61 	 Elapsed time:4.726423---------
task 62 is initialized
Rank 62 :: inject time is 0.000413, fill buffer time is 0.052015, communication time is 0.010207, wait time is 0.110330, copy halo time is 0.055257, update planes time is 4.497613
---------Rank: 62 	 Elapsed time:4.726388---------
task 50 is initialized
Rank 50 :: inject time is 0.000407, fill buffer time is 0.052242, communication time is 0.016690, wait time is 0.091708, copy halo time is 0.057028, update planes time is 4.511700
---------Rank: 50 	 Elapsed time:4.730299---------
task 11 is initialized
Rank 11 :: inject time is 0.000475, fill buffer time is 0.055250, communication time is 0.017924, wait time is 0.092193, copy halo time is 0.056266, update planes time is 4.512059
---------Rank: 11 	 Elapsed time:4.734684---------
task 63 is initialized
Rank 63 :: inject time is 0.000340, fill buffer time is 0.030936, communication time is 0.009887, wait time is 0.145173, copy halo time is 0.038987, update planes time is 4.500282
---------Rank: 63 	 Elapsed time:4.726505---------
task 9 is initialized
Rank 9 :: inject time is 0.000315, fill buffer time is 0.052453, communication time is 0.016769, wait time is 0.110988, copy halo time is 0.054117, update planes time is 4.499474
---------Rank: 9 	 Elapsed time:4.734665---------
task 8 is initialized
Rank 8 :: inject time is 0.000392, fill buffer time is 0.031355, communication time is 0.016882, wait time is 0.130669, copy halo time is 0.040930, update planes time is 4.513802
---------Rank: 8 	 Elapsed time:4.734621---------
task 10 is initialized
Rank 10 :: inject time is 0.000279, fill buffer time is 0.052101, communication time is 0.016698, wait time is 0.096947, copy halo time is 0.054033, update planes time is 4.514118
---------Rank: 10 	 Elapsed time:4.734653---------
task 12 is initialized
Rank 12 :: inject time is 0.000378, fill buffer time is 0.053008, communication time is 0.019471, wait time is 0.104104, copy halo time is 0.054477, update planes time is 4.502673
---------Rank: 12 	 Elapsed time:4.734630---------
task 14 is initialized
Rank 14 :: inject time is 0.000430, fill buffer time is 0.053121, communication time is 0.017162, wait time is 0.117699, copy halo time is 0.056456, update planes time is 4.489230
---------Rank: 14 	 Elapsed time:4.734531---------
task 42 is initialized
Rank 42 :: inject time is 0.000384, fill buffer time is 0.052718, communication time is 0.017291, wait time is 0.099887, copy halo time is 0.056885, update planes time is 4.506973
---------Rank: 42 	 Elapsed time:4.734640---------
task 15 is initialized
Rank 15 :: inject time is 0.000494, fill buffer time is 0.031695, communication time is 0.016589, wait time is 0.140291, copy halo time is 0.040694, update planes time is 4.504153
---------Rank: 15 	 Elapsed time:4.734459---------
task 44 is initialized
Rank 44 :: inject time is 0.000486, fill buffer time is 0.054399, communication time is 0.018822, wait time is 0.097667, copy halo time is 0.057436, update planes time is 4.505190
---------Rank: 44 	 Elapsed time:4.734579---------
task 45 is initialized
Rank 45 :: inject time is 0.000394, fill buffer time is 0.052854, communication time is 0.018197, wait time is 0.096807, copy halo time is 0.056716, update planes time is 4.509099
---------Rank: 45 	 Elapsed time:4.734518---------
task 46 is initialized
Rank 46 :: inject time is 0.000480, fill buffer time is 0.053819, communication time is 0.017596, wait time is 0.088077, copy halo time is 0.057477, update planes time is 4.516419
---------Rank: 46 	 Elapsed time:4.734459---------
task 40 is initialized
Rank 40 :: inject time is 0.000333, fill buffer time is 0.031284, communication time is 0.017114, wait time is 0.118375, copy halo time is 0.040421, update planes time is 4.526489
---------Rank: 40 	 Elapsed time:4.734618---------
task 41 is initialized
Rank 41 :: inject time is 0.000444, fill buffer time is 0.053078, communication time is 0.017133, wait time is 0.106623, copy halo time is 0.055874, update planes time is 4.500927
---------Rank: 41 	 Elapsed time:4.734619---------
task 47 is initialized
Rank 47 :: inject time is 0.000426, fill buffer time is 0.031192, communication time is 0.017689, wait time is 0.133604, copy halo time is 0.040976, update planes time is 4.509982
---------Rank: 47 	 Elapsed time:4.734430---------
task 13 is initialized
Rank 13 :: inject time is 0.000498, fill buffer time is 0.052886, communication time is 0.017448, wait time is 0.115666, copy halo time is 0.056510, update planes time is 4.491139
---------Rank: 13 	 Elapsed time:4.734597---------
task 33 is initialized
Rank 33 :: inject time is 0.000455, fill buffer time is 0.052646, communication time is 0.015849, wait time is 0.118605, copy halo time is 0.055175, update planes time is 4.496081
---------Rank: 33 	 Elapsed time:4.739317---------
task 43 is initialized
Rank 43 :: inject time is 0.000392, fill buffer time is 0.055650, communication time is 0.018109, wait time is 0.102557, copy halo time is 0.055471, update planes time is 4.501821
---------Rank: 43 	 Elapsed time:4.734640---------
task 26 is initialized
Rank 26 :: inject time is 0.000483, fill buffer time is 0.052370, communication time is 0.015247, wait time is 0.078713, copy halo time is 0.056918, update planes time is 4.534852
---------Rank: 26 	 Elapsed time:4.739184---------
task 3 is initialized
Rank 3 :: inject time is 0.000365, fill buffer time is 0.056031, communication time is 0.010865, wait time is 0.104709, copy halo time is 0.057624, update planes time is 4.500382
---------Rank: 3 	 Elapsed time:4.730605---------
task 2 is initialized
Rank 2 :: inject time is 0.000418, fill buffer time is 0.052609, communication time is 0.010073, wait time is 0.108619, copy halo time is 0.057135, update planes time is 4.501247
---------Rank: 2 	 Elapsed time:4.730654---------
task 1 is initialized
Rank 1 :: inject time is 0.000380, fill buffer time is 0.053203, communication time is 0.010080, wait time is 0.107714, copy halo time is 0.056750, update planes time is 4.501958
---------Rank: 1 	 Elapsed time:4.730673---------
task 32 is initialized
Rank 32 :: inject time is 0.000329, fill buffer time is 0.031235, communication time is 0.013905, wait time is 0.159265, copy halo time is 0.037896, update planes time is 4.496001
---------Rank: 32 	 Elapsed time:4.739218---------
task 19 is initialized
Rank 19 :: inject time is 0.000395, fill buffer time is 0.054820, communication time is 0.018535, wait time is 0.116603, copy halo time is 0.057276, update planes time is 4.491063
---------Rank: 19 	 Elapsed time:4.739381---------
task 25 is initialized
Rank 25 :: inject time is 0.000318, fill buffer time is 0.052657, communication time is 0.018062, wait time is 0.108407, copy halo time is 0.054526, update planes time is 4.504627
---------Rank: 25 	 Elapsed time:4.739126---------
task 29 is initialized
Rank 29 :: inject time is 0.000524, fill buffer time is 0.052903, communication time is 0.018743, wait time is 0.104088, copy halo time is 0.057435, update planes time is 4.504896
---------Rank: 29 	 Elapsed time:4.739087---------
task 30 is initialized
Rank 30 :: inject time is 0.000322, fill buffer time is 0.052989, communication time is 0.018686, wait time is 0.124780, copy halo time is 0.054808, update planes time is 4.486862
---------Rank: 30 	 Elapsed time:4.739041---------
task 17 is initialized
Rank 17 :: inject time is 0.000455, fill buffer time is 0.052601, communication time is 0.018289, wait time is 0.112947, copy halo time is 0.056481, update planes time is 4.497971
---------Rank: 17 	 Elapsed time:4.739333---------
task 18 is initialized
Rank 18 :: inject time is 0.000427, fill buffer time is 0.051958, communication time is 0.016032, wait time is 0.077334, copy halo time is 0.056148, update planes time is 4.536947
---------Rank: 18 	 Elapsed time:4.739376---------
task 23 is initialized
Rank 23 :: inject time is 0.000404, fill buffer time is 0.031177, communication time is 0.017700, wait time is 0.158821, copy halo time is 0.040503, update planes time is 4.489946
---------Rank: 23 	 Elapsed time:4.739108---------
task 16 is initialized
Rank 16 :: inject time is 0.000397, fill buffer time is 0.031077, communication time is 0.016410, wait time is 0.134600, copy halo time is 0.040252, update planes time is 4.516015
---------Rank: 16 	 Elapsed time:4.739287---------
task 20 is initialized
Rank 20 :: inject time is 0.000339, fill buffer time is 0.052715, communication time is 0.019224, wait time is 0.118040, copy halo time is 0.054965, update planes time is 4.493361
---------Rank: 20 	 Elapsed time:4.739323---------
task 22 is initialized
Rank 22 :: inject time is 0.000532, fill buffer time is 0.052635, communication time is 0.018717, wait time is 0.106163, copy halo time is 0.056875, update planes time is 4.503703
---------Rank: 22 	 Elapsed time:4.739196---------
task 24 is initialized
Rank 24 :: inject time is 0.000293, fill buffer time is 0.031175, communication time is 0.018072, wait time is 0.132623, copy halo time is 0.040474, update planes time is 4.515850
---------Rank: 24 	 Elapsed time:4.739077---------
task 28 is initialized
Rank 28 :: inject time is 0.000391, fill buffer time is 0.053647, communication time is 0.019522, wait time is 0.103256, copy halo time is 0.055810, update planes time is 4.505967
---------Rank: 28 	 Elapsed time:4.739111---------
task 31 is initialized
Rank 31 :: inject time is 0.000398, fill buffer time is 0.031334, communication time is 0.018787, wait time is 0.154824, copy halo time is 0.040530, update planes time is 4.492582
---------Rank: 31 	 Elapsed time:4.739069---------
task 4 is initialized
Rank 4 :: inject time is 0.000462, fill buffer time is 0.053070, communication time is 0.010952, wait time is 0.098774, copy halo time is 0.055455, update planes time is 4.511282
---------Rank: 4 	 Elapsed time:4.730586---------
task 6 is initialized
Rank 6 :: inject time is 0.000375, fill buffer time is 0.053362, communication time is 0.010096, wait time is 0.117989, copy halo time is 0.055863, update planes time is 4.492400
---------Rank: 6 	 Elapsed time:4.730535---------
task 7 is initialized
Rank 7 :: inject time is 0.000383, fill buffer time is 0.031229, communication time is 0.009351, wait time is 0.155798, copy halo time is 0.040987, update planes time is 4.492228
---------Rank: 7 	 Elapsed time:4.730509---------
total injected energy is 300000, system energy is 299905 ( in avg 0.0213266 per grid point)
Comp time,Comms time
4.734257,0.015617

task 21 is initialized
Rank 21 :: inject time is 0.000528, fill buffer time is 0.053348, communication time is 0.018316, wait time is 0.119500, copy halo time is 0.056695, update planes time is 4.490320
---------Rank: 21 	 Elapsed time:4.739250---------
task 35 is initialized
Rank 35 :: inject time is 0.000436, fill buffer time is 0.055152, communication time is 0.017087, wait time is 0.122796, copy halo time is 0.056035, update planes time is 4.487256
---------Rank: 35 	 Elapsed time:4.739292---------
task 36 is initialized
Rank 36 :: inject time is 0.000341, fill buffer time is 0.053397, communication time is 0.017912, wait time is 0.132795, copy halo time is 0.055111, update planes time is 4.479138
---------Rank: 36 	 Elapsed time:4.739290---------
task 37 is initialized
Rank 37 :: inject time is 0.000400, fill buffer time is 0.052539, communication time is 0.017455, wait time is 0.126503, copy halo time is 0.055154, update planes time is 4.486632
---------Rank: 37 	 Elapsed time:4.739201---------
task 38 is initialized
Rank 38 :: inject time is 0.000421, fill buffer time is 0.052520, communication time is 0.017121, wait time is 0.134100, copy halo time is 0.055205, update planes time is 4.479209
---------Rank: 38 	 Elapsed time:4.739172---------
task 39 is initialized
Rank 39 :: inject time is 0.000356, fill buffer time is 0.030911, communication time is 0.016325, wait time is 0.141673, copy halo time is 0.039749, update planes time is 4.509500
---------Rank: 39 	 Elapsed time:4.739004---------
task 27 is initialized
Rank 27 :: inject time is 0.000429, fill buffer time is 0.055385, communication time is 0.019145, wait time is 0.077239, copy halo time is 0.055743, update planes time is 4.530663
---------Rank: 27 	 Elapsed time:4.739131---------
task 34 is initialized
Rank 34 :: inject time is 0.000331, fill buffer time is 0.052468, communication time is 0.016109, wait time is 0.098576, copy halo time is 0.054927, update planes time is 4.516409
---------Rank: 34 	 Elapsed time:4.739350---------
task 5 is initialized
Rank 5 :: inject time is 0.000328, fill buffer time is 0.053143, communication time is 0.010282, wait time is 0.102170, copy halo time is 0.057035, update planes time is 4.507102
---------Rank: 5 	 Elapsed time:4.730578---------
Total_time: 6.390089718
