Tasks are decomposed in a grid 4 x 2

Task    0 :: 	grid coordinates :   0,   0
	neighbours: N   -2    E    1    S    4    W   -2
Task    1 :: 	grid coordinates :   1,   0
	neighbours: N   -2    E    2    S    5    W    0
Task    2 :: 	grid coordinates :   2,   0
	neighbours: N   -2    E    3    S    6    W    1
Task    3 :: 	grid coordinates :   3,   0
	neighbours: N   -2    E   -2    S    7    W    2
Task    4 :: 	grid coordinates :   0,   1
	neighbours: N    0    E    5    S   -2    W   -2
Task    5 :: 	grid coordinates :   1,   1
	neighbours: N    1    E    6    S   -2    W    4
Task    6 :: 	grid coordinates :   2,   1
	neighbours: N    2    E    7    S   -2    W    5
Task    7 :: 	grid coordinates :   3,   1
	neighbours: N    3    E   -2    S   -2    W    6
level 1 thread 0x14e14a3637c0 affinity 70
level 1 thread 0x14e13d0d3700 affinity 71
level 1 thread 0x14e13ced2700 affinity 72
level 1 thread 0x14e13ccd1700 affinity 73
level 1 thread 0x14e13cad0700 affinity 74
level 1 thread 0x14e13c8cf700 affinity 75
level 1 thread 0x14e13c6ce700 affinity 76
level 1 thread 0x14e13c4cd700 affinity 77
level 1 thread 0x14e13c2cc700 affinity 78
level 1 thread 0x14e0fc152700 affinity 79
level 1 thread 0x14e0fbf51700 affinity 80
level 1 thread 0x14e0fbd50700 affinity 81
level 1 thread 0x14e0fbb4f700 affinity 82
level 1 thread 0x14e0fb94e700 affinity 83
level 1 thread 0x14bd9c2467c0 affinity 14
level 1 thread 0x14bd4f114700 affinity 15
level 1 thread 0x14bd4ef13700 affinity 16
level 1 thread 0x14bd4ed12700 affinity 17
level 1 thread 0x14bd4eb11700 affinity 18
level 1 thread 0x14bd4e910700 affinity 19
level 1 thread 0x14bd4e70f700 affinity 20
level 1 thread 0x14bd4e50e700 affinity 21
level 1 thread 0x14bd4e30d700 affinity 22
level 1 thread 0x14bd4e10c700 affinity 23
level 1 thread 0x14bd4df0b700 affinity 24
level 1 thread 0x14bd4dd0a700 affinity 25
level 1 thread 0x14bd4db09700 affinity 26
level 1 thread 0x14bd4d908700 affinity 27
level 1 thread 0x14bc7c07c7c0 affinity 28
level 1 thread 0x14bc2ef4a700 affinity 29
level 1 thread 0x14bc2ed49700 affinity 30
level 1 thread 0x14bc2eb48700 affinity 31
level 1 thread 0x14bc2e947700 affinity 32
level 1 thread 0x14bc2e746700 affinity 33
level 1 thread 0x14bc2e545700 affinity 34
level 1 thread 0x14bc2e344700 affinity 35
level 1 thread 0x14bc2e143700 affinity 36
level 1 thread 0x14bc2df42700 affinity 37
level 1 thread 0x14bc2dd41700 affinity 38
level 1 thread 0x14bc2db40700 affinity 39
level 1 thread 0x14bc2d93f700 affinity 40
level 1 thread 0x14bc2d73e700 affinity 41
level 1 thread 0x153267ffd7c0 affinity 42
level 1 thread 0x15321aecd700 affinity 43
level 1 thread 0x15321accc700 affinity 44
level 1 thread 0x15321aacb700 affinity 45
level 1 thread 0x15321a8ca700 affinity 46
level 1 thread 0x15321a6c9700 affinity 47
level 1 thread 0x15321a4c8700 affinity 48
level 1 thread 0x15321a2c7700 affinity 49
level 1 thread 0x15321a0c6700 affinity 50
level 1 thread 0x153219ec5700 affinity 51
level 1 thread 0x153219cc4700 affinity 52
level 1 thread 0x153219ac3700 affinity 53
level 1 thread 0x1532198c2700 affinity 54
level 1 thread 0x1532196c1700 affinity 55
level 1 thread 0x14680214e7c0 affinity 0
level 1 thread 0x1467f4eca700 affinity 1
level 1 thread 0x1467f4cc9700 affinity 2
level 1 thread 0x1467f4ac8700 affinity 3
level 1 thread 0x1467f48c7700 affinity 4
level 1 thread 0x1467f46c6700 affinity 5
level 1 thread 0x1467f44c5700 affinity 6
level 1 thread 0x1467f42c4700 affinity 7
level 1 thread 0x1467b4152700 affinity 8
level 1 thread 0x1467b3f51700 affinity 9
level 1 thread 0x1467b3d50700 affinity 10
level 1 thread 0x1467b3b4f700 affinity 11
level 1 thread 0x1467b394e700 affinity 12
level 1 thread 0x1467b374d700 affinity 13
level 1 thread 0x14795dec07c0 affinity 56
level 1 thread 0x147950c34700 affinity 57
level 1 thread 0x147950a33700 affinity 58
level 1 thread 0x147950832700 affinity 59
level 1 thread 0x147950631700 affinity 60
level 1 thread 0x147950430700 affinity 61
level 1 thread 0x14795022f700 affinity 62
level 1 thread 0x147910152700 affinity 63
level 1 thread 0x14790ff51700 affinity 64
level 1 thread 0x14790fd50700 affinity 65
level 1 thread 0x14790fb4f700 affinity 66
level 1 thread 0x14790f94e700 affinity 67
level 1 thread 0x14790f74d700 affinity 68
level 1 thread 0x14790f54c700 affinity 69
level 1 thread 0x146a184c27c0 affinity 84
level 1 thread 0x1469cb383700 affinity 85
level 1 thread 0x1469cb182700 affinity 86
level 1 thread 0x1469caf81700 affinity 87
level 1 thread 0x1469cad80700 affinity 88
level 1 thread 0x1469cab7f700 affinity 89
level 1 thread 0x1469ca97e700 affinity 90
level 1 thread 0x1469ca77d700 affinity 91
level 1 thread 0x1469ca57c700 affinity 92
level 1 thread 0x1469ca37b700 affinity 93
level 1 thread 0x1469ca17a700 affinity 94
level 1 thread 0x1469c9f79700 affinity 95
level 1 thread 0x1469c9d78700 affinity 96
level 1 thread 0x1469c9b77700 affinity 97
level 1 thread 0x14d432a7d7c0 affinity 98
level 1 thread 0x14d4257f7700 affinity 99
level 1 thread 0x14d4255f6700 affinity 100
level 1 thread 0x14d4253f5700 affinity 101
level 1 thread 0x14d4251f4700 affinity 102
level 1 thread 0x14d424ff3700 affinity 103
level 1 thread 0x14d424df2700 affinity 104
level 1 thread 0x14d424bf1700 affinity 105
level 1 thread 0x14d4249f0700 affinity 106
level 1 thread 0x14d4247ef700 affinity 107
level 1 thread 0x14d4245ee700 affinity 108
level 1 thread 0x14d4243ed700 affinity 109
level 1 thread 0x14d3e4152700 affinity 110
level 1 thread 0x14d3e3f51700 affinity 111
task 0 is initialized
Rank 0 :: inject time is 0.001145, fill buffer time is 0.171325, communication time is 0.007125, wait time is 0.308141, copy halo time is 0.237104, update planes time is 40.234314
---------Rank: 0 	 Elapsed time:40.959914---------
task 2 is initialized
Rank 2 :: inject time is 0.001192, fill buffer time is 0.277812, communication time is 0.007528, wait time is 0.122190, copy halo time is 0.325409, update planes time is 40.225055
---------Rank: 2 	 Elapsed time:40.960179---------
task 4 is initialized
Rank 4 :: inject time is 0.001231, fill buffer time is 0.172981, communication time is 0.006495, wait time is 0.385402, copy halo time is 0.237801, update planes time is 40.155166
---------Rank: 4 	 Elapsed time:40.959884---------
task 1 is initialized
Rank 1 :: inject time is 0.001110, fill buffer time is 0.275515, communication time is 0.007175, wait time is 0.246406, copy halo time is 0.315650, update planes time is 40.113403
---------Rank: 1 	 Elapsed time:40.960130---------
task 3 is initialized
Rank 3 :: inject time is 0.001445, fill buffer time is 0.171141, communication time is 0.006253, wait time is 0.302222, copy halo time is 0.240418, update planes time is 40.237798
---------Rank: 3 	 Elapsed time:40.960073---------
task 5 is initialized
Rank 5 :: inject time is 0.001074, fill buffer time is 0.281506, communication time is 0.007465, wait time is 0.247077, copy halo time is 0.325169, update planes time is 40.096785
---------Rank: 5 	 Elapsed time:40.960116---------
task 6 is initialized
Rank 6 :: inject time is 0.000995, fill buffer time is 0.283338, communication time is 0.007692, wait time is 0.144344, copy halo time is 0.333936, update planes time is 40.188999
---------Rank: 6 	 Elapsed time:40.960178---------
task 7 is initialized
Rank 7 :: inject time is 0.001208, fill buffer time is 0.174265, communication time is 0.006262, wait time is 0.388682, copy halo time is 0.244604, update planes time is 40.144133
---------Rank: 7 	 Elapsed time:40.960038---------
total injected energy is 300000, system energy is 300245 ( in avg 0.00266884 per grid point)
Comp time,Comms time
40.960064,0.007000

Total_time: 43.488858040
