Tasks are decomposed in a grid 8 x 8

Task    8 :: 	grid coordinates :   0,   1
	neighbours: N    0    E    9    S   16    W   -2
Task   16 :: 	grid coordinates :   0,   2
	neighbours: N    8    E   17    S   24    W   -2
Task   24 :: 	grid coordinates :   0,   3
	neighbours: N   16    E   25    S   32    W   -2
Task   32 :: 	grid coordinates :   0,   4
	neighbours: N   24    E   33    S   40    W   -2
Task   40 :: 	grid coordinates :   0,   5
	neighbours: N   32    E   41    S   48    W   -2
Task   48 :: 	grid coordinates :   0,   6
	neighbours: N   40    E   49    S   56    W   -2
Task   56 :: 	grid coordinates :   0,   7
	neighbours: N   48    E   57    S   -2    W   -2
Task   57 :: 	grid coordinates :   1,   7
	neighbours: N   49    E   58    S   -2    W   56
Task   49 :: 	grid coordinates :   1,   6
	neighbours: N   41    E   50    S   57    W   48
Task   33 :: 	grid coordinates :   1,   4
	neighbours: N   25    E   34    S   41    W   32
Task   58 :: 	grid coordinates :   2,   7
	neighbours: N   50    E   59    S   -2    W   57
Task   50 :: 	grid coordinates :   2,   6
	neighbours: N   42    E   51    S   58    W   49
Task   34 :: 	grid coordinates :   2,   4
	neighbours: N   26    E   35    S   42    W   33
Task   59 :: 	grid coordinates :   3,   7
	neighbours: N   51    E   60    S   -2    W   58
Task   51 :: 	grid coordinates :   3,   6
	neighbours: N   43    E   52    S   59    W   50
level 1 thread 0x147922b507c0 affinity 14
level 1 thread 0x1479158c0700 affinity 15
level 1 thread 0x1479156bf700 affinity 16
level 1 thread 0x1479154be700 affinity 17
level 1 thread 0x1479152bd700 affinity 18
level 1 thread 0x1479150bc700 affinity 19
level 1 thread 0x147914ebb700 affinity 20
level 1 thread 0x147914cba700 affinity 21
level 1 thread 0x147914ab9700 affinity 22
level 1 thread 0x1479148b8700 affinity 23
level 1 thread 0x1479146b7700 affinity 24
level 1 thread 0x1479144b6700 affinity 25
level 1 thread 0x1479142b5700 affinity 26
level 1 thread 0x147903091700 affinity 27
Task   35 :: 	grid coordinates :   3,   4
	neighbours: N   27    E   36    S   43    W   34
level 1 thread 0x14939d4bf7c0 affinity 70
level 1 thread 0x14939023a700 affinity 71
level 1 thread 0x149389bf9700 affinity 72
level 1 thread 0x1493899f8700 affinity 73
level 1 thread 0x1493897f7700 affinity 74
level 1 thread 0x1493895f6700 affinity 75
level 1 thread 0x1493893f5700 affinity 76
level 1 thread 0x1493891f4700 affinity 77
level 1 thread 0x149388ff3700 affinity 78
level 1 thread 0x149388df2700 affinity 79
level 1 thread 0x149388bf1700 affinity 80
level 1 thread 0x1493889f0700 affinity 81
level 1 thread 0x1493887ef700 affinity 82
level 1 thread 0x1493885ee700 affinity 83
Task   60 :: 	grid coordinates :   4,   7
	neighbours: N   52    E   61    S   -2    W   59
level 1 thread 0x14efe4b0b7c0 affinity 84
level 1 thread 0x14efc690a700 affinity 85
level 1 thread 0x14efc6709700 affinity 86
level 1 thread 0x14efc6508700 affinity 87
level 1 thread 0x14efc6307700 affinity 88
level 1 thread 0x14efc6106700 affinity 89
level 1 thread 0x14efc5f05700 affinity 90
level 1 thread 0x14efc5d04700 affinity 91
level 1 thread 0x14efc5b03700 affinity 92
level 1 thread 0x14efc5902700 affinity 93
level 1 thread 0x14efc5701700 affinity 94
level 1 thread 0x14efc5500700 affinity 95
level 1 thread 0x14efc52ff700 affinity 96
level 1 thread 0x14efc50fe700 affinity 97
Task   52 :: 	grid coordinates :   4,   6
	neighbours: N   44    E   53    S   60    W   51
level 1 thread 0x14c4891257c0 affinity 42
level 1 thread 0x14c47c2b6700 affinity 43
level 1 thread 0x14c4757e0700 affinity 44
level 1 thread 0x14c4755df700 affinity 45
level 1 thread 0x14c4753de700 affinity 46
level 1 thread 0x14c4751dd700 affinity 47
level 1 thread 0x14c474fdc700 affinity 48
level 1 thread 0x14c474ddb700 affinity 49
level 1 thread 0x14c474bda700 affinity 50
level 1 thread 0x14c4749d9700 affinity 51
level 1 thread 0x14c4747d8700 affinity 52
level 1 thread 0x14c4745d7700 affinity 53
level 1 thread 0x14c4743d6700 affinity 54
level 1 thread 0x14c469497700 affinity 55
Task   36 :: 	grid coordinates :   4,   4
	neighbours: N   28    E   37    S   44    W   35
level 1 thread 0x1511e5a8c7c0 affinity 98
level 1 thread 0x1511d87fa700 affinity 99
level 1 thread 0x1511d85f9700 affinity 100
level 1 thread 0x1511d83f8700 affinity 101
level 1 thread 0x1511c7091700 affinity 102
level 1 thread 0x1511c6e90700 affinity 103
level 1 thread 0x1511c6c8f700 affinity 104
level 1 thread 0x1511c6a8e700 affinity 105
level 1 thread 0x1511c688d700 affinity 106
level 1 thread 0x1511c668c700 affinity 107
level 1 thread 0x1511c648b700 affinity 108
level 1 thread 0x1511c628a700 affinity 109
level 1 thread 0x1511c6089700 affinity 110
level 1 thread 0x1511c5e88700 affinity 111
Task   61 :: 	grid coordinates :   5,   7
	neighbours: N   53    E   62    S   -2    W   60
level 1 thread 0x14b5fe1367c0 affinity 98
level 1 thread 0x14b5f0eb2700 affinity 99
level 1 thread 0x14b5f0cb1700 affinity 100
level 1 thread 0x14b5f0ab0700 affinity 101
level 1 thread 0x14b5f08af700 affinity 102
level 1 thread 0x14b5f06ae700 affinity 103
level 1 thread 0x14b5f04ad700 affinity 104
level 1 thread 0x14b5f02ac700 affinity 105
level 1 thread 0x14b5df091700 affinity 106
level 1 thread 0x14b5dee90700 affinity 107
level 1 thread 0x14b5dec8f700 affinity 108
level 1 thread 0x14b5dea8e700 affinity 109
level 1 thread 0x14b5de88d700 affinity 110
level 1 thread 0x14b5de68c700 affinity 111
Task   53 :: 	grid coordinates :   5,   6
	neighbours: N   45    E   54    S   61    W   52
level 1 thread 0x14746012b7c0 affinity 28
level 1 thread 0x147441f2b700 affinity 29
level 1 thread 0x147441d2a700 affinity 30
level 1 thread 0x147441b29700 affinity 31
level 1 thread 0x147441928700 affinity 32
level 1 thread 0x147441727700 affinity 33
level 1 thread 0x147441526700 affinity 34
level 1 thread 0x147441325700 affinity 35
level 1 thread 0x147441124700 affinity 36
level 1 thread 0x147440f23700 affinity 37
level 1 thread 0x147440d22700 affinity 38
level 1 thread 0x147440b21700 affinity 39
level 1 thread 0x147440920700 affinity 40
level 1 thread 0x14744071f700 affinity 41
Task   37 :: 	grid coordinates :   5,   4
	neighbours: N   29    E   38    S   45    W   36
level 1 thread 0x1534dd3e77c0 affinity 0
level 1 thread 0x1534c9bf9700 affinity 1
level 1 thread 0x1534c99f8700 affinity 2
level 1 thread 0x1534c97f7700 affinity 3
level 1 thread 0x1534c95f6700 affinity 4
level 1 thread 0x1534c93f5700 affinity 5
level 1 thread 0x1534c91f4700 affinity 6
level 1 thread 0x1534c8ff3700 affinity 7
level 1 thread 0x1534c8df2700 affinity 8
level 1 thread 0x1534c8bf1700 affinity 9
level 1 thread 0x1534c89f0700 affinity 10
level 1 thread 0x1534c87ef700 affinity 11
level 1 thread 0x1534c85ee700 affinity 12
level 1 thread 0x1534c83ed700 affinity 13
Task   62 :: 	grid coordinates :   6,   7
	neighbours: N   54    E   63    S   -2    W   61
level 1 thread 0x14eee2c597c0 affinity 56
level 1 thread 0x14eed59c7700 affinity 57
level 1 thread 0x14eed57c6700 affinity 58
level 1 thread 0x14eed55c5700 affinity 59
level 1 thread 0x14eed53c4700 affinity 60
level 1 thread 0x14eed51c3700 affinity 61
level 1 thread 0x14eed4fc2700 affinity 62
level 1 thread 0x14eed4dc1700 affinity 63
level 1 thread 0x14eed4bc0700 affinity 64
level 1 thread 0x14eed49bf700 affinity 65
level 1 thread 0x14eed47be700 affinity 66
level 1 thread 0x14eed45bd700 affinity 67
level 1 thread 0x14eed43bc700 affinity 68
level 1 thread 0x14eec3091700 affinity 69
Task   54 :: 	grid coordinates :   6,   6
	neighbours: N   46    E   55    S   62    W   53
level 1 thread 0x14b822c5c7c0 affinity 84
level 1 thread 0x14b8159c7700 affinity 85
level 1 thread 0x14b8157c6700 affinity 86
level 1 thread 0x14b8155c5700 affinity 87
level 1 thread 0x14b8153c4700 affinity 88
level 1 thread 0x14b8151c3700 affinity 89
level 1 thread 0x14b814fc2700 affinity 90
level 1 thread 0x14b814dc1700 affinity 91
level 1 thread 0x14b814bc0700 affinity 92
level 1 thread 0x14b8149bf700 affinity 93
level 1 thread 0x14b8147be700 affinity 94
level 1 thread 0x14b8145bd700 affinity 95
level 1 thread 0x14b8143bc700 affinity 96
level 1 thread 0x14b803091700 affinity 97
Task   38 :: 	grid coordinates :   6,   4
	neighbours: N   30    E   39    S   46    W   37
level 1 thread 0x154170da47c0 affinity 28
level 1 thread 0x154152b9a700 affinity 29
level 1 thread 0x154152999700 affinity 30
level 1 thread 0x154152798700 affinity 31
level 1 thread 0x154152597700 affinity 32
level 1 thread 0x154152396700 affinity 33
level 1 thread 0x154152195700 affinity 34
level 1 thread 0x154151f94700 affinity 35
level 1 thread 0x154151d93700 affinity 36
level 1 thread 0x154151b92700 affinity 37
level 1 thread 0x154151991700 affinity 38
level 1 thread 0x154151790700 affinity 39
level 1 thread 0x15415158f700 affinity 40
level 1 thread 0x15415138e700 affinity 41
Task   63 :: 	grid coordinates :   7,   7
	neighbours: N   55    E   -2    S   -2    W   62
level 1 thread 0x15169d5ca7c0 affinity 70
level 1 thread 0x151690342700 affinity 71
level 1 thread 0x151689bf9700 affinity 72
level 1 thread 0x1516899f8700 affinity 73
level 1 thread 0x1516897f7700 affinity 74
level 1 thread 0x1516895f6700 affinity 75
level 1 thread 0x1516893f5700 affinity 76
level 1 thread 0x1516891f4700 affinity 77
level 1 thread 0x151688ff3700 affinity 78
level 1 thread 0x151688df2700 affinity 79
level 1 thread 0x151688bf1700 affinity 80
level 1 thread 0x1516889f0700 affinity 81
level 1 thread 0x1516887ef700 affinity 82
level 1 thread 0x1516885ee700 affinity 83
Task   55 :: 	grid coordinates :   7,   6
	neighbours: N   47    E   -2    S   63    W   54
level 1 thread 0x154ebe7f77c0 affinity 56
level 1 thread 0x154eb155d700 affinity 57
level 1 thread 0x154eb135c700 affinity 58
level 1 thread 0x154eb115b700 affinity 59
level 1 thread 0x154eb0f5a700 affinity 60
level 1 thread 0x154eb0d59700 affinity 61
level 1 thread 0x154eb0b58700 affinity 62
level 1 thread 0x154eb0957700 affinity 63
level 1 thread 0x154eb0756700 affinity 64
level 1 thread 0x154eb0555700 affinity 65
level 1 thread 0x154eb0354700 affinity 66
level 1 thread 0x154e9f091700 affinity 67
level 1 thread 0x154e9ee90700 affinity 68
level 1 thread 0x154e9ec8f700 affinity 69
Task   39 :: 	grid coordinates :   7,   4
	neighbours: N   31    E   -2    S   47    W   38
level 1 thread 0x147e339c67c0 affinity 56
level 1 thread 0x147e157d3700 affinity 57
level 1 thread 0x147e155d2700 affinity 58
level 1 thread 0x147e153d1700 affinity 59
level 1 thread 0x147e151d0700 affinity 60
level 1 thread 0x147e14fcf700 affinity 61
level 1 thread 0x147e14dce700 affinity 62
level 1 thread 0x147e14bcd700 affinity 63
level 1 thread 0x147e149cc700 affinity 64
level 1 thread 0x147e147cb700 affinity 65
level 1 thread 0x147e145ca700 affinity 66
level 1 thread 0x147e143c9700 affinity 67
level 1 thread 0x147e141c8700 affinity 68
level 1 thread 0x147e13fc7700 affinity 69
Task   25 :: 	grid coordinates :   1,   3
	neighbours: N   17    E   26    S   33    W   24
level 1 thread 0x154e6b7057c0 affinity 0
level 1 thread 0x154e4d497700 affinity 1
level 1 thread 0x154e4d296700 affinity 2
level 1 thread 0x154e4d095700 affinity 3
level 1 thread 0x154e4ce94700 affinity 4
level 1 thread 0x154e4cc93700 affinity 5
level 1 thread 0x154e4ca92700 affinity 6
level 1 thread 0x154e4c891700 affinity 7
level 1 thread 0x154e4c690700 affinity 8
level 1 thread 0x154e4c48f700 affinity 9
level 1 thread 0x154e4c28e700 affinity 10
level 1 thread 0x154e4c08d700 affinity 11
level 1 thread 0x154e4be8c700 affinity 12
level 1 thread 0x154e4bc8b700 affinity 13
Task   26 :: 	grid coordinates :   2,   3
	neighbours: N   18    E   27    S   34    W   25
level 1 thread 0x1551d89cc7c0 affinity 70
level 1 thread 0x1551ba7d9700 affinity 71
level 1 thread 0x1551ba5d8700 affinity 72
level 1 thread 0x1551ba3d7700 affinity 73
level 1 thread 0x1551ba1d6700 affinity 74
level 1 thread 0x1551b9fd5700 affinity 75
level 1 thread 0x1551b9dd4700 affinity 76
level 1 thread 0x1551b9bd3700 affinity 77
level 1 thread 0x1551b99d2700 affinity 78
level 1 thread 0x1551b97d1700 affinity 79
level 1 thread 0x1551b95d0700 affinity 80
level 1 thread 0x1551b93cf700 affinity 81
level 1 thread 0x1551b91ce700 affinity 82
level 1 thread 0x1551b8fcd700 affinity 83
Task   27 :: 	grid coordinates :   3,   3
	neighbours: N   19    E   28    S   35    W   26
level 1 thread 0x1549933f97c0 affinity 42
level 1 thread 0x15497507e700 affinity 43
level 1 thread 0x154974e7d700 affinity 44
level 1 thread 0x154974c7c700 affinity 45
level 1 thread 0x154974a7b700 affinity 46
level 1 thread 0x15497487a700 affinity 47
level 1 thread 0x154974679700 affinity 48
level 1 thread 0x154974478700 affinity 49
level 1 thread 0x154974277700 affinity 50
level 1 thread 0x154974076700 affinity 51
level 1 thread 0x154973e75700 affinity 52
level 1 thread 0x154973c74700 affinity 53
level 1 thread 0x154973a73700 affinity 54
level 1 thread 0x154973872700 affinity 55
Task   28 :: 	grid coordinates :   4,   3
	neighbours: N   20    E   29    S   36    W   27
level 1 thread 0x145c314ea7c0 affinity 14
level 1 thread 0x145c24265700 affinity 15
level 1 thread 0x145c1dbf9700 affinity 16
level 1 thread 0x145c1d9f8700 affinity 17
level 1 thread 0x145c1d7f7700 affinity 18
level 1 thread 0x145c1d5f6700 affinity 19
level 1 thread 0x145c1d3f5700 affinity 20
level 1 thread 0x145c1d1f4700 affinity 21
level 1 thread 0x145c1cff3700 affinity 22
level 1 thread 0x145c1cdf2700 affinity 23
level 1 thread 0x145c1cbf1700 affinity 24
level 1 thread 0x145c1c9f0700 affinity 25
level 1 thread 0x145c1c7ef700 affinity 26
level 1 thread 0x145c1c5ee700 affinity 27
Task   17 :: 	grid coordinates :   1,   2
	neighbours: N    9    E   18    S   25    W   16
level 1 thread 0x14e10fca37c0 affinity 98
level 1 thread 0x14e0f1ab0700 affinity 99
level 1 thread 0x14e0f18af700 affinity 100
level 1 thread 0x14e0f16ae700 affinity 101
level 1 thread 0x14e0f14ad700 affinity 102
level 1 thread 0x14e0f12ac700 affinity 103
level 1 thread 0x14e0f10ab700 affinity 104
level 1 thread 0x14e0f0eaa700 affinity 105
level 1 thread 0x14e0f0ca9700 affinity 106
level 1 thread 0x14e0f0aa8700 affinity 107
level 1 thread 0x14e0f08a7700 affinity 108
level 1 thread 0x14e0f06a6700 affinity 109
level 1 thread 0x14e0f04a5700 affinity 110
level 1 thread 0x14e0f02a4700 affinity 111
Task   29 :: 	grid coordinates :   5,   3
	neighbours: N   21    E   30    S   37    W   28
level 1 thread 0x1500a8a497c0 affinity 28
level 1 thread 0x15008a846700 affinity 29
level 1 thread 0x15008a645700 affinity 30
level 1 thread 0x15008a444700 affinity 31
level 1 thread 0x15008a243700 affinity 32
level 1 thread 0x15008a042700 affinity 33
level 1 thread 0x150089e41700 affinity 34
level 1 thread 0x150089c40700 affinity 35
level 1 thread 0x150089a3f700 affinity 36
level 1 thread 0x15008983e700 affinity 37
level 1 thread 0x15008963d700 affinity 38
level 1 thread 0x15008943c700 affinity 39
level 1 thread 0x15008923b700 affinity 40
level 1 thread 0x15008903a700 affinity 41
Task   18 :: 	grid coordinates :   2,   2
	neighbours: N   10    E   19    S   26    W   17
level 1 thread 0x145bc711a7c0 affinity 42
level 1 thread 0x145ba8f1b700 affinity 43
level 1 thread 0x145ba8d1a700 affinity 44
level 1 thread 0x145ba8b19700 affinity 45
level 1 thread 0x145ba8918700 affinity 46
level 1 thread 0x145ba8717700 affinity 47
level 1 thread 0x145ba8516700 affinity 48
level 1 thread 0x145ba8315700 affinity 49
level 1 thread 0x145ba8114700 affinity 50
level 1 thread 0x145ba7f13700 affinity 51
level 1 thread 0x145ba7d12700 affinity 52
level 1 thread 0x145ba7b11700 affinity 53
level 1 thread 0x145ba7910700 affinity 54
level 1 thread 0x145ba770f700 affinity 55
Task   30 :: 	grid coordinates :   6,   3
	neighbours: N   22    E   31    S   38    W   29
level 1 thread 0x14bf1b7407c0 affinity 14
level 1 thread 0x14befd542700 affinity 15
level 1 thread 0x14befd341700 affinity 16
level 1 thread 0x14befd140700 affinity 17
level 1 thread 0x14befcf3f700 affinity 18
level 1 thread 0x14befcd3e700 affinity 19
level 1 thread 0x14befcb3d700 affinity 20
level 1 thread 0x14befc93c700 affinity 21
level 1 thread 0x14befc73b700 affinity 22
level 1 thread 0x14befc53a700 affinity 23
level 1 thread 0x14befc339700 affinity 24
level 1 thread 0x14befc138700 affinity 25
level 1 thread 0x14befbf37700 affinity 26
level 1 thread 0x14befbd36700 affinity 27
Task   19 :: 	grid coordinates :   3,   2
	neighbours: N   11    E   20    S   27    W   18
level 1 thread 0x150832f847c0 affinity 28
level 1 thread 0x150814d6d700 affinity 29
level 1 thread 0x150814b6c700 affinity 30
level 1 thread 0x15081496b700 affinity 31
level 1 thread 0x15081476a700 affinity 32
level 1 thread 0x150814569700 affinity 33
level 1 thread 0x150814368700 affinity 34
level 1 thread 0x150814167700 affinity 35
level 1 thread 0x150813f66700 affinity 36
level 1 thread 0x150813d65700 affinity 37
level 1 thread 0x150813b64700 affinity 38
level 1 thread 0x150813963700 affinity 39
level 1 thread 0x150813762700 affinity 40
level 1 thread 0x150813561700 affinity 41
Task   31 :: 	grid coordinates :   7,   3
	neighbours: N   23    E   -2    S   39    W   30
level 1 thread 0x14e2487837c0 affinity 42
level 1 thread 0x14e22a591700 affinity 43
level 1 thread 0x14e22a390700 affinity 44
level 1 thread 0x14e22a18f700 affinity 45
level 1 thread 0x14e229f8e700 affinity 46
level 1 thread 0x14e229d8d700 affinity 47
level 1 thread 0x14e229b8c700 affinity 48
level 1 thread 0x14e22998b700 affinity 49
level 1 thread 0x14e22978a700 affinity 50
level 1 thread 0x14e229589700 affinity 51
level 1 thread 0x14e229388700 affinity 52
level 1 thread 0x14e229187700 affinity 53
level 1 thread 0x14e228f86700 affinity 54
level 1 thread 0x14e228d85700 affinity 55
Task   20 :: 	grid coordinates :   4,   2
	neighbours: N   12    E   21    S   28    W   19
level 1 thread 0x152dd35d27c0 affinity 98
level 1 thread 0x152db53b9700 affinity 99
level 1 thread 0x152db51b8700 affinity 100
level 1 thread 0x152db4fb7700 affinity 101
level 1 thread 0x152db4db6700 affinity 102
level 1 thread 0x152db4bb5700 affinity 103
level 1 thread 0x152db49b4700 affinity 104
level 1 thread 0x152db47b3700 affinity 105
level 1 thread 0x152db45b2700 affinity 106
level 1 thread 0x152db43b1700 affinity 107
level 1 thread 0x152db41b0700 affinity 108
level 1 thread 0x152db3faf700 affinity 109
level 1 thread 0x152db3dae700 affinity 110
level 1 thread 0x152db3bad700 affinity 111
Task   21 :: 	grid coordinates :   5,   2
	neighbours: N   13    E   22    S   29    W   20
level 1 thread 0x14a14f0687c0 affinity 28
level 1 thread 0x14a130e74700 affinity 29
level 1 thread 0x14a130c73700 affinity 30
level 1 thread 0x14a130a72700 affinity 31
level 1 thread 0x14a130871700 affinity 32
level 1 thread 0x14a130670700 affinity 33
level 1 thread 0x14a13046f700 affinity 34
level 1 thread 0x14a13026e700 affinity 35
level 1 thread 0x14a13006d700 affinity 36
level 1 thread 0x14a12fe6c700 affinity 37
level 1 thread 0x14a12fc6b700 affinity 38
level 1 thread 0x14a12fa6a700 affinity 39
level 1 thread 0x14a12f869700 affinity 40
level 1 thread 0x14a12f668700 affinity 41
Task   22 :: 	grid coordinates :   6,   2
	neighbours: N   14    E   23    S   30    W   21
level 1 thread 0x14cf7bfb17c0 affinity 0
level 1 thread 0x14cf5ddbf700 affinity 1
level 1 thread 0x14cf5dbbe700 affinity 2
level 1 thread 0x14cf5d9bd700 affinity 3
level 1 thread 0x14cf5d7bc700 affinity 4
level 1 thread 0x14cf5d5bb700 affinity 5
level 1 thread 0x14cf5d3ba700 affinity 6
level 1 thread 0x14cf5d1b9700 affinity 7
level 1 thread 0x14cf5cfb8700 affinity 8
level 1 thread 0x14cf5cdb7700 affinity 9
level 1 thread 0x14cf5cbb6700 affinity 10
level 1 thread 0x14cf5c9b5700 affinity 11
level 1 thread 0x14cf5c7b4700 affinity 12
level 1 thread 0x14cf5c5b3700 affinity 13
Task   41 :: 	grid coordinates :   1,   5
	neighbours: N   33    E   42    S   49    W   40
level 1 thread 0x14f6b0a947c0 affinity 56
level 1 thread 0x14f6928a3700 affinity 57
level 1 thread 0x14f6926a2700 affinity 58
level 1 thread 0x14f6924a1700 affinity 59
level 1 thread 0x14f6922a0700 affinity 60
level 1 thread 0x14f69209f700 affinity 61
level 1 thread 0x14f691e9e700 affinity 62
level 1 thread 0x14f691c9d700 affinity 63
level 1 thread 0x14f691a9c700 affinity 64
level 1 thread 0x14f69189b700 affinity 65
level 1 thread 0x14f69169a700 affinity 66
level 1 thread 0x14f691499700 affinity 67
level 1 thread 0x14f691298700 affinity 68
level 1 thread 0x14f691097700 affinity 69
Task   23 :: 	grid coordinates :   7,   2
	neighbours: N   15    E   -2    S   31    W   22
level 1 thread 0x1517f1d3a7c0 affinity 84
level 1 thread 0x1517e4ab5700 affinity 85
level 1 thread 0x1517e48b4700 affinity 86
level 1 thread 0x1517e46b3700 affinity 87
level 1 thread 0x1517e44b2700 affinity 88
level 1 thread 0x1517e42b1700 affinity 89
level 1 thread 0x1517d3091700 affinity 90
level 1 thread 0x1517d2e90700 affinity 91
Task   42 :: 	grid coordinates :   2,   5
	neighbours: N   34    E   43    S   50    W   41
level 1 thread 0x14833a1017c0 affinity 14
level 1 thread 0x14832ce73700 affinity 15
level 1 thread 0x14832cc72700 affinity 16
level 1 thread 0x14832ca71700 affinity 17
level 1 thread 0x14832c870700 affinity 18
level 1 thread 0x14832c66f700 affinity 19
level 1 thread 0x14832c46e700 affinity 20
level 1 thread 0x14832c26d700 affinity 21
level 1 thread 0x14831b091700 affinity 22
level 1 thread 0x14831ae90700 affinity 23
level 1 thread 0x14831ac8f700 affinity 24
level 1 thread 0x14831aa8e700 affinity 25
level 1 thread 0x14831a88d700 affinity 26
level 1 thread 0x14831a68c700 affinity 27
Task   43 :: 	grid coordinates :   3,   5
	neighbours: N   35    E   44    S   51    W   42
level 1 thread 0x1513518a17c0 affinity 56
level 1 thread 0x15134461b700 affinity 57
level 1 thread 0x15134441a700 affinity 58
level 1 thread 0x151344219700 affinity 59
level 1 thread 0x151333091700 affinity 60
level 1 thread 0x151332e90700 affinity 61
level 1 thread 0x151332c8f700 affinity 62
level 1 thread 0x151332a8e700 affinity 63
level 1 thread 0x15133288d700 affinity 64
level 1 thread 0x15133268c700 affinity 65
level 1 thread 0x15133248b700 affinity 66
level 1 thread 0x15133228a700 affinity 67
level 1 thread 0x151332089700 affinity 68
level 1 thread 0x151331e88700 affinity 69
Task   44 :: 	grid coordinates :   4,   5
	neighbours: N   36    E   45    S   52    W   43
level 1 thread 0x14bfa16b37c0 affinity 84
level 1 thread 0x14bf9441c700 affinity 85
level 1 thread 0x14bf9421b700 affinity 86
level 1 thread 0x14bf8dbf9700 affinity 87
level 1 thread 0x14bf8d9f8700 affinity 88
level 1 thread 0x14bf8d7f7700 affinity 89
level 1 thread 0x14bf8d5f6700 affinity 90
level 1 thread 0x14bf8d3f5700 affinity 91
level 1 thread 0x14bf8d1f4700 affinity 92
level 1 thread 0x14bf8cff3700 affinity 93
level 1 thread 0x14bf8cdf2700 affinity 94
level 1 thread 0x14bf8cbf1700 affinity 95
level 1 thread 0x14bf8c9f0700 affinity 96
level 1 thread 0x14bf8c7ef700 affinity 97
Task   45 :: 	grid coordinates :   5,   5
	neighbours: N   37    E   46    S   53    W   44
level 1 thread 0x148a646407c0 affinity 70
level 1 thread 0x148a4644a700 affinity 71
level 1 thread 0x148a46249700 affinity 72
level 1 thread 0x148a46048700 affinity 73
level 1 thread 0x148a45e47700 affinity 74
level 1 thread 0x148a45c46700 affinity 75
level 1 thread 0x148a45a45700 affinity 76
level 1 thread 0x148a45844700 affinity 77
level 1 thread 0x148a45643700 affinity 78
level 1 thread 0x148a45442700 affinity 79
level 1 thread 0x148a45241700 affinity 80
level 1 thread 0x148a45040700 affinity 81
level 1 thread 0x148a44e3f700 affinity 82
level 1 thread 0x148a44c3e700 affinity 83
Task   46 :: 	grid coordinates :   6,   5
	neighbours: N   38    E   47    S   54    W   45
level 1 thread 0x151997c837c0 affinity 42
level 1 thread 0x151979a91700 affinity 43
level 1 thread 0x151979890700 affinity 44
level 1 thread 0x15197968f700 affinity 45
level 1 thread 0x15197948e700 affinity 46
level 1 thread 0x15197928d700 affinity 47
level 1 thread 0x15197908c700 affinity 48
level 1 thread 0x151978e8b700 affinity 49
level 1 thread 0x151978c8a700 affinity 50
level 1 thread 0x151978a89700 affinity 51
level 1 thread 0x151978888700 affinity 52
level 1 thread 0x151978687700 affinity 53
level 1 thread 0x151978486700 affinity 54
level 1 thread 0x151978285700 affinity 55
Task   47 :: 	grid coordinates :   7,   5
	neighbours: N   39    E   -2    S   55    W   46
level 1 thread 0x1517d2c8f700 affinity 92
level 1 thread 0x1517d2a8e700 affinity 93
level 1 thread 0x1517d288d700 affinity 94
level 1 thread 0x1517d268c700 affinity 95
level 1 thread 0x1517d248b700 affinity 96
level 1 thread 0x1517d228a700 affinity 97
level 1 thread 0x149df26467c0 affinity 98
level 1 thread 0x149de53c1700 affinity 99
level 1 thread 0x149de51c0700 affinity 100
level 1 thread 0x149de4fbf700 affinity 101
level 1 thread 0x149de4dbe700 affinity 102
level 1 thread 0x149de4bbd700 affinity 103
level 1 thread 0x149de49bc700 affinity 104
level 1 thread 0x149de47bb700 affinity 105
level 1 thread 0x149de45ba700 affinity 106
level 1 thread 0x149de43b9700 affinity 107
level 1 thread 0x149dd3091700 affinity 108
level 1 thread 0x149dd2e90700 affinity 109
level 1 thread 0x149dd2c8f700 affinity 110
level 1 thread 0x149dd2a8e700 affinity 111
level 1 thread 0x147106c1b7c0 affinity 42
level 1 thread 0x1470f9985700 affinity 43
level 1 thread 0x1470f9784700 affinity 44
level 1 thread 0x1470f9583700 affinity 45
level 1 thread 0x1470f9382700 affinity 46
level 1 thread 0x1470f9181700 affinity 47
level 1 thread 0x1470f8f80700 affinity 48
level 1 thread 0x1470f8d7f700 affinity 49
level 1 thread 0x1470f8b7e700 affinity 50
level 1 thread 0x1470f897d700 affinity 51
level 1 thread 0x1470f877c700 affinity 52
level 1 thread 0x1470f857b700 affinity 53
level 1 thread 0x1470f837a700 affinity 54
level 1 thread 0x1470e7091700 affinity 55
level 1 thread 0x147e9d16d7c0 affinity 0
level 1 thread 0x147e89ad9700 affinity 1
level 1 thread 0x147e898d8700 affinity 2
level 1 thread 0x147e896d7700 affinity 3
level 1 thread 0x147e894d6700 affinity 4
level 1 thread 0x147e892d5700 affinity 5
level 1 thread 0x147e890d4700 affinity 6
level 1 thread 0x147e88ed3700 affinity 7
level 1 thread 0x147e88cd2700 affinity 8
level 1 thread 0x147e88ad1700 affinity 9
level 1 thread 0x14b9d1f7c7c0 affinity 0
level 1 thread 0x14b9c4cef700 affinity 1
level 1 thread 0x14b9c4aee700 affinity 2
level 1 thread 0x14b9c48ed700 affinity 3
level 1 thread 0x14b9c46ec700 affinity 4
level 1 thread 0x14b9c44eb700 affinity 5
level 1 thread 0x14b9c42ea700 affinity 6
level 1 thread 0x14b9b3091700 affinity 7
level 1 thread 0x14b9b2e90700 affinity 8
level 1 thread 0x14b9b2c8f700 affinity 9
level 1 thread 0x14b9b2a8e700 affinity 10
level 1 thread 0x14b9b288d700 affinity 11
level 1 thread 0x14b9b268c700 affinity 12
level 1 thread 0x14b9b248b700 affinity 13
level 1 thread 0x14b8d75b67c0 affinity 70
level 1 thread 0x14b8b93b9700 affinity 71
level 1 thread 0x14b8b91b8700 affinity 72
level 1 thread 0x14b8b8fb7700 affinity 73
level 1 thread 0x14b8b8db6700 affinity 74
level 1 thread 0x14b8b8bb5700 affinity 75
level 1 thread 0x14b8b89b4700 affinity 76
level 1 thread 0x14b8b87b3700 affinity 77
level 1 thread 0x14b8b85b2700 affinity 78
level 1 thread 0x14b8b83b1700 affinity 79
level 1 thread 0x14b8b81b0700 affinity 80
level 1 thread 0x14b8b7faf700 affinity 81
level 1 thread 0x14b8b7dae700 affinity 82
level 1 thread 0x14b8b7bad700 affinity 83
level 1 thread 0x15494eb787c0 affinity 56
level 1 thread 0x1549418de700 affinity 57
level 1 thread 0x1549416dd700 affinity 58
level 1 thread 0x1549414dc700 affinity 59
level 1 thread 0x1549412db700 affinity 60
level 1 thread 0x1549410da700 affinity 61
level 1 thread 0x154940ed9700 affinity 62
level 1 thread 0x154940cd8700 affinity 63
level 1 thread 0x154940ad7700 affinity 64
level 1 thread 0x1549408d6700 affinity 65
level 1 thread 0x1549406d5700 affinity 66
level 1 thread 0x1549404d4700 affinity 67
level 1 thread 0x1549402d3700 affinity 68
level 1 thread 0x15492f091700 affinity 69
level 1 thread 0x147e888d0700 affinity 10
level 1 thread 0x147e886cf700 affinity 11
level 1 thread 0x147e884ce700 affinity 12
level 1 thread 0x147e882cd700 affinity 13
level 1 thread 0x1519ce8337c0 affinity 84
level 1 thread 0x1519c15a7700 affinity 85
level 1 thread 0x1519c13a6700 affinity 86
level 1 thread 0x1519c11a5700 affinity 87
level 1 thread 0x1519c0fa4700 affinity 88
level 1 thread 0x1519c0da3700 affinity 89
level 1 thread 0x1519c0ba2700 affinity 90
level 1 thread 0x1519c09a1700 affinity 91
level 1 thread 0x1519c07a0700 affinity 92
level 1 thread 0x1519c059f700 affinity 93
level 1 thread 0x1519c039e700 affinity 94
level 1 thread 0x1519af091700 affinity 95
level 1 thread 0x1519aee90700 affinity 96
level 1 thread 0x1519aec8f700 affinity 97
level 1 thread 0x14d63cc517c0 affinity 14
level 1 thread 0x14d61ea51700 affinity 15
level 1 thread 0x14d61e850700 affinity 16
level 1 thread 0x14d61e64f700 affinity 17
level 1 thread 0x14d61e44e700 affinity 18
level 1 thread 0x14d61e24d700 affinity 19
level 1 thread 0x14d61e04c700 affinity 20
level 1 thread 0x14d61de4b700 affinity 21
level 1 thread 0x14d61dc4a700 affinity 22
level 1 thread 0x14d61da49700 affinity 23
level 1 thread 0x14d61d848700 affinity 24
level 1 thread 0x14d61d647700 affinity 25
level 1 thread 0x14d61d446700 affinity 26
level 1 thread 0x14d61d245700 affinity 27
level 1 thread 0x152cbe7047c0 affinity 28
level 1 thread 0x152cb1480700 affinity 29
level 1 thread 0x152cb127f700 affinity 30
level 1 thread 0x152cb107e700 affinity 31
level 1 thread 0x152cb0e7d700 affinity 32
level 1 thread 0x152cb0c7c700 affinity 33
level 1 thread 0x152cb0a7b700 affinity 34
level 1 thread 0x152cb087a700 affinity 35
level 1 thread 0x152cb0679700 affinity 36
level 1 thread 0x152cb0478700 affinity 37
level 1 thread 0x152cb0277700 affinity 38
level 1 thread 0x152c9f091700 affinity 39
level 1 thread 0x152c9ee90700 affinity 40
level 1 thread 0x152c9ec8f700 affinity 41
level 1 thread 0x146b27e597c0 affinity 70
level 1 thread 0x146b09c4e700 affinity 71
level 1 thread 0x146b09a4d700 affinity 72
level 1 thread 0x146b0984c700 affinity 73
level 1 thread 0x146b0964b700 affinity 74
level 1 thread 0x146b0944a700 affinity 75
level 1 thread 0x146b09249700 affinity 76
level 1 thread 0x146b09048700 affinity 77
level 1 thread 0x146b08e47700 affinity 78
level 1 thread 0x146b08c46700 affinity 79
level 1 thread 0x146b08a45700 affinity 80
level 1 thread 0x146b08844700 affinity 81
level 1 thread 0x146b08643700 affinity 82
level 1 thread 0x146b08442700 affinity 83
level 1 thread 0x14e2ab6ca7c0 affinity 98
level 1 thread 0x14e28d497700 affinity 99
level 1 thread 0x14e28d296700 affinity 100
level 1 thread 0x14e28d095700 affinity 101
level 1 thread 0x14e28ce94700 affinity 102
level 1 thread 0x14e28cc93700 affinity 103
level 1 thread 0x14e28ca92700 affinity 104
level 1 thread 0x14e28c891700 affinity 105
level 1 thread 0x14e28c690700 affinity 106
level 1 thread 0x14e28c48f700 affinity 107
level 1 thread 0x14e28c28e700 affinity 108
level 1 thread 0x14e28c08d700 affinity 109
level 1 thread 0x14e28be8c700 affinity 110
level 1 thread 0x14e28bc8b700 affinity 111
Task    9 :: 	grid coordinates :   1,   1
	neighbours: N    1    E   10    S   17    W    8
Task   10 :: 	grid coordinates :   2,   1
	neighbours: N    2    E   11    S   18    W    9
Task   11 :: 	grid coordinates :   3,   1
	neighbours: N    3    E   12    S   19    W   10
Task   12 :: 	grid coordinates :   4,   1
	neighbours: N    4    E   13    S   20    W   11
Task   13 :: 	grid coordinates :   5,   1
	neighbours: N    5    E   14    S   21    W   12
Task   14 :: 	grid coordinates :   6,   1
	neighbours: N    6    E   15    S   22    W   13
Task   15 :: 	grid coordinates :   7,   1
	neighbours: N    7    E   -2    S   23    W   14
level 1 thread 0x14adb55c77c0 affinity 28
level 1 thread 0x14ada8342700 affinity 29
level 1 thread 0x14ada1bf9700 affinity 30
level 1 thread 0x14ada19f8700 affinity 31
level 1 thread 0x14ada17f7700 affinity 32
level 1 thread 0x14ada15f6700 affinity 33
level 1 thread 0x14ada13f5700 affinity 34
level 1 thread 0x14ada11f4700 affinity 35
level 1 thread 0x14ada0ff3700 affinity 36
level 1 thread 0x14ada0df2700 affinity 37
level 1 thread 0x14ada0bf1700 affinity 38
level 1 thread 0x14ada09f0700 affinity 39
level 1 thread 0x14ada07ef700 affinity 40
level 1 thread 0x14ada05ee700 affinity 41
level 1 thread 0x14c1115ad7c0 affinity 42
level 1 thread 0x14c10431d700 affinity 43
level 1 thread 0x14c0fdbf9700 affinity 44
level 1 thread 0x14c0fd9f8700 affinity 45
level 1 thread 0x14c0fd7f7700 affinity 46
level 1 thread 0x14c0fd5f6700 affinity 47
level 1 thread 0x14c0fd3f5700 affinity 48
level 1 thread 0x14c0fd1f4700 affinity 49
level 1 thread 0x14c0fcff3700 affinity 50
level 1 thread 0x14c0fcdf2700 affinity 51
level 1 thread 0x14c0fcbf1700 affinity 52
level 1 thread 0x14c0fc9f0700 affinity 53
level 1 thread 0x14c0fc7ef700 affinity 54
level 1 thread 0x14c0fc5ee700 affinity 55
level 1 thread 0x14d2ffeb87c0 affinity 0
level 1 thread 0x14d2e1cc6700 affinity 1
level 1 thread 0x14d2e1ac5700 affinity 2
level 1 thread 0x14d2e18c4700 affinity 3
level 1 thread 0x14d2e16c3700 affinity 4
level 1 thread 0x14d2e14c2700 affinity 5
level 1 thread 0x14d2e12c1700 affinity 6
level 1 thread 0x14d2e10c0700 affinity 7
level 1 thread 0x14d2e0ebf700 affinity 8
level 1 thread 0x14d2e0cbe700 affinity 9
level 1 thread 0x14d2e0abd700 affinity 10
level 1 thread 0x14d2e08bc700 affinity 11
level 1 thread 0x14d2e06bb700 affinity 12
level 1 thread 0x14d2e04ba700 affinity 13
level 1 thread 0x14fbd7d587c0 affinity 14
level 1 thread 0x14fbb9b4c700 affinity 15
level 1 thread 0x14fbb994b700 affinity 16
level 1 thread 0x14fbb974a700 affinity 17
level 1 thread 0x14fbb9549700 affinity 18
level 1 thread 0x14fbb9348700 affinity 19
level 1 thread 0x14fbb9147700 affinity 20
level 1 thread 0x14fbb8f46700 affinity 21
level 1 thread 0x14fbb8d45700 affinity 22
level 1 thread 0x14fbb8b44700 affinity 23
level 1 thread 0x14fbb8943700 affinity 24
level 1 thread 0x14fbb8742700 affinity 25
level 1 thread 0x14fbb8541700 affinity 26
level 1 thread 0x14fbb8340700 affinity 27
level 1 thread 0x151ce9a397c0 affinity 56
level 1 thread 0x151cdc7ad700 affinity 57
level 1 thread 0x151cdc5ac700 affinity 58
level 1 thread 0x151cdc3ab700 affinity 59
level 1 thread 0x151ccb091700 affinity 60
level 1 thread 0x151ccae90700 affinity 61
level 1 thread 0x151ccac8f700 affinity 62
level 1 thread 0x151ccaa8e700 affinity 63
level 1 thread 0x151cca88d700 affinity 64
level 1 thread 0x151cca68c700 affinity 65
level 1 thread 0x151cca48b700 affinity 66
level 1 thread 0x151cca28a700 affinity 67
level 1 thread 0x151cca089700 affinity 68
level 1 thread 0x151cc9e88700 affinity 69
level 1 thread 0x150e6ac5c7c0 affinity 70
level 1 thread 0x150e5d9c7700 affinity 71
level 1 thread 0x150e5d7c6700 affinity 72
level 1 thread 0x150e5d5c5700 affinity 73
level 1 thread 0x150e5d3c4700 affinity 74
level 1 thread 0x150e5d1c3700 affinity 75
level 1 thread 0x150e5cfc2700 affinity 76
level 1 thread 0x150e5cdc1700 affinity 77
level 1 thread 0x150e5cbc0700 affinity 78
level 1 thread 0x150e5c9bf700 affinity 79
level 1 thread 0x150e5c7be700 affinity 80
level 1 thread 0x150e5c5bd700 affinity 81
level 1 thread 0x150e5c3bc700 affinity 82
level 1 thread 0x150e4b091700 affinity 83
level 1 thread 0x1536a74177c0 affinity 84
level 1 thread 0x15368907e700 affinity 85
level 1 thread 0x153688e7d700 affinity 86
level 1 thread 0x153688c7c700 affinity 87
level 1 thread 0x153688a7b700 affinity 88
level 1 thread 0x15368887a700 affinity 89
level 1 thread 0x153688679700 affinity 90
level 1 thread 0x153688478700 affinity 91
level 1 thread 0x153688277700 affinity 92
level 1 thread 0x153688076700 affinity 93
level 1 thread 0x153687e75700 affinity 94
level 1 thread 0x153687c74700 affinity 95
level 1 thread 0x153687a73700 affinity 96
level 1 thread 0x153687872700 affinity 97
level 1 thread 0x14e0855477c0 affinity 98
level 1 thread 0x14e0782c2700 affinity 99
level 1 thread 0x14e071bf9700 affinity 100
level 1 thread 0x14e0719f8700 affinity 101
level 1 thread 0x14e0717f7700 affinity 102
level 1 thread 0x14e0715f6700 affinity 103
level 1 thread 0x14e0713f5700 affinity 104
level 1 thread 0x14e0711f4700 affinity 105
level 1 thread 0x14e070ff3700 affinity 106
level 1 thread 0x14e070df2700 affinity 107
level 1 thread 0x14e070bf1700 affinity 108
level 1 thread 0x14e0709f0700 affinity 109
level 1 thread 0x14e0707ef700 affinity 110
level 1 thread 0x14e0705ee700 affinity 111
Task    0 :: 	grid coordinates :   0,   0
	neighbours: N   -2    E    1    S    8    W   -2
Task    1 :: 	grid coordinates :   1,   0
	neighbours: N   -2    E    2    S    9    W    0
Task    2 :: 	grid coordinates :   2,   0
	neighbours: N   -2    E    3    S   10    W    1
Task    3 :: 	grid coordinates :   3,   0
	neighbours: N   -2    E    4    S   11    W    2
Task    4 :: 	grid coordinates :   4,   0
	neighbours: N   -2    E    5    S   12    W    3
Task    5 :: 	grid coordinates :   5,   0
	neighbours: N   -2    E    6    S   13    W    4
Task    6 :: 	grid coordinates :   6,   0
	neighbours: N   -2    E    7    S   14    W    5
Task    7 :: 	grid coordinates :   7,   0
	neighbours: N   -2    E   -2    S   15    W    6
level 1 thread 0x1543344807c0 affinity 56
level 1 thread 0x154316280700 affinity 57
level 1 thread 0x15431607f700 affinity 58
level 1 thread 0x154315e7e700 affinity 59
level 1 thread 0x154315c7d700 affinity 60
level 1 thread 0x154315a7c700 affinity 61
level 1 thread 0x15431587b700 affinity 62
level 1 thread 0x15431567a700 affinity 63
level 1 thread 0x154315479700 affinity 64
level 1 thread 0x154315278700 affinity 65
level 1 thread 0x154315077700 affinity 66
level 1 thread 0x154314e76700 affinity 67
level 1 thread 0x154314c75700 affinity 68
level 1 thread 0x154314a74700 affinity 69
level 1 thread 0x152ff60847c0 affinity 98
level 1 thread 0x152fe8df3700 affinity 99
level 1 thread 0x152fe8bf2700 affinity 100
level 1 thread 0x152fe89f1700 affinity 101
level 1 thread 0x152fe87f0700 affinity 102
level 1 thread 0x152fe85ef700 affinity 103
level 1 thread 0x152fe83ee700 affinity 104
level 1 thread 0x152fd7091700 affinity 105
level 1 thread 0x152fd6e90700 affinity 106
level 1 thread 0x152fd6c8f700 affinity 107
level 1 thread 0x152fd6a8e700 affinity 108
level 1 thread 0x152fd688d700 affinity 109
level 1 thread 0x152fd668c700 affinity 110
level 1 thread 0x152fd648b700 affinity 111
level 1 thread 0x15087fdda7c0 affinity 0
level 1 thread 0x150861bce700 affinity 1
level 1 thread 0x1508619cd700 affinity 2
level 1 thread 0x1508617cc700 affinity 3
level 1 thread 0x1508615cb700 affinity 4
level 1 thread 0x1508613ca700 affinity 5
level 1 thread 0x1508611c9700 affinity 6
level 1 thread 0x150860fc8700 affinity 7
level 1 thread 0x150860dc7700 affinity 8
level 1 thread 0x150860bc6700 affinity 9
level 1 thread 0x1508609c5700 affinity 10
level 1 thread 0x1508607c4700 affinity 11
level 1 thread 0x1508605c3700 affinity 12
level 1 thread 0x1508603c2700 affinity 13
level 1 thread 0x152573a977c0 affinity 14
level 1 thread 0x15255589a700 affinity 15
level 1 thread 0x152555699700 affinity 16
level 1 thread 0x152555498700 affinity 17
level 1 thread 0x152555297700 affinity 18
level 1 thread 0x152555096700 affinity 19
level 1 thread 0x152554e95700 affinity 20
level 1 thread 0x152554c94700 affinity 21
level 1 thread 0x152554a93700 affinity 22
level 1 thread 0x152554892700 affinity 23
level 1 thread 0x152554691700 affinity 24
level 1 thread 0x152554490700 affinity 25
level 1 thread 0x15255428f700 affinity 26
level 1 thread 0x15255408e700 affinity 27
level 1 thread 0x153b31d197c0 affinity 28
level 1 thread 0x153b24a96700 affinity 29
level 1 thread 0x153b24895700 affinity 30
level 1 thread 0x153b24694700 affinity 31
level 1 thread 0x153b24493700 affinity 32
level 1 thread 0x153b24292700 affinity 33
level 1 thread 0x153b13091700 affinity 34
level 1 thread 0x153b12e90700 affinity 35
level 1 thread 0x153b12c8f700 affinity 36
level 1 thread 0x153b12a8e700 affinity 37
level 1 thread 0x153b1288d700 affinity 38
level 1 thread 0x153b1268c700 affinity 39
level 1 thread 0x153b1248b700 affinity 40
level 1 thread 0x153b1228a700 affinity 41
level 1 thread 0x1505edc7f7c0 affinity 42
level 1 thread 0x1505e09f8700 affinity 43
level 1 thread 0x1505e07f7700 affinity 44
level 1 thread 0x1505e05f6700 affinity 45
level 1 thread 0x1505e03f5700 affinity 46
level 1 thread 0x1505cf091700 affinity 47
level 1 thread 0x1505cee90700 affinity 48
level 1 thread 0x1505cec8f700 affinity 49
level 1 thread 0x1505cea8e700 affinity 50
level 1 thread 0x1505ce88d700 affinity 51
level 1 thread 0x1505ce68c700 affinity 52
level 1 thread 0x1505ce48b700 affinity 53
level 1 thread 0x1505ce28a700 affinity 54
level 1 thread 0x1505ce089700 affinity 55
level 1 thread 0x1492cf4f87c0 affinity 70
level 1 thread 0x1492c0285700 affinity 71
level 1 thread 0x1492b107e700 affinity 72
level 1 thread 0x1492b0e7d700 affinity 73
level 1 thread 0x1492b0c7c700 affinity 74
level 1 thread 0x1492b0a7b700 affinity 75
level 1 thread 0x1492b087a700 affinity 76
level 1 thread 0x1492b0679700 affinity 77
level 1 thread 0x1492b0478700 affinity 78
level 1 thread 0x1492b0277700 affinity 79
level 1 thread 0x1492b0076700 affinity 80
level 1 thread 0x1492afe75700 affinity 81
level 1 thread 0x1492afc74700 affinity 82
level 1 thread 0x1492afa73700 affinity 83
level 1 thread 0x153e986be7c0 affinity 84
level 1 thread 0x153e7a4cc700 affinity 85
level 1 thread 0x153e7a2cb700 affinity 86
level 1 thread 0x153e7a0ca700 affinity 87
level 1 thread 0x153e79ec9700 affinity 88
level 1 thread 0x153e79cc8700 affinity 89
level 1 thread 0x153e79ac7700 affinity 90
level 1 thread 0x153e798c6700 affinity 91
level 1 thread 0x153e796c5700 affinity 92
level 1 thread 0x153e794c4700 affinity 93
level 1 thread 0x153e792c3700 affinity 94
level 1 thread 0x153e790c2700 affinity 95
level 1 thread 0x153e78ec1700 affinity 96
level 1 thread 0x153e78cc0700 affinity 97
level 1 thread 0x152546d117c0 affinity 14
level 1 thread 0x152528b1e700 affinity 15
level 1 thread 0x15252891d700 affinity 16
level 1 thread 0x15252871c700 affinity 17
level 1 thread 0x15252851b700 affinity 18
level 1 thread 0x15252831a700 affinity 19
level 1 thread 0x152528119700 affinity 20
level 1 thread 0x152527f18700 affinity 21
level 1 thread 0x152527d17700 affinity 22
level 1 thread 0x152527b16700 affinity 23
level 1 thread 0x152527915700 affinity 24
level 1 thread 0x152527714700 affinity 25
level 1 thread 0x152527513700 affinity 26
level 1 thread 0x152527312700 affinity 27
level 1 thread 0x14bacfd917c0 affinity 84
level 1 thread 0x14bab1b8e700 affinity 85
level 1 thread 0x14bab198d700 affinity 86
level 1 thread 0x14bab178c700 affinity 87
level 1 thread 0x14bab158b700 affinity 88
level 1 thread 0x14bab138a700 affinity 89
level 1 thread 0x14bab1189700 affinity 90
level 1 thread 0x14bab0f88700 affinity 91
level 1 thread 0x14bab0d87700 affinity 92
level 1 thread 0x14bab0b86700 affinity 93
level 1 thread 0x14bab0985700 affinity 94
level 1 thread 0x14bab0784700 affinity 95
level 1 thread 0x14bab0583700 affinity 96
level 1 thread 0x14bab0382700 affinity 97
level 1 thread 0x1487a7dec7c0 affinity 0
level 1 thread 0x148789bf3700 affinity 1
level 1 thread 0x1487899f2700 affinity 2
level 1 thread 0x1487897f1700 affinity 3
level 1 thread 0x1487895f0700 affinity 4
level 1 thread 0x1487893ef700 affinity 5
level 1 thread 0x1487891ee700 affinity 6
level 1 thread 0x148788fed700 affinity 7
level 1 thread 0x148788dec700 affinity 8
level 1 thread 0x148788beb700 affinity 9
level 1 thread 0x1487889ea700 affinity 10
level 1 thread 0x1487887e9700 affinity 11
level 1 thread 0x1487885e8700 affinity 12
level 1 thread 0x1487883e7700 affinity 13
task 0 is initialized
task 56 is initialized
task 59 is initialized
task 57 is initialized
task 60 is initialized
task 61 is initialized
task 62 is initialized
task 63 is initialized
task 58 is initialized
task 8 is initialized
task 9 is initialized
task 10 is initialized
task 12 is initialized
task 13 is initialized
task 14 is initialized
task 15 is initialized
task 40 is initialized
task 41 is initialized
task 43 is initialized
task 42 is initialized
task 44 is initialized
task 45 is initialized
task 46 is initialized
task 11 is initialized
task 47 is initialized
task 49 is initialized
task 50 is initialized
task 51 is initialized
task 53 is initialized
task 52 is initialized
task 54 is initialized
task 55 is initialized
task 26 is initialized
task 24 is initialized
task 27 is initialized
task 25 is initialized
task 30 is initialized
task 28 is initialized
task 29 is initialized
task 31 is initialized
task 1 is initialized
task 2 is initialized
task 3 is initialized
task 4 is initialized
task 5 is initialized
task 6 is initialized
task 7 is initialized
task 48 is initialized
task 18 is initialized
total injected energy is 300000, system energy is 299161 ( in avg 0.0212737 per grid point)
Comp time,Comms time
4.648852,0.015950

task 32 is initialized
task 20 is initialized
task 16 is initialized
task 19 is initialized
task 21 is initialized
task 22 is initialized
task 23 is initialized
task 33 is initialized
task 34 is initialized
task 35 is initialized
task 36 is initialized
task 37 is initialized
task 38 is initialized
task 17 is initialized
task 39 is initialized
Total_time: 8.191638684
