Tasks are decomposed in a grid 8 x 4

Task    0 :: 	grid coordinates :   0,   0
	neighbours: N   -2    E    1    S    8    W   -2
Task    8 :: 	grid coordinates :   0,   1
	neighbours: N    0    E    9    S   16    W   -2
Task   16 :: 	grid coordinates :   0,   2
	neighbours: N    8    E   17    S   24    W   -2
Task   24 :: 	grid coordinates :   0,   3
	neighbours: N   16    E   25    S   -2    W   -2
Task    9 :: 	grid coordinates :   1,   1
	neighbours: N    1    E   10    S   17    W    8
Task   25 :: 	grid coordinates :   1,   3
	neighbours: N   17    E   26    S   -2    W   24
Task   10 :: 	grid coordinates :   2,   1
	neighbours: N    2    E   11    S   18    W    9
Task   26 :: 	grid coordinates :   2,   3
	neighbours: N   18    E   27    S   -2    W   25
Task   11 :: 	grid coordinates :   3,   1
	neighbours: N    3    E   12    S   19    W   10
Task   27 :: 	grid coordinates :   3,   3
	neighbours: N   19    E   28    S   -2    W   26
Task   12 :: 	grid coordinates :   4,   1
	neighbours: N    4    E   13    S   20    W   11
Task   28 :: 	grid coordinates :   4,   3
	neighbours: N   20    E   29    S   -2    W   27
Task   13 :: 	grid coordinates :   5,   1
	neighbours: N    5    E   14    S   21    W   12
Task   29 :: 	grid coordinates :   5,   3
	neighbours: N   21    E   30    S   -2    W   28
Task   14 :: 	grid coordinates :   6,   1
	neighbours: N    6    E   15    S   22    W   13
Task   30 :: 	grid coordinates :   6,   3
	neighbours: N   22    E   31    S   -2    W   29
Task   15 :: 	grid coordinates :   7,   1
	neighbours: N    7    E   -2    S   23    W   14
Task   31 :: 	grid coordinates :   7,   3
	neighbours: N   23    E   -2    S   -2    W   30
Task   17 :: 	grid coordinates :   1,   2
	neighbours: N    9    E   18    S   25    W   16
Task   18 :: 	grid coordinates :   2,   2
	neighbours: N   10    E   19    S   26    W   17
Task   19 :: 	grid coordinates :   3,   2
	neighbours: N   11    E   20    S   27    W   18
Task   20 :: 	grid coordinates :   4,   2
	neighbours: N   12    E   21    S   28    W   19
Task   21 :: 	grid coordinates :   5,   2
	neighbours: N   13    E   22    S   29    W   20
Task   22 :: 	grid coordinates :   6,   2
	neighbours: N   14    E   23    S   30    W   21
Task   23 :: 	grid coordinates :   7,   2
	neighbours: N   15    E   -2    S   31    W   22
Task    1 :: 	grid coordinates :   1,   0
	neighbours: N   -2    E    2    S    9    W    0
Task    2 :: 	grid coordinates :   2,   0
	neighbours: N   -2    E    3    S   10    W    1
Task    3 :: 	grid coordinates :   3,   0
	neighbours: N   -2    E    4    S   11    W    2
Task    4 :: 	grid coordinates :   4,   0
	neighbours: N   -2    E    5    S   12    W    3
Task    5 :: 	grid coordinates :   5,   0
	neighbours: N   -2    E    6    S   13    W    4
Task    6 :: 	grid coordinates :   6,   0
	neighbours: N   -2    E    7    S   14    W    5
Task    7 :: 	grid coordinates :   7,   0
	neighbours: N   -2    E   -2    S   15    W    6
task 0 is initialized
Rank 0 :: inject time is 0.000540, fill buffer time is 0.062999, communication time is 0.010638, wait time is 0.525268, copy halo time is 0.078032, update planes time is 10.284240
---------Rank: 0 	 Elapsed time:10.962406---------
task 7 is initialized
Rank 7 :: inject time is 0.000617, fill buffer time is 0.063655, communication time is 0.010583, wait time is 0.595703, copy halo time is 0.078232, update planes time is 10.217653
---------Rank: 7 	 Elapsed time:10.967276---------
task 25 is initialized
Rank 25 :: inject time is 0.000323, fill buffer time is 0.106443, communication time is 0.010260, wait time is 0.281329, copy halo time is 0.105226, update planes time is 10.446470
---------Rank: 25 	 Elapsed time:10.950649---------
task 30 is initialized
Rank 30 :: inject time is 0.000407, fill buffer time is 0.111285, communication time is 0.011957, wait time is 0.592985, copy halo time is 0.111319, update planes time is 10.126886
---------Rank: 30 	 Elapsed time:10.955271---------
task 26 is initialized
Rank 26 :: inject time is 0.000335, fill buffer time is 0.108795, communication time is 0.012315, wait time is 0.503934, copy halo time is 0.112354, update planes time is 10.213822
---------Rank: 26 	 Elapsed time:10.952084---------
task 27 is initialized
Rank 27 :: inject time is 0.000519, fill buffer time is 0.111212, communication time is 0.010707, wait time is 0.523111, copy halo time is 0.107386, update planes time is 10.199615
---------Rank: 27 	 Elapsed time:10.953187---------
task 28 is initialized
Rank 28 :: inject time is 0.000581, fill buffer time is 0.111641, communication time is 0.012040, wait time is 0.448048, copy halo time is 0.111924, update planes time is 10.268781
---------Rank: 28 	 Elapsed time:10.953720---------
task 29 is initialized
Rank 29 :: inject time is 0.000509, fill buffer time is 0.111710, communication time is 0.010874, wait time is 0.471284, copy halo time is 0.112767, update planes time is 10.246864
---------Rank: 29 	 Elapsed time:10.954738---------
task 31 is initialized
Rank 31 :: inject time is 0.000590, fill buffer time is 0.064943, communication time is 0.008462, wait time is 0.556438, copy halo time is 0.080437, update planes time is 10.243420
---------Rank: 31 	 Elapsed time:10.955035---------
task 24 is initialized
Rank 24 :: inject time is 0.000426, fill buffer time is 0.061757, communication time is 0.008691, wait time is 0.704528, copy halo time is 0.075044, update planes time is 10.098252
---------Rank: 24 	 Elapsed time:10.949505---------
task 6 is initialized
Rank 6 :: inject time is 0.000510, fill buffer time is 0.109474, communication time is 0.011398, wait time is 0.444852, copy halo time is 0.110537, update planes time is 10.290117
---------Rank: 6 	 Elapsed time:10.967414---------
task 19 is initialized
Rank 19 :: inject time is 0.000385, fill buffer time is 0.112363, communication time is 0.022879, wait time is 0.493159, copy halo time is 0.109651, update planes time is 10.226317
---------Rank: 19 	 Elapsed time:10.965347---------
task 20 is initialized
Rank 20 :: inject time is 0.000347, fill buffer time is 0.108608, communication time is 0.021176, wait time is 0.544411, copy halo time is 0.112434, update planes time is 10.178292
---------Rank: 20 	 Elapsed time:10.965899---------
task 1 is initialized
Rank 1 :: inject time is 0.000528, fill buffer time is 0.107718, communication time is 0.009935, wait time is 0.209706, copy halo time is 0.107762, update planes time is 10.526569
---------Rank: 1 	 Elapsed time:10.962830---------
task 16 is initialized
Rank 16 :: inject time is 0.000616, fill buffer time is 0.063939, communication time is 0.018700, wait time is 0.424474, copy halo time is 0.078157, update planes time is 10.375134
---------Rank: 16 	 Elapsed time:10.961701---------
task 17 is initialized
Rank 17 :: inject time is 0.000426, fill buffer time is 0.107506, communication time is 0.019374, wait time is 0.561882, copy halo time is 0.108668, update planes time is 10.164428
---------Rank: 17 	 Elapsed time:10.962934---------
task 18 is initialized
Rank 18 :: inject time is 0.000309, fill buffer time is 0.106492, communication time is 0.017906, wait time is 0.535924, copy halo time is 0.108374, update planes time is 10.194624
---------Rank: 18 	 Elapsed time:10.964315---------
task 21 is initialized
Rank 21 :: inject time is 0.000501, fill buffer time is 0.109923, communication time is 0.021159, wait time is 0.406328, copy halo time is 0.114833, update planes time is 10.313555
---------Rank: 21 	 Elapsed time:10.966936---------
task 22 is initialized
Rank 22 :: inject time is 0.000561, fill buffer time is 0.110563, communication time is 0.019038, wait time is 0.457285, copy halo time is 0.113785, update planes time is 10.265702
---------Rank: 22 	 Elapsed time:10.967383---------
task 23 is initialized
Rank 23 :: inject time is 0.000335, fill buffer time is 0.063337, communication time is 0.021820, wait time is 0.719318, copy halo time is 0.077974, update planes time is 10.083771
---------Rank: 23 	 Elapsed time:10.967290---------
task 5 is initialized
Rank 5 :: inject time is 0.000576, fill buffer time is 0.109195, communication time is 0.010292, wait time is 0.268301, copy halo time is 0.111744, update planes time is 10.466234
---------Rank: 5 	 Elapsed time:10.966937---------
total injected energy is 300000, system energy is 299151 ( in avg 0.0106365 per grid point)
Comp time,Comms time
10.965264,0.016194

task 4 is initialized
Rank 4 :: inject time is 0.000506, fill buffer time is 0.110526, communication time is 0.012782, wait time is 0.484691, copy halo time is 0.112383, update planes time is 10.245227
---------Rank: 4 	 Elapsed time:10.966693---------
task 2 is initialized
Rank 2 :: inject time is 0.000378, fill buffer time is 0.107378, communication time is 0.011840, wait time is 0.675580, copy halo time is 0.107920, update planes time is 10.060842
---------Rank: 2 	 Elapsed time:10.964505---------
task 3 is initialized
Rank 3 :: inject time is 0.000549, fill buffer time is 0.112907, communication time is 0.012216, wait time is 0.393856, copy halo time is 0.109810, update planes time is 10.335399
---------Rank: 3 	 Elapsed time:10.965379---------
task 8 is initialized
Rank 8 :: inject time is 0.000503, fill buffer time is 0.064288, communication time is 0.022415, wait time is 0.458925, copy halo time is 0.078674, update planes time is 10.348441
---------Rank: 8 	 Elapsed time:10.974006---------
task 9 is initialized
Rank 9 :: inject time is 0.000627, fill buffer time is 0.108534, communication time is 0.022585, wait time is 0.454733, copy halo time is 0.111267, update planes time is 10.276574
---------Rank: 9 	 Elapsed time:10.975027---------
task 10 is initialized
Rank 10 :: inject time is 0.000687, fill buffer time is 0.110365, communication time is 0.019834, wait time is 0.389330, copy halo time is 0.111933, update planes time is 10.343410
---------Rank: 10 	 Elapsed time:10.976068---------
task 11 is initialized
Rank 11 :: inject time is 0.000521, fill buffer time is 0.113402, communication time is 0.025163, wait time is 0.638780, copy halo time is 0.111042, update planes time is 10.088019
---------Rank: 11 	 Elapsed time:10.977553---------
task 13 is initialized
Rank 13 :: inject time is 0.000544, fill buffer time is 0.111407, communication time is 0.020721, wait time is 0.497122, copy halo time is 0.112329, update planes time is 10.236464
---------Rank: 13 	 Elapsed time:10.979081---------
task 14 is initialized
Rank 14 :: inject time is 0.000569, fill buffer time is 0.110124, communication time is 0.024896, wait time is 0.201142, copy halo time is 0.110906, update planes time is 10.531364
---------Rank: 14 	 Elapsed time:10.979605---------
task 15 is initialized
Rank 15 :: inject time is 0.000491, fill buffer time is 0.065165, communication time is 0.022697, wait time is 0.319114, copy halo time is 0.079525, update planes time is 10.491786
---------Rank: 15 	 Elapsed time:10.979577---------
task 12 is initialized
Rank 12 :: inject time is 0.000705, fill buffer time is 0.112135, communication time is 0.022864, wait time is 0.336085, copy halo time is 0.114220, update planes time is 10.391527
---------Rank: 12 	 Elapsed time:10.978103---------
Total_time: 12.750729597
