Tasks are decomposed in a grid 16 x 8

Task    8 :: 	grid coordinates :   8,   0
	neighbours: N   -2    E    9    S   24    W    7
Task   16 :: 	grid coordinates :   0,   1
	neighbours: N    0    E   17    S   32    W   -2
Task   24 :: 	grid coordinates :   8,   1
	neighbours: N    8    E   25    S   40    W   23
Task   32 :: 	grid coordinates :   0,   2
	neighbours: N   16    E   33    S   48    W   -2
Task   40 :: 	grid coordinates :   8,   2
	neighbours: N   24    E   41    S   56    W   39
Task   48 :: 	grid coordinates :   0,   3
	neighbours: N   32    E   49    S   64    W   -2
Task   56 :: 	grid coordinates :   8,   3
	neighbours: N   40    E   57    S   72    W   55
Task   64 :: 	grid coordinates :   0,   4
	neighbours: N   48    E   65    S   80    W   -2
Task   72 :: 	grid coordinates :   8,   4
	neighbours: N   56    E   73    S   88    W   71
Task   80 :: 	grid coordinates :   0,   5
	neighbours: N   64    E   81    S   96    W   -2
Task   88 :: 	grid coordinates :   8,   5
	neighbours: N   72    E   89    S  104    W   87
Task   96 :: 	grid coordinates :   0,   6
	neighbours: N   80    E   97    S  112    W   -2
Task  104 :: 	grid coordinates :   8,   6
	neighbours: N   88    E  105    S  120    W  103
Task  112 :: 	grid coordinates :   0,   7
	neighbours: N   96    E  113    S   -2    W   -2
Task  120 :: 	grid coordinates :   8,   7
	neighbours: N  104    E  121    S   -2    W  119
Task   89 :: 	grid coordinates :   9,   5
	neighbours: N   73    E   90    S  105    W   88
Task   65 :: 	grid coordinates :   1,   4
	neighbours: N   49    E   66    S   81    W   64
Task   73 :: 	grid coordinates :   9,   4
	neighbours: N   57    E   74    S   89    W   72
Task   97 :: 	grid coordinates :   1,   6
	neighbours: N   81    E   98    S  113    W   96
Task  105 :: 	grid coordinates :   9,   6
	neighbours: N   89    E  106    S  121    W  104
Task   90 :: 	grid coordinates :  10,   5
	neighbours: N   74    E   91    S  106    W   89
Task   66 :: 	grid coordinates :   2,   4
	neighbours: N   50    E   67    S   82    W   65
Task   74 :: 	grid coordinates :  10,   4
	neighbours: N   58    E   75    S   90    W   73
Task   98 :: 	grid coordinates :   2,   6
	neighbours: N   82    E   99    S  114    W   97
Task  106 :: 	grid coordinates :  10,   6
	neighbours: N   90    E  107    S  122    W  105
Task   91 :: 	grid coordinates :  11,   5
	neighbours: N   75    E   92    S  107    W   90
Task   67 :: 	grid coordinates :   3,   4
	neighbours: N   51    E   68    S   83    W   66
Task   75 :: 	grid coordinates :  11,   4
	neighbours: N   59    E   76    S   91    W   74
Task   57 :: 	grid coordinates :   9,   3
	neighbours: N   41    E   58    S   73    W   56
Task   81 :: 	grid coordinates :   1,   5
	neighbours: N   65    E   82    S   97    W   80
Task   99 :: 	grid coordinates :   3,   6
	neighbours: N   83    E  100    S  115    W   98
Task    9 :: 	grid coordinates :   9,   0
	neighbours: N   -2    E   10    S   25    W    8
Task  107 :: 	grid coordinates :  11,   6
	neighbours: N   91    E  108    S  123    W  106
Task   92 :: 	grid coordinates :  12,   5
	neighbours: N   76    E   93    S  108    W   91
Task   68 :: 	grid coordinates :   4,   4
	neighbours: N   52    E   69    S   84    W   67
Task   76 :: 	grid coordinates :  12,   4
	neighbours: N   60    E   77    S   92    W   75
Task   58 :: 	grid coordinates :  10,   3
	neighbours: N   42    E   59    S   74    W   57
Task   17 :: 	grid coordinates :   1,   1
	neighbours: N    1    E   18    S   33    W   16
Task   82 :: 	grid coordinates :   2,   5
	neighbours: N   66    E   83    S   98    W   81
Task  100 :: 	grid coordinates :   4,   6
	neighbours: N   84    E  101    S  116    W   99
Task   10 :: 	grid coordinates :  10,   0
	neighbours: N   -2    E   11    S   26    W    9
Task  108 :: 	grid coordinates :  12,   6
	neighbours: N   92    E  109    S  124    W  107
Task   49 :: 	grid coordinates :   1,   3
	neighbours: N   33    E   50    S   65    W   48
Task   93 :: 	grid coordinates :  13,   5
	neighbours: N   77    E   94    S  109    W   92
Task   69 :: 	grid coordinates :   5,   4
	neighbours: N   53    E   70    S   85    W   68
Task   77 :: 	grid coordinates :  13,   4
	neighbours: N   61    E   78    S   93    W   76
Task   59 :: 	grid coordinates :  11,   3
	neighbours: N   43    E   60    S   75    W   58
Task   18 :: 	grid coordinates :   2,   1
	neighbours: N    2    E   19    S   34    W   17
Task   83 :: 	grid coordinates :   3,   5
	neighbours: N   67    E   84    S   99    W   82
Task  101 :: 	grid coordinates :   5,   6
	neighbours: N   85    E  102    S  117    W  100
Task   11 :: 	grid coordinates :  11,   0
	neighbours: N   -2    E   12    S   27    W   10
Task  109 :: 	grid coordinates :  13,   6
	neighbours: N   93    E  110    S  125    W  108
Task   50 :: 	grid coordinates :   2,   3
	neighbours: N   34    E   51    S   66    W   49
Task   94 :: 	grid coordinates :  14,   5
	neighbours: N   78    E   95    S  110    W   93
Task   70 :: 	grid coordinates :   6,   4
	neighbours: N   54    E   71    S   86    W   69
Task   78 :: 	grid coordinates :  14,   4
	neighbours: N   62    E   79    S   94    W   77
Task   60 :: 	grid coordinates :  12,   3
	neighbours: N   44    E   61    S   76    W   59
Task   19 :: 	grid coordinates :   3,   1
	neighbours: N    3    E   20    S   35    W   18
Task   84 :: 	grid coordinates :   4,   5
	neighbours: N   68    E   85    S  100    W   83
Task  102 :: 	grid coordinates :   6,   6
	neighbours: N   86    E  103    S  118    W  101
Task   12 :: 	grid coordinates :  12,   0
	neighbours: N   -2    E   13    S   28    W   11
Task  110 :: 	grid coordinates :  14,   6
	neighbours: N   94    E  111    S  126    W  109
Task   51 :: 	grid coordinates :   3,   3
	neighbours: N   35    E   52    S   67    W   50
Task   95 :: 	grid coordinates :  15,   5
	neighbours: N   79    E   -2    S  111    W   94
Task   71 :: 	grid coordinates :   7,   4
	neighbours: N   55    E   72    S   87    W   70
Task   79 :: 	grid coordinates :  15,   4
	neighbours: N   63    E   -2    S   95    W   78
Task   61 :: 	grid coordinates :  13,   3
	neighbours: N   45    E   62    S   77    W   60
Task   20 :: 	grid coordinates :   4,   1
	neighbours: N    4    E   21    S   36    W   19
Task   85 :: 	grid coordinates :   5,   5
	neighbours: N   69    E   86    S  101    W   84
Task  103 :: 	grid coordinates :   7,   6
	neighbours: N   87    E  104    S  119    W  102
Task   13 :: 	grid coordinates :  13,   0
	neighbours: N   -2    E   14    S   29    W   12
Task   25 :: 	grid coordinates :   9,   1
	neighbours: N    9    E   26    S   41    W   24
Task  111 :: 	grid coordinates :  15,   6
	neighbours: N   95    E   -2    S  127    W  110
Task   52 :: 	grid coordinates :   4,   3
	neighbours: N   36    E   53    S   68    W   51
Task   62 :: 	grid coordinates :  14,   3
	neighbours: N   46    E   63    S   78    W   61
Task   21 :: 	grid coordinates :   5,   1
	neighbours: N    5    E   22    S   37    W   20
Task   86 :: 	grid coordinates :   6,   5
	neighbours: N   70    E   87    S  102    W   85
Task   14 :: 	grid coordinates :  14,   0
	neighbours: N   -2    E   15    S   30    W   13
Task   26 :: 	grid coordinates :  10,   1
	neighbours: N   10    E   27    S   42    W   25
Task   53 :: 	grid coordinates :   5,   3
	neighbours: N   37    E   54    S   69    W   52
Task   63 :: 	grid coordinates :  15,   3
	neighbours: N   47    E   -2    S   79    W   62
Task   22 :: 	grid coordinates :   6,   1
	neighbours: N    6    E   23    S   38    W   21
Task   87 :: 	grid coordinates :   7,   5
	neighbours: N   71    E   88    S  103    W   86
Task   15 :: 	grid coordinates :  15,   0
	neighbours: N   -2    E   -2    S   31    W   14
Task   27 :: 	grid coordinates :  11,   1
	neighbours: N   11    E   28    S   43    W   26
Task   54 :: 	grid coordinates :   6,   3
	neighbours: N   38    E   55    S   70    W   53
Task   33 :: 	grid coordinates :   1,   2
	neighbours: N   17    E   34    S   49    W   32
Task   23 :: 	grid coordinates :   7,   1
	neighbours: N    7    E   24    S   39    W   22
Task   28 :: 	grid coordinates :  12,   1
	neighbours: N   12    E   29    S   44    W   27
Task   55 :: 	grid coordinates :   7,   3
	neighbours: N   39    E   56    S   71    W   54
Task   34 :: 	grid coordinates :   2,   2
	neighbours: N   18    E   35    S   50    W   33
Task  113 :: 	grid coordinates :   1,   7
	neighbours: N   97    E  114    S   -2    W  112
Task   29 :: 	grid coordinates :  13,   1
	neighbours: N   13    E   30    S   45    W   28
Task  121 :: 	grid coordinates :   9,   7
	neighbours: N  105    E  122    S   -2    W  120
Task   41 :: 	grid coordinates :   9,   2
	neighbours: N   25    E   42    S   57    W   40
Task   35 :: 	grid coordinates :   3,   2
	neighbours: N   19    E   36    S   51    W   34
Task  114 :: 	grid coordinates :   2,   7
	neighbours: N   98    E  115    S   -2    W  113
Task   30 :: 	grid coordinates :  14,   1
	neighbours: N   14    E   31    S   46    W   29
Task  122 :: 	grid coordinates :  10,   7
	neighbours: N  106    E  123    S   -2    W  121
Task   42 :: 	grid coordinates :  10,   2
	neighbours: N   26    E   43    S   58    W   41
Task   36 :: 	grid coordinates :   4,   2
	neighbours: N   20    E   37    S   52    W   35
Task  115 :: 	grid coordinates :   3,   7
	neighbours: N   99    E  116    S   -2    W  114
Task   31 :: 	grid coordinates :  15,   1
	neighbours: N   15    E   -2    S   47    W   30
Task  123 :: 	grid coordinates :  11,   7
	neighbours: N  107    E  124    S   -2    W  122
Task   43 :: 	grid coordinates :  11,   2
	neighbours: N   27    E   44    S   59    W   42
Task   37 :: 	grid coordinates :   5,   2
	neighbours: N   21    E   38    S   53    W   36
Task  116 :: 	grid coordinates :   4,   7
	neighbours: N  100    E  117    S   -2    W  115
Task  124 :: 	grid coordinates :  12,   7
	neighbours: N  108    E  125    S   -2    W  123
Task   44 :: 	grid coordinates :  12,   2
	neighbours: N   28    E   45    S   60    W   43
Task   38 :: 	grid coordinates :   6,   2
	neighbours: N   22    E   39    S   54    W   37
Task  117 :: 	grid coordinates :   5,   7
	neighbours: N  101    E  118    S   -2    W  116
Task  125 :: 	grid coordinates :  13,   7
	neighbours: N  109    E  126    S   -2    W  124
Task   45 :: 	grid coordinates :  13,   2
	neighbours: N   29    E   46    S   61    W   44
Task   39 :: 	grid coordinates :   7,   2
	neighbours: N   23    E   40    S   55    W   38
Task  118 :: 	grid coordinates :   6,   7
	neighbours: N  102    E  119    S   -2    W  117
Task  126 :: 	grid coordinates :  14,   7
	neighbours: N  110    E  127    S   -2    W  125
Task   46 :: 	grid coordinates :  14,   2
	neighbours: N   30    E   47    S   62    W   45
Task  119 :: 	grid coordinates :   7,   7
	neighbours: N  103    E  120    S   -2    W  118
Task  127 :: 	grid coordinates :  15,   7
	neighbours: N  111    E   -2    S   -2    W  126
Task   47 :: 	grid coordinates :  15,   2
	neighbours: N   31    E   -2    S   63    W   46
Task    0 :: 	grid coordinates :   0,   0
	neighbours: N   -2    E    1    S   16    W   -2
Task    1 :: 	grid coordinates :   1,   0
	neighbours: N   -2    E    2    S   17    W    0
Task    2 :: 	grid coordinates :   2,   0
	neighbours: N   -2    E    3    S   18    W    1
Task    3 :: 	grid coordinates :   3,   0
	neighbours: N   -2    E    4    S   19    W    2
Task    4 :: 	grid coordinates :   4,   0
	neighbours: N   -2    E    5    S   20    W    3
Task    5 :: 	grid coordinates :   5,   0
	neighbours: N   -2    E    6    S   21    W    4
Task    6 :: 	grid coordinates :   6,   0
	neighbours: N   -2    E    7    S   22    W    5
Task    7 :: 	grid coordinates :   7,   0
	neighbours: N   -2    E    8    S   23    W    6
task 0 is initialized
Rank 0 :: inject time is 0.000308, fill buffer time is 0.026944, communication time is 0.007742, wait time is 0.468480, copy halo time is 0.035381, update planes time is 2.238402
---------Rank: 0 	 Elapsed time:2.777863---------
task 96 is initialized
Rank 96 :: inject time is 0.000333, fill buffer time is 0.027097, communication time is 0.011150, wait time is 0.299564, copy halo time is 0.036065, update planes time is 2.385506
---------Rank: 96 	 Elapsed time:2.760369---------
task 104 is initialized
Rank 104 :: inject time is 0.000215, fill buffer time is 0.045274, communication time is 0.016213, wait time is 0.274600, copy halo time is 0.048855, update planes time is 2.382488
---------Rank: 104 	 Elapsed time:2.768178---------
task 98 is initialized
Rank 98 :: inject time is 0.000236, fill buffer time is 0.045758, communication time is 0.012257, wait time is 0.318715, copy halo time is 0.049676, update planes time is 2.334416
---------Rank: 98 	 Elapsed time:2.761648---------
task 116 is initialized
Rank 116 :: inject time is 0.000332, fill buffer time is 0.045955, communication time is 0.008642, wait time is 0.301484, copy halo time is 0.049980, update planes time is 2.352503
---------Rank: 116 	 Elapsed time:2.759470---------
task 74 is initialized
Rank 74 :: inject time is 0.000033, fill buffer time is 0.044551, communication time is 0.013342, wait time is 0.498811, copy halo time is 0.047583, update planes time is 2.171558
---------Rank: 74 	 Elapsed time:2.776444---------
task 89 is initialized
Rank 89 :: inject time is 0.000421, fill buffer time is 0.044841, communication time is 0.012119, wait time is 0.205093, copy halo time is 0.048663, update planes time is 2.460388
---------Rank: 89 	 Elapsed time:2.772016---------
task 90 is initialized
Rank 90 :: inject time is 0.000346, fill buffer time is 0.044780, communication time is 0.012677, wait time is 0.341319, copy halo time is 0.048485, update planes time is 2.324880
---------Rank: 90 	 Elapsed time:2.772895---------
task 88 is initialized
Rank 88 :: inject time is 0.000382, fill buffer time is 0.044711, communication time is 0.016312, wait time is 0.316567, copy halo time is 0.049450, update planes time is 2.343754
---------Rank: 88 	 Elapsed time:2.771694---------
task 119 is initialized
Rank 119 :: inject time is 0.000304, fill buffer time is 0.045685, communication time is 0.012158, wait time is 0.378194, copy halo time is 0.050715, update planes time is 2.273761
---------Rank: 119 	 Elapsed time:2.761411---------
task 117 is initialized
Rank 117 :: inject time is 0.000343, fill buffer time is 0.045369, communication time is 0.008137, wait time is 0.320113, copy halo time is 0.050172, update planes time is 2.335199
---------Rank: 117 	 Elapsed time:2.759870---------
task 72 is initialized
Rank 72 :: inject time is 0.000245, fill buffer time is 0.045177, communication time is 0.015595, wait time is 0.370720, copy halo time is 0.048605, update planes time is 2.294053
---------Rank: 72 	 Elapsed time:2.774921---------
task 113 is initialized
Rank 113 :: inject time is 0.000214, fill buffer time is 0.045523, communication time is 0.008102, wait time is 0.313980, copy halo time is 0.049818, update planes time is 2.339372
---------Rank: 113 	 Elapsed time:2.757484---------
task 91 is initialized
Rank 91 :: inject time is 0.000337, fill buffer time is 0.047556, communication time is 0.013289, wait time is 0.321305, copy halo time is 0.050335, update planes time is 2.339964
---------Rank: 91 	 Elapsed time:2.773449---------
task 92 is initialized
Rank 92 :: inject time is 0.000330, fill buffer time is 0.045389, communication time is 0.011642, wait time is 0.292437, copy halo time is 0.049787, update planes time is 2.373465
---------Rank: 92 	 Elapsed time:2.773469---------
task 94 is initialized
Rank 94 :: inject time is 0.000318, fill buffer time is 0.044802, communication time is 0.012602, wait time is 0.373564, copy halo time is 0.048904, update planes time is 2.292297
---------Rank: 94 	 Elapsed time:2.773045---------
task 106 is initialized
Rank 106 :: inject time is 0.000317, fill buffer time is 0.045014, communication time is 0.012423, wait time is 0.409375, copy halo time is 0.048012, update planes time is 2.253668
---------Rank: 106 	 Elapsed time:2.769380---------
task 95 is initialized
Rank 95 :: inject time is 0.000040, fill buffer time is 0.026645, communication time is 0.011098, wait time is 0.570309, copy halo time is 0.035036, update planes time is 2.128678
---------Rank: 95 	 Elapsed time:2.772352---------
task 87 is initialized
Rank 87 :: inject time is 0.000326, fill buffer time is 0.045338, communication time is 0.015684, wait time is 0.333627, copy halo time is 0.049579, update planes time is 2.323091
---------Rank: 87 	 Elapsed time:2.768273---------
task 84 is initialized
Rank 84 :: inject time is 0.000384, fill buffer time is 0.045228, communication time is 0.012784, wait time is 0.254212, copy halo time is 0.049403, update planes time is 2.403821
---------Rank: 84 	 Elapsed time:2.766305---------
task 85 is initialized
Rank 85 :: inject time is 0.000218, fill buffer time is 0.045338, communication time is 0.012504, wait time is 0.340786, copy halo time is 0.048407, update planes time is 2.319088
---------Rank: 85 	 Elapsed time:2.766836---------
task 86 is initialized
Rank 86 :: inject time is 0.000339, fill buffer time is 0.044918, communication time is 0.012239, wait time is 0.319321, copy halo time is 0.048774, update planes time is 2.341329
---------Rank: 86 	 Elapsed time:2.767508---------
task 83 is initialized
Rank 83 :: inject time is 0.000032, fill buffer time is 0.047529, communication time is 0.013249, wait time is 0.405651, copy halo time is 0.048102, update planes time is 2.250674
---------Rank: 83 	 Elapsed time:2.765669---------
task 73 is initialized
Rank 73 :: inject time is 0.000182, fill buffer time is 0.045091, communication time is 0.012918, wait time is 0.435117, copy halo time is 0.048105, update planes time is 2.233590
---------Rank: 73 	 Elapsed time:2.775561---------
task 114 is initialized
Rank 114 :: inject time is 0.000139, fill buffer time is 0.044938, communication time is 0.008151, wait time is 0.329385, copy halo time is 0.048877, update planes time is 2.326026
---------Rank: 114 	 Elapsed time:2.758124---------
task 75 is initialized
Rank 75 :: inject time is 0.000443, fill buffer time is 0.047467, communication time is 0.014143, wait time is 0.309615, copy halo time is 0.049472, update planes time is 2.355328
---------Rank: 75 	 Elapsed time:2.776989---------
task 43 is initialized
Rank 43 :: inject time is 0.000361, fill buffer time is 0.047125, communication time is 0.011638, wait time is 0.337413, copy halo time is 0.049635, update planes time is 2.337301
---------Rank: 43 	 Elapsed time:2.784034---------
task 19 is initialized
Rank 19 :: inject time is 0.000348, fill buffer time is 0.046936, communication time is 0.011007, wait time is 0.429620, copy halo time is 0.048868, update planes time is 2.240851
---------Rank: 19 	 Elapsed time:2.778295---------
task 81 is initialized
Rank 81 :: inject time is 0.000445, fill buffer time is 0.044338, communication time is 0.011762, wait time is 0.208249, copy halo time is 0.047390, update planes time is 2.451554
---------Rank: 81 	 Elapsed time:2.764275---------
task 59 is initialized
Rank 59 :: inject time is 0.000396, fill buffer time is 0.047265, communication time is 0.010714, wait time is 0.306365, copy halo time is 0.049184, update planes time is 2.365930
---------Rank: 59 	 Elapsed time:2.780456---------
task 82 is initialized
Rank 82 :: inject time is 0.000345, fill buffer time is 0.044033, communication time is 0.012439, wait time is 0.328561, copy halo time is 0.047733, update planes time is 2.331149
---------Rank: 82 	 Elapsed time:2.764833---------
task 115 is initialized
Rank 115 :: inject time is 0.000390, fill buffer time is 0.047550, communication time is 0.008031, wait time is 0.289408, copy halo time is 0.048778, update planes time is 2.363803
---------Rank: 115 	 Elapsed time:2.758589---------
task 118 is initialized
Rank 118 :: inject time is 0.000385, fill buffer time is 0.045314, communication time is 0.007937, wait time is 0.471382, copy halo time is 0.048989, update planes time is 2.186073
---------Rank: 118 	 Elapsed time:2.760596---------
task 76 is initialized
Rank 76 :: inject time is 0.000370, fill buffer time is 0.045062, communication time is 0.014146, wait time is 0.277055, copy halo time is 0.050215, update planes time is 2.389627
---------Rank: 76 	 Elapsed time:2.777000---------
task 99 is initialized
Rank 99 :: inject time is 0.000028, fill buffer time is 0.048285, communication time is 0.013455, wait time is 0.260823, copy halo time is 0.048729, update planes time is 2.390233
---------Rank: 99 	 Elapsed time:2.762122---------
task 102 is initialized
Rank 102 :: inject time is 0.000422, fill buffer time is 0.045099, communication time is 0.012791, wait time is 0.241097, copy halo time is 0.048538, update planes time is 2.415503
---------Rank: 102 	 Elapsed time:2.764075---------
task 103 is initialized
Rank 103 :: inject time is 0.000337, fill buffer time is 0.045170, communication time is 0.015662, wait time is 0.413013, copy halo time is 0.050526, update planes time is 2.239433
---------Rank: 103 	 Elapsed time:2.764674---------
task 100 is initialized
Rank 100 :: inject time is 0.000214, fill buffer time is 0.046191, communication time is 0.013135, wait time is 0.356363, copy halo time is 0.049671, update planes time is 2.296556
---------Rank: 100 	 Elapsed time:2.762710---------
task 101 is initialized
Rank 101 :: inject time is 0.000339, fill buffer time is 0.045125, communication time is 0.012674, wait time is 0.381464, copy halo time is 0.049137, update planes time is 2.274316
---------Rank: 101 	 Elapsed time:2.763571---------
task 47 is initialized
Rank 47 :: inject time is 0.000410, fill buffer time is 0.027036, communication time is 0.009691, wait time is 0.404490, copy halo time is 0.037398, update planes time is 2.303370
---------Rank: 47 	 Elapsed time:2.783018---------
task 40 is initialized
Rank 40 :: inject time is 0.000029, fill buffer time is 0.044871, communication time is 0.014848, wait time is 0.467472, copy halo time is 0.048639, update planes time is 2.205693
---------Rank: 40 	 Elapsed time:2.781994---------
task 41 is initialized
Rank 41 :: inject time is 0.000035, fill buffer time is 0.044838, communication time is 0.010554, wait time is 0.557810, copy halo time is 0.047134, update planes time is 2.121710
---------Rank: 41 	 Elapsed time:2.782562---------
task 10 is initialized
Rank 10 :: inject time is 0.000262, fill buffer time is 0.044975, communication time is 0.007189, wait time is 0.430051, copy halo time is 0.047978, update planes time is 2.259332
---------Rank: 10 	 Elapsed time:2.790229---------
task 42 is initialized
Rank 42 :: inject time is 0.000347, fill buffer time is 0.044720, communication time is 0.010416, wait time is 0.376609, copy halo time is 0.048720, update planes time is 2.301979
---------Rank: 42 	 Elapsed time:2.783301---------
task 124 is initialized
Rank 124 :: inject time is 0.000371, fill buffer time is 0.045707, communication time is 0.007821, wait time is 0.351840, copy halo time is 0.049829, update planes time is 2.310325
---------Rank: 124 	 Elapsed time:2.766434---------
task 56 is initialized
Rank 56 :: inject time is 0.000290, fill buffer time is 0.044835, communication time is 0.013971, wait time is 0.309066, copy halo time is 0.047542, update planes time is 2.362130
---------Rank: 56 	 Elapsed time:2.778389---------
task 120 is initialized
Rank 120 :: inject time is 0.000212, fill buffer time is 0.045439, communication time is 0.012860, wait time is 0.449435, copy halo time is 0.049357, update planes time is 2.206827
---------Rank: 120 	 Elapsed time:2.764641---------
task 122 is initialized
Rank 122 :: inject time is 0.000401, fill buffer time is 0.045337, communication time is 0.008210, wait time is 0.315525, copy halo time is 0.049472, update planes time is 2.346387
---------Rank: 122 	 Elapsed time:2.765889---------
task 123 is initialized
Rank 123 :: inject time is 0.000043, fill buffer time is 0.048184, communication time is 0.009743, wait time is 0.494021, copy halo time is 0.049718, update planes time is 2.164062
---------Rank: 123 	 Elapsed time:2.766424---------
task 125 is initialized
Rank 125 :: inject time is 0.000393, fill buffer time is 0.045354, communication time is 0.008308, wait time is 0.290455, copy halo time is 0.049965, update planes time is 2.371484
---------Rank: 125 	 Elapsed time:2.766417---------
task 126 is initialized
Rank 126 :: inject time is 0.000406, fill buffer time is 0.045811, communication time is 0.008298, wait time is 0.392400, copy halo time is 0.048999, update planes time is 2.269773
---------Rank: 126 	 Elapsed time:2.766133---------
task 127 is initialized
Rank 127 :: inject time is 0.000367, fill buffer time is 0.026502, communication time is 0.007013, wait time is 0.304933, copy halo time is 0.034904, update planes time is 2.391081
---------Rank: 127 	 Elapsed time:2.765324---------
task 107 is initialized
Rank 107 :: inject time is 0.000214, fill buffer time is 0.047620, communication time is 0.013402, wait time is 0.408009, copy halo time is 0.048722, update planes time is 2.251472
---------Rank: 107 	 Elapsed time:2.769946---------
task 44 is initialized
Rank 44 :: inject time is 0.000096, fill buffer time is 0.045536, communication time is 0.010864, wait time is 0.368143, copy halo time is 0.050872, update planes time is 2.308104
---------Rank: 44 	 Elapsed time:2.784058---------
task 108 is initialized
Rank 108 :: inject time is 0.000327, fill buffer time is 0.045008, communication time is 0.013143, wait time is 0.374181, copy halo time is 0.048484, update planes time is 2.288284
---------Rank: 108 	 Elapsed time:2.769956---------
task 109 is initialized
Rank 109 :: inject time is 0.000307, fill buffer time is 0.044642, communication time is 0.012497, wait time is 0.269697, copy halo time is 0.049846, update planes time is 2.392515
---------Rank: 109 	 Elapsed time:2.769972---------
task 110 is initialized
Rank 110 :: inject time is 0.000370, fill buffer time is 0.045112, communication time is 0.012896, wait time is 0.363716, copy halo time is 0.048370, update planes time is 2.298433
---------Rank: 110 	 Elapsed time:2.769464---------
task 111 is initialized
Rank 111 :: inject time is 0.000392, fill buffer time is 0.026687, communication time is 0.011285, wait time is 0.421662, copy halo time is 0.033812, update planes time is 2.274306
---------Rank: 111 	 Elapsed time:2.768758---------
task 45 is initialized
Rank 45 :: inject time is 0.000191, fill buffer time is 0.045617, communication time is 0.011166, wait time is 0.441381, copy halo time is 0.050856, update planes time is 2.234228
---------Rank: 45 	 Elapsed time:2.784034---------
task 66 is initialized
Rank 66 :: inject time is 0.000352, fill buffer time is 0.044934, communication time is 0.012234, wait time is 0.187894, copy halo time is 0.048630, update planes time is 2.473696
---------Rank: 66 	 Elapsed time:2.768375---------
task 54 is initialized
Rank 54 :: inject time is 0.000199, fill buffer time is 0.045250, communication time is 0.010450, wait time is 0.387947, copy halo time is 0.048068, update planes time is 2.282030
---------Rank: 54 	 Elapsed time:2.774437---------
task 48 is initialized
Rank 48 :: inject time is 0.000254, fill buffer time is 0.026745, communication time is 0.008837, wait time is 0.376861, copy halo time is 0.034296, update planes time is 2.322570
---------Rank: 48 	 Elapsed time:2.770030---------
task 57 is initialized
Rank 57 :: inject time is 0.000304, fill buffer time is 0.044260, communication time is 0.009807, wait time is 0.290755, copy halo time is 0.046532, update planes time is 2.386899
---------Rank: 57 	 Elapsed time:2.779044---------
task 58 is initialized
Rank 58 :: inject time is 0.000301, fill buffer time is 0.044425, communication time is 0.010342, wait time is 0.262063, copy halo time is 0.048315, update planes time is 2.413847
---------Rank: 58 	 Elapsed time:2.779852---------
task 60 is initialized
Rank 60 :: inject time is 0.000303, fill buffer time is 0.045639, communication time is 0.010803, wait time is 0.350168, copy halo time is 0.049902, update planes time is 2.323085
---------Rank: 60 	 Elapsed time:2.780453---------
task 61 is initialized
Rank 61 :: inject time is 0.000335, fill buffer time is 0.045337, communication time is 0.010312, wait time is 0.324718, copy halo time is 0.050425, update planes time is 2.348866
---------Rank: 61 	 Elapsed time:2.780474---------
task 62 is initialized
Rank 62 :: inject time is 0.000351, fill buffer time is 0.044580, communication time is 0.010650, wait time is 0.367079, copy halo time is 0.049137, update planes time is 2.307687
---------Rank: 62 	 Elapsed time:2.780109---------
task 78 is initialized
Rank 78 :: inject time is 0.000029, fill buffer time is 0.044914, communication time is 0.013071, wait time is 0.369088, copy halo time is 0.048501, update planes time is 2.300480
---------Rank: 78 	 Elapsed time:2.776626---------
task 79 is initialized
Rank 79 :: inject time is 0.000372, fill buffer time is 0.026759, communication time is 0.012254, wait time is 0.333064, copy halo time is 0.034970, update planes time is 2.368004
---------Rank: 79 	 Elapsed time:2.775933---------
task 17 is initialized
Rank 17 :: inject time is 0.000427, fill buffer time is 0.044138, communication time is 0.010191, wait time is 0.291158, copy halo time is 0.047228, update planes time is 2.382802
---------Rank: 17 	 Elapsed time:2.776493---------
task 21 is initialized
Rank 21 :: inject time is 0.000279, fill buffer time is 0.045019, communication time is 0.010644, wait time is 0.412764, copy halo time is 0.048900, update planes time is 2.262090
---------Rank: 21 	 Elapsed time:2.780299---------
task 93 is initialized
Rank 93 :: inject time is 0.000162, fill buffer time is 0.044861, communication time is 0.012361, wait time is 0.485724, copy halo time is 0.048259, update planes time is 2.181644
---------Rank: 93 	 Elapsed time:2.773467---------
task 12 is initialized
Rank 12 :: inject time is 0.000284, fill buffer time is 0.045617, communication time is 0.007164, wait time is 0.137094, copy halo time is 0.049436, update planes time is 2.550828
---------Rank: 12 	 Elapsed time:2.790995---------
task 105 is initialized
Rank 105 :: inject time is 0.000375, fill buffer time is 0.045122, communication time is 0.012516, wait time is 0.370343, copy halo time is 0.047925, update planes time is 2.291824
---------Rank: 105 	 Elapsed time:2.768586---------
total injected energy is 300000, system energy is 298815 ( in avg 0.0424982 per grid point)
Comp time,Comms time
2.774397,0.011058

task 121 is initialized
Rank 121 :: inject time is 0.000359, fill buffer time is 0.045808, communication time is 0.008086, wait time is 0.315020, copy halo time is 0.049851, update planes time is 2.345539
---------Rank: 121 	 Elapsed time:2.765142---------
task 13 is initialized
Rank 13 :: inject time is 0.000357, fill buffer time is 0.045148, communication time is 0.007456, wait time is 0.234276, copy halo time is 0.049655, update planes time is 2.453520
---------Rank: 13 	 Elapsed time:2.790989---------
task 14 is initialized
Rank 14 :: inject time is 0.000350, fill buffer time is 0.045060, communication time is 0.006749, wait time is 0.224841, copy halo time is 0.048579, update planes time is 2.464376
---------Rank: 14 	 Elapsed time:2.790491---------
task 8 is initialized
Rank 8 :: inject time is 0.000028, fill buffer time is 0.044979, communication time is 0.010933, wait time is 0.484495, copy halo time is 0.048113, update planes time is 2.199086
---------Rank: 8 	 Elapsed time:2.788272---------
task 9 is initialized
Rank 9 :: inject time is 0.000313, fill buffer time is 0.045097, communication time is 0.007260, wait time is 0.373353, copy halo time is 0.048708, update planes time is 2.314051
---------Rank: 9 	 Elapsed time:2.789305---------
task 11 is initialized
Rank 11 :: inject time is 0.000281, fill buffer time is 0.046992, communication time is 0.007803, wait time is 0.239518, copy halo time is 0.050189, update planes time is 2.445593
---------Rank: 11 	 Elapsed time:2.790993---------
task 28 is initialized
Rank 28 :: inject time is 0.000419, fill buffer time is 0.046288, communication time is 0.010872, wait time is 0.165822, copy halo time is 0.052602, update planes time is 2.510919
---------Rank: 28 	 Elapsed time:2.787453---------
task 64 is initialized
Rank 64 :: inject time is 0.000393, fill buffer time is 0.026467, communication time is 0.011692, wait time is 0.194613, copy halo time is 0.034232, update planes time is 2.499086
---------Rank: 64 	 Elapsed time:2.767208---------
task 29 is initialized
Rank 29 :: inject time is 0.000277, fill buffer time is 0.046552, communication time is 0.010809, wait time is 0.279864, copy halo time is 0.051230, update planes time is 2.398285
---------Rank: 29 	 Elapsed time:2.787444---------
task 30 is initialized
Rank 30 :: inject time is 0.000373, fill buffer time is 0.045053, communication time is 0.010605, wait time is 0.436513, copy halo time is 0.050066, update planes time is 2.243964
---------Rank: 30 	 Elapsed time:2.787075---------
task 97 is initialized
Rank 97 :: inject time is 0.000266, fill buffer time is 0.045396, communication time is 0.012409, wait time is 0.322808, copy halo time is 0.049145, update planes time is 2.330336
---------Rank: 97 	 Elapsed time:2.760891---------
task 49 is initialized
Rank 49 :: inject time is 0.000269, fill buffer time is 0.045215, communication time is 0.009622, wait time is 0.371456, copy halo time is 0.049406, update planes time is 2.294453
---------Rank: 49 	 Elapsed time:2.770921---------
task 77 is initialized
Rank 77 :: inject time is 0.000161, fill buffer time is 0.045567, communication time is 0.013756, wait time is 0.322863, copy halo time is 0.048902, update planes time is 2.345146
---------Rank: 77 	 Elapsed time:2.777008---------
task 46 is initialized
Rank 46 :: inject time is 0.000043, fill buffer time is 0.045058, communication time is 0.010774, wait time is 0.527955, copy halo time is 0.049524, update planes time is 2.149679
---------Rank: 46 	 Elapsed time:2.783614---------
task 50 is initialized
Rank 50 :: inject time is 0.000188, fill buffer time is 0.045058, communication time is 0.009627, wait time is 0.339768, copy halo time is 0.048433, update planes time is 2.328313
---------Rank: 50 	 Elapsed time:2.771926---------
task 51 is initialized
Rank 51 :: inject time is 0.000375, fill buffer time is 0.047518, communication time is 0.010207, wait time is 0.264246, copy halo time is 0.048890, update planes time is 2.400377
---------Rank: 51 	 Elapsed time:2.772216---------
task 67 is initialized
Rank 67 :: inject time is 0.000333, fill buffer time is 0.047472, communication time is 0.013534, wait time is 0.327811, copy halo time is 0.049639, update planes time is 2.329658
---------Rank: 67 	 Elapsed time:2.769096---------
task 65 is initialized
Rank 65 :: inject time is 0.000283, fill buffer time is 0.044880, communication time is 0.012921, wait time is 0.357611, copy halo time is 0.048491, update planes time is 2.303047
---------Rank: 65 	 Elapsed time:2.767847---------
task 18 is initialized
Rank 18 :: inject time is 0.000216, fill buffer time is 0.044935, communication time is 0.010059, wait time is 0.356440, copy halo time is 0.047693, update planes time is 2.317432
---------Rank: 18 	 Elapsed time:2.777267---------
task 71 is initialized
Rank 71 :: inject time is 0.000285, fill buffer time is 0.045347, communication time is 0.016052, wait time is 0.249608, copy halo time is 0.048789, update planes time is 2.410798
---------Rank: 71 	 Elapsed time:2.771475---------
task 80 is initialized
Rank 80 :: inject time is 0.000228, fill buffer time is 0.026117, communication time is 0.010668, wait time is 0.472889, copy halo time is 0.034649, update planes time is 2.218549
---------Rank: 80 	 Elapsed time:2.763654---------
task 53 is initialized
Rank 53 :: inject time is 0.000466, fill buffer time is 0.045034, communication time is 0.010449, wait time is 0.255205, copy halo time is 0.048949, update planes time is 2.413165
---------Rank: 53 	 Elapsed time:2.773906---------
task 55 is initialized
Rank 55 :: inject time is 0.000150, fill buffer time is 0.045338, communication time is 0.013408, wait time is 0.339482, copy halo time is 0.048472, update planes time is 2.327621
---------Rank: 55 	 Elapsed time:2.774968---------
task 63 is initialized
Rank 63 :: inject time is 0.000366, fill buffer time is 0.026889, communication time is 0.010704, wait time is 0.420580, copy halo time is 0.034536, update planes time is 2.285733
---------Rank: 63 	 Elapsed time:2.779480---------
task 20 is initialized
Rank 20 :: inject time is 0.000393, fill buffer time is 0.045048, communication time is 0.010996, wait time is 0.404751, copy halo time is 0.048788, update planes time is 2.268738
---------Rank: 20 	 Elapsed time:2.779283---------
task 23 is initialized
Rank 23 :: inject time is 0.000319, fill buffer time is 0.045563, communication time is 0.014609, wait time is 0.355056, copy halo time is 0.049762, update planes time is 2.316080
---------Rank: 23 	 Elapsed time:2.782013---------
task 16 is initialized
Rank 16 :: inject time is 0.000262, fill buffer time is 0.026628, communication time is 0.008823, wait time is 0.444700, copy halo time is 0.033474, update planes time is 2.261405
---------Rank: 16 	 Elapsed time:2.775801---------
task 112 is initialized
Rank 112 :: inject time is 0.000353, fill buffer time is 0.026862, communication time is 0.006608, wait time is 0.325343, copy halo time is 0.035441, update planes time is 2.361867
---------Rank: 112 	 Elapsed time:2.756891---------
task 1 is initialized
Rank 1 :: inject time is 0.000046, fill buffer time is 0.045134, communication time is 0.009392, wait time is 0.563136, copy halo time is 0.047427, update planes time is 2.113741
---------Rank: 1 	 Elapsed time:2.779395---------
task 2 is initialized
Rank 2 :: inject time is 0.000028, fill buffer time is 0.044774, communication time is 0.009594, wait time is 0.564794, copy halo time is 0.046883, update planes time is 2.114159
---------Rank: 2 	 Elapsed time:2.780764---------
task 3 is initialized
Rank 3 :: inject time is 0.000325, fill buffer time is 0.047677, communication time is 0.009947, wait time is 0.456616, copy halo time is 0.049398, update planes time is 2.217238
---------Rank: 3 	 Elapsed time:2.781745---------
task 24 is initialized
Rank 24 :: inject time is 0.000318, fill buffer time is 0.044990, communication time is 0.014188, wait time is 0.389392, copy halo time is 0.049102, update planes time is 2.286854
---------Rank: 24 	 Elapsed time:2.785378---------
task 25 is initialized
Rank 25 :: inject time is 0.000402, fill buffer time is 0.044854, communication time is 0.010547, wait time is 0.277737, copy halo time is 0.049249, update planes time is 2.402621
---------Rank: 25 	 Elapsed time:2.786020---------
task 27 is initialized
Rank 27 :: inject time is 0.000032, fill buffer time is 0.047890, communication time is 0.011201, wait time is 0.487659, copy halo time is 0.049875, update planes time is 2.190202
---------Rank: 27 	 Elapsed time:2.787452---------
task 4 is initialized
Rank 4 :: inject time is 0.000343, fill buffer time is 0.044576, communication time is 0.008232, wait time is 0.347402, copy halo time is 0.050088, update planes time is 2.331300
---------Rank: 4 	 Elapsed time:2.782537---------
task 5 is initialized
Rank 5 :: inject time is 0.000279, fill buffer time is 0.045319, communication time is 0.007670, wait time is 0.323876, copy halo time is 0.049110, update planes time is 2.356186
---------Rank: 5 	 Elapsed time:2.782892---------
task 7 is initialized
Rank 7 :: inject time is 0.000278, fill buffer time is 0.045135, communication time is 0.012317, wait time is 0.451508, copy halo time is 0.050307, update planes time is 2.224897
---------Rank: 7 	 Elapsed time:2.784898---------
task 31 is initialized
Rank 31 :: inject time is 0.000291, fill buffer time is 0.028006, communication time is 0.009212, wait time is 0.476128, copy halo time is 0.035792, update planes time is 2.236414
---------Rank: 31 	 Elapsed time:2.786516---------
task 15 is initialized
Rank 15 :: inject time is 0.000478, fill buffer time is 0.027340, communication time is 0.005792, wait time is 0.390874, copy halo time is 0.034230, update planes time is 2.330640
---------Rank: 15 	 Elapsed time:2.789996---------
task 22 is initialized
Rank 22 :: inject time is 0.000371, fill buffer time is 0.045016, communication time is 0.010421, wait time is 0.446600, copy halo time is 0.048856, update planes time is 2.229766
---------Rank: 22 	 Elapsed time:2.781491---------
task 69 is initialized
Rank 69 :: inject time is 0.000028, fill buffer time is 0.045543, communication time is 0.012796, wait time is 0.478455, copy halo time is 0.049265, update planes time is 2.183861
---------Rank: 69 	 Elapsed time:2.770366---------
task 70 is initialized
Rank 70 :: inject time is 0.000365, fill buffer time is 0.044845, communication time is 0.012597, wait time is 0.353633, copy halo time is 0.048758, update planes time is 2.310091
---------Rank: 70 	 Elapsed time:2.770899---------
task 52 is initialized
Rank 52 :: inject time is 0.000034, fill buffer time is 0.045519, communication time is 0.011146, wait time is 0.463483, copy halo time is 0.048620, update planes time is 2.203977
---------Rank: 52 	 Elapsed time:2.773355---------
task 68 is initialized
Rank 68 :: inject time is 0.000318, fill buffer time is 0.045461, communication time is 0.013763, wait time is 0.351368, copy halo time is 0.049514, update planes time is 2.308823
---------Rank: 68 	 Elapsed time:2.769840---------
task 36 is initialized
Rank 36 :: inject time is 0.000281, fill buffer time is 0.045872, communication time is 0.010643, wait time is 0.363763, copy halo time is 0.048479, update planes time is 2.307034
---------Rank: 36 	 Elapsed time:2.776547---------
task 26 is initialized
Rank 26 :: inject time is 0.000359, fill buffer time is 0.044712, communication time is 0.010260, wait time is 0.260434, copy halo time is 0.048247, update planes time is 2.422070
---------Rank: 26 	 Elapsed time:2.786738---------
task 6 is initialized
Rank 6 :: inject time is 0.000361, fill buffer time is 0.045203, communication time is 0.007484, wait time is 0.392613, copy halo time is 0.049762, update planes time is 2.287864
---------Rank: 6 	 Elapsed time:2.783801---------
task 32 is initialized
Rank 32 :: inject time is 0.000042, fill buffer time is 0.026726, communication time is 0.008491, wait time is 0.455639, copy halo time is 0.034344, update planes time is 2.247476
---------Rank: 32 	 Elapsed time:2.773290---------
task 37 is initialized
Rank 37 :: inject time is 0.000266, fill buffer time is 0.044410, communication time is 0.010428, wait time is 0.373298, copy halo time is 0.047636, update planes time is 2.300871
---------Rank: 37 	 Elapsed time:2.777399---------
task 33 is initialized
Rank 33 :: inject time is 0.000350, fill buffer time is 0.045264, communication time is 0.009589, wait time is 0.249016, copy halo time is 0.048906, update planes time is 2.420292
---------Rank: 33 	 Elapsed time:2.773838---------
task 34 is initialized
Rank 34 :: inject time is 0.000028, fill buffer time is 0.045016, communication time is 0.009942, wait time is 0.417783, copy halo time is 0.047946, update planes time is 2.253459
---------Rank: 34 	 Elapsed time:2.774628---------
task 35 is initialized
Rank 35 :: inject time is 0.000327, fill buffer time is 0.047355, communication time is 0.010513, wait time is 0.412792, copy halo time is 0.049337, update planes time is 2.254753
---------Rank: 35 	 Elapsed time:2.775554---------
task 39 is initialized
Rank 39 :: inject time is 0.000128, fill buffer time is 0.045496, communication time is 0.013332, wait time is 0.441650, copy halo time is 0.048390, update planes time is 2.228893
---------Rank: 39 	 Elapsed time:2.778461---------
task 38 is initialized
Rank 38 :: inject time is 0.000396, fill buffer time is 0.044584, communication time is 0.010075, wait time is 0.326039, copy halo time is 0.048368, update planes time is 2.347866
---------Rank: 38 	 Elapsed time:2.777864---------
Total_time: 4.379694687
